{"start_time": 1656967024.266949, "plan": [[[{"Plan": {"Node Type": "ModifyTable", "Operation": "Update", "Parallel Aware": false, "Async Capable": false, "Relation Name": "stock", "Alias": "stock", "Startup Cost": 0.42, "Total Cost": 30.66, "Plan Rows": 0, "Plan Width": 0, "Actual Startup Time": 0.081, "Actual Total Time": 0.081, "Actual Rows": 0, "Actual Loops": 1, "Plans": [{"Node Type": "Index Scan", "Parent Relationship": "Outer", "Parallel Aware": false, "Async Capable": false, "Scan Direction": "Forward", "Index Name": "stock_pkey", "Relation Name": "stock", "Alias": "stock", "Startup Cost": 0.42, "Total Cost": 30.66, "Plan Rows": 26, "Plan Width": 32, "Actual Startup Time": 0.066, "Actual Total Time": 0.067, "Actual Rows": 1, "Actual Loops": 1, "Index Cond": "((s_w_id = 5) AND (s_i_id = 36551))", "Rows Removed by Index Recheck": 0}]}}]]]}
{"start_time": 1656967024.267006, "plan": [[[{"Plan": {"Node Type": "ModifyTable", "Operation": "Update", "Parallel Aware": false, "Async Capable": false, "Relation Name": "oorder", "Alias": "oorder", "Startup Cost": 0.42, "Total Cost": 2.65, "Plan Rows": 0, "Plan Width": 0, "Actual Startup Time": 0.053, "Actual Total Time": 0.053, "Actual Rows": 0, "Actual Loops": 1, "Plans": [{"Node Type": "Index Scan", "Parent Relationship": "Outer", "Parallel Aware": false, "Async Capable": false, "Scan Direction": "Forward", "Index Name": "oorder_pkey", "Relation Name": "oorder", "Alias": "oorder", "Startup Cost": 0.42, "Total Cost": 2.65, "Plan Rows": 1, "Plan Width": 10, "Actual Startup Time": 0.009, "Actual Total Time": 0.01, "Actual Rows": 1, "Actual Loops": 1, "Index Cond": "((o_w_id = 7) AND (o_d_id = 3) AND (o_id = 2159))", "Rows Removed by Index Recheck": 0}]}}]]]}
{"start_time": 1656967024.267052, "plan": [[[{"Plan": {"Node Type": "ModifyTable", "Operation": "Update", "Parallel Aware": false, "Async Capable": false, "Relation Name": "stock", "Alias": "stock", "Startup Cost": 0.42, "Total Cost": 30.66, "Plan Rows": 0, "Plan Width": 0, "Actual Startup Time": 0.025, "Actual Total Time": 0.026, "Actual Rows": 0, "Actual Loops": 1, "Plans": [{"Node Type": "Index Scan", "Parent Relationship": "Outer", "Parallel Aware": false, "Async Capable": false, "Scan Direction": "Forward", "Index Name": "stock_pkey", "Relation Name": "stock", "Alias": "stock", "Startup Cost": 0.42, "Total Cost": 30.66, "Plan Rows": 26, "Plan Width": 32, "Actual Startup Time": 0.011, "Actual Total Time": 0.012, "Actual Rows": 1, "Actual Loops": 1, "Index Cond": "((s_w_id = 8) AND (s_i_id = 52451))", "Rows Removed by Index Recheck": 0}]}}]]]}
{"start_time": 1656967024.2671318, "plan": [[[{"Plan": {"Node Type": "Index Scan", "Parallel Aware": false, "Async Capable": false, "Scan Direction": "Forward", "Index Name": "item_pkey", "Relation Name": "item", "Alias": "item", "Startup Cost": 0.29, "Total Cost": 2.51, "Plan Rows": 1, "Plan Width": 196, "Actual Startup Time": 0.008, "Actual Total Time": 0.009, "Actual Rows": 1, "Actual Loops": 1, "Index Cond": "(i_id = 5815)", "Rows Removed by Index Recheck": 0}}]]]}
{"start_time": 1656967024.267002, "plan": [[[{"Plan": {"Node Type": "LockRows", "Parallel Aware": false, "Async Capable": false, "Startup Cost": 0.14, "Total Cost": 2.37, "Plan Rows": 1, "Plan Width": 15, "Actual Startup Time": 0.011, "Actual Total Time": 0.013, "Actual Rows": 1, "Actual Loops": 1, "Plans": [{"Node Type": "Index Scan", "Parent Relationship": "Outer", "Parallel Aware": false, "Async Capable": false, "Scan Direction": "Forward", "Index Name": "district_pkey", "Relation Name": "district", "Alias": "district", "Startup Cost": 0.14, "Total Cost": 2.36, "Plan Rows": 1, "Plan Width": 15, "Actual Startup Time": 0.007, "Actual Total Time": 0.008, "Actual Rows": 1, "Actual Loops": 1, "Index Cond": "((d_w_id = 9) AND (d_id = 1))", "Rows Removed by Index Recheck": 0}]}}]]]}
{"start_time": 1656967024.267126, "plan": [[[{"Plan": {"Node Type": "LockRows", "Parallel Aware": false, "Async Capable": false, "Startup Cost": 0.42, "Total Cost": 30.66, "Plan Rows": 26, "Plan Width": 1128, "Actual Startup Time": 0.014, "Actual Total Time": 0.016, "Actual Rows": 1, "Actual Loops": 1, "Plans": [{"Node Type": "Index Scan", "Parent Relationship": "Outer", "Parallel Aware": false, "Async Capable": false, "Scan Direction": "Forward", "Index Name": "stock_pkey", "Relation Name": "stock", "Alias": "stock", "Startup Cost": 0.42, "Total Cost": 30.4, "Plan Rows": 26, "Plan Width": 1128, "Actual Startup Time": 0.01, "Actual Total Time": 0.01, "Actual Rows": 1, "Actual Loops": 1, "Index Cond": "((s_w_id = 10) AND (s_i_id = 33939))", "Rows Removed by Index Recheck": 0}]}}]]]}
{"start_time": 1656967024.267103, "plan": [[[{"Plan": {"Node Type": "Index Scan", "Parallel Aware": false, "Async Capable": false, "Scan Direction": "Forward", "Index Name": "item_pkey", "Relation Name": "item", "Alias": "item", "Startup Cost": 0.29, "Total Cost": 2.51, "Plan Rows": 1, "Plan Width": 196, "Actual Startup Time": 0.106, "Actual Total Time": 0.107, "Actual Rows": 1, "Actual Loops": 1, "Index Cond": "(i_id = 48597)", "Rows Removed by Index Recheck": 0}}]]]}
{"start_time": 1656967024.266748, "plan": [[[{"Plan": {"Node Type": "ModifyTable", "Operation": "Update", "Parallel Aware": false, "Async Capable": false, "Relation Name": "customer", "Alias": "customer", "Startup Cost": 0.42, "Total Cost": 2.65, "Plan Rows": 0, "Plan Width": 0, "Actual Startup Time": 0.045, "Actual Total Time": 0.045, "Actual Rows": 0, "Actual Loops": 1, "Plans": [{"Node Type": "Index Scan", "Parent Relationship": "Outer", "Parallel Aware": false, "Async Capable": false, "Scan Direction": "Forward", "Index Name": "customer_pkey", "Relation Name": "customer", "Alias": "customer", "Startup Cost": 0.42, "Total Cost": 2.65, "Plan Rows": 1, "Plan Width": 26, "Actual Startup Time": 0.013, "Actual Total Time": 0.014, "Actual Rows": 1, "Actual Loops": 1, "Index Cond": "((c_w_id = 9) AND (c_d_id = 1) AND (c_id = 1936))", "Rows Removed by Index Recheck": 0}]}}]]]}
{"start_time": 1656967024.267249, "plan": [[[{"Plan": {"Node Type": "ModifyTable", "Operation": "Update", "Parallel Aware": false, "Async Capable": false, "Relation Name": "stock", "Alias": "stock", "Startup Cost": 0.42, "Total Cost": 30.66, "Plan Rows": 0, "Plan Width": 0, "Actual Startup Time": 0.025, "Actual Total Time": 0.025, "Actual Rows": 0, "Actual Loops": 1, "Plans": [{"Node Type": "Index Scan", "Parent Relationship": "Outer", "Parallel Aware": false, "Async Capable": false, "Scan Direction": "Forward", "Index Name": "stock_pkey", "Relation Name": "stock", "Alias": "stock", "Startup Cost": 0.42, "Total Cost": 30.66, "Plan Rows": 26, "Plan Width": 32, "Actual Startup Time": 0.01, "Actual Total Time": 0.011, "Actual Rows": 1, "Actual Loops": 1, "Index Cond": "((s_w_id = 8) AND (s_i_id = 9390))", "Rows Removed by Index Recheck": 0}]}}]]]}
{"start_time": 1656967024.267355, "plan": [[[{"Plan": {"Node Type": "Index Scan", "Parallel Aware": false, "Async Capable": false, "Scan Direction": "Forward", "Index Name": "item_pkey", "Relation Name": "item", "Alias": "item", "Startup Cost": 0.29, "Total Cost": 2.51, "Plan Rows": 1, "Plan Width": 196, "Actual Startup Time": 0.008, "Actual Total Time": 0.009, "Actual Rows": 1, "Actual Loops": 1, "Index Cond": "(i_id = 97947)", "Rows Removed by Index Recheck": 0}}]]]}
{"start_time": 1656967024.267206, "plan": [[[{"Plan": {"Node Type": "ModifyTable", "Operation": "Update", "Parallel Aware": false, "Async Capable": false, "Relation Name": "stock", "Alias": "stock", "Startup Cost": 0.42, "Total Cost": 30.66, "Plan Rows": 0, "Plan Width": 0, "Actual Startup Time": 0.025, "Actual Total Time": 0.025, "Actual Rows": 0, "Actual Loops": 1, "Plans": [{"Node Type": "Index Scan", "Parent Relationship": "Outer", "Parallel Aware": false, "Async Capable": false, "Scan Direction": "Forward", "Index Name": "stock_pkey", "Relation Name": "stock", "Alias": "stock", "Startup Cost": 0.42, "Total Cost": 30.66, "Plan Rows": 26, "Plan Width": 32, "Actual Startup Time": 0.011, "Actual Total Time": 0.012, "Actual Rows": 1, "Actual Loops": 1, "Index Cond": "((s_w_id = 5) AND (s_i_id = 32449))", "Rows Removed by Index Recheck": 0}]}}]]]}
{"start_time": 1656967024.2673979, "plan": [[[{"Plan": {"Node Type": "LockRows", "Parallel Aware": false, "Async Capable": false, "Startup Cost": 0.42, "Total Cost": 30.66, "Plan Rows": 26, "Plan Width": 1128, "Actual Startup Time": 0.014, "Actual Total Time": 0.015, "Actual Rows": 1, "Actual Loops": 1, "Plans": [{"Node Type": "Index Scan", "Parent Relationship": "Outer", "Parallel Aware": false, "Async Capable": false, "Scan Direction": "Forward", "Index Name": "stock_pkey", "Relation Name": "stock", "Alias": "stock", "Startup Cost": 0.42, "Total Cost": 30.4, "Plan Rows": 26, "Plan Width": 1128, "Actual Startup Time": 0.01, "Actual Total Time": 0.01, "Actual Rows": 1, "Actual Loops": 1, "Index Cond": "((s_w_id = 3) AND (s_i_id = 17059))", "Rows Removed by Index Recheck": 0}]}}]]]}
{"start_time": 1656967024.2673569, "plan": [[[{"Plan": {"Node Type": "LockRows", "Parallel Aware": false, "Async Capable": false, "Startup Cost": 0.42, "Total Cost": 30.66, "Plan Rows": 26, "Plan Width": 1128, "Actual Startup Time": 0.014, "Actual Total Time": 0.016, "Actual Rows": 1, "Actual Loops": 1, "Plans": [{"Node Type": "Index Scan", "Parent Relationship": "Outer", "Parallel Aware": false, "Async Capable": false, "Scan Direction": "Forward", "Index Name": "stock_pkey", "Relation Name": "stock", "Alias": "stock", "Startup Cost": 0.42, "Total Cost": 30.4, "Plan Rows": 26, "Plan Width": 1128, "Actual Startup Time": 0.011, "Actual Total Time": 0.012, "Actual Rows": 1, "Actual Loops": 1, "Index Cond": "((s_w_id = 2) AND (s_i_id = 5815))", "Rows Removed by Index Recheck": 0}]}}]]]}
{"start_time": 1656967024.267447, "plan": [[[{"Plan": {"Node Type": "ModifyTable", "Operation": "Update", "Parallel Aware": false, "Async Capable": false, "Relation Name": "stock", "Alias": "stock", "Startup Cost": 0.42, "Total Cost": 30.66, "Plan Rows": 0, "Plan Width": 0, "Actual Startup Time": 0.023, "Actual Total Time": 0.023, "Actual Rows": 0, "Actual Loops": 1, "Plans": [{"Node Type": "Index Scan", "Parent Relationship": "Outer", "Parallel Aware": false, "Async Capable": false, "Scan Direction": "Forward", "Index Name": "stock_pkey", "Relation Name": "stock", "Alias": "stock", "Startup Cost": 0.42, "Total Cost": 30.66, "Plan Rows": 26, "Plan Width": 32, "Actual Startup Time": 0.01, "Actual Total Time": 0.011, "Actual Rows": 1, "Actual Loops": 1, "Index Cond": "((s_w_id = 8) AND (s_i_id = 97975))", "Rows Removed by Index Recheck": 0}]}}]]]}
{"start_time": 1656967024.267446, "plan": [[[{"Plan": {"Node Type": "ModifyTable", "Operation": "Update", "Parallel Aware": false, "Async Capable": false, "Relation Name": "district", "Alias": "district", "Startup Cost": 0.14, "Total Cost": 2.36, "Plan Rows": 0, "Plan Width": 0, "Actual Startup Time": 0.021, "Actual Total Time": 0.021, "Actual Rows": 0, "Actual Loops": 1, "Plans": [{"Node Type": "Index Scan", "Parent Relationship": "Outer", "Parallel Aware": false, "Async Capable": false, "Scan Direction": "Forward", "Index Name": "district_pkey", "Relation Name": "district", "Alias": "district", "Startup Cost": 0.14, "Total Cost": 2.36, "Plan Rows": 1, "Plan Width": 10, "Actual Startup Time": 0.007, "Actual Total Time": 0.008, "Actual Rows": 1, "Actual Loops": 1, "Index Cond": "((d_w_id = 9) AND (d_id = 1))", "Rows Removed by Index Recheck": 0}]}}]]]}
{"start_time": 1656967024.267514, "plan": [[[{"Plan": {"Node Type": "LockRows", "Parallel Aware": false, "Async Capable": false, "Startup Cost": 0.42, "Total Cost": 30.66, "Plan Rows": 26, "Plan Width": 1128, "Actual Startup Time": 0.014, "Actual Total Time": 0.015, "Actual Rows": 1, "Actual Loops": 1, "Plans": [{"Node Type": "Index Scan", "Parent Relationship": "Outer", "Parallel Aware": false, "Async Capable": false, "Scan Direction": "Forward", "Index Name": "stock_pkey", "Relation Name": "stock", "Alias": "stock", "Startup Cost": 0.42, "Total Cost": 30.4, "Plan Rows": 26, "Plan Width": 1128, "Actual Startup Time": 0.011, "Actual Total Time": 0.012, "Actual Rows": 1, "Actual Loops": 1, "Index Cond": "((s_w_id = 10) AND (s_i_id = 97947))", "Rows Removed by Index Recheck": 0}]}}]]]}
{"start_time": 1656967024.2674441, "plan": [[[{"Plan": {"Node Type": "LockRows", "Parallel Aware": false, "Async Capable": false, "Startup Cost": 0.42, "Total Cost": 30.66, "Plan Rows": 26, "Plan Width": 1128, "Actual Startup Time": 0.034, "Actual Total Time": 0.036, "Actual Rows": 1, "Actual Loops": 1, "Plans": [{"Node Type": "Index Scan", "Parent Relationship": "Outer", "Parallel Aware": false, "Async Capable": false, "Scan Direction": "Forward", "Index Name": "stock_pkey", "Relation Name": "stock", "Alias": "stock", "Startup Cost": 0.42, "Total Cost": 30.4, "Plan Rows": 26, "Plan Width": 1128, "Actual Startup Time": 0.031, "Actual Total Time": 0.032, "Actual Rows": 1, "Actual Loops": 1, "Index Cond": "((s_w_id = 1) AND (s_i_id = 48597))", "Rows Removed by Index Recheck": 0}]}}]]]}
{"start_time": 1656967024.2675848, "plan": [[[{"Plan": {"Node Type": "ModifyTable", "Operation": "Update", "Parallel Aware": false, "Async Capable": false, "Relation Name": "order_line", "Alias": "order_line", "Startup Cost": 0.43, "Total Cost": 2.65, "Plan Rows": 0, "Plan Width": 0, "Actual Startup Time": 0.055, "Actual Total Time": 0.055, "Actual Rows": 0, "Actual Loops": 1, "Plans": [{"Node Type": "Index Scan", "Parent Relationship": "Outer", "Parallel Aware": false, "Async Capable": false, "Scan Direction": "Forward", "Index Name": "order_line_pkey", "Relation Name": "order_line", "Alias": "order_line", "Startup Cost": 0.43, "Total Cost": 2.65, "Plan Rows": 1, "Plan Width": 14, "Actual Startup Time": 0.011, "Actual Total Time": 0.015, "Actual Rows": 14, "Actual Loops": 1, "Index Cond": "((ol_w_id = 5) AND (ol_d_id = 3) AND (ol_o_id = 2162))", "Rows Removed by Index Recheck": 0}]}}]]]}
{"start_time": 1656967024.267659, "plan": [[[{"Plan": {"Node Type": "Index Scan", "Parallel Aware": false, "Async Capable": false, "Scan Direction": "Forward", "Index Name": "item_pkey", "Relation Name": "item", "Alias": "item", "Startup Cost": 0.29, "Total Cost": 2.51, "Plan Rows": 1, "Plan Width": 196, "Actual Startup Time": 0.008, "Actual Total Time": 0.009, "Actual Rows": 1, "Actual Loops": 1, "Index Cond": "(i_id = 69135)", "Rows Removed by Index Recheck": 0}}]]]}
{"start_time": 1656967024.2676458, "plan": [[[{"Plan": {"Node Type": "ModifyTable", "Operation": "Update", "Parallel Aware": false, "Async Capable": false, "Relation Name": "stock", "Alias": "stock", "Startup Cost": 0.42, "Total Cost": 30.66, "Plan Rows": 0, "Plan Width": 0, "Actual Startup Time": 0.027, "Actual Total Time": 0.027, "Actual Rows": 0, "Actual Loops": 1, "Plans": [{"Node Type": "Index Scan", "Parent Relationship": "Outer", "Parallel Aware": false, "Async Capable": false, "Scan Direction": "Forward", "Index Name": "stock_pkey", "Relation Name": "stock", "Alias": "stock", "Startup Cost": 0.42, "Total Cost": 30.66, "Plan Rows": 26, "Plan Width": 32, "Actual Startup Time": 0.009, "Actual Total Time": 0.01, "Actual Rows": 1, "Actual Loops": 1, "Index Cond": "((s_w_id = 7) AND (s_i_id = 51670))", "Rows Removed by Index Recheck": 0}]}}]]]}
{"start_time": 1656967024.2677631, "plan": [[[{"Plan": {"Node Type": "Index Scan", "Parallel Aware": false, "Async Capable": false, "Scan Direction": "Forward", "Index Name": "item_pkey", "Relation Name": "item", "Alias": "item", "Startup Cost": 0.29, "Total Cost": 2.51, "Plan Rows": 1, "Plan Width": 196, "Actual Startup Time": 0.008, "Actual Total Time": 0.009, "Actual Rows": 1, "Actual Loops": 1, "Index Cond": "(i_id = 85591)", "Rows Removed by Index Recheck": 0}}]]]}
{"start_time": 1656967024.267789, "plan": [[[{"Plan": {"Node Type": "Index Scan", "Parallel Aware": false, "Async Capable": false, "Scan Direction": "Forward", "Index Name": "item_pkey", "Relation Name": "item", "Alias": "item", "Startup Cost": 0.29, "Total Cost": 2.51, "Plan Rows": 1, "Plan Width": 196, "Actual Startup Time": 0.006, "Actual Total Time": 0.007, "Actual Rows": 1, "Actual Loops": 1, "Index Cond": "(i_id = 64103)", "Rows Removed by Index Recheck": 0}}]]]}
{"start_time": 1656967024.267793, "plan": [[[{"Plan": {"Node Type": "Limit", "Parallel Aware": false, "Async Capable": false, "Startup Cost": 0.42, "Total Cost": 2.09, "Plan Rows": 1, "Plan Width": 4, "Actual Startup Time": 0.014, "Actual Total Time": 0.015, "Actual Rows": 1, "Actual Loops": 1, "Plans": [{"Node Type": "Index Only Scan", "Parent Relationship": "Outer", "Parallel Aware": false, "Async Capable": false, "Scan Direction": "Forward", "Index Name": "new_order_pkey", "Relation Name": "new_order", "Alias": "new_order", "Startup Cost": 0.42, "Total Cost": 3.76, "Plan Rows": 2, "Plan Width": 4, "Actual Startup Time": 0.014, "Actual Total Time": 0.014, "Actual Rows": 1, "Actual Loops": 1, "Index Cond": "((no_w_id = 9) AND (no_d_id = 2))", "Rows Removed by Index Recheck": 0, "Heap Fetches": 4}]}}]]]}
{"start_time": 1656967024.267843, "plan": [[[{"Plan": {"Node Type": "ModifyTable", "Operation": "Update", "Parallel Aware": false, "Async Capable": false, "Relation Name": "stock", "Alias": "stock", "Startup Cost": 0.42, "Total Cost": 30.66, "Plan Rows": 0, "Plan Width": 0, "Actual Startup Time": 0.024, "Actual Total Time": 0.025, "Actual Rows": 0, "Actual Loops": 1, "Plans": [{"Node Type": "Index Scan", "Parent Relationship": "Outer", "Parallel Aware": false, "Async Capable": false, "Scan Direction": "Forward", "Index Name": "stock_pkey", "Relation Name": "stock", "Alias": "stock", "Startup Cost": 0.42, "Total Cost": 30.66, "Plan Rows": 26, "Plan Width": 32, "Actual Startup Time": 0.01, "Actual Total Time": 0.011, "Actual Rows": 1, "Actual Loops": 1, "Index Cond": "((s_w_id = 7) AND (s_i_id = 97871))", "Rows Removed by Index Recheck": 0}]}}]]]}
{"start_time": 1656967024.2679539, "plan": [[[{"Plan": {"Node Type": "Index Scan", "Parallel Aware": false, "Async Capable": false, "Scan Direction": "Forward", "Index Name": "item_pkey", "Relation Name": "item", "Alias": "item", "Startup Cost": 0.29, "Total Cost": 2.51, "Plan Rows": 1, "Plan Width": 196, "Actual Startup Time": 0.006, "Actual Total Time": 0.007, "Actual Rows": 1, "Actual Loops": 1, "Index Cond": "(i_id = 12007)", "Rows Removed by Index Recheck": 0}}]]]}
{"start_time": 1656967024.2678618, "plan": [[[{"Plan": {"Node Type": "ModifyTable", "Operation": "Insert", "Parallel Aware": false, "Async Capable": false, "Relation Name": "oorder", "Alias": "oorder", "Startup Cost": 0.0, "Total Cost": 0.01, "Plan Rows": 0, "Plan Width": 0, "Actual Startup Time": 0.032, "Actual Total Time": 0.032, "Actual Rows": 0, "Actual Loops": 1, "Plans": [{"Node Type": "Result", "Parent Relationship": "Outer", "Parallel Aware": false, "Async Capable": false, "Startup Cost": 0.0, "Total Cost": 0.01, "Plan Rows": 1, "Plan Width": 36, "Actual Startup Time": 0.001, "Actual Total Time": 0.001, "Actual Rows": 1, "Actual Loops": 1}]}}]]]}
{"start_time": 1656967024.263398, "plan": [[[{"Plan": {"Node Type": "ModifyTable", "Operation": "Update", "Parallel Aware": false, "Async Capable": false, "Relation Name": "warehouse", "Alias": "warehouse", "Startup Cost": 0.14, "Total Cost": 2.37, "Plan Rows": 0, "Plan Width": 0, "Actual Startup Time": 4.368, "Actual Total Time": 4.368, "Actual Rows": 0, "Actual Loops": 1, "Plans": [{"Node Type": "Index Scan", "Parent Relationship": "Outer", "Parallel Aware": false, "Async Capable": false, "Scan Direction": "Forward", "Index Name": "warehouse_pkey", "Relation Name": "warehouse", "Alias": "warehouse", "Startup Cost": 0.14, "Total Cost": 2.37, "Plan Rows": 1, "Plan Width": 22, "Actual Startup Time": 0.01, "Actual Total Time": 0.012, "Actual Rows": 1, "Actual Loops": 1, "Index Cond": "(w_id = 4)", "Rows Removed by Index Recheck": 0}]}}]]]}
{"start_time": 1656967024.267868, "plan": [[[{"Plan": {"Node Type": "LockRows", "Parallel Aware": false, "Async Capable": false, "Startup Cost": 0.42, "Total Cost": 30.66, "Plan Rows": 26, "Plan Width": 1128, "Actual Startup Time": 0.017, "Actual Total Time": 0.019, "Actual Rows": 1, "Actual Loops": 1, "Plans": [{"Node Type": "Index Scan", "Parent Relationship": "Outer", "Parallel Aware": false, "Async Capable": false, "Scan Direction": "Forward", "Index Name": "stock_pkey", "Relation Name": "stock", "Alias": "stock", "Startup Cost": 0.42, "Total Cost": 30.4, "Plan Rows": 26, "Plan Width": 1128, "Actual Startup Time": 0.014, "Actual Total Time": 0.015, "Actual Rows": 1, "Actual Loops": 1, "Index Cond": "((s_w_id = 2) AND (s_i_id = 69135))", "Rows Removed by Index Recheck": 0}]}}]]]}
{"start_time": 1656967024.268022, "plan": [[[{"Plan": {"Node Type": "ModifyTable", "Operation": "Update", "Parallel Aware": false, "Async Capable": false, "Relation Name": "stock", "Alias": "stock", "Startup Cost": 0.42, "Total Cost": 30.66, "Plan Rows": 0, "Plan Width": 0, "Actual Startup Time": 0.023, "Actual Total Time": 0.023, "Actual Rows": 0, "Actual Loops": 1, "Plans": [{"Node Type": "Index Scan", "Parent Relationship": "Outer", "Parallel Aware": false, "Async Capable": false, "Scan Direction": "Forward", "Index Name": "stock_pkey", "Relation Name": "stock", "Alias": "stock", "Startup Cost": 0.42, "Total Cost": 30.66, "Plan Rows": 26, "Plan Width": 32, "Actual Startup Time": 0.01, "Actual Total Time": 0.011, "Actual Rows": 1, "Actual Loops": 1, "Index Cond": "((s_w_id = 7) AND (s_i_id = 65092))", "Rows Removed by Index Recheck": 0}]}}]]]}
{"start_time": 1656967024.268021, "plan": [[[{"Plan": {"Node Type": "LockRows", "Parallel Aware": false, "Async Capable": false, "Startup Cost": 0.42, "Total Cost": 30.66, "Plan Rows": 26, "Plan Width": 1128, "Actual Startup Time": 0.017, "Actual Total Time": 0.018, "Actual Rows": 1, "Actual Loops": 1, "Plans": [{"Node Type": "Index Scan", "Parent Relationship": "Outer", "Parallel Aware": false, "Async Capable": false, "Scan Direction": "Forward", "Index Name": "stock_pkey", "Relation Name": "stock", "Alias": "stock", "Startup Cost": 0.42, "Total Cost": 30.4, "Plan Rows": 26, "Plan Width": 1128, "Actual Startup Time": 0.015, "Actual Total Time": 0.016, "Actual Rows": 1, "Actual Loops": 1, "Index Cond": "((s_w_id = 10) AND (s_i_id = 64103))", "Rows Removed by Index Recheck": 0}]}}]]]}
{"start_time": 1656967024.268086, "plan": [[[{"Plan": {"Node Type": "ModifyTable", "Operation": "Delete", "Parallel Aware": false, "Async Capable": false, "Relation Name": "new_order", "Alias": "new_order", "Startup Cost": 0.42, "Total Cost": 2.64, "Plan Rows": 0, "Plan Width": 0, "Actual Startup Time": 0.012, "Actual Total Time": 0.012, "Actual Rows": 0, "Actual Loops": 1, "Plans": [{"Node Type": "Index Scan", "Parent Relationship": "Outer", "Parallel Aware": false, "Async Capable": false, "Scan Direction": "Forward", "Index Name": "new_order_pkey", "Relation Name": "new_order", "Alias": "new_order", "Startup Cost": 0.42, "Total Cost": 2.64, "Plan Rows": 1, "Plan Width": 6, "Actual Startup Time": 0.008, "Actual Total Time": 0.009, "Actual Rows": 1, "Actual Loops": 1, "Index Cond": "((no_w_id = 9) AND (no_d_id = 2) AND (no_o_id = 2157))", "Rows Removed by Index Recheck": 0}]}}]]]}
{"start_time": 1656967024.2681909, "plan": [[[{"Plan": {"Node Type": "ModifyTable", "Operation": "Update", "Parallel Aware": false, "Async Capable": false, "Relation Name": "stock", "Alias": "stock", "Startup Cost": 0.42, "Total Cost": 30.66, "Plan Rows": 0, "Plan Width": 0, "Actual Startup Time": 0.023, "Actual Total Time": 0.023, "Actual Rows": 0, "Actual Loops": 1, "Plans": [{"Node Type": "Index Scan", "Parent Relationship": "Outer", "Parallel Aware": false, "Async Capable": false, "Scan Direction": "Forward", "Index Name": "stock_pkey", "Relation Name": "stock", "Alias": "stock", "Startup Cost": 0.42, "Total Cost": 30.66, "Plan Rows": 26, "Plan Width": 32, "Actual Startup Time": 0.01, "Actual Total Time": 0.011, "Actual Rows": 1, "Actual Loops": 1, "Index Cond": "((s_w_id = 7) AND (s_i_id = 6150))", "Rows Removed by Index Recheck": 0}]}}]]]}
{"start_time": 1656967024.268209, "plan": [[[{"Plan": {"Node Type": "ModifyTable", "Operation": "Insert", "Parallel Aware": false, "Async Capable": false, "Relation Name": "new_order", "Alias": "new_order", "Startup Cost": 0.0, "Total Cost": 0.01, "Plan Rows": 0, "Plan Width": 0, "Actual Startup Time": 0.014, "Actual Total Time": 0.014, "Actual Rows": 0, "Actual Loops": 1, "Plans": [{"Node Type": "Result", "Parent Relationship": "Outer", "Parallel Aware": false, "Async Capable": false, "Startup Cost": 0.0, "Total Cost": 0.01, "Plan Rows": 1, "Plan Width": 12, "Actual Startup Time": 0.001, "Actual Total Time": 0.001, "Actual Rows": 1, "Actual Loops": 1}]}}]]]}
{"start_time": 1656967024.268248, "plan": [[[{"Plan": {"Node Type": "Aggregate", "Strategy": "Plain", "Partial Mode": "Simple", "Parallel Aware": false, "Async Capable": false, "Startup Cost": 2.66, "Total Cost": 2.67, "Plan Rows": 1, "Plan Width": 32, "Actual Startup Time": 0.018, "Actual Total Time": 0.019, "Actual Rows": 1, "Actual Loops": 1, "Plans": [{"Node Type": "Index Scan", "Parent Relationship": "Outer", "Parallel Aware": false, "Async Capable": false, "Scan Direction": "Forward", "Index Name": "order_line_pkey", "Relation Name": "order_line", "Alias": "order_line", "Startup Cost": 0.43, "Total Cost": 2.65, "Plan Rows": 1, "Plan Width": 14, "Actual Startup Time": 0.009, "Actual Total Time": 0.012, "Actual Rows": 14, "Actual Loops": 1, "Index Cond": "((ol_w_id = 5) AND (ol_d_id = 3) AND (ol_o_id = 2162))", "Rows Removed by Index Recheck": 0}]}}]]]}
{"start_time": 1656967024.268306, "plan": [[[{"Plan": {"Node Type": "Index Scan", "Parallel Aware": false, "Async Capable": false, "Scan Direction": "Forward", "Index Name": "warehouse_pkey", "Relation Name": "warehouse", "Alias": "warehouse", "Startup Cost": 0.14, "Total Cost": 2.36, "Plan Rows": 1, "Plan Width": 264, "Actual Startup Time": 0.01, "Actual Total Time": 0.011, "Actual Rows": 1, "Actual Loops": 1, "Index Cond": "(w_id = 4)", "Rows Removed by Index Recheck": 0}}]]]}
{"start_time": 1656967024.268348, "plan": [[[{"Plan": {"Node Type": "Index Scan", "Parallel Aware": false, "Async Capable": false, "Scan Direction": "Forward", "Index Name": "item_pkey", "Relation Name": "item", "Alias": "item", "Startup Cost": 0.29, "Total Cost": 2.51, "Plan Rows": 1, "Plan Width": 196, "Actual Startup Time": 0.008, "Actual Total Time": 0.009, "Actual Rows": 1, "Actual Loops": 1, "Index Cond": "(i_id = 24258)", "Rows Removed by Index Recheck": 0}}]]]}
{"start_time": 1656967024.268317, "plan": [[[{"Plan": {"Node Type": "ModifyTable", "Operation": "Insert", "Parallel Aware": false, "Async Capable": false, "Relation Name": "order_line", "Alias": "order_line", "Startup Cost": 0.0, "Total Cost": 0.01, "Plan Rows": 0, "Plan Width": 0, "Actual Startup Time": 0.019, "Actual Total Time": 0.019, "Actual Rows": 0, "Actual Loops": 1, "Plans": [{"Node Type": "Result", "Parent Relationship": "Outer", "Parallel Aware": false, "Async Capable": false, "Startup Cost": 0.0, "Total Cost": 0.01, "Plan Rows": 1, "Plan Width": 160, "Actual Startup Time": 0.001, "Actual Total Time": 0.002, "Actual Rows": 1, "Actual Loops": 1}]}}]]]}
{"start_time": 1656967024.2680268, "plan": [[[{"Plan": {"Node Type": "ModifyTable", "Operation": "Update", "Parallel Aware": false, "Async Capable": false, "Relation Name": "order_line", "Alias": "order_line", "Startup Cost": 0.43, "Total Cost": 2.65, "Plan Rows": 0, "Plan Width": 0, "Actual Startup Time": 0.377, "Actual Total Time": 0.377, "Actual Rows": 0, "Actual Loops": 1, "Plans": [{"Node Type": "Index Scan", "Parent Relationship": "Outer", "Parallel Aware": false, "Async Capable": false, "Scan Direction": "Forward", "Index Name": "order_line_pkey", "Relation Name": "order_line", "Alias": "order_line", "Startup Cost": 0.43, "Total Cost": 2.65, "Plan Rows": 1, "Plan Width": 14, "Actual Startup Time": 0.01, "Actual Total Time": 0.051, "Actual Rows": 15, "Actual Loops": 1, "Index Cond": "((ol_w_id = 7) AND (ol_d_id = 3) AND (ol_o_id = 2159))", "Rows Removed by Index Recheck": 0}]}}]]]}
{"start_time": 1656967024.268384, "plan": [[[{"Plan": {"Node Type": "ModifyTable", "Operation": "Update", "Parallel Aware": false, "Async Capable": false, "Relation Name": "stock", "Alias": "stock", "Startup Cost": 0.42, "Total Cost": 30.66, "Plan Rows": 0, "Plan Width": 0, "Actual Startup Time": 0.025, "Actual Total Time": 0.026, "Actual Rows": 0, "Actual Loops": 1, "Plans": [{"Node Type": "Index Scan", "Parent Relationship": "Outer", "Parallel Aware": false, "Async Capable": false, "Scan Direction": "Forward", "Index Name": "stock_pkey", "Relation Name": "stock", "Alias": "stock", "Startup Cost": 0.42, "Total Cost": 30.66, "Plan Rows": 26, "Plan Width": 32, "Actual Startup Time": 0.011, "Actual Total Time": 0.012, "Actual Rows": 1, "Actual Loops": 1, "Index Cond": "((s_w_id = 7) AND (s_i_id = 81499))", "Rows Removed by Index Recheck": 0}]}}]]]}
{"start_time": 1656967024.267925, "plan": [[[{"Plan": {"Node Type": "LockRows", "Parallel Aware": false, "Async Capable": false, "Startup Cost": 0.42, "Total Cost": 30.66, "Plan Rows": 26, "Plan Width": 1128, "Actual Startup Time": 0.013, "Actual Total Time": 0.015, "Actual Rows": 1, "Actual Loops": 1, "Plans": [{"Node Type": "Index Scan", "Parent Relationship": "Outer", "Parallel Aware": false, "Async Capable": false, "Scan Direction": "Forward", "Index Name": "stock_pkey", "Relation Name": "stock", "Alias": "stock", "Startup Cost": 0.42, "Total Cost": 30.4, "Plan Rows": 26, "Plan Width": 1128, "Actual Startup Time": 0.01, "Actual Total Time": 0.011, "Actual Rows": 1, "Actual Loops": 1, "Index Cond": "((s_w_id = 1) AND (s_i_id = 85591))", "Rows Removed by Index Recheck": 0}]}}]]]}
{"start_time": 1656967024.268444, "plan": [[[{"Plan": {"Node Type": "LockRows", "Parallel Aware": false, "Async Capable": false, "Startup Cost": 0.42, "Total Cost": 30.66, "Plan Rows": 26, "Plan Width": 1128, "Actual Startup Time": 0.014, "Actual Total Time": 0.016, "Actual Rows": 1, "Actual Loops": 1, "Plans": [{"Node Type": "Index Scan", "Parent Relationship": "Outer", "Parallel Aware": false, "Async Capable": false, "Scan Direction": "Forward", "Index Name": "stock_pkey", "Relation Name": "stock", "Alias": "stock", "Startup Cost": 0.42, "Total Cost": 30.4, "Plan Rows": 26, "Plan Width": 1128, "Actual Startup Time": 0.012, "Actual Total Time": 0.012, "Actual Rows": 1, "Actual Loops": 1, "Index Cond": "((s_w_id = 3) AND (s_i_id = 12007))", "Rows Removed by Index Recheck": 0}]}}]]]}
{"start_time": 1656967024.268621, "plan": [[[{"Plan": {"Node Type": "Index Scan", "Parallel Aware": false, "Async Capable": false, "Scan Direction": "Forward", "Index Name": "oorder_pkey", "Relation Name": "oorder", "Alias": "oorder", "Startup Cost": 0.42, "Total Cost": 2.65, "Plan Rows": 1, "Plan Width": 4, "Actual Startup Time": 0.008, "Actual Total Time": 0.009, "Actual Rows": 1, "Actual Loops": 1, "Index Cond": "((o_w_id = 9) AND (o_d_id = 2) AND (o_id = 2157))", "Rows Removed by Index Recheck": 0}}]]]}
{"start_time": 1656967024.268553, "plan": [[[{"Plan": {"Node Type": "ModifyTable", "Operation": "Insert", "Parallel Aware": false, "Async Capable": false, "Relation Name": "order_line", "Alias": "order_line", "Startup Cost": 0.0, "Total Cost": 0.01, "Plan Rows": 0, "Plan Width": 0, "Actual Startup Time": 0.017, "Actual Total Time": 0.017, "Actual Rows": 0, "Actual Loops": 1, "Plans": [{"Node Type": "Result", "Parent Relationship": "Outer", "Parallel Aware": false, "Async Capable": false, "Startup Cost": 0.0, "Total Cost": 0.01, "Plan Rows": 1, "Plan Width": 160, "Actual Startup Time": 0.001, "Actual Total Time": 0.001, "Actual Rows": 1, "Actual Loops": 1}]}}]]]}
{"start_time": 1656967024.2685719, "plan": [[[{"Plan": {"Node Type": "LockRows", "Parallel Aware": false, "Async Capable": false, "Startup Cost": 0.42, "Total Cost": 30.66, "Plan Rows": 26, "Plan Width": 1128, "Actual Startup Time": 0.012, "Actual Total Time": 0.013, "Actual Rows": 1, "Actual Loops": 1, "Plans": [{"Node Type": "Index Scan", "Parent Relationship": "Outer", "Parallel Aware": false, "Async Capable": false, "Scan Direction": "Forward", "Index Name": "stock_pkey", "Relation Name": "stock", "Alias": "stock", "Startup Cost": 0.42, "Total Cost": 30.4, "Plan Rows": 26, "Plan Width": 1128, "Actual Startup Time": 0.009, "Actual Total Time": 0.01, "Actual Rows": 1, "Actual Loops": 1, "Index Cond": "((s_w_id = 2) AND (s_i_id = 24258))", "Rows Removed by Index Recheck": 0}]}}]]]}
{"start_time": 1656967024.26858, "plan": [[[{"Plan": {"Node Type": "ModifyTable", "Operation": "Update", "Parallel Aware": false, "Async Capable": false, "Relation Name": "stock", "Alias": "stock", "Startup Cost": 0.42, "Total Cost": 30.66, "Plan Rows": 0, "Plan Width": 0, "Actual Startup Time": 0.026, "Actual Total Time": 0.026, "Actual Rows": 0, "Actual Loops": 1, "Plans": [{"Node Type": "Index Scan", "Parent Relationship": "Outer", "Parallel Aware": false, "Async Capable": false, "Scan Direction": "Forward", "Index Name": "stock_pkey", "Relation Name": "stock", "Alias": "stock", "Startup Cost": 0.42, "Total Cost": 30.66, "Plan Rows": 26, "Plan Width": 32, "Actual Startup Time": 0.012, "Actual Total Time": 0.013, "Actual Rows": 1, "Actual Loops": 1, "Index Cond": "((s_w_id = 7) AND (s_i_id = 89031))", "Rows Removed by Index Recheck": 0}]}}]]]}
{"start_time": 1656967024.2687378, "plan": [[[{"Plan": {"Node Type": "ModifyTable", "Operation": "Update", "Parallel Aware": false, "Async Capable": false, "Relation Name": "customer", "Alias": "customer", "Startup Cost": 0.42, "Total Cost": 2.65, "Plan Rows": 0, "Plan Width": 0, "Actual Startup Time": 0.073, "Actual Total Time": 0.073, "Actual Rows": 0, "Actual Loops": 1, "Plans": [{"Node Type": "Index Scan", "Parent Relationship": "Outer", "Parallel Aware": false, "Async Capable": false, "Scan Direction": "Forward", "Index Name": "customer_pkey", "Relation Name": "customer", "Alias": "customer", "Startup Cost": 0.42, "Total Cost": 2.65, "Plan Rows": 1, "Plan Width": 26, "Actual Startup Time": 0.019, "Actual Total Time": 0.02, "Actual Rows": 1, "Actual Loops": 1, "Index Cond": "((c_w_id = 5) AND (c_d_id = 3) AND (c_id = 1802))", "Rows Removed by Index Recheck": 0}]}}]]]}
{"start_time": 1656967024.268879, "plan": [[[{"Plan": {"Node Type": "Index Scan", "Parallel Aware": false, "Async Capable": false, "Scan Direction": "Forward", "Index Name": "item_pkey", "Relation Name": "item", "Alias": "item", "Startup Cost": 0.29, "Total Cost": 2.51, "Plan Rows": 1, "Plan Width": 196, "Actual Startup Time": 0.008, "Actual Total Time": 0.009, "Actual Rows": 1, "Actual Loops": 1, "Index Cond": "(i_id = 81115)", "Rows Removed by Index Recheck": 0}}]]]}
{"start_time": 1656967024.268801, "plan": [[[{"Plan": {"Node Type": "Aggregate", "Strategy": "Plain", "Partial Mode": "Simple", "Parallel Aware": false, "Async Capable": false, "Startup Cost": 2.66, "Total Cost": 2.67, "Plan Rows": 1, "Plan Width": 32, "Actual Startup Time": 0.03, "Actual Total Time": 0.03, "Actual Rows": 1, "Actual Loops": 1, "Plans": [{"Node Type": "Index Scan", "Parent Relationship": "Outer", "Parallel Aware": false, "Async Capable": false, "Scan Direction": "Forward", "Index Name": "order_line_pkey", "Relation Name": "order_line", "Alias": "order_line", "Startup Cost": 0.43, "Total Cost": 2.65, "Plan Rows": 1, "Plan Width": 14, "Actual Startup Time": 0.009, "Actual Total Time": 0.022, "Actual Rows": 15, "Actual Loops": 1, "Index Cond": "((ol_w_id = 7) AND (ol_d_id = 3) AND (ol_o_id = 2159))", "Rows Removed by Index Recheck": 0}]}}]]]}
{"start_time": 1656967024.2688818, "plan": [[[{"Plan": {"Node Type": "ModifyTable", "Operation": "Update", "Parallel Aware": false, "Async Capable": false, "Relation Name": "oorder", "Alias": "oorder", "Startup Cost": 0.42, "Total Cost": 2.65, "Plan Rows": 0, "Plan Width": 0, "Actual Startup Time": 0.053, "Actual Total Time": 0.053, "Actual Rows": 0, "Actual Loops": 1, "Plans": [{"Node Type": "Index Scan", "Parent Relationship": "Outer", "Parallel Aware": false, "Async Capable": false, "Scan Direction": "Forward", "Index Name": "oorder_pkey", "Relation Name": "oorder", "Alias": "oorder", "Startup Cost": 0.42, "Total Cost": 2.65, "Plan Rows": 1, "Plan Width": 10, "Actual Startup Time": 0.009, "Actual Total Time": 0.009, "Actual Rows": 1, "Actual Loops": 1, "Index Cond": "((o_w_id = 9) AND (o_d_id = 2) AND (o_id = 2157))", "Rows Removed by Index Recheck": 0}]}}]]]}
{"start_time": 1656967024.268632, "plan": [[[{"Plan": {"Node Type": "ModifyTable", "Operation": "Update", "Parallel Aware": false, "Async Capable": false, "Relation Name": "district", "Alias": "district", "Startup Cost": 0.14, "Total Cost": 2.37, "Plan Rows": 0, "Plan Width": 0, "Actual Startup Time": 0.023, "Actual Total Time": 0.024, "Actual Rows": 0, "Actual Loops": 1, "Plans": [{"Node Type": "Index Scan", "Parent Relationship": "Outer", "Parallel Aware": false, "Async Capable": false, "Scan Direction": "Forward", "Index Name": "district_pkey", "Relation Name": "district", "Alias": "district", "Startup Cost": 0.14, "Total Cost": 2.37, "Plan Rows": 1, "Plan Width": 22, "Actual Startup Time": 0.01, "Actual Total Time": 0.011, "Actual Rows": 1, "Actual Loops": 1, "Index Cond": "((d_w_id = 4) AND (d_id = 6))", "Rows Removed by Index Recheck": 0}]}}]]]}
{"start_time": 1656967024.2686238, "plan": [[[{"Plan": {"Node Type": "ModifyTable", "Operation": "Update", "Parallel Aware": false, "Async Capable": false, "Relation Name": "warehouse", "Alias": "warehouse", "Startup Cost": 0.14, "Total Cost": 2.37, "Plan Rows": 0, "Plan Width": 0, "Actual Startup Time": 0.025, "Actual Total Time": 0.025, "Actual Rows": 0, "Actual Loops": 1, "Plans": [{"Node Type": "Index Scan", "Parent Relationship": "Outer", "Parallel Aware": false, "Async Capable": false, "Scan Direction": "Forward", "Index Name": "warehouse_pkey", "Relation Name": "warehouse", "Alias": "warehouse", "Startup Cost": 0.14, "Total Cost": 2.37, "Plan Rows": 1, "Plan Width": 22, "Actual Startup Time": 0.01, "Actual Total Time": 0.011, "Actual Rows": 1, "Actual Loops": 1, "Index Cond": "(w_id = 10)", "Rows Removed by Index Recheck": 0}]}}]]]}
{"start_time": 1656967024.269017, "plan": [[[{"Plan": {"Node Type": "Index Scan", "Parallel Aware": false, "Async Capable": false, "Scan Direction": "Forward", "Index Name": "item_pkey", "Relation Name": "item", "Alias": "item", "Startup Cost": 0.29, "Total Cost": 2.51, "Plan Rows": 1, "Plan Width": 196, "Actual Startup Time": 0.01, "Actual Total Time": 0.01, "Actual Rows": 1, "Actual Loops": 1, "Index Cond": "(i_id = 48870)", "Rows Removed by Index Recheck": 0}}]]]}
{"start_time": 1656967024.269034, "plan": [[[{"Plan": {"Node Type": "Limit", "Parallel Aware": false, "Async Capable": false, "Startup Cost": 0.42, "Total Cost": 2.09, "Plan Rows": 1, "Plan Width": 4, "Actual Startup Time": 0.022, "Actual Total Time": 0.022, "Actual Rows": 1, "Actual Loops": 1, "Plans": [{"Node Type": "Index Only Scan", "Parent Relationship": "Outer", "Parallel Aware": false, "Async Capable": false, "Scan Direction": "Forward", "Index Name": "new_order_pkey", "Relation Name": "new_order", "Alias": "new_order", "Startup Cost": 0.42, "Total Cost": 3.76, "Plan Rows": 2, "Plan Width": 4, "Actual Startup Time": 0.021, "Actual Total Time": 0.021, "Actual Rows": 1, "Actual Loops": 1, "Index Cond": "((no_w_id = 5) AND (no_d_id = 4))", "Rows Removed by Index Recheck": 0, "Heap Fetches": 3}]}}]]]}
{"start_time": 1656967024.268989, "plan": [[[{"Plan": {"Node Type": "ModifyTable", "Operation": "Insert", "Parallel Aware": false, "Async Capable": false, "Relation Name": "order_line", "Alias": "order_line", "Startup Cost": 0.0, "Total Cost": 0.01, "Plan Rows": 0, "Plan Width": 0, "Actual Startup Time": 0.017, "Actual Total Time": 0.017, "Actual Rows": 0, "Actual Loops": 1, "Plans": [{"Node Type": "Result", "Parent Relationship": "Outer", "Parallel Aware": false, "Async Capable": false, "Startup Cost": 0.0, "Total Cost": 0.01, "Plan Rows": 1, "Plan Width": 160, "Actual Startup Time": 0.001, "Actual Total Time": 0.001, "Actual Rows": 1, "Actual Loops": 1}]}}]]]}
{"start_time": 1656967024.269137, "plan": [[[{"Plan": {"Node Type": "LockRows", "Parallel Aware": false, "Async Capable": false, "Startup Cost": 0.42, "Total Cost": 30.66, "Plan Rows": 26, "Plan Width": 1128, "Actual Startup Time": 0.021, "Actual Total Time": 0.022, "Actual Rows": 1, "Actual Loops": 1, "Plans": [{"Node Type": "Index Scan", "Parent Relationship": "Outer", "Parallel Aware": false, "Async Capable": false, "Scan Direction": "Forward", "Index Name": "stock_pkey", "Relation Name": "stock", "Alias": "stock", "Startup Cost": 0.42, "Total Cost": 30.4, "Plan Rows": 26, "Plan Width": 1128, "Actual Startup Time": 0.019, "Actual Total Time": 0.019, "Actual Rows": 1, "Actual Loops": 1, "Index Cond": "((s_w_id = 1) AND (s_i_id = 81115))", "Rows Removed by Index Recheck": 0}]}}]]]}
{"start_time": 1656967024.268925, "plan": [[[{"Plan": {"Node Type": "ModifyTable", "Operation": "Update", "Parallel Aware": false, "Async Capable": false, "Relation Name": "stock", "Alias": "stock", "Startup Cost": 0.42, "Total Cost": 30.66, "Plan Rows": 0, "Plan Width": 0, "Actual Startup Time": 0.06, "Actual Total Time": 0.061, "Actual Rows": 0, "Actual Loops": 1, "Plans": [{"Node Type": "Index Scan", "Parent Relationship": "Outer", "Parallel Aware": false, "Async Capable": false, "Scan Direction": "Forward", "Index Name": "stock_pkey", "Relation Name": "stock", "Alias": "stock", "Startup Cost": 0.42, "Total Cost": 30.66, "Plan Rows": 26, "Plan Width": 32, "Actual Startup Time": 0.012, "Actual Total Time": 0.045, "Actual Rows": 1, "Actual Loops": 1, "Index Cond": "((s_w_id = 9) AND (s_i_id = 68682))", "Rows Removed by Index Recheck": 0}]}}]]]}
{"start_time": 1656967024.2691588, "plan": [[[{"Plan": {"Node Type": "ModifyTable", "Operation": "Update", "Parallel Aware": false, "Async Capable": false, "Relation Name": "customer", "Alias": "customer", "Startup Cost": 0.42, "Total Cost": 2.65, "Plan Rows": 0, "Plan Width": 0, "Actual Startup Time": 0.047, "Actual Total Time": 0.047, "Actual Rows": 0, "Actual Loops": 1, "Plans": [{"Node Type": "Index Scan", "Parent Relationship": "Outer", "Parallel Aware": false, "Async Capable": false, "Scan Direction": "Forward", "Index Name": "customer_pkey", "Relation Name": "customer", "Alias": "customer", "Startup Cost": 0.42, "Total Cost": 2.65, "Plan Rows": 1, "Plan Width": 26, "Actual Startup Time": 0.011, "Actual Total Time": 0.011, "Actual Rows": 1, "Actual Loops": 1, "Index Cond": "((c_w_id = 7) AND (c_d_id = 3) AND (c_id = 969))", "Rows Removed by Index Recheck": 0}]}}]]]}
{"start_time": 1656967024.269291, "plan": [[[{"Plan": {"Node Type": "ModifyTable", "Operation": "Delete", "Parallel Aware": false, "Async Capable": false, "Relation Name": "new_order", "Alias": "new_order", "Startup Cost": 0.42, "Total Cost": 2.64, "Plan Rows": 0, "Plan Width": 0, "Actual Startup Time": 0.012, "Actual Total Time": 0.013, "Actual Rows": 0, "Actual Loops": 1, "Plans": [{"Node Type": "Index Scan", "Parent Relationship": "Outer", "Parallel Aware": false, "Async Capable": false, "Scan Direction": "Forward", "Index Name": "new_order_pkey", "Relation Name": "new_order", "Alias": "new_order", "Startup Cost": 0.42, "Total Cost": 2.64, "Plan Rows": 1, "Plan Width": 6, "Actual Startup Time": 0.009, "Actual Total Time": 0.009, "Actual Rows": 1, "Actual Loops": 1, "Index Cond": "((no_w_id = 5) AND (no_d_id = 4) AND (no_o_id = 2162))", "Rows Removed by Index Recheck": 0}]}}]]]}
{"start_time": 1656967024.2669048, "plan": [[[{"Plan": {"Node Type": "Aggregate", "Strategy": "Plain", "Partial Mode": "Simple", "Parallel Aware": false, "Async Capable": false, "Startup Cost": 6.48, "Total Cost": 6.49, "Plan Rows": 1, "Plan Width": 8, "Actual Startup Time": 1.614, "Actual Total Time": 1.614, "Actual Rows": 1, "Actual Loops": 1, "Plans": [{"Node Type": "Nested Loop", "Parent Relationship": "Outer", "Parallel Aware": false, "Async Capable": false, "Join Type": "Inner", "Startup Cost": 0.85, "Total Cost": 6.45, "Plan Rows": 9, "Plan Width": 4, "Actual Startup Time": 0.405, "Actual Total Time": 1.594, "Actual Rows": 19, "Actual Loops": 1, "Inner Unique": true, "Plans": [{"Node Type": "Index Scan", "Parent Relationship": "Outer", "Parallel Aware": false, "Async Capable": false, "Scan Direction": "Forward", "Index Name": "order_line_pkey", "Relation Name": "order_line", "Alias": "order_line", "Startup Cost": 0.43, "Total Cost": 2.65, "Plan Rows": 1, "Plan Width": 4, "Actual Startup Time": 0.028, "Actual Total Time": 0.1, "Actual Rows": 208, "Actual Loops": 1, "Index Cond": "((ol_w_id = 2) AND (ol_d_id = 8) AND (ol_o_id < 3063) AND (ol_o_id >= 3043))", "Rows Removed by Index Recheck": 0}, {"Node Type": "Index Scan", "Parent Relationship": "Inner", "Parallel Aware": false, "Async Capable": false, "Scan Direction": "Forward", "Index Name": "stock_pkey", "Relation Name": "stock", "Alias": "stock", "Startup Cost": 0.42, "Total Cost": 30.46, "Plan Rows": 9, "Plan Width": 4, "Actual Startup Time": 0.005, "Actual Total Time": 0.005, "Actual Rows": 0, "Actual Loops": 208, "Index Cond": "((s_w_id = 2) AND (s_i_id = order_line.ol_i_id))", "Rows Removed by Index Recheck": 0, "Filter": "(s_quantity < 17)", "Rows Removed by Filter": 1}]}]}}]]]}
{"start_time": 1656967024.2692661, "plan": [[[{"Plan": {"Node Type": "ModifyTable", "Operation": "Insert", "Parallel Aware": false, "Async Capable": false, "Relation Name": "order_line", "Alias": "order_line", "Startup Cost": 0.0, "Total Cost": 0.01, "Plan Rows": 0, "Plan Width": 0, "Actual Startup Time": 0.065, "Actual Total Time": 0.065, "Actual Rows": 0, "Actual Loops": 1, "Plans": [{"Node Type": "Result", "Parent Relationship": "Outer", "Parallel Aware": false, "Async Capable": false, "Startup Cost": 0.0, "Total Cost": 0.01, "Plan Rows": 1, "Plan Width": 160, "Actual Startup Time": 0.001, "Actual Total Time": 0.001, "Actual Rows": 1, "Actual Loops": 1}]}}]]]}
{"start_time": 1656967024.26934, "plan": [[[{"Plan": {"Node Type": "Index Scan", "Parallel Aware": false, "Async Capable": false, "Scan Direction": "Forward", "Index Name": "district_pkey", "Relation Name": "district", "Alias": "district", "Startup Cost": 0.14, "Total Cost": 2.36, "Plan Rows": 1, "Plan Width": 63, "Actual Startup Time": 0.007, "Actual Total Time": 0.007, "Actual Rows": 1, "Actual Loops": 1, "Index Cond": "((d_w_id = 4) AND (d_id = 6))", "Rows Removed by Index Recheck": 0}}]]]}
{"start_time": 1656967024.269361, "plan": [[[{"Plan": {"Node Type": "ModifyTable", "Operation": "Update", "Parallel Aware": false, "Async Capable": false, "Relation Name": "stock", "Alias": "stock", "Startup Cost": 0.42, "Total Cost": 30.66, "Plan Rows": 0, "Plan Width": 0, "Actual Startup Time": 0.024, "Actual Total Time": 0.024, "Actual Rows": 0, "Actual Loops": 1, "Plans": [{"Node Type": "Index Scan", "Parent Relationship": "Outer", "Parallel Aware": false, "Async Capable": false, "Scan Direction": "Forward", "Index Name": "stock_pkey", "Relation Name": "stock", "Alias": "stock", "Startup Cost": 0.42, "Total Cost": 30.66, "Plan Rows": 26, "Plan Width": 32, "Actual Startup Time": 0.011, "Actual Total Time": 0.012, "Actual Rows": 1, "Actual Loops": 1, "Index Cond": "((s_w_id = 7) AND (s_i_id = 68289))", "Rows Removed by Index Recheck": 0}]}}]]]}
{"start_time": 1656967024.2694168, "plan": [[[{"Plan": {"Node Type": "Index Scan", "Parallel Aware": false, "Async Capable": false, "Scan Direction": "Forward", "Index Name": "warehouse_pkey", "Relation Name": "warehouse", "Alias": "warehouse", "Startup Cost": 0.14, "Total Cost": 2.36, "Plan Rows": 1, "Plan Width": 264, "Actual Startup Time": 0.009, "Actual Total Time": 0.01, "Actual Rows": 1, "Actual Loops": 1, "Index Cond": "(w_id = 10)", "Rows Removed by Index Recheck": 0}}]]]}
{"start_time": 1656967024.26927, "plan": [[[{"Plan": {"Node Type": "ModifyTable", "Operation": "Update", "Parallel Aware": false, "Async Capable": false, "Relation Name": "order_line", "Alias": "order_line", "Startup Cost": 0.43, "Total Cost": 2.65, "Plan Rows": 0, "Plan Width": 0, "Actual Startup Time": 0.112, "Actual Total Time": 0.112, "Actual Rows": 0, "Actual Loops": 1, "Plans": [{"Node Type": "Index Scan", "Parent Relationship": "Outer", "Parallel Aware": false, "Async Capable": false, "Scan Direction": "Forward", "Index Name": "order_line_pkey", "Relation Name": "order_line", "Alias": "order_line", "Startup Cost": 0.43, "Total Cost": 2.65, "Plan Rows": 1, "Plan Width": 14, "Actual Startup Time": 0.042, "Actual Total Time": 0.045, "Actual Rows": 6, "Actual Loops": 1, "Index Cond": "((ol_w_id = 9) AND (ol_d_id = 2) AND (ol_o_id = 2157))", "Rows Removed by Index Recheck": 0}]}}]]]}
{"start_time": 1656967024.269512, "plan": [[[{"Plan": {"Node Type": "Index Scan", "Parallel Aware": false, "Async Capable": false, "Scan Direction": "Forward", "Index Name": "item_pkey", "Relation Name": "item", "Alias": "item", "Startup Cost": 0.29, "Total Cost": 2.51, "Plan Rows": 1, "Plan Width": 196, "Actual Startup Time": 0.008, "Actual Total Time": 0.009, "Actual Rows": 1, "Actual Loops": 1, "Index Cond": "(i_id = 46307)", "Rows Removed by Index Recheck": 0}}]]]}
{"start_time": 1656967024.269538, "plan": [[[{"Plan": {"Node Type": "Index Scan", "Parallel Aware": false, "Async Capable": false, "Scan Direction": "Forward", "Index Name": "item_pkey", "Relation Name": "item", "Alias": "item", "Startup Cost": 0.29, "Total Cost": 2.51, "Plan Rows": 1, "Plan Width": 196, "Actual Startup Time": 0.007, "Actual Total Time": 0.007, "Actual Rows": 1, "Actual Loops": 1, "Index Cond": "(i_id = 36579)", "Rows Removed by Index Recheck": 0}}]]]}
{"start_time": 1656967024.269547, "plan": [[[{"Plan": {"Node Type": "LockRows", "Parallel Aware": false, "Async Capable": false, "Startup Cost": 0.42, "Total Cost": 30.66, "Plan Rows": 26, "Plan Width": 1128, "Actual Startup Time": 0.011, "Actual Total Time": 0.013, "Actual Rows": 1, "Actual Loops": 1, "Plans": [{"Node Type": "Index Scan", "Parent Relationship": "Outer", "Parallel Aware": false, "Async Capable": false, "Scan Direction": "Forward", "Index Name": "stock_pkey", "Relation Name": "stock", "Alias": "stock", "Startup Cost": 0.42, "Total Cost": 30.4, "Plan Rows": 26, "Plan Width": 1128, "Actual Startup Time": 0.009, "Actual Total Time": 0.01, "Actual Rows": 1, "Actual Loops": 1, "Index Cond": "((s_w_id = 3) AND (s_i_id = 48870))", "Rows Removed by Index Recheck": 0}]}}]]]}
{"start_time": 1656967024.269566, "plan": [[[{"Plan": {"Node Type": "Limit", "Parallel Aware": false, "Async Capable": false, "Startup Cost": 0.42, "Total Cost": 2.09, "Plan Rows": 1, "Plan Width": 4, "Actual Startup Time": 0.018, "Actual Total Time": 0.019, "Actual Rows": 1, "Actual Loops": 1, "Plans": [{"Node Type": "Index Only Scan", "Parent Relationship": "Outer", "Parallel Aware": false, "Async Capable": false, "Scan Direction": "Forward", "Index Name": "new_order_pkey", "Relation Name": "new_order", "Alias": "new_order", "Startup Cost": 0.42, "Total Cost": 3.76, "Plan Rows": 2, "Plan Width": 4, "Actual Startup Time": 0.018, "Actual Total Time": 0.018, "Actual Rows": 1, "Actual Loops": 1, "Index Cond": "((no_w_id = 7) AND (no_d_id = 4))", "Rows Removed by Index Recheck": 0, "Heap Fetches": 4}]}}]]]}
{"start_time": 1656967024.269522, "plan": [[[{"Plan": {"Node Type": "ModifyTable", "Operation": "Insert", "Parallel Aware": false, "Async Capable": false, "Relation Name": "order_line", "Alias": "order_line", "Startup Cost": 0.0, "Total Cost": 0.01, "Plan Rows": 0, "Plan Width": 0, "Actual Startup Time": 0.014, "Actual Total Time": 0.015, "Actual Rows": 0, "Actual Loops": 1, "Plans": [{"Node Type": "Result", "Parent Relationship": "Outer", "Parallel Aware": false, "Async Capable": false, "Startup Cost": 0.0, "Total Cost": 0.01, "Plan Rows": 1, "Plan Width": 160, "Actual Startup Time": 0.001, "Actual Total Time": 0.001, "Actual Rows": 1, "Actual Loops": 1}]}}]]]}
{"start_time": 1656967024.269524, "plan": [[[{"Plan": {"Node Type": "Index Scan", "Parallel Aware": false, "Async Capable": false, "Scan Direction": "Forward", "Index Name": "oorder_pkey", "Relation Name": "oorder", "Alias": "oorder", "Startup Cost": 0.42, "Total Cost": 2.65, "Plan Rows": 1, "Plan Width": 4, "Actual Startup Time": 0.009, "Actual Total Time": 0.01, "Actual Rows": 1, "Actual Loops": 1, "Index Cond": "((o_w_id = 5) AND (o_d_id = 4) AND (o_id = 2162))", "Rows Removed by Index Recheck": 0}}]]]}
{"start_time": 1656967024.269619, "plan": [[[{"Plan": {"Node Type": "ModifyTable", "Operation": "Update", "Parallel Aware": false, "Async Capable": false, "Relation Name": "district", "Alias": "district", "Startup Cost": 0.14, "Total Cost": 2.37, "Plan Rows": 0, "Plan Width": 0, "Actual Startup Time": 0.021, "Actual Total Time": 0.021, "Actual Rows": 0, "Actual Loops": 1, "Plans": [{"Node Type": "Index Scan", "Parent Relationship": "Outer", "Parallel Aware": false, "Async Capable": false, "Scan Direction": "Forward", "Index Name": "district_pkey", "Relation Name": "district", "Alias": "district", "Startup Cost": 0.14, "Total Cost": 2.37, "Plan Rows": 1, "Plan Width": 22, "Actual Startup Time": 0.008, "Actual Total Time": 0.009, "Actual Rows": 1, "Actual Loops": 1, "Index Cond": "((d_w_id = 10) AND (d_id = 1))", "Rows Removed by Index Recheck": 0}]}}]]]}
{"start_time": 1656967024.269703, "plan": [[[{"Plan": {"Node Type": "LockRows", "Parallel Aware": false, "Async Capable": false, "Startup Cost": 0.42, "Total Cost": 30.66, "Plan Rows": 26, "Plan Width": 1128, "Actual Startup Time": 0.017, "Actual Total Time": 0.019, "Actual Rows": 1, "Actual Loops": 1, "Plans": [{"Node Type": "Index Scan", "Parent Relationship": "Outer", "Parallel Aware": false, "Async Capable": false, "Scan Direction": "Forward", "Index Name": "stock_pkey", "Relation Name": "stock", "Alias": "stock", "Startup Cost": 0.42, "Total Cost": 30.4, "Plan Rows": 26, "Plan Width": 1128, "Actual Startup Time": 0.011, "Actual Total Time": 0.011, "Actual Rows": 1, "Actual Loops": 1, "Index Cond": "((s_w_id = 9) AND (s_i_id = 46307))", "Rows Removed by Index Recheck": 0}]}}]]]}
{"start_time": 1656967024.269665, "plan": [[[{"Plan": {"Node Type": "Index Scan", "Parallel Aware": false, "Async Capable": false, "Scan Direction": "Forward", "Index Name": "customer_pkey", "Relation Name": "customer", "Alias": "customer", "Startup Cost": 0.42, "Total Cost": 2.65, "Plan Rows": 1, "Plan Width": 482, "Actual Startup Time": 0.01, "Actual Total Time": 0.011, "Actual Rows": 1, "Actual Loops": 1, "Index Cond": "((c_w_id = 4) AND (c_d_id = 6) AND (c_id = 2283))", "Rows Removed by Index Recheck": 0}}]]]}
{"start_time": 1656967024.269773, "plan": [[[{"Plan": {"Node Type": "ModifyTable", "Operation": "Delete", "Parallel Aware": false, "Async Capable": false, "Relation Name": "new_order", "Alias": "new_order", "Startup Cost": 0.42, "Total Cost": 2.64, "Plan Rows": 0, "Plan Width": 0, "Actual Startup Time": 0.01, "Actual Total Time": 0.011, "Actual Rows": 0, "Actual Loops": 1, "Plans": [{"Node Type": "Index Scan", "Parent Relationship": "Outer", "Parallel Aware": false, "Async Capable": false, "Scan Direction": "Forward", "Index Name": "new_order_pkey", "Relation Name": "new_order", "Alias": "new_order", "Startup Cost": 0.42, "Total Cost": 2.64, "Plan Rows": 1, "Plan Width": 6, "Actual Startup Time": 0.007, "Actual Total Time": 0.008, "Actual Rows": 1, "Actual Loops": 1, "Index Cond": "((no_w_id = 7) AND (no_d_id = 4) AND (no_o_id = 2159))", "Rows Removed by Index Recheck": 0}]}}]]]}
{"start_time": 1656967024.26975, "plan": [[[{"Plan": {"Node Type": "ModifyTable", "Operation": "Insert", "Parallel Aware": false, "Async Capable": false, "Relation Name": "order_line", "Alias": "order_line", "Startup Cost": 0.0, "Total Cost": 0.01, "Plan Rows": 0, "Plan Width": 0, "Actual Startup Time": 0.014, "Actual Total Time": 0.014, "Actual Rows": 0, "Actual Loops": 1, "Plans": [{"Node Type": "Result", "Parent Relationship": "Outer", "Parallel Aware": false, "Async Capable": false, "Startup Cost": 0.0, "Total Cost": 0.01, "Plan Rows": 1, "Plan Width": 160, "Actual Startup Time": 0.001, "Actual Total Time": 0.001, "Actual Rows": 1, "Actual Loops": 1}]}}]]]}
{"start_time": 1656967024.269764, "plan": [[[{"Plan": {"Node Type": "ModifyTable", "Operation": "Update", "Parallel Aware": false, "Async Capable": false, "Relation Name": "stock", "Alias": "stock", "Startup Cost": 0.42, "Total Cost": 30.66, "Plan Rows": 0, "Plan Width": 0, "Actual Startup Time": 0.023, "Actual Total Time": 0.024, "Actual Rows": 0, "Actual Loops": 1, "Plans": [{"Node Type": "Index Scan", "Parent Relationship": "Outer", "Parallel Aware": false, "Async Capable": false, "Scan Direction": "Forward", "Index Name": "stock_pkey", "Relation Name": "stock", "Alias": "stock", "Startup Cost": 0.42, "Total Cost": 30.66, "Plan Rows": 26, "Plan Width": 32, "Actual Startup Time": 0.01, "Actual Total Time": 0.011, "Actual Rows": 1, "Actual Loops": 1, "Index Cond": "((s_w_id = 7) AND (s_i_id = 12007))", "Rows Removed by Index Recheck": 0}]}}]]]}
{"start_time": 1656967024.269804, "plan": [[[{"Plan": {"Node Type": "Aggregate", "Strategy": "Plain", "Partial Mode": "Simple", "Parallel Aware": false, "Async Capable": false, "Startup Cost": 2.66, "Total Cost": 2.67, "Plan Rows": 1, "Plan Width": 32, "Actual Startup Time": 0.019, "Actual Total Time": 0.019, "Actual Rows": 1, "Actual Loops": 1, "Plans": [{"Node Type": "Index Scan", "Parent Relationship": "Outer", "Parallel Aware": false, "Async Capable": false, "Scan Direction": "Forward", "Index Name": "order_line_pkey", "Relation Name": "order_line", "Alias": "order_line", "Startup Cost": 0.43, "Total Cost": 2.65, "Plan Rows": 1, "Plan Width": 14, "Actual Startup Time": 0.009, "Actual Total Time": 0.014, "Actual Rows": 6, "Actual Loops": 1, "Index Cond": "((ol_w_id = 9) AND (ol_d_id = 2) AND (ol_o_id = 2157))", "Rows Removed by Index Recheck": 0}]}}]]]}
{"start_time": 1656967024.2699609, "plan": [[[{"Plan": {"Node Type": "Index Scan", "Parallel Aware": false, "Async Capable": false, "Scan Direction": "Forward", "Index Name": "item_pkey", "Relation Name": "item", "Alias": "item", "Startup Cost": 0.29, "Total Cost": 2.51, "Plan Rows": 1, "Plan Width": 196, "Actual Startup Time": 0.007, "Actual Total Time": 0.008, "Actual Rows": 1, "Actual Loops": 1, "Index Cond": "(i_id = 85727)", "Rows Removed by Index Recheck": 0}}]]]}
{"start_time": 1656967024.2699351, "plan": [[[{"Plan": {"Node Type": "Index Scan", "Parallel Aware": false, "Async Capable": false, "Scan Direction": "Forward", "Index Name": "customer_pkey", "Relation Name": "customer", "Alias": "customer", "Startup Cost": 0.42, "Total Cost": 2.65, "Plan Rows": 1, "Plan Width": 74, "Actual Startup Time": 0.009, "Actual Total Time": 0.01, "Actual Rows": 1, "Actual Loops": 1, "Index Cond": "((c_w_id = 2) AND (c_d_id = 10) AND (c_id = 326))", "Rows Removed by Index Recheck": 0}}]]]}
{"start_time": 1656967024.269938, "plan": [[[{"Plan": {"Node Type": "ModifyTable", "Operation": "Insert", "Parallel Aware": false, "Async Capable": false, "Relation Name": "order_line", "Alias": "order_line", "Startup Cost": 0.0, "Total Cost": 0.01, "Plan Rows": 0, "Plan Width": 0, "Actual Startup Time": 0.013, "Actual Total Time": 0.014, "Actual Rows": 0, "Actual Loops": 1, "Plans": [{"Node Type": "Result", "Parent Relationship": "Outer", "Parallel Aware": false, "Async Capable": false, "Startup Cost": 0.0, "Total Cost": 0.01, "Plan Rows": 1, "Plan Width": 160, "Actual Startup Time": 0.001, "Actual Total Time": 0.001, "Actual Rows": 1, "Actual Loops": 1}]}}]]]}
{"start_time": 1656967024.269944, "plan": [[[{"Plan": {"Node Type": "LockRows", "Parallel Aware": false, "Async Capable": false, "Startup Cost": 0.42, "Total Cost": 30.66, "Plan Rows": 26, "Plan Width": 1128, "Actual Startup Time": 0.012, "Actual Total Time": 0.014, "Actual Rows": 1, "Actual Loops": 1, "Plans": [{"Node Type": "Index Scan", "Parent Relationship": "Outer", "Parallel Aware": false, "Async Capable": false, "Scan Direction": "Forward", "Index Name": "stock_pkey", "Relation Name": "stock", "Alias": "stock", "Startup Cost": 0.42, "Total Cost": 30.4, "Plan Rows": 26, "Plan Width": 1128, "Actual Startup Time": 0.01, "Actual Total Time": 0.01, "Actual Rows": 1, "Actual Loops": 1, "Index Cond": "((s_w_id = 1) AND (s_i_id = 36579))", "Rows Removed by Index Recheck": 0}]}}]]]}
{"start_time": 1656967024.269994, "plan": [[[{"Plan": {"Node Type": "Index Scan", "Parallel Aware": false, "Async Capable": false, "Scan Direction": "Forward", "Index Name": "district_pkey", "Relation Name": "district", "Alias": "district", "Startup Cost": 0.14, "Total Cost": 2.36, "Plan Rows": 1, "Plan Width": 63, "Actual Startup Time": 0.006, "Actual Total Time": 0.007, "Actual Rows": 1, "Actual Loops": 1, "Index Cond": "((d_w_id = 10) AND (d_id = 1))", "Rows Removed by Index Recheck": 0}}]]]}
{"start_time": 1656967024.269843, "plan": [[[{"Plan": {"Node Type": "ModifyTable", "Operation": "Update", "Parallel Aware": false, "Async Capable": false, "Relation Name": "oorder", "Alias": "oorder", "Startup Cost": 0.42, "Total Cost": 2.65, "Plan Rows": 0, "Plan Width": 0, "Actual Startup Time": 0.042, "Actual Total Time": 0.043, "Actual Rows": 0, "Actual Loops": 1, "Plans": [{"Node Type": "Index Scan", "Parent Relationship": "Outer", "Parallel Aware": false, "Async Capable": false, "Scan Direction": "Forward", "Index Name": "oorder_pkey", "Relation Name": "oorder", "Alias": "oorder", "Startup Cost": 0.42, "Total Cost": 2.65, "Plan Rows": 1, "Plan Width": 10, "Actual Startup Time": 0.009, "Actual Total Time": 0.01, "Actual Rows": 1, "Actual Loops": 1, "Index Cond": "((o_w_id = 5) AND (o_d_id = 4) AND (o_id = 2162))", "Rows Removed by Index Recheck": 0}]}}]]]}
{"start_time": 1656967024.270105, "plan": [[[{"Plan": {"Node Type": "Index Scan", "Parallel Aware": false, "Async Capable": false, "Scan Direction": "Forward", "Index Name": "item_pkey", "Relation Name": "item", "Alias": "item", "Startup Cost": 0.29, "Total Cost": 2.51, "Plan Rows": 1, "Plan Width": 196, "Actual Startup Time": 0.008, "Actual Total Time": 0.008, "Actual Rows": 1, "Actual Loops": 1, "Index Cond": "(i_id = 81627)", "Rows Removed by Index Recheck": 0}}]]]}
{"start_time": 1656967024.269372, "plan": [[[{"Plan": {"Node Type": "ModifyTable", "Operation": "Insert", "Parallel Aware": false, "Async Capable": false, "Relation Name": "order_line", "Alias": "order_line", "Startup Cost": 0.0, "Total Cost": 0.01, "Plan Rows": 0, "Plan Width": 0, "Actual Startup Time": 0.055, "Actual Total Time": 0.056, "Actual Rows": 0, "Actual Loops": 1, "Plans": [{"Node Type": "Result", "Parent Relationship": "Outer", "Parallel Aware": false, "Async Capable": false, "Startup Cost": 0.0, "Total Cost": 0.01, "Plan Rows": 1, "Plan Width": 160, "Actual Startup Time": 0.001, "Actual Total Time": 0.001, "Actual Rows": 1, "Actual Loops": 1}]}}]]]}
{"start_time": 1656967024.270135, "plan": [[[{"Plan": {"Node Type": "LockRows", "Parallel Aware": false, "Async Capable": false, "Startup Cost": 0.42, "Total Cost": 30.66, "Plan Rows": 26, "Plan Width": 1128, "Actual Startup Time": 0.017, "Actual Total Time": 0.019, "Actual Rows": 1, "Actual Loops": 1, "Plans": [{"Node Type": "Index Scan", "Parent Relationship": "Outer", "Parallel Aware": false, "Async Capable": false, "Scan Direction": "Forward", "Index Name": "stock_pkey", "Relation Name": "stock", "Alias": "stock", "Startup Cost": 0.42, "Total Cost": 30.4, "Plan Rows": 26, "Plan Width": 1128, "Actual Startup Time": 0.016, "Actual Total Time": 0.016, "Actual Rows": 1, "Actual Loops": 1, "Index Cond": "((s_w_id = 3) AND (s_i_id = 85727))", "Rows Removed by Index Recheck": 0}]}}]]]}
{"start_time": 1656967024.270132, "plan": [[[{"Plan": {"Node Type": "ModifyTable", "Operation": "Update", "Parallel Aware": false, "Async Capable": false, "Relation Name": "customer", "Alias": "customer", "Startup Cost": 0.42, "Total Cost": 2.65, "Plan Rows": 0, "Plan Width": 0, "Actual Startup Time": 0.028, "Actual Total Time": 0.028, "Actual Rows": 0, "Actual Loops": 1, "Plans": [{"Node Type": "Index Scan", "Parent Relationship": "Outer", "Parallel Aware": false, "Async Capable": false, "Scan Direction": "Forward", "Index Name": "customer_pkey", "Relation Name": "customer", "Alias": "customer", "Startup Cost": 0.42, "Total Cost": 2.65, "Plan Rows": 1, "Plan Width": 34, "Actual Startup Time": 0.008, "Actual Total Time": 0.008, "Actual Rows": 1, "Actual Loops": 1, "Index Cond": "((c_w_id = 4) AND (c_d_id = 6) AND (c_id = 2283))", "Rows Removed by Index Recheck": 0}]}}]]]}
{"start_time": 1656967024.270132, "plan": [[[{"Plan": {"Node Type": "ModifyTable", "Operation": "Update", "Parallel Aware": false, "Async Capable": false, "Relation Name": "customer", "Alias": "customer", "Startup Cost": 0.42, "Total Cost": 2.65, "Plan Rows": 0, "Plan Width": 0, "Actual Startup Time": 0.028, "Actual Total Time": 0.028, "Actual Rows": 0, "Actual Loops": 1, "Plans": [{"Node Type": "Index Scan", "Parent Relationship": "Outer", "Parallel Aware": false, "Async Capable": false, "Scan Direction": "Forward", "Index Name": "customer_pkey", "Relation Name": "customer", "Alias": "customer", "Startup Cost": 0.42, "Total Cost": 2.65, "Plan Rows": 1, "Plan Width": 26, "Actual Startup Time": 0.01, "Actual Total Time": 0.011, "Actual Rows": 1, "Actual Loops": 1, "Index Cond": "((c_w_id = 9) AND (c_d_id = 2) AND (c_id = 2628))", "Rows Removed by Index Recheck": 0}]}}]]]}
{"start_time": 1656967024.2701669, "plan": [[[{"Plan": {"Node Type": "ModifyTable", "Operation": "Insert", "Parallel Aware": false, "Async Capable": false, "Relation Name": "order_line", "Alias": "order_line", "Startup Cost": 0.0, "Total Cost": 0.01, "Plan Rows": 0, "Plan Width": 0, "Actual Startup Time": 0.013, "Actual Total Time": 0.013, "Actual Rows": 0, "Actual Loops": 1, "Plans": [{"Node Type": "Result", "Parent Relationship": "Outer", "Parallel Aware": false, "Async Capable": false, "Startup Cost": 0.0, "Total Cost": 0.01, "Plan Rows": 1, "Plan Width": 160, "Actual Startup Time": 0.001, "Actual Total Time": 0.001, "Actual Rows": 1, "Actual Loops": 1}]}}]]]}
{"start_time": 1656967024.270235, "plan": [[[{"Plan": {"Node Type": "Index Scan", "Parallel Aware": false, "Async Capable": false, "Scan Direction": "Forward", "Index Name": "warehouse_pkey", "Relation Name": "warehouse", "Alias": "warehouse", "Startup Cost": 0.14, "Total Cost": 2.36, "Plan Rows": 1, "Plan Width": 12, "Actual Startup Time": 0.008, "Actual Total Time": 0.009, "Actual Rows": 1, "Actual Loops": 1, "Index Cond": "(w_id = 2)", "Rows Removed by Index Recheck": 0}}]]]}
{"start_time": 1656967024.270399, "plan": [[[{"Plan": {"Node Type": "LockRows", "Parallel Aware": false, "Async Capable": false, "Startup Cost": 0.42, "Total Cost": 30.66, "Plan Rows": 26, "Plan Width": 1128, "Actual Startup Time": 0.015, "Actual Total Time": 0.016, "Actual Rows": 1, "Actual Loops": 1, "Plans": [{"Node Type": "Index Scan", "Parent Relationship": "Outer", "Parallel Aware": false, "Async Capable": false, "Scan Direction": "Forward", "Index Name": "stock_pkey", "Relation Name": "stock", "Alias": "stock", "Startup Cost": 0.42, "Total Cost": 30.4, "Plan Rows": 26, "Plan Width": 1128, "Actual Startup Time": 0.012, "Actual Total Time": 0.012, "Actual Rows": 1, "Actual Loops": 1, "Index Cond": "((s_w_id = 9) AND (s_i_id = 81627))", "Rows Removed by Index Recheck": 0}]}}]]]}
{"start_time": 1656967024.270372, "plan": [[[{"Plan": {"Node Type": "Index Scan", "Parallel Aware": false, "Async Capable": false, "Scan Direction": "Forward", "Index Name": "idx_customer_name", "Relation Name": "customer", "Alias": "customer", "Startup Cost": 0.42, "Total Cost": 2.65, "Plan Rows": 1, "Plan Width": 436, "Actual Startup Time": 0.019, "Actual Total Time": 0.02, "Actual Rows": 1, "Actual Loops": 1, "Index Cond": "((c_w_id = 10) AND (c_d_id = 1) AND ((c_last)::text = 'ATIONESEBAR'::text))", "Rows Removed by Index Recheck": 0}}]]]}
{"start_time": 1656967024.270451, "plan": [[[{"Plan": {"Node Type": "ModifyTable", "Operation": "Update", "Parallel Aware": false, "Async Capable": false, "Relation Name": "stock", "Alias": "stock", "Startup Cost": 0.42, "Total Cost": 30.66, "Plan Rows": 0, "Plan Width": 0, "Actual Startup Time": 0.029, "Actual Total Time": 0.029, "Actual Rows": 0, "Actual Loops": 1, "Plans": [{"Node Type": "Index Scan", "Parent Relationship": "Outer", "Parallel Aware": false, "Async Capable": false, "Scan Direction": "Forward", "Index Name": "stock_pkey", "Relation Name": "stock", "Alias": "stock", "Startup Cost": 0.42, "Total Cost": 30.66, "Plan Rows": 26, "Plan Width": 32, "Actual Startup Time": 0.012, "Actual Total Time": 0.013, "Actual Rows": 1, "Actual Loops": 1, "Index Cond": "((s_w_id = 10) AND (s_i_id = 34407))", "Rows Removed by Index Recheck": 0}]}}]]]}
{"start_time": 1656967024.270294, "plan": [[[{"Plan": {"Node Type": "ModifyTable", "Operation": "Update", "Parallel Aware": false, "Async Capable": false, "Relation Name": "order_line", "Alias": "order_line", "Startup Cost": 0.43, "Total Cost": 2.65, "Plan Rows": 0, "Plan Width": 0, "Actual Startup Time": 0.108, "Actual Total Time": 0.108, "Actual Rows": 0, "Actual Loops": 1, "Plans": [{"Node Type": "Index Scan", "Parent Relationship": "Outer", "Parallel Aware": false, "Async Capable": false, "Scan Direction": "Forward", "Index Name": "order_line_pkey", "Relation Name": "order_line", "Alias": "order_line", "Startup Cost": 0.43, "Total Cost": 2.65, "Plan Rows": 1, "Plan Width": 14, "Actual Startup Time": 0.013, "Actual Total Time": 0.019, "Actual Rows": 7, "Actual Loops": 1, "Index Cond": "((ol_w_id = 5) AND (ol_d_id = 4) AND (ol_o_id = 2162))", "Rows Removed by Index Recheck": 0}]}}]]]}
{"start_time": 1656967024.270514, "plan": [[[{"Plan": {"Node Type": "ModifyTable", "Operation": "Insert", "Parallel Aware": false, "Async Capable": false, "Relation Name": "order_line", "Alias": "order_line", "Startup Cost": 0.0, "Total Cost": 0.01, "Plan Rows": 0, "Plan Width": 0, "Actual Startup Time": 0.02, "Actual Total Time": 0.02, "Actual Rows": 0, "Actual Loops": 1, "Plans": [{"Node Type": "Result", "Parent Relationship": "Outer", "Parallel Aware": false, "Async Capable": false, "Startup Cost": 0.0, "Total Cost": 0.01, "Plan Rows": 1, "Plan Width": 160, "Actual Startup Time": 0.001, "Actual Total Time": 0.001, "Actual Rows": 1, "Actual Loops": 1}]}}]]]}
{"start_time": 1656967024.270527, "plan": [[[{"Plan": {"Node Type": "ModifyTable", "Operation": "Insert", "Parallel Aware": false, "Async Capable": false, "Relation Name": "history", "Alias": "history", "Startup Cost": 0.0, "Total Cost": 0.01, "Plan Rows": 0, "Plan Width": 0, "Actual Startup Time": 0.01, "Actual Total Time": 0.01, "Actual Rows": 0, "Actual Loops": 1, "Plans": [{"Node Type": "Result", "Parent Relationship": "Outer", "Parallel Aware": false, "Async Capable": false, "Startup Cost": 0.0, "Total Cost": 0.01, "Plan Rows": 1, "Plan Width": 108, "Actual Startup Time": 0.001, "Actual Total Time": 0.002, "Actual Rows": 1, "Actual Loops": 1}]}}]]]}
{"start_time": 1656967024.2699518, "plan": [[[{"Plan": {"Node Type": "Index Scan", "Parallel Aware": false, "Async Capable": false, "Scan Direction": "Forward", "Index Name": "oorder_pkey", "Relation Name": "oorder", "Alias": "oorder", "Startup Cost": 0.42, "Total Cost": 2.65, "Plan Rows": 1, "Plan Width": 4, "Actual Startup Time": 0.014, "Actual Total Time": 0.015, "Actual Rows": 1, "Actual Loops": 1, "Index Cond": "((o_w_id = 7) AND (o_d_id = 4) AND (o_id = 2159))", "Rows Removed by Index Recheck": 0}}]]]}
{"start_time": 1656967024.270684, "plan": [[[{"Plan": {"Node Type": "ModifyTable", "Operation": "Update", "Parallel Aware": false, "Async Capable": false, "Relation Name": "stock", "Alias": "stock", "Startup Cost": 0.42, "Total Cost": 30.66, "Plan Rows": 0, "Plan Width": 0, "Actual Startup Time": 0.028, "Actual Total Time": 0.028, "Actual Rows": 0, "Actual Loops": 1, "Plans": [{"Node Type": "Index Scan", "Parent Relationship": "Outer", "Parallel Aware": false, "Async Capable": false, "Scan Direction": "Forward", "Index Name": "stock_pkey", "Relation Name": "stock", "Alias": "stock", "Startup Cost": 0.42, "Total Cost": 30.66, "Plan Rows": 26, "Plan Width": 32, "Actual Startup Time": 0.012, "Actual Total Time": 0.013, "Actual Rows": 1, "Actual Loops": 1, "Index Cond": "((s_w_id = 10) AND (s_i_id = 9951))", "Rows Removed by Index Recheck": 0}]}}]]]}
{"start_time": 1656967024.270294, "plan": [[[{"Plan": {"Node Type": "ModifyTable", "Operation": "Insert", "Parallel Aware": false, "Async Capable": false, "Relation Name": "order_line", "Alias": "order_line", "Startup Cost": 0.0, "Total Cost": 0.01, "Plan Rows": 0, "Plan Width": 0, "Actual Startup Time": 0.092, "Actual Total Time": 0.093, "Actual Rows": 0, "Actual Loops": 1, "Plans": [{"Node Type": "Result", "Parent Relationship": "Outer", "Parallel Aware": false, "Async Capable": false, "Startup Cost": 0.0, "Total Cost": 0.01, "Plan Rows": 1, "Plan Width": 160, "Actual Startup Time": 0.001, "Actual Total Time": 0.002, "Actual Rows": 1, "Actual Loops": 1}]}}]]]}
{"start_time": 1656967024.2708068, "plan": [[[{"Plan": {"Node Type": "Index Scan", "Parallel Aware": false, "Async Capable": false, "Scan Direction": "Forward", "Index Name": "item_pkey", "Relation Name": "item", "Alias": "item", "Startup Cost": 0.29, "Total Cost": 2.51, "Plan Rows": 1, "Plan Width": 196, "Actual Startup Time": 0.009, "Actual Total Time": 0.01, "Actual Rows": 1, "Actual Loops": 1, "Index Cond": "(i_id = 73431)", "Rows Removed by Index Recheck": 0}}]]]}
