{"start_time": 1656967023.010757, "plan": [[[{"Plan": {"Node Type": "LockRows", "Parallel Aware": false, "Async Capable": false, "Startup Cost": 0.42, "Total Cost": 29.54, "Plan Rows": 25, "Plan Width": 1128, "Actual Startup Time": 0.013, "Actual Total Time": 0.015, "Actual Rows": 1, "Actual Loops": 1, "Plans": [{"Node Type": "Index Scan", "Parent Relationship": "Outer", "Parallel Aware": false, "Async Capable": false, "Scan Direction": "Forward", "Index Name": "stock_pkey", "Relation Name": "stock", "Alias": "stock", "Startup Cost": 0.42, "Total Cost": 29.29, "Plan Rows": 25, "Plan Width": 1128, "Actual Startup Time": 0.011, "Actual Total Time": 0.011, "Actual Rows": 1, "Actual Loops": 1, "Index Cond": "((s_w_id = 5) AND (s_i_id = 40647))", "Rows Removed by Index Recheck": 0}]}}]]]}
{"start_time": 1656967023.01052, "plan": [[[{"Plan": {"Node Type": "ModifyTable", "Operation": "Update", "Parallel Aware": false, "Async Capable": false, "Relation Name": "district", "Alias": "district", "Startup Cost": 0.14, "Total Cost": 2.37, "Plan Rows": 0, "Plan Width": 0, "Actual Startup Time": 0.209, "Actual Total Time": 0.209, "Actual Rows": 0, "Actual Loops": 1, "Plans": [{"Node Type": "Index Scan", "Parent Relationship": "Outer", "Parallel Aware": false, "Async Capable": false, "Scan Direction": "Forward", "Index Name": "district_pkey", "Relation Name": "district", "Alias": "district", "Startup Cost": 0.14, "Total Cost": 2.37, "Plan Rows": 1, "Plan Width": 22, "Actual Startup Time": 0.01, "Actual Total Time": 0.011, "Actual Rows": 1, "Actual Loops": 1, "Index Cond": "((d_w_id = 2) AND (d_id = 1))", "Rows Removed by Index Recheck": 0}]}}]]]}
{"start_time": 1656967023.010861, "plan": [[[{"Plan": {"Node Type": "LockRows", "Parallel Aware": false, "Async Capable": false, "Startup Cost": 0.14, "Total Cost": 2.37, "Plan Rows": 1, "Plan Width": 15, "Actual Startup Time": 0.012, "Actual Total Time": 0.014, "Actual Rows": 1, "Actual Loops": 1, "Plans": [{"Node Type": "Index Scan", "Parent Relationship": "Outer", "Parallel Aware": false, "Async Capable": false, "Scan Direction": "Forward", "Index Name": "district_pkey", "Relation Name": "district", "Alias": "district", "Startup Cost": 0.14, "Total Cost": 2.36, "Plan Rows": 1, "Plan Width": 15, "Actual Startup Time": 0.008, "Actual Total Time": 0.008, "Actual Rows": 1, "Actual Loops": 1, "Index Cond": "((d_w_id = 2) AND (d_id = 10))", "Rows Removed by Index Recheck": 0}]}}]]]}
{"start_time": 1656967023.010835, "plan": [[[{"Plan": {"Node Type": "ModifyTable", "Operation": "Insert", "Parallel Aware": false, "Async Capable": false, "Relation Name": "order_line", "Alias": "order_line", "Startup Cost": 0.0, "Total Cost": 0.01, "Plan Rows": 0, "Plan Width": 0, "Actual Startup Time": 0.019, "Actual Total Time": 0.019, "Actual Rows": 0, "Actual Loops": 1, "Plans": [{"Node Type": "Result", "Parent Relationship": "Outer", "Parallel Aware": false, "Async Capable": false, "Startup Cost": 0.0, "Total Cost": 0.01, "Plan Rows": 1, "Plan Width": 160, "Actual Startup Time": 0.001, "Actual Total Time": 0.001, "Actual Rows": 1, "Actual Loops": 1}]}}]]]}
{"start_time": 1656967023.010782, "plan": [[[{"Plan": {"Node Type": "Aggregate", "Strategy": "Plain", "Partial Mode": "Simple", "Parallel Aware": false, "Async Capable": false, "Startup Cost": 2.66, "Total Cost": 2.67, "Plan Rows": 1, "Plan Width": 32, "Actual Startup Time": 0.028, "Actual Total Time": 0.029, "Actual Rows": 1, "Actual Loops": 1, "Plans": [{"Node Type": "Index Scan", "Parent Relationship": "Outer", "Parallel Aware": false, "Async Capable": false, "Scan Direction": "Forward", "Index Name": "order_line_pkey", "Relation Name": "order_line", "Alias": "order_line", "Startup Cost": 0.43, "Total Cost": 2.65, "Plan Rows": 1, "Plan Width": 14, "Actual Startup Time": 0.01, "Actual Total Time": 0.02, "Actual Rows": 13, "Actual Loops": 1, "Index Cond": "((ol_w_id = 4) AND (ol_d_id = 1) AND (ol_o_id = 2140))", "Rows Removed by Index Recheck": 0}]}}]]]}
{"start_time": 1656967023.010932, "plan": [[[{"Plan": {"Node Type": "Index Scan", "Parallel Aware": false, "Async Capable": false, "Scan Direction": "Forward", "Index Name": "district_pkey", "Relation Name": "district", "Alias": "district", "Startup Cost": 0.14, "Total Cost": 2.36, "Plan Rows": 1, "Plan Width": 63, "Actual Startup Time": 0.008, "Actual Total Time": 0.009, "Actual Rows": 1, "Actual Loops": 1, "Index Cond": "((d_w_id = 7) AND (d_id = 2))", "Rows Removed by Index Recheck": 0}}]]]}
{"start_time": 1656967023.010757, "plan": [[[{"Plan": {"Node Type": "LockRows", "Parallel Aware": false, "Async Capable": false, "Startup Cost": 0.42, "Total Cost": 29.54, "Plan Rows": 25, "Plan Width": 1128, "Actual Startup Time": 0.014, "Actual Total Time": 0.015, "Actual Rows": 1, "Actual Loops": 1, "Plans": [{"Node Type": "Index Scan", "Parent Relationship": "Outer", "Parallel Aware": false, "Async Capable": false, "Scan Direction": "Forward", "Index Name": "stock_pkey", "Relation Name": "stock", "Alias": "stock", "Startup Cost": 0.42, "Total Cost": 29.29, "Plan Rows": 25, "Plan Width": 1128, "Actual Startup Time": 0.011, "Actual Total Time": 0.012, "Actual Rows": 1, "Actual Loops": 1, "Index Cond": "((s_w_id = 6) AND (s_i_id = 65047))", "Rows Removed by Index Recheck": 0}]}}]]]}
{"start_time": 1656967023.010861, "plan": [[[{"Plan": {"Node Type": "ModifyTable", "Operation": "Update", "Parallel Aware": false, "Async Capable": false, "Relation Name": "oorder", "Alias": "oorder", "Startup Cost": 0.42, "Total Cost": 2.65, "Plan Rows": 0, "Plan Width": 0, "Actual Startup Time": 0.083, "Actual Total Time": 0.083, "Actual Rows": 0, "Actual Loops": 1, "Plans": [{"Node Type": "Index Scan", "Parent Relationship": "Outer", "Parallel Aware": false, "Async Capable": false, "Scan Direction": "Forward", "Index Name": "oorder_pkey", "Relation Name": "oorder", "Alias": "oorder", "Startup Cost": 0.42, "Total Cost": 2.65, "Plan Rows": 1, "Plan Width": 10, "Actual Startup Time": 0.009, "Actual Total Time": 0.01, "Actual Rows": 1, "Actual Loops": 1, "Index Cond": "((o_w_id = 5) AND (o_d_id = 1) AND (o_id = 2157))", "Rows Removed by Index Recheck": 0}]}}]]]}
{"start_time": 1656967023.010968, "plan": [[[{"Plan": {"Node Type": "LockRows", "Parallel Aware": false, "Async Capable": false, "Startup Cost": 0.42, "Total Cost": 29.54, "Plan Rows": 25, "Plan Width": 1128, "Actual Startup Time": 0.029, "Actual Total Time": 0.03, "Actual Rows": 1, "Actual Loops": 1, "Plans": [{"Node Type": "Index Scan", "Parent Relationship": "Outer", "Parallel Aware": false, "Async Capable": false, "Scan Direction": "Forward", "Index Name": "stock_pkey", "Relation Name": "stock", "Alias": "stock", "Startup Cost": 0.42, "Total Cost": 29.29, "Plan Rows": 25, "Plan Width": 1128, "Actual Startup Time": 0.023, "Actual Total Time": 0.024, "Actual Rows": 1, "Actual Loops": 1, "Index Cond": "((s_w_id = 9) AND (s_i_id = 7879))", "Rows Removed by Index Recheck": 0}]}}]]]}
{"start_time": 1656967023.011043, "plan": [[[{"Plan": {"Node Type": "LockRows", "Parallel Aware": false, "Async Capable": false, "Startup Cost": 0.42, "Total Cost": 29.54, "Plan Rows": 25, "Plan Width": 1128, "Actual Startup Time": 0.013, "Actual Total Time": 0.015, "Actual Rows": 1, "Actual Loops": 1, "Plans": [{"Node Type": "Index Scan", "Parent Relationship": "Outer", "Parallel Aware": false, "Async Capable": false, "Scan Direction": "Forward", "Index Name": "stock_pkey", "Relation Name": "stock", "Alias": "stock", "Startup Cost": 0.42, "Total Cost": 29.29, "Plan Rows": 25, "Plan Width": 1128, "Actual Startup Time": 0.011, "Actual Total Time": 0.012, "Actual Rows": 1, "Actual Loops": 1, "Index Cond": "((s_w_id = 10) AND (s_i_id = 72419))", "Rows Removed by Index Recheck": 0}]}}]]]}
{"start_time": 1656967023.011118, "plan": [[[{"Plan": {"Node Type": "Index Scan", "Parallel Aware": false, "Async Capable": false, "Scan Direction": "Forward", "Index Name": "item_pkey", "Relation Name": "item", "Alias": "item", "Startup Cost": 0.29, "Total Cost": 2.51, "Plan Rows": 1, "Plan Width": 196, "Actual Startup Time": 0.008, "Actual Total Time": 0.009, "Actual Rows": 1, "Actual Loops": 1, "Index Cond": "(i_id = 87523)", "Rows Removed by Index Recheck": 0}}]]]}
{"start_time": 1656967023.011101, "plan": [[[{"Plan": {"Node Type": "ModifyTable", "Operation": "Delete", "Parallel Aware": false, "Async Capable": false, "Relation Name": "new_order", "Alias": "new_order", "Startup Cost": 0.42, "Total Cost": 2.64, "Plan Rows": 0, "Plan Width": 0, "Actual Startup Time": 0.013, "Actual Total Time": 0.013, "Actual Rows": 0, "Actual Loops": 1, "Plans": [{"Node Type": "Index Scan", "Parent Relationship": "Outer", "Parallel Aware": false, "Async Capable": false, "Scan Direction": "Forward", "Index Name": "new_order_pkey", "Relation Name": "new_order", "Alias": "new_order", "Startup Cost": 0.42, "Total Cost": 2.64, "Plan Rows": 1, "Plan Width": 6, "Actual Startup Time": 0.009, "Actual Total Time": 0.01, "Actual Rows": 1, "Actual Loops": 1, "Index Cond": "((no_w_id = 7) AND (no_d_id = 7) AND (no_o_id = 2133))", "Rows Removed by Index Recheck": 0}]}}]]]}
{"start_time": 1656967023.011082, "plan": [[[{"Plan": {"Node Type": "ModifyTable", "Operation": "Insert", "Parallel Aware": false, "Async Capable": false, "Relation Name": "order_line", "Alias": "order_line", "Startup Cost": 0.0, "Total Cost": 0.01, "Plan Rows": 0, "Plan Width": 0, "Actual Startup Time": 0.016, "Actual Total Time": 0.016, "Actual Rows": 0, "Actual Loops": 1, "Plans": [{"Node Type": "Result", "Parent Relationship": "Outer", "Parallel Aware": false, "Async Capable": false, "Startup Cost": 0.0, "Total Cost": 0.01, "Plan Rows": 1, "Plan Width": 160, "Actual Startup Time": 0.001, "Actual Total Time": 0.001, "Actual Rows": 1, "Actual Loops": 1}]}}]]]}
{"start_time": 1656967023.011184, "plan": [[[{"Plan": {"Node Type": "Index Scan", "Parallel Aware": false, "Async Capable": false, "Scan Direction": "Forward", "Index Name": "item_pkey", "Relation Name": "item", "Alias": "item", "Startup Cost": 0.29, "Total Cost": 2.51, "Plan Rows": 1, "Plan Width": 196, "Actual Startup Time": 0.008, "Actual Total Time": 0.009, "Actual Rows": 1, "Actual Loops": 1, "Index Cond": "(i_id = 46791)", "Rows Removed by Index Recheck": 0}}]]]}
{"start_time": 1656967023.011154, "plan": [[[{"Plan": {"Node Type": "Index Scan", "Parallel Aware": false, "Async Capable": false, "Scan Direction": "Forward", "Index Name": "district_pkey", "Relation Name": "district", "Alias": "district", "Startup Cost": 0.14, "Total Cost": 2.36, "Plan Rows": 1, "Plan Width": 63, "Actual Startup Time": 0.062, "Actual Total Time": 0.063, "Actual Rows": 1, "Actual Loops": 1, "Index Cond": "((d_w_id = 2) AND (d_id = 1))", "Rows Removed by Index Recheck": 0}}]]]}
{"start_time": 1656967023.011251, "plan": [[[{"Plan": {"Node Type": "ModifyTable", "Operation": "Update", "Parallel Aware": false, "Async Capable": false, "Relation Name": "district", "Alias": "district", "Startup Cost": 0.14, "Total Cost": 2.36, "Plan Rows": 0, "Plan Width": 0, "Actual Startup Time": 0.021, "Actual Total Time": 0.021, "Actual Rows": 0, "Actual Loops": 1, "Plans": [{"Node Type": "Index Scan", "Parent Relationship": "Outer", "Parallel Aware": false, "Async Capable": false, "Scan Direction": "Forward", "Index Name": "district_pkey", "Relation Name": "district", "Alias": "district", "Startup Cost": 0.14, "Total Cost": 2.36, "Plan Rows": 1, "Plan Width": 10, "Actual Startup Time": 0.007, "Actual Total Time": 0.008, "Actual Rows": 1, "Actual Loops": 1, "Index Cond": "((d_w_id = 2) AND (d_id = 10))", "Rows Removed by Index Recheck": 0}]}}]]]}
{"start_time": 1656967023.011321, "plan": [[[{"Plan": {"Node Type": "Index Scan", "Parallel Aware": false, "Async Capable": false, "Scan Direction": "Forward", "Index Name": "item_pkey", "Relation Name": "item", "Alias": "item", "Startup Cost": 0.29, "Total Cost": 2.51, "Plan Rows": 1, "Plan Width": 196, "Actual Startup Time": 0.008, "Actual Total Time": 0.009, "Actual Rows": 1, "Actual Loops": 1, "Index Cond": "(i_id = 23282)", "Rows Removed by Index Recheck": 0}}]]]}
{"start_time": 1656967023.011381, "plan": [[[{"Plan": {"Node Type": "Index Scan", "Parallel Aware": false, "Async Capable": false, "Scan Direction": "Forward", "Index Name": "item_pkey", "Relation Name": "item", "Alias": "item", "Startup Cost": 0.29, "Total Cost": 2.51, "Plan Rows": 1, "Plan Width": 196, "Actual Startup Time": 0.008, "Actual Total Time": 0.008, "Actual Rows": 1, "Actual Loops": 1, "Index Cond": "(i_id = 64675)", "Rows Removed by Index Recheck": 0}}]]]}
{"start_time": 1656967023.011187, "plan": [[[{"Plan": {"Node Type": "ModifyTable", "Operation": "Update", "Parallel Aware": false, "Async Capable": false, "Relation Name": "customer", "Alias": "customer", "Startup Cost": 0.42, "Total Cost": 2.65, "Plan Rows": 0, "Plan Width": 0, "Actual Startup Time": 0.058, "Actual Total Time": 0.059, "Actual Rows": 0, "Actual Loops": 1, "Plans": [{"Node Type": "Index Scan", "Parent Relationship": "Outer", "Parallel Aware": false, "Async Capable": false, "Scan Direction": "Forward", "Index Name": "customer_pkey", "Relation Name": "customer", "Alias": "customer", "Startup Cost": 0.42, "Total Cost": 2.65, "Plan Rows": 1, "Plan Width": 26, "Actual Startup Time": 0.019, "Actual Total Time": 0.02, "Actual Rows": 1, "Actual Loops": 1, "Index Cond": "((c_w_id = 4) AND (c_d_id = 1) AND (c_id = 1065))", "Rows Removed by Index Recheck": 0}]}}]]]}
{"start_time": 1656967023.011251, "plan": [[[{"Plan": {"Node Type": "ModifyTable", "Operation": "Update", "Parallel Aware": false, "Async Capable": false, "Relation Name": "order_line", "Alias": "order_line", "Startup Cost": 0.43, "Total Cost": 2.65, "Plan Rows": 0, "Plan Width": 0, "Actual Startup Time": 0.069, "Actual Total Time": 0.069, "Actual Rows": 0, "Actual Loops": 1, "Plans": [{"Node Type": "Index Scan", "Parent Relationship": "Outer", "Parallel Aware": false, "Async Capable": false, "Scan Direction": "Forward", "Index Name": "order_line_pkey", "Relation Name": "order_line", "Alias": "order_line", "Startup Cost": 0.43, "Total Cost": 2.65, "Plan Rows": 1, "Plan Width": 14, "Actual Startup Time": 0.021, "Actual Total Time": 0.025, "Actual Rows": 10, "Actual Loops": 1, "Index Cond": "((ol_w_id = 5) AND (ol_d_id = 1) AND (ol_o_id = 2157))", "Rows Removed by Index Recheck": 0}]}}]]]}
{"start_time": 1656967023.011441, "plan": [[[{"Plan": {"Node Type": "Index Scan", "Parallel Aware": false, "Async Capable": false, "Scan Direction": "Forward", "Index Name": "item_pkey", "Relation Name": "item", "Alias": "item", "Startup Cost": 0.29, "Total Cost": 2.51, "Plan Rows": 1, "Plan Width": 196, "Actual Startup Time": 0.008, "Actual Total Time": 0.009, "Actual Rows": 1, "Actual Loops": 1, "Index Cond": "(i_id = 63671)", "Rows Removed by Index Recheck": 0}}]]]}
{"start_time": 1656967023.011461, "plan": [[[{"Plan": {"Node Type": "LockRows", "Parallel Aware": false, "Async Capable": false, "Startup Cost": 0.42, "Total Cost": 29.54, "Plan Rows": 25, "Plan Width": 1128, "Actual Startup Time": 0.019, "Actual Total Time": 0.021, "Actual Rows": 1, "Actual Loops": 1, "Plans": [{"Node Type": "Index Scan", "Parent Relationship": "Outer", "Parallel Aware": false, "Async Capable": false, "Scan Direction": "Forward", "Index Name": "stock_pkey", "Relation Name": "stock", "Alias": "stock", "Startup Cost": 0.42, "Total Cost": 29.29, "Plan Rows": 25, "Plan Width": 1128, "Actual Startup Time": 0.016, "Actual Total Time": 0.016, "Actual Rows": 1, "Actual Loops": 1, "Index Cond": "((s_w_id = 5) AND (s_i_id = 46791))", "Rows Removed by Index Recheck": 0}]}}]]]}
{"start_time": 1656967023.0114808, "plan": [[[{"Plan": {"Node Type": "ModifyTable", "Operation": "Insert", "Parallel Aware": false, "Async Capable": false, "Relation Name": "order_line", "Alias": "order_line", "Startup Cost": 0.0, "Total Cost": 0.01, "Plan Rows": 0, "Plan Width": 0, "Actual Startup Time": 0.013, "Actual Total Time": 0.013, "Actual Rows": 0, "Actual Loops": 1, "Plans": [{"Node Type": "Result", "Parent Relationship": "Outer", "Parallel Aware": false, "Async Capable": false, "Startup Cost": 0.0, "Total Cost": 0.01, "Plan Rows": 1, "Plan Width": 160, "Actual Startup Time": 0.001, "Actual Total Time": 0.001, "Actual Rows": 1, "Actual Loops": 1}]}}]]]}
{"start_time": 1656967023.011286, "plan": [[[{"Plan": {"Node Type": "ModifyTable", "Operation": "Insert", "Parallel Aware": false, "Async Capable": false, "Relation Name": "order_line", "Alias": "order_line", "Startup Cost": 0.0, "Total Cost": 0.01, "Plan Rows": 0, "Plan Width": 0, "Actual Startup Time": 0.015, "Actual Total Time": 0.015, "Actual Rows": 0, "Actual Loops": 1, "Plans": [{"Node Type": "Result", "Parent Relationship": "Outer", "Parallel Aware": false, "Async Capable": false, "Startup Cost": 0.0, "Total Cost": 0.01, "Plan Rows": 1, "Plan Width": 160, "Actual Startup Time": 0.001, "Actual Total Time": 0.001, "Actual Rows": 1, "Actual Loops": 1}]}}]]]}
{"start_time": 1656967023.0115209, "plan": [[[{"Plan": {"Node Type": "Index Scan", "Parallel Aware": false, "Async Capable": false, "Scan Direction": "Forward", "Index Name": "idx_customer_name", "Relation Name": "customer", "Alias": "customer", "Startup Cost": 0.42, "Total Cost": 2.65, "Plan Rows": 1, "Plan Width": 436, "Actual Startup Time": 0.016, "Actual Total Time": 0.017, "Actual Rows": 1, "Actual Loops": 1, "Index Cond": "((c_w_id = 2) AND (c_d_id = 1) AND ((c_last)::text = 'EINGESEATION'::text))", "Rows Removed by Index Recheck": 0}}]]]}
{"start_time": 1656967023.0115871, "plan": [[[{"Plan": {"Node Type": "ModifyTable", "Operation": "Insert", "Parallel Aware": false, "Async Capable": false, "Relation Name": "oorder", "Alias": "oorder", "Startup Cost": 0.0, "Total Cost": 0.01, "Plan Rows": 0, "Plan Width": 0, "Actual Startup Time": 0.03, "Actual Total Time": 0.03, "Actual Rows": 0, "Actual Loops": 1, "Plans": [{"Node Type": "Result", "Parent Relationship": "Outer", "Parallel Aware": false, "Async Capable": false, "Startup Cost": 0.0, "Total Cost": 0.01, "Plan Rows": 1, "Plan Width": 36, "Actual Startup Time": 0.001, "Actual Total Time": 0.001, "Actual Rows": 1, "Actual Loops": 1}]}}]]]}
{"start_time": 1656967023.011675, "plan": [[[{"Plan": {"Node Type": "LockRows", "Parallel Aware": false, "Async Capable": false, "Startup Cost": 0.42, "Total Cost": 29.54, "Plan Rows": 25, "Plan Width": 1128, "Actual Startup Time": 0.028, "Actual Total Time": 0.03, "Actual Rows": 1, "Actual Loops": 1, "Plans": [{"Node Type": "Index Scan", "Parent Relationship": "Outer", "Parallel Aware": false, "Async Capable": false, "Scan Direction": "Forward", "Index Name": "stock_pkey", "Relation Name": "stock", "Alias": "stock", "Startup Cost": 0.42, "Total Cost": 29.29, "Plan Rows": 25, "Plan Width": 1128, "Actual Startup Time": 0.024, "Actual Total Time": 0.024, "Actual Rows": 1, "Actual Loops": 1, "Index Cond": "((s_w_id = 9) AND (s_i_id = 23282))", "Rows Removed by Index Recheck": 0}]}}]]]}
{"start_time": 1656967023.011723, "plan": [[[{"Plan": {"Node Type": "Aggregate", "Strategy": "Plain", "Partial Mode": "Simple", "Parallel Aware": false, "Async Capable": false, "Startup Cost": 2.66, "Total Cost": 2.67, "Plan Rows": 1, "Plan Width": 32, "Actual Startup Time": 0.02, "Actual Total Time": 0.021, "Actual Rows": 1, "Actual Loops": 1, "Plans": [{"Node Type": "Index Scan", "Parent Relationship": "Outer", "Parallel Aware": false, "Async Capable": false, "Scan Direction": "Forward", "Index Name": "order_line_pkey", "Relation Name": "order_line", "Alias": "order_line", "Startup Cost": 0.43, "Total Cost": 2.65, "Plan Rows": 1, "Plan Width": 14, "Actual Startup Time": 0.009, "Actual Total Time": 0.013, "Actual Rows": 10, "Actual Loops": 1, "Index Cond": "((ol_w_id = 5) AND (ol_d_id = 1) AND (ol_o_id = 2157))", "Rows Removed by Index Recheck": 0}]}}]]]}
{"start_time": 1656967023.011725, "plan": [[[{"Plan": {"Node Type": "ModifyTable", "Operation": "Insert", "Parallel Aware": false, "Async Capable": false, "Relation Name": "order_line", "Alias": "order_line", "Startup Cost": 0.0, "Total Cost": 0.01, "Plan Rows": 0, "Plan Width": 0, "Actual Startup Time": 0.015, "Actual Total Time": 0.016, "Actual Rows": 0, "Actual Loops": 1, "Plans": [{"Node Type": "Result", "Parent Relationship": "Outer", "Parallel Aware": false, "Async Capable": false, "Startup Cost": 0.0, "Total Cost": 0.01, "Plan Rows": 1, "Plan Width": 160, "Actual Startup Time": 0.001, "Actual Total Time": 0.002, "Actual Rows": 1, "Actual Loops": 1}]}}]]]}
{"start_time": 1656967023.011278, "plan": [[[{"Plan": {"Node Type": "Index Scan", "Parallel Aware": false, "Async Capable": false, "Scan Direction": "Forward", "Index Name": "idx_customer_name", "Relation Name": "customer", "Alias": "customer", "Startup Cost": 0.42, "Total Cost": 2.65, "Plan Rows": 1, "Plan Width": 436, "Actual Startup Time": 0.034, "Actual Total Time": 0.329, "Actual Rows": 50, "Actual Loops": 1, "Index Cond": "((c_w_id = 7) AND (c_d_id = 2) AND ((c_last)::text = 'EINGABLEPRES'::text))", "Rows Removed by Index Recheck": 0}}]]]}
{"start_time": 1656967023.0117989, "plan": [[[{"Plan": {"Node Type": "LockRows", "Parallel Aware": false, "Async Capable": false, "Startup Cost": 0.42, "Total Cost": 29.54, "Plan Rows": 25, "Plan Width": 1128, "Actual Startup Time": 0.017, "Actual Total Time": 0.019, "Actual Rows": 1, "Actual Loops": 1, "Plans": [{"Node Type": "Index Scan", "Parent Relationship": "Outer", "Parallel Aware": false, "Async Capable": false, "Scan Direction": "Forward", "Index Name": "stock_pkey", "Relation Name": "stock", "Alias": "stock", "Startup Cost": 0.42, "Total Cost": 29.29, "Plan Rows": 25, "Plan Width": 1128, "Actual Startup Time": 0.015, "Actual Total Time": 0.016, "Actual Rows": 1, "Actual Loops": 1, "Index Cond": "((s_w_id = 10) AND (s_i_id = 63671))", "Rows Removed by Index Recheck": 0}]}}]]]}
{"start_time": 1656967023.0115361, "plan": [[[{"Plan": {"Node Type": "LockRows", "Parallel Aware": false, "Async Capable": false, "Startup Cost": 0.42, "Total Cost": 29.54, "Plan Rows": 25, "Plan Width": 1128, "Actual Startup Time": 0.018, "Actual Total Time": 0.019, "Actual Rows": 1, "Actual Loops": 1, "Plans": [{"Node Type": "Index Scan", "Parent Relationship": "Outer", "Parallel Aware": false, "Async Capable": false, "Scan Direction": "Forward", "Index Name": "stock_pkey", "Relation Name": "stock", "Alias": "stock", "Startup Cost": 0.42, "Total Cost": 29.29, "Plan Rows": 25, "Plan Width": 1128, "Actual Startup Time": 0.016, "Actual Total Time": 0.017, "Actual Rows": 1, "Actual Loops": 1, "Index Cond": "((s_w_id = 3) AND (s_i_id = 87523))", "Rows Removed by Index Recheck": 0}]}}]]]}
{"start_time": 1656967023.011897, "plan": [[[{"Plan": {"Node Type": "Index Scan", "Parallel Aware": false, "Async Capable": false, "Scan Direction": "Forward", "Index Name": "item_pkey", "Relation Name": "item", "Alias": "item", "Startup Cost": 0.29, "Total Cost": 2.51, "Plan Rows": 1, "Plan Width": 196, "Actual Startup Time": 0.008, "Actual Total Time": 0.009, "Actual Rows": 1, "Actual Loops": 1, "Index Cond": "(i_id = 24188)", "Rows Removed by Index Recheck": 0}}]]]}
{"start_time": 1656967023.011672, "plan": [[[{"Plan": {"Node Type": "Limit", "Parallel Aware": false, "Async Capable": false, "Startup Cost": 0.42, "Total Cost": 2.09, "Plan Rows": 1, "Plan Width": 4, "Actual Startup Time": 0.028, "Actual Total Time": 0.029, "Actual Rows": 1, "Actual Loops": 1, "Plans": [{"Node Type": "Index Only Scan", "Parent Relationship": "Outer", "Parallel Aware": false, "Async Capable": false, "Scan Direction": "Forward", "Index Name": "new_order_pkey", "Relation Name": "new_order", "Alias": "new_order", "Startup Cost": 0.42, "Total Cost": 3.76, "Plan Rows": 2, "Plan Width": 4, "Actual Startup Time": 0.028, "Actual Total Time": 0.028, "Actual Rows": 1, "Actual Loops": 1, "Index Cond": "((no_w_id = 4) AND (no_d_id = 2))", "Rows Removed by Index Recheck": 0, "Heap Fetches": 2}]}}]]]}
{"start_time": 1656967023.0119328, "plan": [[[{"Plan": {"Node Type": "ModifyTable", "Operation": "Insert", "Parallel Aware": false, "Async Capable": false, "Relation Name": "order_line", "Alias": "order_line", "Startup Cost": 0.0, "Total Cost": 0.01, "Plan Rows": 0, "Plan Width": 0, "Actual Startup Time": 0.015, "Actual Total Time": 0.015, "Actual Rows": 0, "Actual Loops": 1, "Plans": [{"Node Type": "Result", "Parent Relationship": "Outer", "Parallel Aware": false, "Async Capable": false, "Startup Cost": 0.0, "Total Cost": 0.01, "Plan Rows": 1, "Plan Width": 160, "Actual Startup Time": 0.001, "Actual Total Time": 0.001, "Actual Rows": 1, "Actual Loops": 1}]}}]]]}
{"start_time": 1656967023.011963, "plan": [[[{"Plan": {"Node Type": "Index Scan", "Parallel Aware": false, "Async Capable": false, "Scan Direction": "Forward", "Index Name": "oorder_pkey", "Relation Name": "oorder", "Alias": "oorder", "Startup Cost": 0.42, "Total Cost": 2.65, "Plan Rows": 1, "Plan Width": 4, "Actual Startup Time": 0.02, "Actual Total Time": 0.021, "Actual Rows": 1, "Actual Loops": 1, "Index Cond": "((o_w_id = 7) AND (o_d_id = 7) AND (o_id = 2133))", "Rows Removed by Index Recheck": 0}}]]]}
{"start_time": 1656967023.012008, "plan": [[[{"Plan": {"Node Type": "ModifyTable", "Operation": "Insert", "Parallel Aware": false, "Async Capable": false, "Relation Name": "new_order", "Alias": "new_order", "Startup Cost": 0.0, "Total Cost": 0.01, "Plan Rows": 0, "Plan Width": 0, "Actual Startup Time": 0.016, "Actual Total Time": 0.016, "Actual Rows": 0, "Actual Loops": 1, "Plans": [{"Node Type": "Result", "Parent Relationship": "Outer", "Parallel Aware": false, "Async Capable": false, "Startup Cost": 0.0, "Total Cost": 0.01, "Plan Rows": 1, "Plan Width": 12, "Actual Startup Time": 0.001, "Actual Total Time": 0.001, "Actual Rows": 1, "Actual Loops": 1}]}}]]]}
{"start_time": 1656967023.011838, "plan": [[[{"Plan": {"Node Type": "LockRows", "Parallel Aware": false, "Async Capable": false, "Startup Cost": 0.42, "Total Cost": 29.54, "Plan Rows": 25, "Plan Width": 1128, "Actual Startup Time": 0.207, "Actual Total Time": 0.209, "Actual Rows": 1, "Actual Loops": 1, "Plans": [{"Node Type": "Index Scan", "Parent Relationship": "Outer", "Parallel Aware": false, "Async Capable": false, "Scan Direction": "Forward", "Index Name": "stock_pkey", "Relation Name": "stock", "Alias": "stock", "Startup Cost": 0.42, "Total Cost": 29.29, "Plan Rows": 25, "Plan Width": 1128, "Actual Startup Time": 0.204, "Actual Total Time": 0.205, "Actual Rows": 1, "Actual Loops": 1, "Index Cond": "((s_w_id = 6) AND (s_i_id = 64675))", "Rows Removed by Index Recheck": 0}]}}]]]}
{"start_time": 1656967023.01205, "plan": [[[{"Plan": {"Node Type": "ModifyTable", "Operation": "Insert", "Parallel Aware": false, "Async Capable": false, "Relation Name": "order_line", "Alias": "order_line", "Startup Cost": 0.0, "Total Cost": 0.01, "Plan Rows": 0, "Plan Width": 0, "Actual Startup Time": 0.02, "Actual Total Time": 0.021, "Actual Rows": 0, "Actual Loops": 1, "Plans": [{"Node Type": "Result", "Parent Relationship": "Outer", "Parallel Aware": false, "Async Capable": false, "Startup Cost": 0.0, "Total Cost": 0.01, "Plan Rows": 1, "Plan Width": 160, "Actual Startup Time": 0.001, "Actual Total Time": 0.002, "Actual Rows": 1, "Actual Loops": 1}]}}]]]}
{"start_time": 1656967023.012012, "plan": [[[{"Plan": {"Node Type": "ModifyTable", "Operation": "Update", "Parallel Aware": false, "Async Capable": false, "Relation Name": "customer", "Alias": "customer", "Startup Cost": 0.42, "Total Cost": 2.65, "Plan Rows": 0, "Plan Width": 0, "Actual Startup Time": 0.059, "Actual Total Time": 0.059, "Actual Rows": 0, "Actual Loops": 1, "Plans": [{"Node Type": "Index Scan", "Parent Relationship": "Outer", "Parallel Aware": false, "Async Capable": false, "Scan Direction": "Forward", "Index Name": "customer_pkey", "Relation Name": "customer", "Alias": "customer", "Startup Cost": 0.42, "Total Cost": 2.65, "Plan Rows": 1, "Plan Width": 26, "Actual Startup Time": 0.027, "Actual Total Time": 0.028, "Actual Rows": 1, "Actual Loops": 1, "Index Cond": "((c_w_id = 5) AND (c_d_id = 1) AND (c_id = 578))", "Rows Removed by Index Recheck": 0}]}}]]]}
{"start_time": 1656967023.012138, "plan": [[[{"Plan": {"Node Type": "ModifyTable", "Operation": "Insert", "Parallel Aware": false, "Async Capable": false, "Relation Name": "order_line", "Alias": "order_line", "Startup Cost": 0.0, "Total Cost": 0.01, "Plan Rows": 0, "Plan Width": 0, "Actual Startup Time": 0.016, "Actual Total Time": 0.016, "Actual Rows": 0, "Actual Loops": 1, "Plans": [{"Node Type": "Result", "Parent Relationship": "Outer", "Parallel Aware": false, "Async Capable": false, "Startup Cost": 0.0, "Total Cost": 0.01, "Plan Rows": 1, "Plan Width": 160, "Actual Startup Time": 0.001, "Actual Total Time": 0.002, "Actual Rows": 1, "Actual Loops": 1}]}}]]]}
{"start_time": 1656967023.012249, "plan": [[[{"Plan": {"Node Type": "Index Scan", "Parallel Aware": false, "Async Capable": false, "Scan Direction": "Forward", "Index Name": "item_pkey", "Relation Name": "item", "Alias": "item", "Startup Cost": 0.29, "Total Cost": 2.51, "Plan Rows": 1, "Plan Width": 196, "Actual Startup Time": 0.008, "Actual Total Time": 0.009, "Actual Rows": 1, "Actual Loops": 1, "Index Cond": "(i_id = 15821)", "Rows Removed by Index Recheck": 0}}]]]}
{"start_time": 1656967023.012157, "plan": [[[{"Plan": {"Node Type": "ModifyTable", "Operation": "Update", "Parallel Aware": false, "Async Capable": false, "Relation Name": "customer", "Alias": "customer", "Startup Cost": 0.42, "Total Cost": 2.65, "Plan Rows": 0, "Plan Width": 0, "Actual Startup Time": 0.052, "Actual Total Time": 0.052, "Actual Rows": 0, "Actual Loops": 1, "Plans": [{"Node Type": "Index Scan", "Parent Relationship": "Outer", "Parallel Aware": false, "Async Capable": false, "Scan Direction": "Forward", "Index Name": "customer_pkey", "Relation Name": "customer", "Alias": "customer", "Startup Cost": 0.42, "Total Cost": 2.65, "Plan Rows": 1, "Plan Width": 34, "Actual Startup Time": 0.01, "Actual Total Time": 0.012, "Actual Rows": 1, "Actual Loops": 1, "Index Cond": "((c_w_id = 7) AND (c_d_id = 2) AND (c_id = 1471))", "Rows Removed by Index Recheck": 0}]}}]]]}
{"start_time": 1656967023.012281, "plan": [[[{"Plan": {"Node Type": "Index Scan", "Parallel Aware": false, "Async Capable": false, "Scan Direction": "Forward", "Index Name": "item_pkey", "Relation Name": "item", "Alias": "item", "Startup Cost": 0.29, "Total Cost": 2.51, "Plan Rows": 1, "Plan Width": 196, "Actual Startup Time": 0.008, "Actual Total Time": 0.009, "Actual Rows": 1, "Actual Loops": 1, "Index Cond": "(i_id = 30119)", "Rows Removed by Index Recheck": 0}}]]]}
{"start_time": 1656967023.012307, "plan": [[[{"Plan": {"Node Type": "Index Scan", "Parallel Aware": false, "Async Capable": false, "Scan Direction": "Forward", "Index Name": "item_pkey", "Relation Name": "item", "Alias": "item", "Startup Cost": 0.29, "Total Cost": 2.51, "Plan Rows": 1, "Plan Width": 196, "Actual Startup Time": 0.009, "Actual Total Time": 0.009, "Actual Rows": 1, "Actual Loops": 1, "Index Cond": "(i_id = 32483)", "Rows Removed by Index Recheck": 0}}]]]}
{"start_time": 1656967023.01227, "plan": [[[{"Plan": {"Node Type": "ModifyTable", "Operation": "Insert", "Parallel Aware": false, "Async Capable": false, "Relation Name": "order_line", "Alias": "order_line", "Startup Cost": 0.0, "Total Cost": 0.01, "Plan Rows": 0, "Plan Width": 0, "Actual Startup Time": 0.016, "Actual Total Time": 0.016, "Actual Rows": 0, "Actual Loops": 1, "Plans": [{"Node Type": "Result", "Parent Relationship": "Outer", "Parallel Aware": false, "Async Capable": false, "Startup Cost": 0.0, "Total Cost": 0.01, "Plan Rows": 1, "Plan Width": 160, "Actual Startup Time": 0.001, "Actual Total Time": 0.001, "Actual Rows": 1, "Actual Loops": 1}]}}]]]}
{"start_time": 1656967023.0122209, "plan": [[[{"Plan": {"Node Type": "ModifyTable", "Operation": "Delete", "Parallel Aware": false, "Async Capable": false, "Relation Name": "new_order", "Alias": "new_order", "Startup Cost": 0.42, "Total Cost": 2.64, "Plan Rows": 0, "Plan Width": 0, "Actual Startup Time": 0.013, "Actual Total Time": 0.014, "Actual Rows": 0, "Actual Loops": 1, "Plans": [{"Node Type": "Index Scan", "Parent Relationship": "Outer", "Parallel Aware": false, "Async Capable": false, "Scan Direction": "Forward", "Index Name": "new_order_pkey", "Relation Name": "new_order", "Alias": "new_order", "Startup Cost": 0.42, "Total Cost": 2.64, "Plan Rows": 1, "Plan Width": 6, "Actual Startup Time": 0.009, "Actual Total Time": 0.01, "Actual Rows": 1, "Actual Loops": 1, "Index Cond": "((no_w_id = 4) AND (no_d_id = 2) AND (no_o_id = 2140))", "Rows Removed by Index Recheck": 0}]}}]]]}
{"start_time": 1656967023.012342, "plan": [[[{"Plan": {"Node Type": "ModifyTable", "Operation": "Insert", "Parallel Aware": false, "Async Capable": false, "Relation Name": "order_line", "Alias": "order_line", "Startup Cost": 0.0, "Total Cost": 0.01, "Plan Rows": 0, "Plan Width": 0, "Actual Startup Time": 0.054, "Actual Total Time": 0.054, "Actual Rows": 0, "Actual Loops": 1, "Plans": [{"Node Type": "Result", "Parent Relationship": "Outer", "Parallel Aware": false, "Async Capable": false, "Startup Cost": 0.0, "Total Cost": 0.01, "Plan Rows": 1, "Plan Width": 160, "Actual Startup Time": 0.001, "Actual Total Time": 0.001, "Actual Rows": 1, "Actual Loops": 1}]}}]]]}
{"start_time": 1656967023.01246, "plan": [[[{"Plan": {"Node Type": "Index Scan", "Parallel Aware": false, "Async Capable": false, "Scan Direction": "Forward", "Index Name": "item_pkey", "Relation Name": "item", "Alias": "item", "Startup Cost": 0.29, "Total Cost": 2.51, "Plan Rows": 1, "Plan Width": 196, "Actual Startup Time": 0.008, "Actual Total Time": 0.009, "Actual Rows": 1, "Actual Loops": 1, "Index Cond": "(i_id = 52895)", "Rows Removed by Index Recheck": 0}}]]]}
{"start_time": 1656967023.012442, "plan": [[[{"Plan": {"Node Type": "Limit", "Parallel Aware": false, "Async Capable": false, "Startup Cost": 0.42, "Total Cost": 2.09, "Plan Rows": 1, "Plan Width": 4, "Actual Startup Time": 0.017, "Actual Total Time": 0.017, "Actual Rows": 1, "Actual Loops": 1, "Plans": [{"Node Type": "Index Only Scan", "Parent Relationship": "Outer", "Parallel Aware": false, "Async Capable": false, "Scan Direction": "Forward", "Index Name": "new_order_pkey", "Relation Name": "new_order", "Alias": "new_order", "Startup Cost": 0.42, "Total Cost": 3.76, "Plan Rows": 2, "Plan Width": 4, "Actual Startup Time": 0.016, "Actual Total Time": 0.016, "Actual Rows": 1, "Actual Loops": 1, "Index Cond": "((no_w_id = 5) AND (no_d_id = 2))", "Rows Removed by Index Recheck": 0, "Heap Fetches": 3}]}}]]]}
{"start_time": 1656967023.012423, "plan": [[[{"Plan": {"Node Type": "LockRows", "Parallel Aware": false, "Async Capable": false, "Startup Cost": 0.42, "Total Cost": 29.54, "Plan Rows": 25, "Plan Width": 1128, "Actual Startup Time": 0.018, "Actual Total Time": 0.019, "Actual Rows": 1, "Actual Loops": 1, "Plans": [{"Node Type": "Index Scan", "Parent Relationship": "Outer", "Parallel Aware": false, "Async Capable": false, "Scan Direction": "Forward", "Index Name": "stock_pkey", "Relation Name": "stock", "Alias": "stock", "Startup Cost": 0.42, "Total Cost": 29.29, "Plan Rows": 25, "Plan Width": 1128, "Actual Startup Time": 0.015, "Actual Total Time": 0.016, "Actual Rows": 1, "Actual Loops": 1, "Index Cond": "((s_w_id = 10) AND (s_i_id = 15821))", "Rows Removed by Index Recheck": 0}]}}]]]}
{"start_time": 1656967023.012412, "plan": [[[{"Plan": {"Node Type": "ModifyTable", "Operation": "Update", "Parallel Aware": false, "Async Capable": false, "Relation Name": "oorder", "Alias": "oorder", "Startup Cost": 0.42, "Total Cost": 2.65, "Plan Rows": 0, "Plan Width": 0, "Actual Startup Time": 0.045, "Actual Total Time": 0.045, "Actual Rows": 0, "Actual Loops": 1, "Plans": [{"Node Type": "Index Scan", "Parent Relationship": "Outer", "Parallel Aware": false, "Async Capable": false, "Scan Direction": "Forward", "Index Name": "oorder_pkey", "Relation Name": "oorder", "Alias": "oorder", "Startup Cost": 0.42, "Total Cost": 2.65, "Plan Rows": 1, "Plan Width": 10, "Actual Startup Time": 0.009, "Actual Total Time": 0.01, "Actual Rows": 1, "Actual Loops": 1, "Index Cond": "((o_w_id = 7) AND (o_d_id = 7) AND (o_id = 2133))", "Rows Removed by Index Recheck": 0}]}}]]]}
{"start_time": 1656967023.012475, "plan": [[[{"Plan": {"Node Type": "ModifyTable", "Operation": "Insert", "Parallel Aware": false, "Async Capable": false, "Relation Name": "order_line", "Alias": "order_line", "Startup Cost": 0.0, "Total Cost": 0.01, "Plan Rows": 0, "Plan Width": 0, "Actual Startup Time": 0.015, "Actual Total Time": 0.015, "Actual Rows": 0, "Actual Loops": 1, "Plans": [{"Node Type": "Result", "Parent Relationship": "Outer", "Parallel Aware": false, "Async Capable": false, "Startup Cost": 0.0, "Total Cost": 0.01, "Plan Rows": 1, "Plan Width": 160, "Actual Startup Time": 0.001, "Actual Total Time": 0.001, "Actual Rows": 1, "Actual Loops": 1}]}}]]]}
{"start_time": 1656967023.012663, "plan": [[[{"Plan": {"Node Type": "Index Scan", "Parallel Aware": false, "Async Capable": false, "Scan Direction": "Forward", "Index Name": "item_pkey", "Relation Name": "item", "Alias": "item", "Startup Cost": 0.29, "Total Cost": 2.51, "Plan Rows": 1, "Plan Width": 196, "Actual Startup Time": 0.008, "Actual Total Time": 0.008, "Actual Rows": 1, "Actual Loops": 1, "Index Cond": "(i_id = 15973)", "Rows Removed by Index Recheck": 0}}]]]}
{"start_time": 1656967023.0125961, "plan": [[[{"Plan": {"Node Type": "ModifyTable", "Operation": "Insert", "Parallel Aware": false, "Async Capable": false, "Relation Name": "order_line", "Alias": "order_line", "Startup Cost": 0.0, "Total Cost": 0.01, "Plan Rows": 0, "Plan Width": 0, "Actual Startup Time": 0.015, "Actual Total Time": 0.015, "Actual Rows": 0, "Actual Loops": 1, "Plans": [{"Node Type": "Result", "Parent Relationship": "Outer", "Parallel Aware": false, "Async Capable": false, "Startup Cost": 0.0, "Total Cost": 0.01, "Plan Rows": 1, "Plan Width": 160, "Actual Startup Time": 0.001, "Actual Total Time": 0.001, "Actual Rows": 1, "Actual Loops": 1}]}}]]]}
{"start_time": 1656967023.0126538, "plan": [[[{"Plan": {"Node Type": "ModifyTable", "Operation": "Delete", "Parallel Aware": false, "Async Capable": false, "Relation Name": "new_order", "Alias": "new_order", "Startup Cost": 0.42, "Total Cost": 2.64, "Plan Rows": 0, "Plan Width": 0, "Actual Startup Time": 0.01, "Actual Total Time": 0.011, "Actual Rows": 0, "Actual Loops": 1, "Plans": [{"Node Type": "Index Scan", "Parent Relationship": "Outer", "Parallel Aware": false, "Async Capable": false, "Scan Direction": "Forward", "Index Name": "new_order_pkey", "Relation Name": "new_order", "Alias": "new_order", "Startup Cost": 0.42, "Total Cost": 2.64, "Plan Rows": 1, "Plan Width": 6, "Actual Startup Time": 0.007, "Actual Total Time": 0.008, "Actual Rows": 1, "Actual Loops": 1, "Index Cond": "((no_w_id = 5) AND (no_d_id = 2) AND (no_o_id = 2157))", "Rows Removed by Index Recheck": 0}]}}]]]}
{"start_time": 1656967023.012625, "plan": [[[{"Plan": {"Node Type": "LockRows", "Parallel Aware": false, "Async Capable": false, "Startup Cost": 0.42, "Total Cost": 29.54, "Plan Rows": 25, "Plan Width": 1128, "Actual Startup Time": 0.018, "Actual Total Time": 0.019, "Actual Rows": 1, "Actual Loops": 1, "Plans": [{"Node Type": "Index Scan", "Parent Relationship": "Outer", "Parallel Aware": false, "Async Capable": false, "Scan Direction": "Forward", "Index Name": "stock_pkey", "Relation Name": "stock", "Alias": "stock", "Startup Cost": 0.42, "Total Cost": 29.29, "Plan Rows": 25, "Plan Width": 1128, "Actual Startup Time": 0.016, "Actual Total Time": 0.016, "Actual Rows": 1, "Actual Loops": 1, "Index Cond": "((s_w_id = 3) AND (s_i_id = 32483))", "Rows Removed by Index Recheck": 0}]}}]]]}
{"start_time": 1656967023.0126681, "plan": [[[{"Plan": {"Node Type": "ModifyTable", "Operation": "Insert", "Parallel Aware": false, "Async Capable": false, "Relation Name": "order_line", "Alias": "order_line", "Startup Cost": 0.0, "Total Cost": 0.01, "Plan Rows": 0, "Plan Width": 0, "Actual Startup Time": 0.014, "Actual Total Time": 0.014, "Actual Rows": 0, "Actual Loops": 1, "Plans": [{"Node Type": "Result", "Parent Relationship": "Outer", "Parallel Aware": false, "Async Capable": false, "Startup Cost": 0.0, "Total Cost": 0.01, "Plan Rows": 1, "Plan Width": 160, "Actual Startup Time": 0.001, "Actual Total Time": 0.001, "Actual Rows": 1, "Actual Loops": 1}]}}]]]}
{"start_time": 1656967023.012692, "plan": [[[{"Plan": {"Node Type": "Index Scan", "Parallel Aware": false, "Async Capable": false, "Scan Direction": "Forward", "Index Name": "oorder_pkey", "Relation Name": "oorder", "Alias": "oorder", "Startup Cost": 0.42, "Total Cost": 2.65, "Plan Rows": 1, "Plan Width": 4, "Actual Startup Time": 0.071, "Actual Total Time": 0.072, "Actual Rows": 1, "Actual Loops": 1, "Index Cond": "((o_w_id = 4) AND (o_d_id = 2) AND (o_id = 2140))", "Rows Removed by Index Recheck": 0}}]]]}
{"start_time": 1656967023.012635, "plan": [[[{"Plan": {"Node Type": "ModifyTable", "Operation": "Insert", "Parallel Aware": false, "Async Capable": false, "Relation Name": "history", "Alias": "history", "Startup Cost": 0.0, "Total Cost": 0.01, "Plan Rows": 0, "Plan Width": 0, "Actual Startup Time": 0.008, "Actual Total Time": 0.008, "Actual Rows": 0, "Actual Loops": 1, "Plans": [{"Node Type": "Result", "Parent Relationship": "Outer", "Parallel Aware": false, "Async Capable": false, "Startup Cost": 0.0, "Total Cost": 0.01, "Plan Rows": 1, "Plan Width": 108, "Actual Startup Time": 0.001, "Actual Total Time": 0.001, "Actual Rows": 1, "Actual Loops": 1}]}}]]]}
{"start_time": 1656967023.012805, "plan": [[[{"Plan": {"Node Type": "ModifyTable", "Operation": "Insert", "Parallel Aware": false, "Async Capable": false, "Relation Name": "order_line", "Alias": "order_line", "Startup Cost": 0.0, "Total Cost": 0.01, "Plan Rows": 0, "Plan Width": 0, "Actual Startup Time": 0.023, "Actual Total Time": 0.023, "Actual Rows": 0, "Actual Loops": 1, "Plans": [{"Node Type": "Result", "Parent Relationship": "Outer", "Parallel Aware": false, "Async Capable": false, "Startup Cost": 0.0, "Total Cost": 0.01, "Plan Rows": 1, "Plan Width": 160, "Actual Startup Time": 0.001, "Actual Total Time": 0.001, "Actual Rows": 1, "Actual Loops": 1}]}}]]]}
{"start_time": 1656967023.012846, "plan": [[[{"Plan": {"Node Type": "Index Scan", "Parallel Aware": false, "Async Capable": false, "Scan Direction": "Forward", "Index Name": "oorder_pkey", "Relation Name": "oorder", "Alias": "oorder", "Startup Cost": 0.42, "Total Cost": 2.65, "Plan Rows": 1, "Plan Width": 4, "Actual Startup Time": 0.019, "Actual Total Time": 0.02, "Actual Rows": 1, "Actual Loops": 1, "Index Cond": "((o_w_id = 5) AND (o_d_id = 2) AND (o_id = 2157))", "Rows Removed by Index Recheck": 0}}]]]}
{"start_time": 1656967023.0128398, "plan": [[[{"Plan": {"Node Type": "LockRows", "Parallel Aware": false, "Async Capable": false, "Startup Cost": 0.42, "Total Cost": 29.54, "Plan Rows": 25, "Plan Width": 1128, "Actual Startup Time": 0.01, "Actual Total Time": 0.012, "Actual Rows": 1, "Actual Loops": 1, "Plans": [{"Node Type": "Index Scan", "Parent Relationship": "Outer", "Parallel Aware": false, "Async Capable": false, "Scan Direction": "Forward", "Index Name": "stock_pkey", "Relation Name": "stock", "Alias": "stock", "Startup Cost": 0.42, "Total Cost": 29.29, "Plan Rows": 25, "Plan Width": 1128, "Actual Startup Time": 0.008, "Actual Total Time": 0.009, "Actual Rows": 1, "Actual Loops": 1, "Index Cond": "((s_w_id = 10) AND (s_i_id = 15973))", "Rows Removed by Index Recheck": 0}]}}]]]}
{"start_time": 1656967023.012858, "plan": [[[{"Plan": {"Node Type": "ModifyTable", "Operation": "Insert", "Parallel Aware": false, "Async Capable": false, "Relation Name": "order_line", "Alias": "order_line", "Startup Cost": 0.0, "Total Cost": 0.01, "Plan Rows": 0, "Plan Width": 0, "Actual Startup Time": 0.014, "Actual Total Time": 0.015, "Actual Rows": 0, "Actual Loops": 1, "Plans": [{"Node Type": "Result", "Parent Relationship": "Outer", "Parallel Aware": false, "Async Capable": false, "Startup Cost": 0.0, "Total Cost": 0.01, "Plan Rows": 1, "Plan Width": 160, "Actual Startup Time": 0.001, "Actual Total Time": 0.001, "Actual Rows": 1, "Actual Loops": 1}]}}]]]}
{"start_time": 1656967023.013033, "plan": [[[{"Plan": {"Node Type": "Index Scan", "Parallel Aware": false, "Async Capable": false, "Scan Direction": "Forward", "Index Name": "item_pkey", "Relation Name": "item", "Alias": "item", "Startup Cost": 0.29, "Total Cost": 2.51, "Plan Rows": 1, "Plan Width": 196, "Actual Startup Time": 0.008, "Actual Total Time": 0.009, "Actual Rows": 1, "Actual Loops": 1, "Index Cond": "(i_id = 62182)", "Rows Removed by Index Recheck": 0}}]]]}
{"start_time": 1656967023.013023, "plan": [[[{"Plan": {"Node Type": "ModifyTable", "Operation": "Insert", "Parallel Aware": false, "Async Capable": false, "Relation Name": "order_line", "Alias": "order_line", "Startup Cost": 0.0, "Total Cost": 0.01, "Plan Rows": 0, "Plan Width": 0, "Actual Startup Time": 0.015, "Actual Total Time": 0.016, "Actual Rows": 0, "Actual Loops": 1, "Plans": [{"Node Type": "Result", "Parent Relationship": "Outer", "Parallel Aware": false, "Async Capable": false, "Startup Cost": 0.0, "Total Cost": 0.01, "Plan Rows": 1, "Plan Width": 160, "Actual Startup Time": 0.001, "Actual Total Time": 0.002, "Actual Rows": 1, "Actual Loops": 1}]}}]]]}
{"start_time": 1656967023.013063, "plan": [[[{"Plan": {"Node Type": "ModifyTable", "Operation": "Update", "Parallel Aware": false, "Async Capable": false, "Relation Name": "oorder", "Alias": "oorder", "Startup Cost": 0.42, "Total Cost": 2.65, "Plan Rows": 0, "Plan Width": 0, "Actual Startup Time": 0.022, "Actual Total Time": 0.023, "Actual Rows": 0, "Actual Loops": 1, "Plans": [{"Node Type": "Index Scan", "Parent Relationship": "Outer", "Parallel Aware": false, "Async Capable": false, "Scan Direction": "Forward", "Index Name": "oorder_pkey", "Relation Name": "oorder", "Alias": "oorder", "Startup Cost": 0.42, "Total Cost": 2.65, "Plan Rows": 1, "Plan Width": 10, "Actual Startup Time": 0.008, "Actual Total Time": 0.009, "Actual Rows": 1, "Actual Loops": 1, "Index Cond": "((o_w_id = 5) AND (o_d_id = 2) AND (o_id = 2157))", "Rows Removed by Index Recheck": 0}]}}]]]}
{"start_time": 1656967023.013046, "plan": [[[{"Plan": {"Node Type": "LockRows", "Parallel Aware": false, "Async Capable": false, "Startup Cost": 0.42, "Total Cost": 29.54, "Plan Rows": 25, "Plan Width": 1128, "Actual Startup Time": 0.018, "Actual Total Time": 0.019, "Actual Rows": 1, "Actual Loops": 1, "Plans": [{"Node Type": "Index Scan", "Parent Relationship": "Outer", "Parallel Aware": false, "Async Capable": false, "Scan Direction": "Forward", "Index Name": "stock_pkey", "Relation Name": "stock", "Alias": "stock", "Startup Cost": 0.42, "Total Cost": 29.29, "Plan Rows": 25, "Plan Width": 1128, "Actual Startup Time": 0.015, "Actual Total Time": 0.016, "Actual Rows": 1, "Actual Loops": 1, "Index Cond": "((s_w_id = 6) AND (s_i_id = 52895))", "Rows Removed by Index Recheck": 0}]}}]]]}
{"start_time": 1656967023.01301, "plan": [[[{"Plan": {"Node Type": "ModifyTable", "Operation": "Update", "Parallel Aware": false, "Async Capable": false, "Relation Name": "order_line", "Alias": "order_line", "Startup Cost": 0.43, "Total Cost": 2.65, "Plan Rows": 0, "Plan Width": 0, "Actual Startup Time": 0.072, "Actual Total Time": 0.073, "Actual Rows": 0, "Actual Loops": 1, "Plans": [{"Node Type": "Index Scan", "Parent Relationship": "Outer", "Parallel Aware": false, "Async Capable": false, "Scan Direction": "Forward", "Index Name": "order_line_pkey", "Relation Name": "order_line", "Alias": "order_line", "Startup Cost": 0.43, "Total Cost": 2.65, "Plan Rows": 1, "Plan Width": 14, "Actual Startup Time": 0.018, "Actual Total Time": 0.021, "Actual Rows": 5, "Actual Loops": 1, "Index Cond": "((ol_w_id = 7) AND (ol_d_id = 7) AND (ol_o_id = 2133))", "Rows Removed by Index Recheck": 0}]}}]]]}
{"start_time": 1656967023.013064, "plan": [[[{"Plan": {"Node Type": "ModifyTable", "Operation": "Insert", "Parallel Aware": false, "Async Capable": false, "Relation Name": "order_line", "Alias": "order_line", "Startup Cost": 0.0, "Total Cost": 0.01, "Plan Rows": 0, "Plan Width": 0, "Actual Startup Time": 0.015, "Actual Total Time": 0.015, "Actual Rows": 0, "Actual Loops": 1, "Plans": [{"Node Type": "Result", "Parent Relationship": "Outer", "Parallel Aware": false, "Async Capable": false, "Startup Cost": 0.0, "Total Cost": 0.01, "Plan Rows": 1, "Plan Width": 160, "Actual Startup Time": 0.001, "Actual Total Time": 0.001, "Actual Rows": 1, "Actual Loops": 1}]}}]]]}
{"start_time": 1656967023.0128121, "plan": [[[{"Plan": {"Node Type": "LockRows", "Parallel Aware": false, "Async Capable": false, "Startup Cost": 0.42, "Total Cost": 29.54, "Plan Rows": 25, "Plan Width": 1128, "Actual Startup Time": 0.031, "Actual Total Time": 0.032, "Actual Rows": 1, "Actual Loops": 1, "Plans": [{"Node Type": "Index Scan", "Parent Relationship": "Outer", "Parallel Aware": false, "Async Capable": false, "Scan Direction": "Forward", "Index Name": "stock_pkey", "Relation Name": "stock", "Alias": "stock", "Startup Cost": 0.42, "Total Cost": 29.29, "Plan Rows": 25, "Plan Width": 1128, "Actual Startup Time": 0.026, "Actual Total Time": 0.027, "Actual Rows": 1, "Actual Loops": 1, "Index Cond": "((s_w_id = 2) AND (s_i_id = 30119))", "Rows Removed by Index Recheck": 0}]}}]]]}
{"start_time": 1656967023.013182, "plan": [[[{"Plan": {"Node Type": "ModifyTable", "Operation": "Insert", "Parallel Aware": false, "Async Capable": false, "Relation Name": "order_line", "Alias": "order_line", "Startup Cost": 0.0, "Total Cost": 0.01, "Plan Rows": 0, "Plan Width": 0, "Actual Startup Time": 0.017, "Actual Total Time": 0.018, "Actual Rows": 0, "Actual Loops": 1, "Plans": [{"Node Type": "Result", "Parent Relationship": "Outer", "Parallel Aware": false, "Async Capable": false, "Startup Cost": 0.0, "Total Cost": 0.01, "Plan Rows": 1, "Plan Width": 160, "Actual Startup Time": 0.001, "Actual Total Time": 0.001, "Actual Rows": 1, "Actual Loops": 1}]}}]]]}
{"start_time": 1656967023.0132499, "plan": [[[{"Plan": {"Node Type": "ModifyTable", "Operation": "Insert", "Parallel Aware": false, "Async Capable": false, "Relation Name": "order_line", "Alias": "order_line", "Startup Cost": 0.0, "Total Cost": 0.01, "Plan Rows": 0, "Plan Width": 0, "Actual Startup Time": 0.012, "Actual Total Time": 0.012, "Actual Rows": 0, "Actual Loops": 1, "Plans": [{"Node Type": "Result", "Parent Relationship": "Outer", "Parallel Aware": false, "Async Capable": false, "Startup Cost": 0.0, "Total Cost": 0.01, "Plan Rows": 1, "Plan Width": 160, "Actual Startup Time": 0.001, "Actual Total Time": 0.001, "Actual Rows": 1, "Actual Loops": 1}]}}]]]}
{"start_time": 1656967023.0132408, "plan": [[[{"Plan": {"Node Type": "ModifyTable", "Operation": "Update", "Parallel Aware": false, "Async Capable": false, "Relation Name": "stock", "Alias": "stock", "Startup Cost": 0.42, "Total Cost": 29.54, "Plan Rows": 0, "Plan Width": 0, "Actual Startup Time": 0.042, "Actual Total Time": 0.042, "Actual Rows": 0, "Actual Loops": 1, "Plans": [{"Node Type": "Index Scan", "Parent Relationship": "Outer", "Parallel Aware": false, "Async Capable": false, "Scan Direction": "Forward", "Index Name": "stock_pkey", "Relation Name": "stock", "Alias": "stock", "Startup Cost": 0.42, "Total Cost": 29.54, "Plan Rows": 25, "Plan Width": 32, "Actual Startup Time": 0.014, "Actual Total Time": 0.016, "Actual Rows": 1, "Actual Loops": 1, "Index Cond": "((s_w_id = 8) AND (s_i_id = 14439))", "Rows Removed by Index Recheck": 0}]}}]]]}
{"start_time": 1656967023.013349, "plan": [[[{"Plan": {"Node Type": "Index Scan", "Parallel Aware": false, "Async Capable": false, "Scan Direction": "Forward", "Index Name": "item_pkey", "Relation Name": "item", "Alias": "item", "Startup Cost": 0.29, "Total Cost": 2.51, "Plan Rows": 1, "Plan Width": 196, "Actual Startup Time": 0.008, "Actual Total Time": 0.009, "Actual Rows": 1, "Actual Loops": 1, "Index Cond": "(i_id = 32467)", "Rows Removed by Index Recheck": 0}}]]]}
{"start_time": 1656967023.013305, "plan": [[[{"Plan": {"Node Type": "Aggregate", "Strategy": "Plain", "Partial Mode": "Simple", "Parallel Aware": false, "Async Capable": false, "Startup Cost": 2.66, "Total Cost": 2.67, "Plan Rows": 1, "Plan Width": 32, "Actual Startup Time": 0.019, "Actual Total Time": 0.02, "Actual Rows": 1, "Actual Loops": 1, "Plans": [{"Node Type": "Index Scan", "Parent Relationship": "Outer", "Parallel Aware": false, "Async Capable": false, "Scan Direction": "Forward", "Index Name": "order_line_pkey", "Relation Name": "order_line", "Alias": "order_line", "Startup Cost": 0.43, "Total Cost": 2.65, "Plan Rows": 1, "Plan Width": 14, "Actual Startup Time": 0.009, "Actual Total Time": 0.013, "Actual Rows": 5, "Actual Loops": 1, "Index Cond": "((ol_w_id = 7) AND (ol_d_id = 7) AND (ol_o_id = 2133))", "Rows Removed by Index Recheck": 0}]}}]]]}
{"start_time": 1656967023.013362, "plan": [[[{"Plan": {"Node Type": "ModifyTable", "Operation": "Insert", "Parallel Aware": false, "Async Capable": false, "Relation Name": "order_line", "Alias": "order_line", "Startup Cost": 0.0, "Total Cost": 0.01, "Plan Rows": 0, "Plan Width": 0, "Actual Startup Time": 0.015, "Actual Total Time": 0.015, "Actual Rows": 0, "Actual Loops": 1, "Plans": [{"Node Type": "Result", "Parent Relationship": "Outer", "Parallel Aware": false, "Async Capable": false, "Startup Cost": 0.0, "Total Cost": 0.01, "Plan Rows": 1, "Plan Width": 160, "Actual Startup Time": 0.001, "Actual Total Time": 0.001, "Actual Rows": 1, "Actual Loops": 1}]}}]]]}
{"start_time": 1656967023.013398, "plan": [[[{"Plan": {"Node Type": "ModifyTable", "Operation": "Update", "Parallel Aware": false, "Async Capable": false, "Relation Name": "order_line", "Alias": "order_line", "Startup Cost": 0.43, "Total Cost": 2.65, "Plan Rows": 0, "Plan Width": 0, "Actual Startup Time": 0.056, "Actual Total Time": 0.056, "Actual Rows": 0, "Actual Loops": 1, "Plans": [{"Node Type": "Index Scan", "Parent Relationship": "Outer", "Parallel Aware": false, "Async Capable": false, "Scan Direction": "Forward", "Index Name": "order_line_pkey", "Relation Name": "order_line", "Alias": "order_line", "Startup Cost": 0.43, "Total Cost": 2.65, "Plan Rows": 1, "Plan Width": 14, "Actual Startup Time": 0.025, "Actual Total Time": 0.028, "Actual Rows": 5, "Actual Loops": 1, "Index Cond": "((ol_w_id = 5) AND (ol_d_id = 2) AND (ol_o_id = 2157))", "Rows Removed by Index Recheck": 0}]}}]]]}
{"start_time": 1656967023.0134358, "plan": [[[{"Plan": {"Node Type": "ModifyTable", "Operation": "Insert", "Parallel Aware": false, "Async Capable": false, "Relation Name": "order_line", "Alias": "order_line", "Startup Cost": 0.0, "Total Cost": 0.01, "Plan Rows": 0, "Plan Width": 0, "Actual Startup Time": 0.015, "Actual Total Time": 0.016, "Actual Rows": 0, "Actual Loops": 1, "Plans": [{"Node Type": "Result", "Parent Relationship": "Outer", "Parallel Aware": false, "Async Capable": false, "Startup Cost": 0.0, "Total Cost": 0.01, "Plan Rows": 1, "Plan Width": 160, "Actual Startup Time": 0.001, "Actual Total Time": 0.001, "Actual Rows": 1, "Actual Loops": 1}]}}]]]}
{"start_time": 1656967023.013085, "plan": [[[{"Plan": {"Node Type": "ModifyTable", "Operation": "Update", "Parallel Aware": false, "Async Capable": false, "Relation Name": "oorder", "Alias": "oorder", "Startup Cost": 0.42, "Total Cost": 2.65, "Plan Rows": 0, "Plan Width": 0, "Actual Startup Time": 0.019, "Actual Total Time": 0.02, "Actual Rows": 0, "Actual Loops": 1, "Plans": [{"Node Type": "Index Scan", "Parent Relationship": "Outer", "Parallel Aware": false, "Async Capable": false, "Scan Direction": "Forward", "Index Name": "oorder_pkey", "Relation Name": "oorder", "Alias": "oorder", "Startup Cost": 0.42, "Total Cost": 2.65, "Plan Rows": 1, "Plan Width": 10, "Actual Startup Time": 0.007, "Actual Total Time": 0.008, "Actual Rows": 1, "Actual Loops": 1, "Index Cond": "((o_w_id = 4) AND (o_d_id = 2) AND (o_id = 2140))", "Rows Removed by Index Recheck": 0}]}}]]]}
{"start_time": 1656967023.013494, "plan": [[[{"Plan": {"Node Type": "ModifyTable", "Operation": "Update", "Parallel Aware": false, "Async Capable": false, "Relation Name": "stock", "Alias": "stock", "Startup Cost": 0.42, "Total Cost": 29.54, "Plan Rows": 0, "Plan Width": 0, "Actual Startup Time": 0.028, "Actual Total Time": 0.029, "Actual Rows": 0, "Actual Loops": 1, "Plans": [{"Node Type": "Index Scan", "Parent Relationship": "Outer", "Parallel Aware": false, "Async Capable": false, "Scan Direction": "Forward", "Index Name": "stock_pkey", "Relation Name": "stock", "Alias": "stock", "Startup Cost": 0.42, "Total Cost": 29.54, "Plan Rows": 25, "Plan Width": 32, "Actual Startup Time": 0.012, "Actual Total Time": 0.013, "Actual Rows": 1, "Actual Loops": 1, "Index Cond": "((s_w_id = 8) AND (s_i_id = 6181))", "Rows Removed by Index Recheck": 0}]}}]]]}
{"start_time": 1656967023.0135, "plan": [[[{"Plan": {"Node Type": "ModifyTable", "Operation": "Insert", "Parallel Aware": false, "Async Capable": false, "Relation Name": "order_line", "Alias": "order_line", "Startup Cost": 0.0, "Total Cost": 0.01, "Plan Rows": 0, "Plan Width": 0, "Actual Startup Time": 0.017, "Actual Total Time": 0.017, "Actual Rows": 0, "Actual Loops": 1, "Plans": [{"Node Type": "Result", "Parent Relationship": "Outer", "Parallel Aware": false, "Async Capable": false, "Startup Cost": 0.0, "Total Cost": 0.01, "Plan Rows": 1, "Plan Width": 160, "Actual Startup Time": 0.001, "Actual Total Time": 0.001, "Actual Rows": 1, "Actual Loops": 1}]}}]]]}
{"start_time": 1656967023.013556, "plan": [[[{"Plan": {"Node Type": "ModifyTable", "Operation": "Insert", "Parallel Aware": false, "Async Capable": false, "Relation Name": "order_line", "Alias": "order_line", "Startup Cost": 0.0, "Total Cost": 0.01, "Plan Rows": 0, "Plan Width": 0, "Actual Startup Time": 0.012, "Actual Total Time": 0.012, "Actual Rows": 0, "Actual Loops": 1, "Plans": [{"Node Type": "Result", "Parent Relationship": "Outer", "Parallel Aware": false, "Async Capable": false, "Startup Cost": 0.0, "Total Cost": 0.01, "Plan Rows": 1, "Plan Width": 160, "Actual Startup Time": 0.001, "Actual Total Time": 0.001, "Actual Rows": 1, "Actual Loops": 1}]}}]]]}
{"start_time": 1656967023.0135689, "plan": [[[{"Plan": {"Node Type": "ModifyTable", "Operation": "Update", "Parallel Aware": false, "Async Capable": false, "Relation Name": "customer", "Alias": "customer", "Startup Cost": 0.42, "Total Cost": 2.65, "Plan Rows": 0, "Plan Width": 0, "Actual Startup Time": 0.056, "Actual Total Time": 0.057, "Actual Rows": 0, "Actual Loops": 1, "Plans": [{"Node Type": "Index Scan", "Parent Relationship": "Outer", "Parallel Aware": false, "Async Capable": false, "Scan Direction": "Forward", "Index Name": "customer_pkey", "Relation Name": "customer", "Alias": "customer", "Startup Cost": 0.42, "Total Cost": 2.65, "Plan Rows": 1, "Plan Width": 26, "Actual Startup Time": 0.013, "Actual Total Time": 0.015, "Actual Rows": 1, "Actual Loops": 1, "Index Cond": "((c_w_id = 7) AND (c_d_id = 7) AND (c_id = 1143))", "Rows Removed by Index Recheck": 0}]}}]]]}
{"start_time": 1656967023.013634, "plan": [[[{"Plan": {"Node Type": "ModifyTable", "Operation": "Insert", "Parallel Aware": false, "Async Capable": false, "Relation Name": "order_line", "Alias": "order_line", "Startup Cost": 0.0, "Total Cost": 0.01, "Plan Rows": 0, "Plan Width": 0, "Actual Startup Time": 0.014, "Actual Total Time": 0.014, "Actual Rows": 0, "Actual Loops": 1, "Plans": [{"Node Type": "Result", "Parent Relationship": "Outer", "Parallel Aware": false, "Async Capable": false, "Startup Cost": 0.0, "Total Cost": 0.01, "Plan Rows": 1, "Plan Width": 160, "Actual Startup Time": 0.001, "Actual Total Time": 0.001, "Actual Rows": 1, "Actual Loops": 1}]}}]]]}
{"start_time": 1656967023.013639, "plan": [[[{"Plan": {"Node Type": "Aggregate", "Strategy": "Plain", "Partial Mode": "Simple", "Parallel Aware": false, "Async Capable": false, "Startup Cost": 2.66, "Total Cost": 2.67, "Plan Rows": 1, "Plan Width": 32, "Actual Startup Time": 0.016, "Actual Total Time": 0.017, "Actual Rows": 1, "Actual Loops": 1, "Plans": [{"Node Type": "Index Scan", "Parent Relationship": "Outer", "Parallel Aware": false, "Async Capable": false, "Scan Direction": "Forward", "Index Name": "order_line_pkey", "Relation Name": "order_line", "Alias": "order_line", "Startup Cost": 0.43, "Total Cost": 2.65, "Plan Rows": 1, "Plan Width": 14, "Actual Startup Time": 0.009, "Actual Total Time": 0.011, "Actual Rows": 5, "Actual Loops": 1, "Index Cond": "((ol_w_id = 5) AND (ol_d_id = 2) AND (ol_o_id = 2157))", "Rows Removed by Index Recheck": 0}]}}]]]}
{"start_time": 1656967023.013706, "plan": [[[{"Plan": {"Node Type": "ModifyTable", "Operation": "Insert", "Parallel Aware": false, "Async Capable": false, "Relation Name": "order_line", "Alias": "order_line", "Startup Cost": 0.0, "Total Cost": 0.01, "Plan Rows": 0, "Plan Width": 0, "Actual Startup Time": 0.014, "Actual Total Time": 0.014, "Actual Rows": 0, "Actual Loops": 1, "Plans": [{"Node Type": "Result", "Parent Relationship": "Outer", "Parallel Aware": false, "Async Capable": false, "Startup Cost": 0.0, "Total Cost": 0.01, "Plan Rows": 1, "Plan Width": 160, "Actual Startup Time": 0.001, "Actual Total Time": 0.001, "Actual Rows": 1, "Actual Loops": 1}]}}]]]}
{"start_time": 1656967023.0137038, "plan": [[[{"Plan": {"Node Type": "ModifyTable", "Operation": "Update", "Parallel Aware": false, "Async Capable": false, "Relation Name": "stock", "Alias": "stock", "Startup Cost": 0.42, "Total Cost": 29.54, "Plan Rows": 0, "Plan Width": 0, "Actual Startup Time": 0.032, "Actual Total Time": 0.032, "Actual Rows": 0, "Actual Loops": 1, "Plans": [{"Node Type": "Index Scan", "Parent Relationship": "Outer", "Parallel Aware": false, "Async Capable": false, "Scan Direction": "Forward", "Index Name": "stock_pkey", "Relation Name": "stock", "Alias": "stock", "Startup Cost": 0.42, "Total Cost": 29.54, "Plan Rows": 25, "Plan Width": 32, "Actual Startup Time": 0.011, "Actual Total Time": 0.012, "Actual Rows": 1, "Actual Loops": 1, "Index Cond": "((s_w_id = 8) AND (s_i_id = 21123))", "Rows Removed by Index Recheck": 0}]}}]]]}
{"start_time": 1656967023.0137491, "plan": [[[{"Plan": {"Node Type": "ModifyTable", "Operation": "Insert", "Parallel Aware": false, "Async Capable": false, "Relation Name": "order_line", "Alias": "order_line", "Startup Cost": 0.0, "Total Cost": 0.01, "Plan Rows": 0, "Plan Width": 0, "Actual Startup Time": 0.015, "Actual Total Time": 0.015, "Actual Rows": 0, "Actual Loops": 1, "Plans": [{"Node Type": "Result", "Parent Relationship": "Outer", "Parallel Aware": false, "Async Capable": false, "Startup Cost": 0.0, "Total Cost": 0.01, "Plan Rows": 1, "Plan Width": 160, "Actual Startup Time": 0.001, "Actual Total Time": 0.001, "Actual Rows": 1, "Actual Loops": 1}]}}]]]}
{"start_time": 1656967023.013824, "plan": [[[{"Plan": {"Node Type": "ModifyTable", "Operation": "Insert", "Parallel Aware": false, "Async Capable": false, "Relation Name": "order_line", "Alias": "order_line", "Startup Cost": 0.0, "Total Cost": 0.01, "Plan Rows": 0, "Plan Width": 0, "Actual Startup Time": 0.014, "Actual Total Time": 0.015, "Actual Rows": 0, "Actual Loops": 1, "Plans": [{"Node Type": "Result", "Parent Relationship": "Outer", "Parallel Aware": false, "Async Capable": false, "Startup Cost": 0.0, "Total Cost": 0.01, "Plan Rows": 1, "Plan Width": 160, "Actual Startup Time": 0.001, "Actual Total Time": 0.001, "Actual Rows": 1, "Actual Loops": 1}]}}]]]}
{"start_time": 1656967023.0118399, "plan": [[[{"Plan": {"Node Type": "ModifyTable", "Operation": "Update", "Parallel Aware": false, "Async Capable": false, "Relation Name": "customer", "Alias": "customer", "Startup Cost": 0.42, "Total Cost": 2.65, "Plan Rows": 0, "Plan Width": 0, "Actual Startup Time": 0.315, "Actual Total Time": 0.316, "Actual Rows": 0, "Actual Loops": 1, "Plans": [{"Node Type": "Index Scan", "Parent Relationship": "Outer", "Parallel Aware": false, "Async Capable": false, "Scan Direction": "Forward", "Index Name": "customer_pkey", "Relation Name": "customer", "Alias": "customer", "Startup Cost": 0.42, "Total Cost": 2.65, "Plan Rows": 1, "Plan Width": 34, "Actual Startup Time": 0.182, "Actual Total Time": 0.183, "Actual Rows": 1, "Actual Loops": 1, "Index Cond": "((c_w_id = 2) AND (c_d_id = 1) AND (c_id = 959))", "Rows Removed by Index Recheck": 0}]}}]]]}
{"start_time": 1656967023.0138931, "plan": [[[{"Plan": {"Node Type": "ModifyTable", "Operation": "Insert", "Parallel Aware": false, "Async Capable": false, "Relation Name": "order_line", "Alias": "order_line", "Startup Cost": 0.0, "Total Cost": 0.01, "Plan Rows": 0, "Plan Width": 0, "Actual Startup Time": 0.013, "Actual Total Time": 0.013, "Actual Rows": 0, "Actual Loops": 1, "Plans": [{"Node Type": "Result", "Parent Relationship": "Outer", "Parallel Aware": false, "Async Capable": false, "Startup Cost": 0.0, "Total Cost": 0.01, "Plan Rows": 1, "Plan Width": 160, "Actual Startup Time": 0.001, "Actual Total Time": 0.001, "Actual Rows": 1, "Actual Loops": 1}]}}]]]}
{"start_time": 1656967023.013877, "plan": [[[{"Plan": {"Node Type": "ModifyTable", "Operation": "Update", "Parallel Aware": false, "Async Capable": false, "Relation Name": "customer", "Alias": "customer", "Startup Cost": 0.42, "Total Cost": 2.65, "Plan Rows": 0, "Plan Width": 0, "Actual Startup Time": 0.03, "Actual Total Time": 0.03, "Actual Rows": 0, "Actual Loops": 1, "Plans": [{"Node Type": "Index Scan", "Parent Relationship": "Outer", "Parallel Aware": false, "Async Capable": false, "Scan Direction": "Forward", "Index Name": "customer_pkey", "Relation Name": "customer", "Alias": "customer", "Startup Cost": 0.42, "Total Cost": 2.65, "Plan Rows": 1, "Plan Width": 26, "Actual Startup Time": 0.012, "Actual Total Time": 0.013, "Actual Rows": 1, "Actual Loops": 1, "Index Cond": "((c_w_id = 5) AND (c_d_id = 2) AND (c_id = 2652))", "Rows Removed by Index Recheck": 0}]}}]]]}
{"start_time": 1656967023.0138888, "plan": [[[{"Plan": {"Node Type": "Limit", "Parallel Aware": false, "Async Capable": false, "Startup Cost": 0.42, "Total Cost": 2.09, "Plan Rows": 1, "Plan Width": 4, "Actual Startup Time": 0.034, "Actual Total Time": 0.034, "Actual Rows": 1, "Actual Loops": 1, "Plans": [{"Node Type": "Index Only Scan", "Parent Relationship": "Outer", "Parallel Aware": false, "Async Capable": false, "Scan Direction": "Forward", "Index Name": "new_order_pkey", "Relation Name": "new_order", "Alias": "new_order", "Startup Cost": 0.42, "Total Cost": 3.76, "Plan Rows": 2, "Plan Width": 4, "Actual Startup Time": 0.033, "Actual Total Time": 0.033, "Actual Rows": 1, "Actual Loops": 1, "Index Cond": "((no_w_id = 7) AND (no_d_id = 8))", "Rows Removed by Index Recheck": 0, "Heap Fetches": 2}]}}]]]}
{"start_time": 1656967023.013916, "plan": [[[{"Plan": {"Node Type": "ModifyTable", "Operation": "Update", "Parallel Aware": false, "Async Capable": false, "Relation Name": "stock", "Alias": "stock", "Startup Cost": 0.42, "Total Cost": 29.54, "Plan Rows": 0, "Plan Width": 0, "Actual Startup Time": 0.026, "Actual Total Time": 0.026, "Actual Rows": 0, "Actual Loops": 1, "Plans": [{"Node Type": "Index Scan", "Parent Relationship": "Outer", "Parallel Aware": false, "Async Capable": false, "Scan Direction": "Forward", "Index Name": "stock_pkey", "Relation Name": "stock", "Alias": "stock", "Startup Cost": 0.42, "Total Cost": 29.54, "Plan Rows": 25, "Plan Width": 32, "Actual Startup Time": 0.011, "Actual Total Time": 0.013, "Actual Rows": 1, "Actual Loops": 1, "Index Cond": "((s_w_id = 8) AND (s_i_id = 45523))", "Rows Removed by Index Recheck": 0}]}}]]]}
{"start_time": 1656967023.013939, "plan": [[[{"Plan": {"Node Type": "ModifyTable", "Operation": "Insert", "Parallel Aware": false, "Async Capable": false, "Relation Name": "order_line", "Alias": "order_line", "Startup Cost": 0.0, "Total Cost": 0.01, "Plan Rows": 0, "Plan Width": 0, "Actual Startup Time": 0.014, "Actual Total Time": 0.014, "Actual Rows": 0, "Actual Loops": 1, "Plans": [{"Node Type": "Result", "Parent Relationship": "Outer", "Parallel Aware": false, "Async Capable": false, "Startup Cost": 0.0, "Total Cost": 0.01, "Plan Rows": 1, "Plan Width": 160, "Actual Startup Time": 0.001, "Actual Total Time": 0.001, "Actual Rows": 1, "Actual Loops": 1}]}}]]]}
{"start_time": 1656967023.014014, "plan": [[[{"Plan": {"Node Type": "ModifyTable", "Operation": "Insert", "Parallel Aware": false, "Async Capable": false, "Relation Name": "order_line", "Alias": "order_line", "Startup Cost": 0.0, "Total Cost": 0.01, "Plan Rows": 0, "Plan Width": 0, "Actual Startup Time": 0.014, "Actual Total Time": 0.014, "Actual Rows": 0, "Actual Loops": 1, "Plans": [{"Node Type": "Result", "Parent Relationship": "Outer", "Parallel Aware": false, "Async Capable": false, "Startup Cost": 0.0, "Total Cost": 0.01, "Plan Rows": 1, "Plan Width": 160, "Actual Startup Time": 0.001, "Actual Total Time": 0.001, "Actual Rows": 1, "Actual Loops": 1}]}}]]]}
{"start_time": 1656967023.013737, "plan": [[[{"Plan": {"Node Type": "ModifyTable", "Operation": "Update", "Parallel Aware": false, "Async Capable": false, "Relation Name": "order_line", "Alias": "order_line", "Startup Cost": 0.43, "Total Cost": 2.65, "Plan Rows": 0, "Plan Width": 0, "Actual Startup Time": 0.177, "Actual Total Time": 0.177, "Actual Rows": 0, "Actual Loops": 1, "Plans": [{"Node Type": "Index Scan", "Parent Relationship": "Outer", "Parallel Aware": false, "Async Capable": false, "Scan Direction": "Forward", "Index Name": "order_line_pkey", "Relation Name": "order_line", "Alias": "order_line", "Startup Cost": 0.43, "Total Cost": 2.65, "Plan Rows": 1, "Plan Width": 14, "Actual Startup Time": 0.106, "Actual Total Time": 0.112, "Actual Rows": 12, "Actual Loops": 1, "Index Cond": "((ol_w_id = 4) AND (ol_d_id = 2) AND (ol_o_id = 2140))", "Rows Removed by Index Recheck": 0}]}}]]]}
{"start_time": 1656967023.014077, "plan": [[[{"Plan": {"Node Type": "ModifyTable", "Operation": "Insert", "Parallel Aware": false, "Async Capable": false, "Relation Name": "order_line", "Alias": "order_line", "Startup Cost": 0.0, "Total Cost": 0.01, "Plan Rows": 0, "Plan Width": 0, "Actual Startup Time": 0.012, "Actual Total Time": 0.013, "Actual Rows": 0, "Actual Loops": 1, "Plans": [{"Node Type": "Result", "Parent Relationship": "Outer", "Parallel Aware": false, "Async Capable": false, "Startup Cost": 0.0, "Total Cost": 0.01, "Plan Rows": 1, "Plan Width": 160, "Actual Startup Time": 0.001, "Actual Total Time": 0.001, "Actual Rows": 1, "Actual Loops": 1}]}}]]]}
{"start_time": 1656967023.014154, "plan": [[[{"Plan": {"Node Type": "ModifyTable", "Operation": "Delete", "Parallel Aware": false, "Async Capable": false, "Relation Name": "new_order", "Alias": "new_order", "Startup Cost": 0.42, "Total Cost": 2.64, "Plan Rows": 0, "Plan Width": 0, "Actual Startup Time": 0.012, "Actual Total Time": 0.013, "Actual Rows": 0, "Actual Loops": 1, "Plans": [{"Node Type": "Index Scan", "Parent Relationship": "Outer", "Parallel Aware": false, "Async Capable": false, "Scan Direction": "Forward", "Index Name": "new_order_pkey", "Relation Name": "new_order", "Alias": "new_order", "Startup Cost": 0.42, "Total Cost": 2.64, "Plan Rows": 1, "Plan Width": 6, "Actual Startup Time": 0.009, "Actual Total Time": 0.009, "Actual Rows": 1, "Actual Loops": 1, "Index Cond": "((no_w_id = 7) AND (no_d_id = 8) AND (no_o_id = 2133))", "Rows Removed by Index Recheck": 0}]}}]]]}
