{"start_time": 1656967023.2121558, "plan": [[[{"Plan": {"Node Type": "LockRows", "Parallel Aware": false, "Async Capable": false, "Startup Cost": 0.42, "Total Cost": 30.66, "Plan Rows": 26, "Plan Width": 1128, "Actual Startup Time": 0.02, "Actual Total Time": 0.021, "Actual Rows": 1, "Actual Loops": 1, "Plans": [{"Node Type": "Index Scan", "Parent Relationship": "Outer", "Parallel Aware": false, "Async Capable": false, "Scan Direction": "Forward", "Index Name": "stock_pkey", "Relation Name": "stock", "Alias": "stock", "Startup Cost": 0.42, "Total Cost": 30.4, "Plan Rows": 26, "Plan Width": 1128, "Actual Startup Time": 0.016, "Actual Total Time": 0.017, "Actual Rows": 1, "Actual Loops": 1, "Index Cond": "((s_w_id = 8) AND (s_i_id = 71079))", "Rows Removed by Index Recheck": 0}]}}]]]}
{"start_time": 1656967023.2122788, "plan": [[[{"Plan": {"Node Type": "ModifyTable", "Operation": "Update", "Parallel Aware": false, "Async Capable": false, "Relation Name": "oorder", "Alias": "oorder", "Startup Cost": 0.42, "Total Cost": 2.65, "Plan Rows": 0, "Plan Width": 0, "Actual Startup Time": 0.025, "Actual Total Time": 0.025, "Actual Rows": 0, "Actual Loops": 1, "Plans": [{"Node Type": "Index Scan", "Parent Relationship": "Outer", "Parallel Aware": false, "Async Capable": false, "Scan Direction": "Forward", "Index Name": "oorder_pkey", "Relation Name": "oorder", "Alias": "oorder", "Startup Cost": 0.42, "Total Cost": 2.65, "Plan Rows": 1, "Plan Width": 10, "Actual Startup Time": 0.01, "Actual Total Time": 0.011, "Actual Rows": 1, "Actual Loops": 1, "Index Cond": "((o_w_id = 4) AND (o_d_id = 3) AND (o_id = 2142))", "Rows Removed by Index Recheck": 0}]}}]]]}
{"start_time": 1656967023.212296, "plan": [[[{"Plan": {"Node Type": "ModifyTable", "Operation": "Update", "Parallel Aware": false, "Async Capable": false, "Relation Name": "stock", "Alias": "stock", "Startup Cost": 0.42, "Total Cost": 30.66, "Plan Rows": 0, "Plan Width": 0, "Actual Startup Time": 0.033, "Actual Total Time": 0.034, "Actual Rows": 0, "Actual Loops": 1, "Plans": [{"Node Type": "Index Scan", "Parent Relationship": "Outer", "Parallel Aware": false, "Async Capable": false, "Scan Direction": "Forward", "Index Name": "stock_pkey", "Relation Name": "stock", "Alias": "stock", "Startup Cost": 0.42, "Total Cost": 30.66, "Plan Rows": 26, "Plan Width": 32, "Actual Startup Time": 0.011, "Actual Total Time": 0.012, "Actual Rows": 1, "Actual Loops": 1, "Index Cond": "((s_w_id = 4) AND (s_i_id = 93794))", "Rows Removed by Index Recheck": 0}]}}]]]}
{"start_time": 1656967023.212309, "plan": [[[{"Plan": {"Node Type": "ModifyTable", "Operation": "Update", "Parallel Aware": false, "Async Capable": false, "Relation Name": "stock", "Alias": "stock", "Startup Cost": 0.42, "Total Cost": 30.66, "Plan Rows": 0, "Plan Width": 0, "Actual Startup Time": 0.023, "Actual Total Time": 0.024, "Actual Rows": 0, "Actual Loops": 1, "Plans": [{"Node Type": "Index Scan", "Parent Relationship": "Outer", "Parallel Aware": false, "Async Capable": false, "Scan Direction": "Forward", "Index Name": "stock_pkey", "Relation Name": "stock", "Alias": "stock", "Startup Cost": 0.42, "Total Cost": 30.66, "Plan Rows": 26, "Plan Width": 32, "Actual Startup Time": 0.01, "Actual Total Time": 0.011, "Actual Rows": 1, "Actual Loops": 1, "Index Cond": "((s_w_id = 9) AND (s_i_id = 5691))", "Rows Removed by Index Recheck": 0}]}}]]]}
{"start_time": 1656967023.212415, "plan": [[[{"Plan": {"Node Type": "Index Scan", "Parallel Aware": false, "Async Capable": false, "Scan Direction": "Forward", "Index Name": "item_pkey", "Relation Name": "item", "Alias": "item", "Startup Cost": 0.29, "Total Cost": 2.51, "Plan Rows": 1, "Plan Width": 196, "Actual Startup Time": 0.009, "Actual Total Time": 0.01, "Actual Rows": 1, "Actual Loops": 1, "Index Cond": "(i_id = 13989)", "Rows Removed by Index Recheck": 0}}]]]}
{"start_time": 1656967023.212379, "plan": [[[{"Plan": {"Node Type": "LockRows", "Parallel Aware": false, "Async Capable": false, "Startup Cost": 0.42, "Total Cost": 30.66, "Plan Rows": 26, "Plan Width": 1128, "Actual Startup Time": 0.018, "Actual Total Time": 0.02, "Actual Rows": 1, "Actual Loops": 1, "Plans": [{"Node Type": "Index Scan", "Parent Relationship": "Outer", "Parallel Aware": false, "Async Capable": false, "Scan Direction": "Forward", "Index Name": "stock_pkey", "Relation Name": "stock", "Alias": "stock", "Startup Cost": 0.42, "Total Cost": 30.4, "Plan Rows": 26, "Plan Width": 1128, "Actual Startup Time": 0.015, "Actual Total Time": 0.016, "Actual Rows": 1, "Actual Loops": 1, "Index Cond": "((s_w_id = 5) AND (s_i_id = 87699))", "Rows Removed by Index Recheck": 0}]}}]]]}
{"start_time": 1656967023.21241, "plan": [[[{"Plan": {"Node Type": "LockRows", "Parallel Aware": false, "Async Capable": false, "Startup Cost": 0.42, "Total Cost": 30.66, "Plan Rows": 26, "Plan Width": 1128, "Actual Startup Time": 0.013, "Actual Total Time": 0.014, "Actual Rows": 1, "Actual Loops": 1, "Plans": [{"Node Type": "Index Scan", "Parent Relationship": "Outer", "Parallel Aware": false, "Async Capable": false, "Scan Direction": "Forward", "Index Name": "stock_pkey", "Relation Name": "stock", "Alias": "stock", "Startup Cost": 0.42, "Total Cost": 30.4, "Plan Rows": 26, "Plan Width": 1128, "Actual Startup Time": 0.01, "Actual Total Time": 0.011, "Actual Rows": 1, "Actual Loops": 1, "Index Cond": "((s_w_id = 5) AND (s_i_id = 85735))", "Rows Removed by Index Recheck": 0}]}}]]]}
{"start_time": 1656967023.212222, "plan": [[[{"Plan": {"Node Type": "Index Scan", "Parallel Aware": false, "Async Capable": false, "Scan Direction": "Forward", "Index Name": "customer_pkey", "Relation Name": "customer", "Alias": "customer", "Startup Cost": 0.42, "Total Cost": 2.65, "Plan Rows": 1, "Plan Width": 482, "Actual Startup Time": 0.016, "Actual Total Time": 0.017, "Actual Rows": 1, "Actual Loops": 1, "Index Cond": "((c_w_id = 10) AND (c_d_id = 2) AND (c_id = 107))", "Rows Removed by Index Recheck": 0}}]]]}
{"start_time": 1656967023.212265, "plan": [[[{"Plan": {"Node Type": "ModifyTable", "Operation": "Insert", "Parallel Aware": false, "Async Capable": false, "Relation Name": "order_line", "Alias": "order_line", "Startup Cost": 0.0, "Total Cost": 0.01, "Plan Rows": 0, "Plan Width": 0, "Actual Startup Time": 0.016, "Actual Total Time": 0.016, "Actual Rows": 0, "Actual Loops": 1, "Plans": [{"Node Type": "Result", "Parent Relationship": "Outer", "Parallel Aware": false, "Async Capable": false, "Startup Cost": 0.0, "Total Cost": 0.01, "Plan Rows": 1, "Plan Width": 160, "Actual Startup Time": 0.001, "Actual Total Time": 0.001, "Actual Rows": 1, "Actual Loops": 1}]}}]]]}
{"start_time": 1656967023.212535, "plan": [[[{"Plan": {"Node Type": "ModifyTable", "Operation": "Update", "Parallel Aware": false, "Async Capable": false, "Relation Name": "stock", "Alias": "stock", "Startup Cost": 0.42, "Total Cost": 30.66, "Plan Rows": 0, "Plan Width": 0, "Actual Startup Time": 0.027, "Actual Total Time": 0.028, "Actual Rows": 0, "Actual Loops": 1, "Plans": [{"Node Type": "Index Scan", "Parent Relationship": "Outer", "Parallel Aware": false, "Async Capable": false, "Scan Direction": "Forward", "Index Name": "stock_pkey", "Relation Name": "stock", "Alias": "stock", "Startup Cost": 0.42, "Total Cost": 30.66, "Plan Rows": 26, "Plan Width": 32, "Actual Startup Time": 0.012, "Actual Total Time": 0.013, "Actual Rows": 1, "Actual Loops": 1, "Index Cond": "((s_w_id = 2) AND (s_i_id = 55907))", "Rows Removed by Index Recheck": 0}]}}]]]}
{"start_time": 1656967023.212595, "plan": [[[{"Plan": {"Node Type": "Index Scan", "Parallel Aware": false, "Async Capable": false, "Scan Direction": "Forward", "Index Name": "item_pkey", "Relation Name": "item", "Alias": "item", "Startup Cost": 0.29, "Total Cost": 2.51, "Plan Rows": 1, "Plan Width": 196, "Actual Startup Time": 0.008, "Actual Total Time": 0.009, "Actual Rows": 1, "Actual Loops": 1, "Index Cond": "(i_id = 63073)", "Rows Removed by Index Recheck": 0}}]]]}
{"start_time": 1656967023.212614, "plan": [[[{"Plan": {"Node Type": "LockRows", "Parallel Aware": false, "Async Capable": false, "Startup Cost": 0.42, "Total Cost": 30.66, "Plan Rows": 26, "Plan Width": 1128, "Actual Startup Time": 0.013, "Actual Total Time": 0.015, "Actual Rows": 1, "Actual Loops": 1, "Plans": [{"Node Type": "Index Scan", "Parent Relationship": "Outer", "Parallel Aware": false, "Async Capable": false, "Scan Direction": "Forward", "Index Name": "stock_pkey", "Relation Name": "stock", "Alias": "stock", "Startup Cost": 0.42, "Total Cost": 30.4, "Plan Rows": 26, "Plan Width": 1128, "Actual Startup Time": 0.01, "Actual Total Time": 0.011, "Actual Rows": 1, "Actual Loops": 1, "Index Cond": "((s_w_id = 9) AND (s_i_id = 13989))", "Rows Removed by Index Recheck": 0}]}}]]]}
{"start_time": 1656967023.212665, "plan": [[[{"Plan": {"Node Type": "ModifyTable", "Operation": "Update", "Parallel Aware": false, "Async Capable": false, "Relation Name": "stock", "Alias": "stock", "Startup Cost": 0.42, "Total Cost": 30.66, "Plan Rows": 0, "Plan Width": 0, "Actual Startup Time": 0.028, "Actual Total Time": 0.028, "Actual Rows": 0, "Actual Loops": 1, "Plans": [{"Node Type": "Index Scan", "Parent Relationship": "Outer", "Parallel Aware": false, "Async Capable": false, "Scan Direction": "Forward", "Index Name": "stock_pkey", "Relation Name": "stock", "Alias": "stock", "Startup Cost": 0.42, "Total Cost": 30.66, "Plan Rows": 26, "Plan Width": 32, "Actual Startup Time": 0.012, "Actual Total Time": 0.013, "Actual Rows": 1, "Actual Loops": 1, "Index Cond": "((s_w_id = 7) AND (s_i_id = 72926))", "Rows Removed by Index Recheck": 0}]}}]]]}
{"start_time": 1656967023.2127461, "plan": [[[{"Plan": {"Node Type": "Index Scan", "Parallel Aware": false, "Async Capable": false, "Scan Direction": "Forward", "Index Name": "item_pkey", "Relation Name": "item", "Alias": "item", "Startup Cost": 0.29, "Total Cost": 2.51, "Plan Rows": 1, "Plan Width": 196, "Actual Startup Time": 0.008, "Actual Total Time": 0.009, "Actual Rows": 1, "Actual Loops": 1, "Index Cond": "(i_id = 52867)", "Rows Removed by Index Recheck": 0}}]]]}
{"start_time": 1656967023.212735, "plan": [[[{"Plan": {"Node Type": "ModifyTable", "Operation": "Insert", "Parallel Aware": false, "Async Capable": false, "Relation Name": "order_line", "Alias": "order_line", "Startup Cost": 0.0, "Total Cost": 0.01, "Plan Rows": 0, "Plan Width": 0, "Actual Startup Time": 0.017, "Actual Total Time": 0.017, "Actual Rows": 0, "Actual Loops": 1, "Plans": [{"Node Type": "Result", "Parent Relationship": "Outer", "Parallel Aware": false, "Async Capable": false, "Startup Cost": 0.0, "Total Cost": 0.01, "Plan Rows": 1, "Plan Width": 160, "Actual Startup Time": 0.001, "Actual Total Time": 0.001, "Actual Rows": 1, "Actual Loops": 1}]}}]]]}
{"start_time": 1656967023.212758, "plan": [[[{"Plan": {"Node Type": "ModifyTable", "Operation": "Update", "Parallel Aware": false, "Async Capable": false, "Relation Name": "stock", "Alias": "stock", "Startup Cost": 0.42, "Total Cost": 30.66, "Plan Rows": 0, "Plan Width": 0, "Actual Startup Time": 0.025, "Actual Total Time": 0.025, "Actual Rows": 0, "Actual Loops": 1, "Plans": [{"Node Type": "Index Scan", "Parent Relationship": "Outer", "Parallel Aware": false, "Async Capable": false, "Scan Direction": "Forward", "Index Name": "stock_pkey", "Relation Name": "stock", "Alias": "stock", "Startup Cost": 0.42, "Total Cost": 30.66, "Plan Rows": 26, "Plan Width": 32, "Actual Startup Time": 0.01, "Actual Total Time": 0.012, "Actual Rows": 1, "Actual Loops": 1, "Index Cond": "((s_w_id = 2) AND (s_i_id = 34391))", "Rows Removed by Index Recheck": 0}]}}]]]}
{"start_time": 1656967023.212859, "plan": [[[{"Plan": {"Node Type": "Index Scan", "Parallel Aware": false, "Async Capable": false, "Scan Direction": "Forward", "Index Name": "customer_pkey", "Relation Name": "customer", "Alias": "customer", "Startup Cost": 0.42, "Total Cost": 2.65, "Plan Rows": 1, "Plan Width": 74, "Actual Startup Time": 0.032, "Actual Total Time": 0.033, "Actual Rows": 1, "Actual Loops": 1, "Index Cond": "((c_w_id = 10) AND (c_d_id = 8) AND (c_id = 725))", "Rows Removed by Index Recheck": 0}}]]]}
{"start_time": 1656967023.2128801, "plan": [[[{"Plan": {"Node Type": "ModifyTable", "Operation": "Update", "Parallel Aware": false, "Async Capable": false, "Relation Name": "stock", "Alias": "stock", "Startup Cost": 0.42, "Total Cost": 30.66, "Plan Rows": 0, "Plan Width": 0, "Actual Startup Time": 0.026, "Actual Total Time": 0.026, "Actual Rows": 0, "Actual Loops": 1, "Plans": [{"Node Type": "Index Scan", "Parent Relationship": "Outer", "Parallel Aware": false, "Async Capable": false, "Scan Direction": "Forward", "Index Name": "stock_pkey", "Relation Name": "stock", "Alias": "stock", "Startup Cost": 0.42, "Total Cost": 30.66, "Plan Rows": 26, "Plan Width": 32, "Actual Startup Time": 0.011, "Actual Total Time": 0.012, "Actual Rows": 1, "Actual Loops": 1, "Index Cond": "((s_w_id = 7) AND (s_i_id = 31459))", "Rows Removed by Index Recheck": 0}]}}]]]}
{"start_time": 1656967023.2129, "plan": [[[{"Plan": {"Node Type": "LockRows", "Parallel Aware": false, "Async Capable": false, "Startup Cost": 0.42, "Total Cost": 30.66, "Plan Rows": 26, "Plan Width": 1128, "Actual Startup Time": 0.016, "Actual Total Time": 0.017, "Actual Rows": 1, "Actual Loops": 1, "Plans": [{"Node Type": "Index Scan", "Parent Relationship": "Outer", "Parallel Aware": false, "Async Capable": false, "Scan Direction": "Forward", "Index Name": "stock_pkey", "Relation Name": "stock", "Alias": "stock", "Startup Cost": 0.42, "Total Cost": 30.4, "Plan Rows": 26, "Plan Width": 1128, "Actual Startup Time": 0.013, "Actual Total Time": 0.014, "Actual Rows": 1, "Actual Loops": 1, "Index Cond": "((s_w_id = 8) AND (s_i_id = 63073))", "Rows Removed by Index Recheck": 0}]}}]]]}
{"start_time": 1656967023.212692, "plan": [[[{"Plan": {"Node Type": "ModifyTable", "Operation": "Update", "Parallel Aware": false, "Async Capable": false, "Relation Name": "order_line", "Alias": "order_line", "Startup Cost": 0.43, "Total Cost": 2.65, "Plan Rows": 0, "Plan Width": 0, "Actual Startup Time": 0.093, "Actual Total Time": 0.093, "Actual Rows": 0, "Actual Loops": 1, "Plans": [{"Node Type": "Index Scan", "Parent Relationship": "Outer", "Parallel Aware": false, "Async Capable": false, "Scan Direction": "Forward", "Index Name": "order_line_pkey", "Relation Name": "order_line", "Alias": "order_line", "Startup Cost": 0.43, "Total Cost": 2.65, "Plan Rows": 1, "Plan Width": 14, "Actual Startup Time": 0.027, "Actual Total Time": 0.031, "Actual Rows": 15, "Actual Loops": 1, "Index Cond": "((ol_w_id = 4) AND (ol_d_id = 3) AND (ol_o_id = 2142))", "Rows Removed by Index Recheck": 0}]}}]]]}
{"start_time": 1656967023.212954, "plan": [[[{"Plan": {"Node Type": "ModifyTable", "Operation": "Insert", "Parallel Aware": false, "Async Capable": false, "Relation Name": "order_line", "Alias": "order_line", "Startup Cost": 0.0, "Total Cost": 0.01, "Plan Rows": 0, "Plan Width": 0, "Actual Startup Time": 0.016, "Actual Total Time": 0.016, "Actual Rows": 0, "Actual Loops": 1, "Plans": [{"Node Type": "Result", "Parent Relationship": "Outer", "Parallel Aware": false, "Async Capable": false, "Startup Cost": 0.0, "Total Cost": 0.01, "Plan Rows": 1, "Plan Width": 160, "Actual Startup Time": 0.001, "Actual Total Time": 0.001, "Actual Rows": 1, "Actual Loops": 1}]}}]]]}
{"start_time": 1656967023.212985, "plan": [[[{"Plan": {"Node Type": "ModifyTable", "Operation": "Update", "Parallel Aware": false, "Async Capable": false, "Relation Name": "stock", "Alias": "stock", "Startup Cost": 0.42, "Total Cost": 30.66, "Plan Rows": 0, "Plan Width": 0, "Actual Startup Time": 0.024, "Actual Total Time": 0.024, "Actual Rows": 0, "Actual Loops": 1, "Plans": [{"Node Type": "Index Scan", "Parent Relationship": "Outer", "Parallel Aware": false, "Async Capable": false, "Scan Direction": "Forward", "Index Name": "stock_pkey", "Relation Name": "stock", "Alias": "stock", "Startup Cost": 0.42, "Total Cost": 30.66, "Plan Rows": 26, "Plan Width": 32, "Actual Startup Time": 0.01, "Actual Total Time": 0.011, "Actual Rows": 1, "Actual Loops": 1, "Index Cond": "((s_w_id = 2) AND (s_i_id = 59111))", "Rows Removed by Index Recheck": 0}]}}]]]}
{"start_time": 1656967023.212034, "plan": [[[{"Plan": {"Node Type": "Index Scan", "Parallel Aware": false, "Async Capable": false, "Scan Direction": "Forward", "Index Name": "customer_pkey", "Relation Name": "customer", "Alias": "customer", "Startup Cost": 0.42, "Total Cost": 2.65, "Plan Rows": 1, "Plan Width": 74, "Actual Startup Time": 0.012, "Actual Total Time": 0.012, "Actual Rows": 1, "Actual Loops": 1, "Index Cond": "((c_w_id = 3) AND (c_d_id = 6) AND (c_id = 2195))", "Rows Removed by Index Recheck": 0}}]]]}
{"start_time": 1656967023.2130861, "plan": [[[{"Plan": {"Node Type": "Index Scan", "Parallel Aware": false, "Async Capable": false, "Scan Direction": "Forward", "Index Name": "item_pkey", "Relation Name": "item", "Alias": "item", "Startup Cost": 0.29, "Total Cost": 2.51, "Plan Rows": 1, "Plan Width": 196, "Actual Startup Time": 0.008, "Actual Total Time": 0.009, "Actual Rows": 1, "Actual Loops": 1, "Index Cond": "(i_id = 24279)", "Rows Removed by Index Recheck": 0}}]]]}
{"start_time": 1656967023.21276, "plan": [[[{"Plan": {"Node Type": "ModifyTable", "Operation": "Update", "Parallel Aware": false, "Async Capable": false, "Relation Name": "customer", "Alias": "customer", "Startup Cost": 0.42, "Total Cost": 2.65, "Plan Rows": 0, "Plan Width": 0, "Actual Startup Time": 0.296, "Actual Total Time": 0.296, "Actual Rows": 0, "Actual Loops": 1, "Plans": [{"Node Type": "Index Scan", "Parent Relationship": "Outer", "Parallel Aware": false, "Async Capable": false, "Scan Direction": "Forward", "Index Name": "customer_pkey", "Relation Name": "customer", "Alias": "customer", "Startup Cost": 0.42, "Total Cost": 2.65, "Plan Rows": 1, "Plan Width": 34, "Actual Startup Time": 0.275, "Actual Total Time": 0.276, "Actual Rows": 1, "Actual Loops": 1, "Index Cond": "((c_w_id = 10) AND (c_d_id = 2) AND (c_id = 107))", "Rows Removed by Index Recheck": 0}]}}]]]}
{"start_time": 1656967023.213077, "plan": [[[{"Plan": {"Node Type": "ModifyTable", "Operation": "Update", "Parallel Aware": false, "Async Capable": false, "Relation Name": "stock", "Alias": "stock", "Startup Cost": 0.42, "Total Cost": 30.66, "Plan Rows": 0, "Plan Width": 0, "Actual Startup Time": 0.033, "Actual Total Time": 0.033, "Actual Rows": 0, "Actual Loops": 1, "Plans": [{"Node Type": "Index Scan", "Parent Relationship": "Outer", "Parallel Aware": false, "Async Capable": false, "Scan Direction": "Forward", "Index Name": "stock_pkey", "Relation Name": "stock", "Alias": "stock", "Startup Cost": 0.42, "Total Cost": 30.66, "Plan Rows": 26, "Plan Width": 32, "Actual Startup Time": 0.01, "Actual Total Time": 0.011, "Actual Rows": 1, "Actual Loops": 1, "Index Cond": "((s_w_id = 7) AND (s_i_id = 84958))", "Rows Removed by Index Recheck": 0}]}}]]]}
{"start_time": 1656967023.213122, "plan": [[[{"Plan": {"Node Type": "LockRows", "Parallel Aware": false, "Async Capable": false, "Startup Cost": 0.42, "Total Cost": 30.66, "Plan Rows": 26, "Plan Width": 1128, "Actual Startup Time": 0.013, "Actual Total Time": 0.014, "Actual Rows": 1, "Actual Loops": 1, "Plans": [{"Node Type": "Index Scan", "Parent Relationship": "Outer", "Parallel Aware": false, "Async Capable": false, "Scan Direction": "Forward", "Index Name": "stock_pkey", "Relation Name": "stock", "Alias": "stock", "Startup Cost": 0.42, "Total Cost": 30.4, "Plan Rows": 26, "Plan Width": 1128, "Actual Startup Time": 0.01, "Actual Total Time": 0.011, "Actual Rows": 1, "Actual Loops": 1, "Index Cond": "((s_w_id = 5) AND (s_i_id = 52867))", "Rows Removed by Index Recheck": 0}]}}]]]}
{"start_time": 1656967023.2131581, "plan": [[[{"Plan": {"Node Type": "ModifyTable", "Operation": "Insert", "Parallel Aware": false, "Async Capable": false, "Relation Name": "order_line", "Alias": "order_line", "Startup Cost": 0.0, "Total Cost": 0.01, "Plan Rows": 0, "Plan Width": 0, "Actual Startup Time": 0.017, "Actual Total Time": 0.017, "Actual Rows": 0, "Actual Loops": 1, "Plans": [{"Node Type": "Result", "Parent Relationship": "Outer", "Parallel Aware": false, "Async Capable": false, "Startup Cost": 0.0, "Total Cost": 0.01, "Plan Rows": 1, "Plan Width": 160, "Actual Startup Time": 0.001, "Actual Total Time": 0.002, "Actual Rows": 1, "Actual Loops": 1}]}}]]]}
{"start_time": 1656967023.2132359, "plan": [[[{"Plan": {"Node Type": "Index Scan", "Parallel Aware": false, "Async Capable": false, "Scan Direction": "Forward", "Index Name": "warehouse_pkey", "Relation Name": "warehouse", "Alias": "warehouse", "Startup Cost": 0.14, "Total Cost": 2.36, "Plan Rows": 1, "Plan Width": 12, "Actual Startup Time": 0.009, "Actual Total Time": 0.01, "Actual Rows": 1, "Actual Loops": 1, "Index Cond": "(w_id = 10)", "Rows Removed by Index Recheck": 0}}]]]}
{"start_time": 1656967023.2131948, "plan": [[[{"Plan": {"Node Type": "ModifyTable", "Operation": "Update", "Parallel Aware": false, "Async Capable": false, "Relation Name": "stock", "Alias": "stock", "Startup Cost": 0.42, "Total Cost": 30.66, "Plan Rows": 0, "Plan Width": 0, "Actual Startup Time": 0.025, "Actual Total Time": 0.025, "Actual Rows": 0, "Actual Loops": 1, "Plans": [{"Node Type": "Index Scan", "Parent Relationship": "Outer", "Parallel Aware": false, "Async Capable": false, "Scan Direction": "Forward", "Index Name": "stock_pkey", "Relation Name": "stock", "Alias": "stock", "Startup Cost": 0.42, "Total Cost": 30.66, "Plan Rows": 26, "Plan Width": 32, "Actual Startup Time": 0.011, "Actual Total Time": 0.012, "Actual Rows": 1, "Actual Loops": 1, "Index Cond": "((s_w_id = 4) AND (s_i_id = 98023))", "Rows Removed by Index Recheck": 0}]}}]]]}
{"start_time": 1656967023.2132778, "plan": [[[{"Plan": {"Node Type": "ModifyTable", "Operation": "Update", "Parallel Aware": false, "Async Capable": false, "Relation Name": "stock", "Alias": "stock", "Startup Cost": 0.42, "Total Cost": 30.66, "Plan Rows": 0, "Plan Width": 0, "Actual Startup Time": 0.024, "Actual Total Time": 0.024, "Actual Rows": 0, "Actual Loops": 1, "Plans": [{"Node Type": "Index Scan", "Parent Relationship": "Outer", "Parallel Aware": false, "Async Capable": false, "Scan Direction": "Forward", "Index Name": "stock_pkey", "Relation Name": "stock", "Alias": "stock", "Startup Cost": 0.42, "Total Cost": 30.66, "Plan Rows": 26, "Plan Width": 32, "Actual Startup Time": 0.011, "Actual Total Time": 0.012, "Actual Rows": 1, "Actual Loops": 1, "Index Cond": "((s_w_id = 7) AND (s_i_id = 24287))", "Rows Removed by Index Recheck": 0}]}}]]]}
{"start_time": 1656967023.213335, "plan": [[[{"Plan": {"Node Type": "Index Scan", "Parallel Aware": false, "Async Capable": false, "Scan Direction": "Forward", "Index Name": "item_pkey", "Relation Name": "item", "Alias": "item", "Startup Cost": 0.29, "Total Cost": 2.51, "Plan Rows": 1, "Plan Width": 196, "Actual Startup Time": 0.01, "Actual Total Time": 0.011, "Actual Rows": 1, "Actual Loops": 1, "Index Cond": "(i_id = 84647)", "Rows Removed by Index Recheck": 0}}]]]}
{"start_time": 1656967023.2132678, "plan": [[[{"Plan": {"Node Type": "Aggregate", "Strategy": "Plain", "Partial Mode": "Simple", "Parallel Aware": false, "Async Capable": false, "Startup Cost": 2.66, "Total Cost": 2.67, "Plan Rows": 1, "Plan Width": 32, "Actual Startup Time": 0.025, "Actual Total Time": 0.026, "Actual Rows": 1, "Actual Loops": 1, "Plans": [{"Node Type": "Index Scan", "Parent Relationship": "Outer", "Parallel Aware": false, "Async Capable": false, "Scan Direction": "Forward", "Index Name": "order_line_pkey", "Relation Name": "order_line", "Alias": "order_line", "Startup Cost": 0.43, "Total Cost": 2.65, "Plan Rows": 1, "Plan Width": 14, "Actual Startup Time": 0.008, "Actual Total Time": 0.017, "Actual Rows": 15, "Actual Loops": 1, "Index Cond": "((ol_w_id = 4) AND (ol_d_id = 3) AND (ol_o_id = 2142))", "Rows Removed by Index Recheck": 0}]}}]]]}
{"start_time": 1656967023.213362, "plan": [[[{"Plan": {"Node Type": "ModifyTable", "Operation": "Insert", "Parallel Aware": false, "Async Capable": false, "Relation Name": "order_line", "Alias": "order_line", "Startup Cost": 0.0, "Total Cost": 0.01, "Plan Rows": 0, "Plan Width": 0, "Actual Startup Time": 0.015, "Actual Total Time": 0.016, "Actual Rows": 0, "Actual Loops": 1, "Plans": [{"Node Type": "Result", "Parent Relationship": "Outer", "Parallel Aware": false, "Async Capable": false, "Startup Cost": 0.0, "Total Cost": 0.01, "Plan Rows": 1, "Plan Width": 160, "Actual Startup Time": 0.001, "Actual Total Time": 0.001, "Actual Rows": 1, "Actual Loops": 1}]}}]]]}
{"start_time": 1656967023.213372, "plan": [[[{"Plan": {"Node Type": "LockRows", "Parallel Aware": false, "Async Capable": false, "Startup Cost": 0.42, "Total Cost": 30.66, "Plan Rows": 26, "Plan Width": 1128, "Actual Startup Time": 0.017, "Actual Total Time": 0.019, "Actual Rows": 1, "Actual Loops": 1, "Plans": [{"Node Type": "Index Scan", "Parent Relationship": "Outer", "Parallel Aware": false, "Async Capable": false, "Scan Direction": "Forward", "Index Name": "stock_pkey", "Relation Name": "stock", "Alias": "stock", "Startup Cost": 0.42, "Total Cost": 30.4, "Plan Rows": 26, "Plan Width": 1128, "Actual Startup Time": 0.015, "Actual Total Time": 0.016, "Actual Rows": 1, "Actual Loops": 1, "Index Cond": "((s_w_id = 9) AND (s_i_id = 24279))", "Rows Removed by Index Recheck": 0}]}}]]]}
{"start_time": 1656967023.213396, "plan": [[[{"Plan": {"Node Type": "ModifyTable", "Operation": "Update", "Parallel Aware": false, "Async Capable": false, "Relation Name": "stock", "Alias": "stock", "Startup Cost": 0.42, "Total Cost": 30.66, "Plan Rows": 0, "Plan Width": 0, "Actual Startup Time": 0.025, "Actual Total Time": 0.025, "Actual Rows": 0, "Actual Loops": 1, "Plans": [{"Node Type": "Index Scan", "Parent Relationship": "Outer", "Parallel Aware": false, "Async Capable": false, "Scan Direction": "Forward", "Index Name": "stock_pkey", "Relation Name": "stock", "Alias": "stock", "Startup Cost": 0.42, "Total Cost": 30.66, "Plan Rows": 26, "Plan Width": 32, "Actual Startup Time": 0.011, "Actual Total Time": 0.012, "Actual Rows": 1, "Actual Loops": 1, "Index Cond": "((s_w_id = 4) AND (s_i_id = 6207))", "Rows Removed by Index Recheck": 0}]}}]]]}
{"start_time": 1656967023.213486, "plan": [[[{"Plan": {"Node Type": "Index Scan", "Parallel Aware": false, "Async Capable": false, "Scan Direction": "Forward", "Index Name": "item_pkey", "Relation Name": "item", "Alias": "item", "Startup Cost": 0.29, "Total Cost": 2.51, "Plan Rows": 1, "Plan Width": 196, "Actual Startup Time": 0.009, "Actual Total Time": 0.009, "Actual Rows": 1, "Actual Loops": 1, "Index Cond": "(i_id = 14948)", "Rows Removed by Index Recheck": 0}}]]]}
{"start_time": 1656967023.213466, "plan": [[[{"Plan": {"Node Type": "ModifyTable", "Operation": "Update", "Parallel Aware": false, "Async Capable": false, "Relation Name": "stock", "Alias": "stock", "Startup Cost": 0.42, "Total Cost": 30.66, "Plan Rows": 0, "Plan Width": 0, "Actual Startup Time": 0.022, "Actual Total Time": 0.023, "Actual Rows": 0, "Actual Loops": 1, "Plans": [{"Node Type": "Index Scan", "Parent Relationship": "Outer", "Parallel Aware": false, "Async Capable": false, "Scan Direction": "Forward", "Index Name": "stock_pkey", "Relation Name": "stock", "Alias": "stock", "Startup Cost": 0.42, "Total Cost": 30.66, "Plan Rows": 26, "Plan Width": 32, "Actual Startup Time": 0.01, "Actual Total Time": 0.011, "Actual Rows": 1, "Actual Loops": 1, "Index Cond": "((s_w_id = 7) AND (s_i_id = 88806))", "Rows Removed by Index Recheck": 0}]}}]]]}
{"start_time": 1656967023.211822, "plan": [[[{"Plan": {"Node Type": "ModifyTable", "Operation": "Update", "Parallel Aware": false, "Async Capable": false, "Relation Name": "customer", "Alias": "customer", "Startup Cost": 0.42, "Total Cost": 2.65, "Plan Rows": 0, "Plan Width": 0, "Actual Startup Time": 0.824, "Actual Total Time": 0.825, "Actual Rows": 0, "Actual Loops": 1, "Plans": [{"Node Type": "Index Scan", "Parent Relationship": "Outer", "Parallel Aware": false, "Async Capable": false, "Scan Direction": "Forward", "Index Name": "customer_pkey", "Relation Name": "customer", "Alias": "customer", "Startup Cost": 0.42, "Total Cost": 2.65, "Plan Rows": 1, "Plan Width": 34, "Actual Startup Time": 0.01, "Actual Total Time": 0.011, "Actual Rows": 1, "Actual Loops": 1, "Index Cond": "((c_w_id = 6) AND (c_d_id = 9) AND (c_id = 865))", "Rows Removed by Index Recheck": 0}]}}]]]}
{"start_time": 1656967023.2134938, "plan": [[[{"Plan": {"Node Type": "ModifyTable", "Operation": "Insert", "Parallel Aware": false, "Async Capable": false, "Relation Name": "history", "Alias": "history", "Startup Cost": 0.0, "Total Cost": 0.01, "Plan Rows": 0, "Plan Width": 0, "Actual Startup Time": 0.009, "Actual Total Time": 0.009, "Actual Rows": 0, "Actual Loops": 1, "Plans": [{"Node Type": "Result", "Parent Relationship": "Outer", "Parallel Aware": false, "Async Capable": false, "Startup Cost": 0.0, "Total Cost": 0.01, "Plan Rows": 1, "Plan Width": 108, "Actual Startup Time": 0.001, "Actual Total Time": 0.002, "Actual Rows": 1, "Actual Loops": 1}]}}]]]}
{"start_time": 1656967023.213578, "plan": [[[{"Plan": {"Node Type": "LockRows", "Parallel Aware": false, "Async Capable": false, "Startup Cost": 0.14, "Total Cost": 2.37, "Plan Rows": 1, "Plan Width": 15, "Actual Startup Time": 0.013, "Actual Total Time": 0.014, "Actual Rows": 1, "Actual Loops": 1, "Plans": [{"Node Type": "Index Scan", "Parent Relationship": "Outer", "Parallel Aware": false, "Async Capable": false, "Scan Direction": "Forward", "Index Name": "district_pkey", "Relation Name": "district", "Alias": "district", "Startup Cost": 0.14, "Total Cost": 2.36, "Plan Rows": 1, "Plan Width": 15, "Actual Startup Time": 0.008, "Actual Total Time": 0.009, "Actual Rows": 1, "Actual Loops": 1, "Index Cond": "((d_w_id = 10) AND (d_id = 8))", "Rows Removed by Index Recheck": 0}]}}]]]}
{"start_time": 1656967023.2135868, "plan": [[[{"Plan": {"Node Type": "ModifyTable", "Operation": "Update", "Parallel Aware": false, "Async Capable": false, "Relation Name": "stock", "Alias": "stock", "Startup Cost": 0.42, "Total Cost": 30.66, "Plan Rows": 0, "Plan Width": 0, "Actual Startup Time": 0.023, "Actual Total Time": 0.024, "Actual Rows": 0, "Actual Loops": 1, "Plans": [{"Node Type": "Index Scan", "Parent Relationship": "Outer", "Parallel Aware": false, "Async Capable": false, "Scan Direction": "Forward", "Index Name": "stock_pkey", "Relation Name": "stock", "Alias": "stock", "Startup Cost": 0.42, "Total Cost": 30.66, "Plan Rows": 26, "Plan Width": 32, "Actual Startup Time": 0.011, "Actual Total Time": 0.011, "Actual Rows": 1, "Actual Loops": 1, "Index Cond": "((s_w_id = 4) AND (s_i_id = 40159))", "Rows Removed by Index Recheck": 0}]}}]]]}
{"start_time": 1656967023.213653, "plan": [[[{"Plan": {"Node Type": "ModifyTable", "Operation": "Update", "Parallel Aware": false, "Async Capable": false, "Relation Name": "stock", "Alias": "stock", "Startup Cost": 0.42, "Total Cost": 30.66, "Plan Rows": 0, "Plan Width": 0, "Actual Startup Time": 0.032, "Actual Total Time": 0.032, "Actual Rows": 0, "Actual Loops": 1, "Plans": [{"Node Type": "Index Scan", "Parent Relationship": "Outer", "Parallel Aware": false, "Async Capable": false, "Scan Direction": "Forward", "Index Name": "stock_pkey", "Relation Name": "stock", "Alias": "stock", "Startup Cost": 0.42, "Total Cost": 30.66, "Plan Rows": 26, "Plan Width": 32, "Actual Startup Time": 0.011, "Actual Total Time": 0.012, "Actual Rows": 1, "Actual Loops": 1, "Index Cond": "((s_w_id = 7) AND (s_i_id = 61159))", "Rows Removed by Index Recheck": 0}]}}]]]}
{"start_time": 1656967023.21363, "plan": [[[{"Plan": {"Node Type": "LockRows", "Parallel Aware": false, "Async Capable": false, "Startup Cost": 0.42, "Total Cost": 30.66, "Plan Rows": 26, "Plan Width": 1128, "Actual Startup Time": 0.034, "Actual Total Time": 0.036, "Actual Rows": 1, "Actual Loops": 1, "Plans": [{"Node Type": "Index Scan", "Parent Relationship": "Outer", "Parallel Aware": false, "Async Capable": false, "Scan Direction": "Forward", "Index Name": "stock_pkey", "Relation Name": "stock", "Alias": "stock", "Startup Cost": 0.42, "Total Cost": 30.4, "Plan Rows": 26, "Plan Width": 1128, "Actual Startup Time": 0.028, "Actual Total Time": 0.029, "Actual Rows": 1, "Actual Loops": 1, "Index Cond": "((s_w_id = 8) AND (s_i_id = 84647))", "Rows Removed by Index Recheck": 0}]}}]]]}
{"start_time": 1656967023.2134109, "plan": [[[{"Plan": {"Node Type": "Index Scan", "Parallel Aware": false, "Async Capable": false, "Scan Direction": "Forward", "Index Name": "warehouse_pkey", "Relation Name": "warehouse", "Alias": "warehouse", "Startup Cost": 0.14, "Total Cost": 2.36, "Plan Rows": 1, "Plan Width": 12, "Actual Startup Time": 0.328, "Actual Total Time": 0.329, "Actual Rows": 1, "Actual Loops": 1, "Index Cond": "(w_id = 3)", "Rows Removed by Index Recheck": 0}}]]]}
{"start_time": 1656967023.213763, "plan": [[[{"Plan": {"Node Type": "Index Scan", "Parallel Aware": false, "Async Capable": false, "Scan Direction": "Forward", "Index Name": "item_pkey", "Relation Name": "item", "Alias": "item", "Startup Cost": 0.29, "Total Cost": 2.51, "Plan Rows": 1, "Plan Width": 196, "Actual Startup Time": 0.008, "Actual Total Time": 0.009, "Actual Rows": 1, "Actual Loops": 1, "Index Cond": "(i_id = 35397)", "Rows Removed by Index Recheck": 0}}]]]}
{"start_time": 1656967023.213764, "plan": [[[{"Plan": {"Node Type": "Index Scan", "Parallel Aware": false, "Async Capable": false, "Scan Direction": "Forward", "Index Name": "item_pkey", "Relation Name": "item", "Alias": "item", "Startup Cost": 0.29, "Total Cost": 2.51, "Plan Rows": 1, "Plan Width": 196, "Actual Startup Time": 0.008, "Actual Total Time": 0.009, "Actual Rows": 1, "Actual Loops": 1, "Index Cond": "(i_id = 40660)", "Rows Removed by Index Recheck": 0}}]]]}
{"start_time": 1656967023.213775, "plan": [[[{"Plan": {"Node Type": "ModifyTable", "Operation": "Update", "Parallel Aware": false, "Async Capable": false, "Relation Name": "stock", "Alias": "stock", "Startup Cost": 0.42, "Total Cost": 30.66, "Plan Rows": 0, "Plan Width": 0, "Actual Startup Time": 0.024, "Actual Total Time": 0.024, "Actual Rows": 0, "Actual Loops": 1, "Plans": [{"Node Type": "Index Scan", "Parent Relationship": "Outer", "Parallel Aware": false, "Async Capable": false, "Scan Direction": "Forward", "Index Name": "stock_pkey", "Relation Name": "stock", "Alias": "stock", "Startup Cost": 0.42, "Total Cost": 30.66, "Plan Rows": 26, "Plan Width": 32, "Actual Startup Time": 0.011, "Actual Total Time": 0.012, "Actual Rows": 1, "Actual Loops": 1, "Index Cond": "((s_w_id = 4) AND (s_i_id = 24258))", "Rows Removed by Index Recheck": 0}]}}]]]}
{"start_time": 1656967023.213725, "plan": [[[{"Plan": {"Node Type": "ModifyTable", "Operation": "Update", "Parallel Aware": false, "Async Capable": false, "Relation Name": "customer", "Alias": "customer", "Startup Cost": 0.42, "Total Cost": 2.65, "Plan Rows": 0, "Plan Width": 0, "Actual Startup Time": 0.065, "Actual Total Time": 0.066, "Actual Rows": 0, "Actual Loops": 1, "Plans": [{"Node Type": "Index Scan", "Parent Relationship": "Outer", "Parallel Aware": false, "Async Capable": false, "Scan Direction": "Forward", "Index Name": "customer_pkey", "Relation Name": "customer", "Alias": "customer", "Startup Cost": 0.42, "Total Cost": 2.65, "Plan Rows": 1, "Plan Width": 26, "Actual Startup Time": 0.02, "Actual Total Time": 0.021, "Actual Rows": 1, "Actual Loops": 1, "Index Cond": "((c_w_id = 4) AND (c_d_id = 3) AND (c_id = 2681))", "Rows Removed by Index Recheck": 0}]}}]]]}
{"start_time": 1656967023.213569, "plan": [[[{"Plan": {"Node Type": "ModifyTable", "Operation": "Insert", "Parallel Aware": false, "Async Capable": false, "Relation Name": "order_line", "Alias": "order_line", "Startup Cost": 0.0, "Total Cost": 0.01, "Plan Rows": 0, "Plan Width": 0, "Actual Startup Time": 0.016, "Actual Total Time": 0.016, "Actual Rows": 0, "Actual Loops": 1, "Plans": [{"Node Type": "Result", "Parent Relationship": "Outer", "Parallel Aware": false, "Async Capable": false, "Startup Cost": 0.0, "Total Cost": 0.01, "Plan Rows": 1, "Plan Width": 160, "Actual Startup Time": 0.001, "Actual Total Time": 0.001, "Actual Rows": 1, "Actual Loops": 1}]}}]]]}
{"start_time": 1656967023.213863, "plan": [[[{"Plan": {"Node Type": "LockRows", "Parallel Aware": false, "Async Capable": false, "Startup Cost": 0.42, "Total Cost": 30.66, "Plan Rows": 26, "Plan Width": 1128, "Actual Startup Time": 0.012, "Actual Total Time": 0.014, "Actual Rows": 1, "Actual Loops": 1, "Plans": [{"Node Type": "Index Scan", "Parent Relationship": "Outer", "Parallel Aware": false, "Async Capable": false, "Scan Direction": "Forward", "Index Name": "stock_pkey", "Relation Name": "stock", "Alias": "stock", "Startup Cost": 0.42, "Total Cost": 30.4, "Plan Rows": 26, "Plan Width": 1128, "Actual Startup Time": 0.01, "Actual Total Time": 0.011, "Actual Rows": 1, "Actual Loops": 1, "Index Cond": "((s_w_id = 5) AND (s_i_id = 14948))", "Rows Removed by Index Recheck": 0}]}}]]]}
{"start_time": 1656967023.213852, "plan": [[[{"Plan": {"Node Type": "ModifyTable", "Operation": "Update", "Parallel Aware": false, "Async Capable": false, "Relation Name": "stock", "Alias": "stock", "Startup Cost": 0.42, "Total Cost": 30.66, "Plan Rows": 0, "Plan Width": 0, "Actual Startup Time": 0.024, "Actual Total Time": 0.025, "Actual Rows": 0, "Actual Loops": 1, "Plans": [{"Node Type": "Index Scan", "Parent Relationship": "Outer", "Parallel Aware": false, "Async Capable": false, "Scan Direction": "Forward", "Index Name": "stock_pkey", "Relation Name": "stock", "Alias": "stock", "Startup Cost": 0.42, "Total Cost": 30.66, "Plan Rows": 26, "Plan Width": 32, "Actual Startup Time": 0.011, "Actual Total Time": 0.012, "Actual Rows": 1, "Actual Loops": 1, "Index Cond": "((s_w_id = 7) AND (s_i_id = 47782))", "Rows Removed by Index Recheck": 0}]}}]]]}
{"start_time": 1656967023.213941, "plan": [[[{"Plan": {"Node Type": "LockRows", "Parallel Aware": false, "Async Capable": false, "Startup Cost": 0.42, "Total Cost": 30.66, "Plan Rows": 26, "Plan Width": 1128, "Actual Startup Time": 0.019, "Actual Total Time": 0.021, "Actual Rows": 1, "Actual Loops": 1, "Plans": [{"Node Type": "Index Scan", "Parent Relationship": "Outer", "Parallel Aware": false, "Async Capable": false, "Scan Direction": "Forward", "Index Name": "stock_pkey", "Relation Name": "stock", "Alias": "stock", "Startup Cost": 0.42, "Total Cost": 30.4, "Plan Rows": 26, "Plan Width": 1128, "Actual Startup Time": 0.017, "Actual Total Time": 0.018, "Actual Rows": 1, "Actual Loops": 1, "Index Cond": "((s_w_id = 9) AND (s_i_id = 40660))", "Rows Removed by Index Recheck": 0}]}}]]]}
{"start_time": 1656967023.213964, "plan": [[[{"Plan": {"Node Type": "ModifyTable", "Operation": "Update", "Parallel Aware": false, "Async Capable": false, "Relation Name": "stock", "Alias": "stock", "Startup Cost": 0.42, "Total Cost": 30.66, "Plan Rows": 0, "Plan Width": 0, "Actual Startup Time": 0.024, "Actual Total Time": 0.024, "Actual Rows": 0, "Actual Loops": 1, "Plans": [{"Node Type": "Index Scan", "Parent Relationship": "Outer", "Parallel Aware": false, "Async Capable": false, "Scan Direction": "Forward", "Index Name": "stock_pkey", "Relation Name": "stock", "Alias": "stock", "Startup Cost": 0.42, "Total Cost": 30.66, "Plan Rows": 26, "Plan Width": 32, "Actual Startup Time": 0.011, "Actual Total Time": 0.012, "Actual Rows": 1, "Actual Loops": 1, "Index Cond": "((s_w_id = 4) AND (s_i_id = 5173))", "Rows Removed by Index Recheck": 0}]}}]]]}
{"start_time": 1656967023.213992, "plan": [[[{"Plan": {"Node Type": "ModifyTable", "Operation": "Insert", "Parallel Aware": false, "Async Capable": false, "Relation Name": "order_line", "Alias": "order_line", "Startup Cost": 0.0, "Total Cost": 0.01, "Plan Rows": 0, "Plan Width": 0, "Actual Startup Time": 0.016, "Actual Total Time": 0.016, "Actual Rows": 0, "Actual Loops": 1, "Plans": [{"Node Type": "Result", "Parent Relationship": "Outer", "Parallel Aware": false, "Async Capable": false, "Startup Cost": 0.0, "Total Cost": 0.01, "Plan Rows": 1, "Plan Width": 160, "Actual Startup Time": 0.001, "Actual Total Time": 0.001, "Actual Rows": 1, "Actual Loops": 1}]}}]]]}
{"start_time": 1656967023.214097, "plan": [[[{"Plan": {"Node Type": "ModifyTable", "Operation": "Update", "Parallel Aware": false, "Async Capable": false, "Relation Name": "stock", "Alias": "stock", "Startup Cost": 0.42, "Total Cost": 30.66, "Plan Rows": 0, "Plan Width": 0, "Actual Startup Time": 0.031, "Actual Total Time": 0.032, "Actual Rows": 0, "Actual Loops": 1, "Plans": [{"Node Type": "Index Scan", "Parent Relationship": "Outer", "Parallel Aware": false, "Async Capable": false, "Scan Direction": "Forward", "Index Name": "stock_pkey", "Relation Name": "stock", "Alias": "stock", "Startup Cost": 0.42, "Total Cost": 30.66, "Plan Rows": 26, "Plan Width": 32, "Actual Startup Time": 0.01, "Actual Total Time": 0.011, "Actual Rows": 1, "Actual Loops": 1, "Index Cond": "((s_w_id = 7) AND (s_i_id = 97527))", "Rows Removed by Index Recheck": 0}]}}]]]}
{"start_time": 1656967023.214078, "plan": [[[{"Plan": {"Node Type": "Limit", "Parallel Aware": false, "Async Capable": false, "Startup Cost": 0.42, "Total Cost": 2.09, "Plan Rows": 1, "Plan Width": 4, "Actual Startup Time": 0.015, "Actual Total Time": 0.015, "Actual Rows": 1, "Actual Loops": 1, "Plans": [{"Node Type": "Index Only Scan", "Parent Relationship": "Outer", "Parallel Aware": false, "Async Capable": false, "Scan Direction": "Forward", "Index Name": "new_order_pkey", "Relation Name": "new_order", "Alias": "new_order", "Startup Cost": 0.42, "Total Cost": 3.76, "Plan Rows": 2, "Plan Width": 4, "Actual Startup Time": 0.014, "Actual Total Time": 0.014, "Actual Rows": 1, "Actual Loops": 1, "Index Cond": "((no_w_id = 4) AND (no_d_id = 4))", "Rows Removed by Index Recheck": 0, "Heap Fetches": 2}]}}]]]}
{"start_time": 1656967023.2140741, "plan": [[[{"Plan": {"Node Type": "ModifyTable", "Operation": "Insert", "Parallel Aware": false, "Async Capable": false, "Relation Name": "order_line", "Alias": "order_line", "Startup Cost": 0.0, "Total Cost": 0.01, "Plan Rows": 0, "Plan Width": 0, "Actual Startup Time": 0.021, "Actual Total Time": 0.021, "Actual Rows": 0, "Actual Loops": 1, "Plans": [{"Node Type": "Result", "Parent Relationship": "Outer", "Parallel Aware": false, "Async Capable": false, "Startup Cost": 0.0, "Total Cost": 0.01, "Plan Rows": 1, "Plan Width": 160, "Actual Startup Time": 0.001, "Actual Total Time": 0.002, "Actual Rows": 1, "Actual Loops": 1}]}}]]]}
{"start_time": 1656967023.214196, "plan": [[[{"Plan": {"Node Type": "Index Scan", "Parallel Aware": false, "Async Capable": false, "Scan Direction": "Forward", "Index Name": "item_pkey", "Relation Name": "item", "Alias": "item", "Startup Cost": 0.29, "Total Cost": 2.51, "Plan Rows": 1, "Plan Width": 196, "Actual Startup Time": 0.008, "Actual Total Time": 0.009, "Actual Rows": 1, "Actual Loops": 1, "Index Cond": "(i_id = 61159)", "Rows Removed by Index Recheck": 0}}]]]}
{"start_time": 1656967023.214155, "plan": [[[{"Plan": {"Node Type": "ModifyTable", "Operation": "Update", "Parallel Aware": false, "Async Capable": false, "Relation Name": "stock", "Alias": "stock", "Startup Cost": 0.42, "Total Cost": 30.66, "Plan Rows": 0, "Plan Width": 0, "Actual Startup Time": 0.024, "Actual Total Time": 0.024, "Actual Rows": 0, "Actual Loops": 1, "Plans": [{"Node Type": "Index Scan", "Parent Relationship": "Outer", "Parallel Aware": false, "Async Capable": false, "Scan Direction": "Forward", "Index Name": "stock_pkey", "Relation Name": "stock", "Alias": "stock", "Startup Cost": 0.42, "Total Cost": 30.66, "Plan Rows": 26, "Plan Width": 32, "Actual Startup Time": 0.011, "Actual Total Time": 0.012, "Actual Rows": 1, "Actual Loops": 1, "Index Cond": "((s_w_id = 4) AND (s_i_id = 87653))", "Rows Removed by Index Recheck": 0}]}}]]]}
{"start_time": 1656967023.2142, "plan": [[[{"Plan": {"Node Type": "LockRows", "Parallel Aware": false, "Async Capable": false, "Startup Cost": 0.42, "Total Cost": 30.66, "Plan Rows": 26, "Plan Width": 1128, "Actual Startup Time": 0.034, "Actual Total Time": 0.036, "Actual Rows": 1, "Actual Loops": 1, "Plans": [{"Node Type": "Index Scan", "Parent Relationship": "Outer", "Parallel Aware": false, "Async Capable": false, "Scan Direction": "Forward", "Index Name": "stock_pkey", "Relation Name": "stock", "Alias": "stock", "Startup Cost": 0.42, "Total Cost": 30.4, "Plan Rows": 26, "Plan Width": 1128, "Actual Startup Time": 0.028, "Actual Total Time": 0.029, "Actual Rows": 1, "Actual Loops": 1, "Index Cond": "((s_w_id = 5) AND (s_i_id = 35397))", "Rows Removed by Index Recheck": 0}]}}]]]}
{"start_time": 1656967023.214331, "plan": [[[{"Plan": {"Node Type": "ModifyTable", "Operation": "Delete", "Parallel Aware": false, "Async Capable": false, "Relation Name": "new_order", "Alias": "new_order", "Startup Cost": 0.42, "Total Cost": 2.64, "Plan Rows": 0, "Plan Width": 0, "Actual Startup Time": 0.015, "Actual Total Time": 0.016, "Actual Rows": 0, "Actual Loops": 1, "Plans": [{"Node Type": "Index Scan", "Parent Relationship": "Outer", "Parallel Aware": false, "Async Capable": false, "Scan Direction": "Forward", "Index Name": "new_order_pkey", "Relation Name": "new_order", "Alias": "new_order", "Startup Cost": 0.42, "Total Cost": 2.64, "Plan Rows": 1, "Plan Width": 6, "Actual Startup Time": 0.011, "Actual Total Time": 0.011, "Actual Rows": 1, "Actual Loops": 1, "Index Cond": "((no_w_id = 4) AND (no_d_id = 4) AND (no_o_id = 2142))", "Rows Removed by Index Recheck": 0}]}}]]]}
{"start_time": 1656967023.2143111, "plan": [[[{"Plan": {"Node Type": "ModifyTable", "Operation": "Insert", "Parallel Aware": false, "Async Capable": false, "Relation Name": "order_line", "Alias": "order_line", "Startup Cost": 0.0, "Total Cost": 0.01, "Plan Rows": 0, "Plan Width": 0, "Actual Startup Time": 0.015, "Actual Total Time": 0.015, "Actual Rows": 0, "Actual Loops": 1, "Plans": [{"Node Type": "Result", "Parent Relationship": "Outer", "Parallel Aware": false, "Async Capable": false, "Startup Cost": 0.0, "Total Cost": 0.01, "Plan Rows": 1, "Plan Width": 160, "Actual Startup Time": 0.001, "Actual Total Time": 0.001, "Actual Rows": 1, "Actual Loops": 1}]}}]]]}
{"start_time": 1656967023.2143378, "plan": [[[{"Plan": {"Node Type": "ModifyTable", "Operation": "Update", "Parallel Aware": false, "Async Capable": false, "Relation Name": "stock", "Alias": "stock", "Startup Cost": 0.42, "Total Cost": 30.66, "Plan Rows": 0, "Plan Width": 0, "Actual Startup Time": 0.024, "Actual Total Time": 0.024, "Actual Rows": 0, "Actual Loops": 1, "Plans": [{"Node Type": "Index Scan", "Parent Relationship": "Outer", "Parallel Aware": false, "Async Capable": false, "Scan Direction": "Forward", "Index Name": "stock_pkey", "Relation Name": "stock", "Alias": "stock", "Startup Cost": 0.42, "Total Cost": 30.66, "Plan Rows": 26, "Plan Width": 32, "Actual Startup Time": 0.011, "Actual Total Time": 0.012, "Actual Rows": 1, "Actual Loops": 1, "Index Cond": "((s_w_id = 4) AND (s_i_id = 3119))", "Rows Removed by Index Recheck": 0}]}}]]]}
{"start_time": 1656967023.214291, "plan": [[[{"Plan": {"Node Type": "ModifyTable", "Operation": "Update", "Parallel Aware": false, "Async Capable": false, "Relation Name": "stock", "Alias": "stock", "Startup Cost": 0.42, "Total Cost": 30.66, "Plan Rows": 0, "Plan Width": 0, "Actual Startup Time": 0.023, "Actual Total Time": 0.024, "Actual Rows": 0, "Actual Loops": 1, "Plans": [{"Node Type": "Index Scan", "Parent Relationship": "Outer", "Parallel Aware": false, "Async Capable": false, "Scan Direction": "Forward", "Index Name": "stock_pkey", "Relation Name": "stock", "Alias": "stock", "Startup Cost": 0.42, "Total Cost": 30.66, "Plan Rows": 26, "Plan Width": 32, "Actual Startup Time": 0.01, "Actual Total Time": 0.011, "Actual Rows": 1, "Actual Loops": 1, "Index Cond": "((s_w_id = 7) AND (s_i_id = 48470))", "Rows Removed by Index Recheck": 0}]}}]]]}
{"start_time": 1656967023.213797, "plan": [[[{"Plan": {"Node Type": "ModifyTable", "Operation": "Update", "Parallel Aware": false, "Async Capable": false, "Relation Name": "district", "Alias": "district", "Startup Cost": 0.14, "Total Cost": 2.36, "Plan Rows": 0, "Plan Width": 0, "Actual Startup Time": 0.023, "Actual Total Time": 0.023, "Actual Rows": 0, "Actual Loops": 1, "Plans": [{"Node Type": "Index Scan", "Parent Relationship": "Outer", "Parallel Aware": false, "Async Capable": false, "Scan Direction": "Forward", "Index Name": "district_pkey", "Relation Name": "district", "Alias": "district", "Startup Cost": 0.14, "Total Cost": 2.36, "Plan Rows": 1, "Plan Width": 10, "Actual Startup Time": 0.008, "Actual Total Time": 0.008, "Actual Rows": 1, "Actual Loops": 1, "Index Cond": "((d_w_id = 10) AND (d_id = 8))", "Rows Removed by Index Recheck": 0}]}}]]]}
{"start_time": 1656967023.214366, "plan": [[[{"Plan": {"Node Type": "LockRows", "Parallel Aware": false, "Async Capable": false, "Startup Cost": 0.42, "Total Cost": 30.66, "Plan Rows": 26, "Plan Width": 1128, "Actual Startup Time": 0.013, "Actual Total Time": 0.015, "Actual Rows": 1, "Actual Loops": 1, "Plans": [{"Node Type": "Index Scan", "Parent Relationship": "Outer", "Parallel Aware": false, "Async Capable": false, "Scan Direction": "Forward", "Index Name": "stock_pkey", "Relation Name": "stock", "Alias": "stock", "Startup Cost": 0.42, "Total Cost": 30.4, "Plan Rows": 26, "Plan Width": 1128, "Actual Startup Time": 0.01, "Actual Total Time": 0.011, "Actual Rows": 1, "Actual Loops": 1, "Index Cond": "((s_w_id = 9) AND (s_i_id = 61159))", "Rows Removed by Index Recheck": 0}]}}]]]}
{"start_time": 1656967023.214432, "plan": [[[{"Plan": {"Node Type": "ModifyTable", "Operation": "Update", "Parallel Aware": false, "Async Capable": false, "Relation Name": "stock", "Alias": "stock", "Startup Cost": 0.42, "Total Cost": 30.66, "Plan Rows": 0, "Plan Width": 0, "Actual Startup Time": 0.03, "Actual Total Time": 0.031, "Actual Rows": 0, "Actual Loops": 1, "Plans": [{"Node Type": "Index Scan", "Parent Relationship": "Outer", "Parallel Aware": false, "Async Capable": false, "Scan Direction": "Forward", "Index Name": "stock_pkey", "Relation Name": "stock", "Alias": "stock", "Startup Cost": 0.42, "Total Cost": 30.66, "Plan Rows": 26, "Plan Width": 32, "Actual Startup Time": 0.011, "Actual Total Time": 0.012, "Actual Rows": 1, "Actual Loops": 1, "Index Cond": "((s_w_id = 1) AND (s_i_id = 9911))", "Rows Removed by Index Recheck": 0}]}}]]]}
{"start_time": 1656967023.214518, "plan": [[[{"Plan": {"Node Type": "ModifyTable", "Operation": "Insert", "Parallel Aware": false, "Async Capable": false, "Relation Name": "order_line", "Alias": "order_line", "Startup Cost": 0.0, "Total Cost": 0.01, "Plan Rows": 0, "Plan Width": 0, "Actual Startup Time": 0.015, "Actual Total Time": 0.015, "Actual Rows": 0, "Actual Loops": 1, "Plans": [{"Node Type": "Result", "Parent Relationship": "Outer", "Parallel Aware": false, "Async Capable": false, "Startup Cost": 0.0, "Total Cost": 0.01, "Plan Rows": 1, "Plan Width": 160, "Actual Startup Time": 0.001, "Actual Total Time": 0.001, "Actual Rows": 1, "Actual Loops": 1}]}}]]]}
{"start_time": 1656967023.214528, "plan": [[[{"Plan": {"Node Type": "ModifyTable", "Operation": "Update", "Parallel Aware": false, "Async Capable": false, "Relation Name": "stock", "Alias": "stock", "Startup Cost": 0.42, "Total Cost": 30.66, "Plan Rows": 0, "Plan Width": 0, "Actual Startup Time": 0.024, "Actual Total Time": 0.025, "Actual Rows": 0, "Actual Loops": 1, "Plans": [{"Node Type": "Index Scan", "Parent Relationship": "Outer", "Parallel Aware": false, "Async Capable": false, "Scan Direction": "Forward", "Index Name": "stock_pkey", "Relation Name": "stock", "Alias": "stock", "Startup Cost": 0.42, "Total Cost": 30.66, "Plan Rows": 26, "Plan Width": 32, "Actual Startup Time": 0.011, "Actual Total Time": 0.011, "Actual Rows": 1, "Actual Loops": 1, "Index Cond": "((s_w_id = 1) AND (s_i_id = 11749))", "Rows Removed by Index Recheck": 0}]}}]]]}
{"start_time": 1656967023.214528, "plan": [[[{"Plan": {"Node Type": "ModifyTable", "Operation": "Update", "Parallel Aware": false, "Async Capable": false, "Relation Name": "stock", "Alias": "stock", "Startup Cost": 0.42, "Total Cost": 30.66, "Plan Rows": 0, "Plan Width": 0, "Actual Startup Time": 0.024, "Actual Total Time": 0.025, "Actual Rows": 0, "Actual Loops": 1, "Plans": [{"Node Type": "Index Scan", "Parent Relationship": "Outer", "Parallel Aware": false, "Async Capable": false, "Scan Direction": "Forward", "Index Name": "stock_pkey", "Relation Name": "stock", "Alias": "stock", "Startup Cost": 0.42, "Total Cost": 30.66, "Plan Rows": 26, "Plan Width": 32, "Actual Startup Time": 0.011, "Actual Total Time": 0.011, "Actual Rows": 1, "Actual Loops": 1, "Index Cond": "((s_w_id = 7) AND (s_i_id = 5843))", "Rows Removed by Index Recheck": 0}]}}]]]}
{"start_time": 1656967023.213281, "plan": [[[{"Plan": {"Node Type": "LockRows", "Parallel Aware": false, "Async Capable": false, "Startup Cost": 0.42, "Total Cost": 30.66, "Plan Rows": 26, "Plan Width": 1128, "Actual Startup Time": 0.383, "Actual Total Time": 0.385, "Actual Rows": 1, "Actual Loops": 1, "Plans": [{"Node Type": "Index Scan", "Parent Relationship": "Outer", "Parallel Aware": false, "Async Capable": false, "Scan Direction": "Forward", "Index Name": "stock_pkey", "Relation Name": "stock", "Alias": "stock", "Startup Cost": 0.42, "Total Cost": 30.4, "Plan Rows": 26, "Plan Width": 1128, "Actual Startup Time": 0.378, "Actual Total Time": 0.38, "Actual Rows": 1, "Actual Loops": 1, "Index Cond": "((s_w_id = 2) AND (s_i_id = 56795))", "Rows Removed by Index Recheck": 0}]}}]]]}
{"start_time": 1656967023.214549, "plan": [[[{"Plan": {"Node Type": "Index Scan", "Parallel Aware": false, "Async Capable": false, "Scan Direction": "Forward", "Index Name": "oorder_pkey", "Relation Name": "oorder", "Alias": "oorder", "Startup Cost": 0.42, "Total Cost": 2.65, "Plan Rows": 1, "Plan Width": 4, "Actual Startup Time": 0.022, "Actual Total Time": 0.023, "Actual Rows": 1, "Actual Loops": 1, "Index Cond": "((o_w_id = 4) AND (o_d_id = 4) AND (o_id = 2142))", "Rows Removed by Index Recheck": 0}}]]]}
{"start_time": 1656967023.214672, "plan": [[[{"Plan": {"Node Type": "Index Scan", "Parallel Aware": false, "Async Capable": false, "Scan Direction": "Forward", "Index Name": "item_pkey", "Relation Name": "item", "Alias": "item", "Startup Cost": 0.29, "Total Cost": 2.51, "Plan Rows": 1, "Plan Width": 196, "Actual Startup Time": 0.008, "Actual Total Time": 0.008, "Actual Rows": 1, "Actual Loops": 1, "Index Cond": "(i_id = 28134)", "Rows Removed by Index Recheck": 0}}]]]}
{"start_time": 1656967023.2147288, "plan": [[[{"Plan": {"Node Type": "ModifyTable", "Operation": "Update", "Parallel Aware": false, "Async Capable": false, "Relation Name": "stock", "Alias": "stock", "Startup Cost": 0.42, "Total Cost": 30.66, "Plan Rows": 0, "Plan Width": 0, "Actual Startup Time": 0.023, "Actual Total Time": 0.023, "Actual Rows": 0, "Actual Loops": 1, "Plans": [{"Node Type": "Index Scan", "Parent Relationship": "Outer", "Parallel Aware": false, "Async Capable": false, "Scan Direction": "Forward", "Index Name": "stock_pkey", "Relation Name": "stock", "Alias": "stock", "Startup Cost": 0.42, "Total Cost": 30.66, "Plan Rows": 26, "Plan Width": 32, "Actual Startup Time": 0.01, "Actual Total Time": 0.011, "Actual Rows": 1, "Actual Loops": 1, "Index Cond": "((s_w_id = 7) AND (s_i_id = 31415))", "Rows Removed by Index Recheck": 0}]}}]]]}
{"start_time": 1656967023.2147288, "plan": [[[{"Plan": {"Node Type": "ModifyTable", "Operation": "Update", "Parallel Aware": false, "Async Capable": false, "Relation Name": "stock", "Alias": "stock", "Startup Cost": 0.42, "Total Cost": 30.66, "Plan Rows": 0, "Plan Width": 0, "Actual Startup Time": 0.031, "Actual Total Time": 0.031, "Actual Rows": 0, "Actual Loops": 1, "Plans": [{"Node Type": "Index Scan", "Parent Relationship": "Outer", "Parallel Aware": false, "Async Capable": false, "Scan Direction": "Forward", "Index Name": "stock_pkey", "Relation Name": "stock", "Alias": "stock", "Startup Cost": 0.42, "Total Cost": 30.66, "Plan Rows": 26, "Plan Width": 32, "Actual Startup Time": 0.01, "Actual Total Time": 0.01, "Actual Rows": 1, "Actual Loops": 1, "Index Cond": "((s_w_id = 4) AND (s_i_id = 60513))", "Rows Removed by Index Recheck": 0}]}}]]]}
{"start_time": 1656967023.214806, "plan": [[[{"Plan": {"Node Type": "Index Scan", "Parallel Aware": false, "Async Capable": false, "Scan Direction": "Forward", "Index Name": "item_pkey", "Relation Name": "item", "Alias": "item", "Startup Cost": 0.29, "Total Cost": 2.51, "Plan Rows": 1, "Plan Width": 196, "Actual Startup Time": 0.008, "Actual Total Time": 0.009, "Actual Rows": 1, "Actual Loops": 1, "Index Cond": "(i_id = 89757)", "Rows Removed by Index Recheck": 0}}]]]}
{"start_time": 1656967023.21473, "plan": [[[{"Plan": {"Node Type": "ModifyTable", "Operation": "Insert", "Parallel Aware": false, "Async Capable": false, "Relation Name": "order_line", "Alias": "order_line", "Startup Cost": 0.0, "Total Cost": 0.01, "Plan Rows": 0, "Plan Width": 0, "Actual Startup Time": 0.016, "Actual Total Time": 0.016, "Actual Rows": 0, "Actual Loops": 1, "Plans": [{"Node Type": "Result", "Parent Relationship": "Outer", "Parallel Aware": false, "Async Capable": false, "Startup Cost": 0.0, "Total Cost": 0.01, "Plan Rows": 1, "Plan Width": 160, "Actual Startup Time": 0.001, "Actual Total Time": 0.001, "Actual Rows": 1, "Actual Loops": 1}]}}]]]}
{"start_time": 1656967023.214798, "plan": [[[{"Plan": {"Node Type": "Index Scan", "Parallel Aware": false, "Async Capable": false, "Scan Direction": "Forward", "Index Name": "item_pkey", "Relation Name": "item", "Alias": "item", "Startup Cost": 0.29, "Total Cost": 2.51, "Plan Rows": 1, "Plan Width": 196, "Actual Startup Time": 0.009, "Actual Total Time": 0.01, "Actual Rows": 1, "Actual Loops": 1, "Index Cond": "(i_id = 15847)", "Rows Removed by Index Recheck": 0}}]]]}
{"start_time": 1656967023.214556, "plan": [[[{"Plan": {"Node Type": "LockRows", "Parallel Aware": false, "Async Capable": false, "Startup Cost": 0.14, "Total Cost": 2.37, "Plan Rows": 1, "Plan Width": 15, "Actual Startup Time": 0.012, "Actual Total Time": 0.013, "Actual Rows": 1, "Actual Loops": 1, "Plans": [{"Node Type": "Index Scan", "Parent Relationship": "Outer", "Parallel Aware": false, "Async Capable": false, "Scan Direction": "Forward", "Index Name": "district_pkey", "Relation Name": "district", "Alias": "district", "Startup Cost": 0.14, "Total Cost": 2.36, "Plan Rows": 1, "Plan Width": 15, "Actual Startup Time": 0.007, "Actual Total Time": 0.008, "Actual Rows": 1, "Actual Loops": 1, "Index Cond": "((d_w_id = 3) AND (d_id = 6))", "Rows Removed by Index Recheck": 0}]}}]]]}
{"start_time": 1656967023.214631, "plan": [[[{"Plan": {"Node Type": "ModifyTable", "Operation": "Update", "Parallel Aware": false, "Async Capable": false, "Relation Name": "stock", "Alias": "stock", "Startup Cost": 0.42, "Total Cost": 30.66, "Plan Rows": 0, "Plan Width": 0, "Actual Startup Time": 0.025, "Actual Total Time": 0.025, "Actual Rows": 0, "Actual Loops": 1, "Plans": [{"Node Type": "Index Scan", "Parent Relationship": "Outer", "Parallel Aware": false, "Async Capable": false, "Scan Direction": "Forward", "Index Name": "stock_pkey", "Relation Name": "stock", "Alias": "stock", "Startup Cost": 0.42, "Total Cost": 30.66, "Plan Rows": 26, "Plan Width": 32, "Actual Startup Time": 0.01, "Actual Total Time": 0.011, "Actual Rows": 1, "Actual Loops": 1, "Index Cond": "((s_w_id = 1) AND (s_i_id = 88771))", "Rows Removed by Index Recheck": 0}]}}]]]}
{"start_time": 1656967023.214844, "plan": [[[{"Plan": {"Node Type": "LockRows", "Parallel Aware": false, "Async Capable": false, "Startup Cost": 0.42, "Total Cost": 30.66, "Plan Rows": 26, "Plan Width": 1128, "Actual Startup Time": 0.013, "Actual Total Time": 0.015, "Actual Rows": 1, "Actual Loops": 1, "Plans": [{"Node Type": "Index Scan", "Parent Relationship": "Outer", "Parallel Aware": false, "Async Capable": false, "Scan Direction": "Forward", "Index Name": "stock_pkey", "Relation Name": "stock", "Alias": "stock", "Startup Cost": 0.42, "Total Cost": 30.4, "Plan Rows": 26, "Plan Width": 1128, "Actual Startup Time": 0.011, "Actual Total Time": 0.011, "Actual Rows": 1, "Actual Loops": 1, "Index Cond": "((s_w_id = 9) AND (s_i_id = 28134))", "Rows Removed by Index Recheck": 0}]}}]]]}
{"start_time": 1656967023.212511, "plan": [[[{"Plan": {"Node Type": "ModifyTable", "Operation": "Update", "Parallel Aware": false, "Async Capable": false, "Relation Name": "stock", "Alias": "stock", "Startup Cost": 0.42, "Total Cost": 30.66, "Plan Rows": 0, "Plan Width": 0, "Actual Startup Time": 0.033, "Actual Total Time": 0.033, "Actual Rows": 0, "Actual Loops": 1, "Plans": [{"Node Type": "Index Scan", "Parent Relationship": "Outer", "Parallel Aware": false, "Async Capable": false, "Scan Direction": "Forward", "Index Name": "stock_pkey", "Relation Name": "stock", "Alias": "stock", "Startup Cost": 0.42, "Total Cost": 30.66, "Plan Rows": 26, "Plan Width": 32, "Actual Startup Time": 0.014, "Actual Total Time": 0.015, "Actual Rows": 1, "Actual Loops": 1, "Index Cond": "((s_w_id = 9) AND (s_i_id = 89417))", "Rows Removed by Index Recheck": 0}]}}]]]}
{"start_time": 1656967023.214927, "plan": [[[{"Plan": {"Node Type": "ModifyTable", "Operation": "Update", "Parallel Aware": false, "Async Capable": false, "Relation Name": "stock", "Alias": "stock", "Startup Cost": 0.42, "Total Cost": 30.66, "Plan Rows": 0, "Plan Width": 0, "Actual Startup Time": 0.021, "Actual Total Time": 0.021, "Actual Rows": 0, "Actual Loops": 1, "Plans": [{"Node Type": "Index Scan", "Parent Relationship": "Outer", "Parallel Aware": false, "Async Capable": false, "Scan Direction": "Forward", "Index Name": "stock_pkey", "Relation Name": "stock", "Alias": "stock", "Startup Cost": 0.42, "Total Cost": 30.66, "Plan Rows": 26, "Plan Width": 32, "Actual Startup Time": 0.009, "Actual Total Time": 0.01, "Actual Rows": 1, "Actual Loops": 1, "Index Cond": "((s_w_id = 4) AND (s_i_id = 5060))", "Rows Removed by Index Recheck": 0}]}}]]]}
{"start_time": 1656967023.21494, "plan": [[[{"Plan": {"Node Type": "ModifyTable", "Operation": "Insert", "Parallel Aware": false, "Async Capable": false, "Relation Name": "order_line", "Alias": "order_line", "Startup Cost": 0.0, "Total Cost": 0.01, "Plan Rows": 0, "Plan Width": 0, "Actual Startup Time": 0.016, "Actual Total Time": 0.016, "Actual Rows": 0, "Actual Loops": 1, "Plans": [{"Node Type": "Result", "Parent Relationship": "Outer", "Parallel Aware": false, "Async Capable": false, "Startup Cost": 0.0, "Total Cost": 0.01, "Plan Rows": 1, "Plan Width": 160, "Actual Startup Time": 0.001, "Actual Total Time": 0.001, "Actual Rows": 1, "Actual Loops": 1}]}}]]]}
{"start_time": 1656967023.214034, "plan": [[[{"Plan": {"Node Type": "ModifyTable", "Operation": "Insert", "Parallel Aware": false, "Async Capable": false, "Relation Name": "history", "Alias": "history", "Startup Cost": 0.0, "Total Cost": 0.01, "Plan Rows": 0, "Plan Width": 0, "Actual Startup Time": 0.008, "Actual Total Time": 0.008, "Actual Rows": 0, "Actual Loops": 1, "Plans": [{"Node Type": "Result", "Parent Relationship": "Outer", "Parallel Aware": false, "Async Capable": false, "Startup Cost": 0.0, "Total Cost": 0.01, "Plan Rows": 1, "Plan Width": 108, "Actual Startup Time": 0.001, "Actual Total Time": 0.001, "Actual Rows": 1, "Actual Loops": 1}]}}]]]}
{"start_time": 1656967023.2149448, "plan": [[[{"Plan": {"Node Type": "ModifyTable", "Operation": "Update", "Parallel Aware": false, "Async Capable": false, "Relation Name": "oorder", "Alias": "oorder", "Startup Cost": 0.42, "Total Cost": 2.65, "Plan Rows": 0, "Plan Width": 0, "Actual Startup Time": 0.037, "Actual Total Time": 0.038, "Actual Rows": 0, "Actual Loops": 1, "Plans": [{"Node Type": "Index Scan", "Parent Relationship": "Outer", "Parallel Aware": false, "Async Capable": false, "Scan Direction": "Forward", "Index Name": "oorder_pkey", "Relation Name": "oorder", "Alias": "oorder", "Startup Cost": 0.42, "Total Cost": 2.65, "Plan Rows": 1, "Plan Width": 10, "Actual Startup Time": 0.011, "Actual Total Time": 0.012, "Actual Rows": 1, "Actual Loops": 1, "Index Cond": "((o_w_id = 4) AND (o_d_id = 4) AND (o_id = 2142))", "Rows Removed by Index Recheck": 0}]}}]]]}
{"start_time": 1656967023.2151208, "plan": [[[{"Plan": {"Node Type": "Index Scan", "Parallel Aware": false, "Async Capable": false, "Scan Direction": "Forward", "Index Name": "item_pkey", "Relation Name": "item", "Alias": "item", "Startup Cost": 0.29, "Total Cost": 2.51, "Plan Rows": 1, "Plan Width": 196, "Actual Startup Time": 0.008, "Actual Total Time": 0.009, "Actual Rows": 1, "Actual Loops": 1, "Index Cond": "(i_id = 97959)", "Rows Removed by Index Recheck": 0}}]]]}
{"start_time": 1656967023.2151098, "plan": [[[{"Plan": {"Node Type": "ModifyTable", "Operation": "Update", "Parallel Aware": false, "Async Capable": false, "Relation Name": "stock", "Alias": "stock", "Startup Cost": 0.42, "Total Cost": 30.66, "Plan Rows": 0, "Plan Width": 0, "Actual Startup Time": 0.024, "Actual Total Time": 0.025, "Actual Rows": 0, "Actual Loops": 1, "Plans": [{"Node Type": "Index Scan", "Parent Relationship": "Outer", "Parallel Aware": false, "Async Capable": false, "Scan Direction": "Forward", "Index Name": "stock_pkey", "Relation Name": "stock", "Alias": "stock", "Startup Cost": 0.42, "Total Cost": 30.66, "Plan Rows": 26, "Plan Width": 32, "Actual Startup Time": 0.011, "Actual Total Time": 0.012, "Actual Rows": 1, "Actual Loops": 1, "Index Cond": "((s_w_id = 9) AND (s_i_id = 78052))", "Rows Removed by Index Recheck": 0}]}}]]]}
{"start_time": 1656967023.215148, "plan": [[[{"Plan": {"Node Type": "ModifyTable", "Operation": "Insert", "Parallel Aware": false, "Async Capable": false, "Relation Name": "order_line", "Alias": "order_line", "Startup Cost": 0.0, "Total Cost": 0.01, "Plan Rows": 0, "Plan Width": 0, "Actual Startup Time": 0.014, "Actual Total Time": 0.014, "Actual Rows": 0, "Actual Loops": 1, "Plans": [{"Node Type": "Result", "Parent Relationship": "Outer", "Parallel Aware": false, "Async Capable": false, "Startup Cost": 0.0, "Total Cost": 0.01, "Plan Rows": 1, "Plan Width": 160, "Actual Startup Time": 0.001, "Actual Total Time": 0.001, "Actual Rows": 1, "Actual Loops": 1}]}}]]]}
{"start_time": 1656967023.215143, "plan": [[[{"Plan": {"Node Type": "ModifyTable", "Operation": "Update", "Parallel Aware": false, "Async Capable": false, "Relation Name": "stock", "Alias": "stock", "Startup Cost": 0.42, "Total Cost": 30.66, "Plan Rows": 0, "Plan Width": 0, "Actual Startup Time": 0.082, "Actual Total Time": 0.082, "Actual Rows": 0, "Actual Loops": 1, "Plans": [{"Node Type": "Index Scan", "Parent Relationship": "Outer", "Parallel Aware": false, "Async Capable": false, "Scan Direction": "Forward", "Index Name": "stock_pkey", "Relation Name": "stock", "Alias": "stock", "Startup Cost": 0.42, "Total Cost": 30.66, "Plan Rows": 26, "Plan Width": 32, "Actual Startup Time": 0.01, "Actual Total Time": 0.011, "Actual Rows": 1, "Actual Loops": 1, "Index Cond": "((s_w_id = 2) AND (s_i_id = 83613))", "Rows Removed by Index Recheck": 0}]}}]]]}
{"start_time": 1656967023.214666, "plan": [[[{"Plan": {"Node Type": "ModifyTable", "Operation": "Insert", "Parallel Aware": false, "Async Capable": false, "Relation Name": "oorder", "Alias": "oorder", "Startup Cost": 0.0, "Total Cost": 0.01, "Plan Rows": 0, "Plan Width": 0, "Actual Startup Time": 0.036, "Actual Total Time": 0.036, "Actual Rows": 0, "Actual Loops": 1, "Plans": [{"Node Type": "Result", "Parent Relationship": "Outer", "Parallel Aware": false, "Async Capable": false, "Startup Cost": 0.0, "Total Cost": 0.01, "Plan Rows": 1, "Plan Width": 36, "Actual Startup Time": 0.001, "Actual Total Time": 0.001, "Actual Rows": 1, "Actual Loops": 1}]}}]]]}
{"start_time": 1656967023.21524, "plan": [[[{"Plan": {"Node Type": "LockRows", "Parallel Aware": false, "Async Capable": false, "Startup Cost": 0.42, "Total Cost": 30.66, "Plan Rows": 26, "Plan Width": 1128, "Actual Startup Time": 0.013, "Actual Total Time": 0.014, "Actual Rows": 1, "Actual Loops": 1, "Plans": [{"Node Type": "Index Scan", "Parent Relationship": "Outer", "Parallel Aware": false, "Async Capable": false, "Scan Direction": "Forward", "Index Name": "stock_pkey", "Relation Name": "stock", "Alias": "stock", "Startup Cost": 0.42, "Total Cost": 30.4, "Plan Rows": 26, "Plan Width": 1128, "Actual Startup Time": 0.01, "Actual Total Time": 0.011, "Actual Rows": 1, "Actual Loops": 1, "Index Cond": "((s_w_id = 5) AND (s_i_id = 89757))", "Rows Removed by Index Recheck": 0}]}}]]]}
{"start_time": 1656967023.215238, "plan": [[[{"Plan": {"Node Type": "LockRows", "Parallel Aware": false, "Async Capable": false, "Startup Cost": 0.42, "Total Cost": 30.66, "Plan Rows": 26, "Plan Width": 1128, "Actual Startup Time": 0.013, "Actual Total Time": 0.015, "Actual Rows": 1, "Actual Loops": 1, "Plans": [{"Node Type": "Index Scan", "Parent Relationship": "Outer", "Parallel Aware": false, "Async Capable": false, "Scan Direction": "Forward", "Index Name": "stock_pkey", "Relation Name": "stock", "Alias": "stock", "Startup Cost": 0.42, "Total Cost": 30.4, "Plan Rows": 26, "Plan Width": 1128, "Actual Startup Time": 0.01, "Actual Total Time": 0.011, "Actual Rows": 1, "Actual Loops": 1, "Index Cond": "((s_w_id = 2) AND (s_i_id = 15847))", "Rows Removed by Index Recheck": 0}]}}]]]}
{"start_time": 1656967023.215311, "plan": [[[{"Plan": {"Node Type": "ModifyTable", "Operation": "Update", "Parallel Aware": false, "Async Capable": false, "Relation Name": "warehouse", "Alias": "warehouse", "Startup Cost": 0.14, "Total Cost": 2.37, "Plan Rows": 0, "Plan Width": 0, "Actual Startup Time": 0.022, "Actual Total Time": 0.022, "Actual Rows": 0, "Actual Loops": 1, "Plans": [{"Node Type": "Index Scan", "Parent Relationship": "Outer", "Parallel Aware": false, "Async Capable": false, "Scan Direction": "Forward", "Index Name": "warehouse_pkey", "Relation Name": "warehouse", "Alias": "warehouse", "Startup Cost": 0.14, "Total Cost": 2.37, "Plan Rows": 1, "Plan Width": 22, "Actual Startup Time": 0.009, "Actual Total Time": 0.01, "Actual Rows": 1, "Actual Loops": 1, "Index Cond": "(w_id = 10)", "Rows Removed by Index Recheck": 0}]}}]]]}
{"start_time": 1656967023.215353, "plan": [[[{"Plan": {"Node Type": "ModifyTable", "Operation": "Insert", "Parallel Aware": false, "Async Capable": false, "Relation Name": "order_line", "Alias": "order_line", "Startup Cost": 0.0, "Total Cost": 0.01, "Plan Rows": 0, "Plan Width": 0, "Actual Startup Time": 0.013, "Actual Total Time": 0.013, "Actual Rows": 0, "Actual Loops": 1, "Plans": [{"Node Type": "Result", "Parent Relationship": "Outer", "Parallel Aware": false, "Async Capable": false, "Startup Cost": 0.0, "Total Cost": 0.01, "Plan Rows": 1, "Plan Width": 160, "Actual Startup Time": 0.001, "Actual Total Time": 0.001, "Actual Rows": 1, "Actual Loops": 1}]}}]]]}
{"start_time": 1656967023.215322, "plan": [[[{"Plan": {"Node Type": "ModifyTable", "Operation": "Update", "Parallel Aware": false, "Async Capable": false, "Relation Name": "stock", "Alias": "stock", "Startup Cost": 0.42, "Total Cost": 30.66, "Plan Rows": 0, "Plan Width": 0, "Actual Startup Time": 0.022, "Actual Total Time": 0.022, "Actual Rows": 0, "Actual Loops": 1, "Plans": [{"Node Type": "Index Scan", "Parent Relationship": "Outer", "Parallel Aware": false, "Async Capable": false, "Scan Direction": "Forward", "Index Name": "stock_pkey", "Relation Name": "stock", "Alias": "stock", "Startup Cost": 0.42, "Total Cost": 30.66, "Plan Rows": 26, "Plan Width": 32, "Actual Startup Time": 0.01, "Actual Total Time": 0.01, "Actual Rows": 1, "Actual Loops": 1, "Index Cond": "((s_w_id = 9) AND (s_i_id = 73255))", "Rows Removed by Index Recheck": 0}]}}]]]}
{"start_time": 1656967023.215493, "plan": [[[{"Plan": {"Node Type": "Index Scan", "Parallel Aware": false, "Async Capable": false, "Scan Direction": "Forward", "Index Name": "item_pkey", "Relation Name": "item", "Alias": "item", "Startup Cost": 0.29, "Total Cost": 2.51, "Plan Rows": 1, "Plan Width": 196, "Actual Startup Time": 0.008, "Actual Total Time": 0.009, "Actual Rows": 1, "Actual Loops": 1, "Index Cond": "(i_id = 92823)", "Rows Removed by Index Recheck": 0}}]]]}
{"start_time": 1656967023.215434, "plan": [[[{"Plan": {"Node Type": "ModifyTable", "Operation": "Update", "Parallel Aware": false, "Async Capable": false, "Relation Name": "stock", "Alias": "stock", "Startup Cost": 0.42, "Total Cost": 30.66, "Plan Rows": 0, "Plan Width": 0, "Actual Startup Time": 0.021, "Actual Total Time": 0.022, "Actual Rows": 0, "Actual Loops": 1, "Plans": [{"Node Type": "Index Scan", "Parent Relationship": "Outer", "Parallel Aware": false, "Async Capable": false, "Scan Direction": "Forward", "Index Name": "stock_pkey", "Relation Name": "stock", "Alias": "stock", "Startup Cost": 0.42, "Total Cost": 30.66, "Plan Rows": 26, "Plan Width": 32, "Actual Startup Time": 0.009, "Actual Total Time": 0.01, "Actual Rows": 1, "Actual Loops": 1, "Index Cond": "((s_w_id = 2) AND (s_i_id = 48864))", "Rows Removed by Index Recheck": 0}]}}]]]}
{"start_time": 1656967023.215475, "plan": [[[{"Plan": {"Node Type": "LockRows", "Parallel Aware": false, "Async Capable": false, "Startup Cost": 0.42, "Total Cost": 30.66, "Plan Rows": 26, "Plan Width": 1128, "Actual Startup Time": 0.011, "Actual Total Time": 0.012, "Actual Rows": 1, "Actual Loops": 1, "Plans": [{"Node Type": "Index Scan", "Parent Relationship": "Outer", "Parallel Aware": false, "Async Capable": false, "Scan Direction": "Forward", "Index Name": "stock_pkey", "Relation Name": "stock", "Alias": "stock", "Startup Cost": 0.42, "Total Cost": 30.4, "Plan Rows": 26, "Plan Width": 1128, "Actual Startup Time": 0.008, "Actual Total Time": 0.009, "Actual Rows": 1, "Actual Loops": 1, "Index Cond": "((s_w_id = 9) AND (s_i_id = 97959))", "Rows Removed by Index Recheck": 0}]}}]]]}
