{"start_time": 1656967023.0305228, "plan": [[[{"Plan": {"Node Type": "ModifyTable", "Operation": "Insert", "Parallel Aware": false, "Async Capable": false, "Relation Name": "order_line", "Alias": "order_line", "Startup Cost": 0.0, "Total Cost": 0.01, "Plan Rows": 0, "Plan Width": 0, "Actual Startup Time": 0.014, "Actual Total Time": 0.014, "Actual Rows": 0, "Actual Loops": 1, "Plans": [{"Node Type": "Result", "Parent Relationship": "Outer", "Parallel Aware": false, "Async Capable": false, "Startup Cost": 0.0, "Total Cost": 0.01, "Plan Rows": 1, "Plan Width": 160, "Actual Startup Time": 0.001, "Actual Total Time": 0.001, "Actual Rows": 1, "Actual Loops": 1}]}}]]]}
{"start_time": 1656967023.030591, "plan": [[[{"Plan": {"Node Type": "ModifyTable", "Operation": "Insert", "Parallel Aware": false, "Async Capable": false, "Relation Name": "order_line", "Alias": "order_line", "Startup Cost": 0.0, "Total Cost": 0.01, "Plan Rows": 0, "Plan Width": 0, "Actual Startup Time": 0.015, "Actual Total Time": 0.016, "Actual Rows": 0, "Actual Loops": 1, "Plans": [{"Node Type": "Result", "Parent Relationship": "Outer", "Parallel Aware": false, "Async Capable": false, "Startup Cost": 0.0, "Total Cost": 0.01, "Plan Rows": 1, "Plan Width": 160, "Actual Startup Time": 0.001, "Actual Total Time": 0.001, "Actual Rows": 1, "Actual Loops": 1}]}}]]]}
{"start_time": 1656967023.03039, "plan": [[[{"Plan": {"Node Type": "ModifyTable", "Operation": "Update", "Parallel Aware": false, "Async Capable": false, "Relation Name": "warehouse", "Alias": "warehouse", "Startup Cost": 0.14, "Total Cost": 2.37, "Plan Rows": 0, "Plan Width": 0, "Actual Startup Time": 0.024, "Actual Total Time": 0.024, "Actual Rows": 0, "Actual Loops": 1, "Plans": [{"Node Type": "Index Scan", "Parent Relationship": "Outer", "Parallel Aware": false, "Async Capable": false, "Scan Direction": "Forward", "Index Name": "warehouse_pkey", "Relation Name": "warehouse", "Alias": "warehouse", "Startup Cost": 0.14, "Total Cost": 2.37, "Plan Rows": 1, "Plan Width": 22, "Actual Startup Time": 0.008, "Actual Total Time": 0.009, "Actual Rows": 1, "Actual Loops": 1, "Index Cond": "(w_id = 3)", "Rows Removed by Index Recheck": 0}]}}]]]}
{"start_time": 1656967023.030539, "plan": [[[{"Plan": {"Node Type": "ModifyTable", "Operation": "Insert", "Parallel Aware": false, "Async Capable": false, "Relation Name": "oorder", "Alias": "oorder", "Startup Cost": 0.0, "Total Cost": 0.01, "Plan Rows": 0, "Plan Width": 0, "Actual Startup Time": 0.031, "Actual Total Time": 0.032, "Actual Rows": 0, "Actual Loops": 1, "Plans": [{"Node Type": "Result", "Parent Relationship": "Outer", "Parallel Aware": false, "Async Capable": false, "Startup Cost": 0.0, "Total Cost": 0.01, "Plan Rows": 1, "Plan Width": 36, "Actual Startup Time": 0.001, "Actual Total Time": 0.001, "Actual Rows": 1, "Actual Loops": 1}]}}]]]}
{"start_time": 1656967023.0306778, "plan": [[[{"Plan": {"Node Type": "ModifyTable", "Operation": "Insert", "Parallel Aware": false, "Async Capable": false, "Relation Name": "order_line", "Alias": "order_line", "Startup Cost": 0.0, "Total Cost": 0.01, "Plan Rows": 0, "Plan Width": 0, "Actual Startup Time": 0.014, "Actual Total Time": 0.014, "Actual Rows": 0, "Actual Loops": 1, "Plans": [{"Node Type": "Result", "Parent Relationship": "Outer", "Parallel Aware": false, "Async Capable": false, "Startup Cost": 0.0, "Total Cost": 0.01, "Plan Rows": 1, "Plan Width": 160, "Actual Startup Time": 0.001, "Actual Total Time": 0.001, "Actual Rows": 1, "Actual Loops": 1}]}}]]]}
{"start_time": 1656967023.0307221, "plan": [[[{"Plan": {"Node Type": "ModifyTable", "Operation": "Update", "Parallel Aware": false, "Async Capable": false, "Relation Name": "oorder", "Alias": "oorder", "Startup Cost": 0.42, "Total Cost": 2.65, "Plan Rows": 0, "Plan Width": 0, "Actual Startup Time": 0.024, "Actual Total Time": 0.024, "Actual Rows": 0, "Actual Loops": 1, "Plans": [{"Node Type": "Index Scan", "Parent Relationship": "Outer", "Parallel Aware": false, "Async Capable": false, "Scan Direction": "Forward", "Index Name": "oorder_pkey", "Relation Name": "oorder", "Alias": "oorder", "Startup Cost": 0.42, "Total Cost": 2.65, "Plan Rows": 1, "Plan Width": 10, "Actual Startup Time": 0.009, "Actual Total Time": 0.01, "Actual Rows": 1, "Actual Loops": 1, "Index Cond": "((o_w_id = 10) AND (o_d_id = 2) AND (o_id = 2161))", "Rows Removed by Index Recheck": 0}]}}]]]}
{"start_time": 1656967023.030793, "plan": [[[{"Plan": {"Node Type": "ModifyTable", "Operation": "Insert", "Parallel Aware": false, "Async Capable": false, "Relation Name": "order_line", "Alias": "order_line", "Startup Cost": 0.0, "Total Cost": 0.01, "Plan Rows": 0, "Plan Width": 0, "Actual Startup Time": 0.016, "Actual Total Time": 0.016, "Actual Rows": 0, "Actual Loops": 1, "Plans": [{"Node Type": "Result", "Parent Relationship": "Outer", "Parallel Aware": false, "Async Capable": false, "Startup Cost": 0.0, "Total Cost": 0.01, "Plan Rows": 1, "Plan Width": 160, "Actual Startup Time": 0.001, "Actual Total Time": 0.001, "Actual Rows": 1, "Actual Loops": 1}]}}]]]}
{"start_time": 1656967023.030767, "plan": [[[{"Plan": {"Node Type": "ModifyTable", "Operation": "Insert", "Parallel Aware": false, "Async Capable": false, "Relation Name": "order_line", "Alias": "order_line", "Startup Cost": 0.0, "Total Cost": 0.01, "Plan Rows": 0, "Plan Width": 0, "Actual Startup Time": 0.013, "Actual Total Time": 0.013, "Actual Rows": 0, "Actual Loops": 1, "Plans": [{"Node Type": "Result", "Parent Relationship": "Outer", "Parallel Aware": false, "Async Capable": false, "Startup Cost": 0.0, "Total Cost": 0.01, "Plan Rows": 1, "Plan Width": 160, "Actual Startup Time": 0.001, "Actual Total Time": 0.001, "Actual Rows": 1, "Actual Loops": 1}]}}]]]}
{"start_time": 1656967023.030874, "plan": [[[{"Plan": {"Node Type": "Index Scan", "Parallel Aware": false, "Async Capable": false, "Scan Direction": "Forward", "Index Name": "warehouse_pkey", "Relation Name": "warehouse", "Alias": "warehouse", "Startup Cost": 0.14, "Total Cost": 2.36, "Plan Rows": 1, "Plan Width": 264, "Actual Startup Time": 0.006, "Actual Total Time": 0.007, "Actual Rows": 1, "Actual Loops": 1, "Index Cond": "(w_id = 3)", "Rows Removed by Index Recheck": 0}}]]]}
{"start_time": 1656967023.030819, "plan": [[[{"Plan": {"Node Type": "ModifyTable", "Operation": "Delete", "Parallel Aware": false, "Async Capable": false, "Relation Name": "new_order", "Alias": "new_order", "Startup Cost": 0.42, "Total Cost": 2.64, "Plan Rows": 0, "Plan Width": 0, "Actual Startup Time": 0.012, "Actual Total Time": 0.012, "Actual Rows": 0, "Actual Loops": 1, "Plans": [{"Node Type": "Index Scan", "Parent Relationship": "Outer", "Parallel Aware": false, "Async Capable": false, "Scan Direction": "Forward", "Index Name": "new_order_pkey", "Relation Name": "new_order", "Alias": "new_order", "Startup Cost": 0.42, "Total Cost": 2.64, "Plan Rows": 1, "Plan Width": 6, "Actual Startup Time": 0.008, "Actual Total Time": 0.009, "Actual Rows": 1, "Actual Loops": 1, "Index Cond": "((no_w_id = 7) AND (no_d_id = 2) AND (no_o_id = 2154))", "Rows Removed by Index Recheck": 0}]}}]]]}
{"start_time": 1656967023.0307689, "plan": [[[{"Plan": {"Node Type": "ModifyTable", "Operation": "Update", "Parallel Aware": false, "Async Capable": false, "Relation Name": "customer", "Alias": "customer", "Startup Cost": 0.42, "Total Cost": 2.65, "Plan Rows": 0, "Plan Width": 0, "Actual Startup Time": 0.042, "Actual Total Time": 0.043, "Actual Rows": 0, "Actual Loops": 1, "Plans": [{"Node Type": "Index Scan", "Parent Relationship": "Outer", "Parallel Aware": false, "Async Capable": false, "Scan Direction": "Forward", "Index Name": "customer_pkey", "Relation Name": "customer", "Alias": "customer", "Startup Cost": 0.42, "Total Cost": 2.65, "Plan Rows": 1, "Plan Width": 26, "Actual Startup Time": 0.023, "Actual Total Time": 0.024, "Actual Rows": 1, "Actual Loops": 1, "Index Cond": "((c_w_id = 5) AND (c_d_id = 8) AND (c_id = 2579))", "Rows Removed by Index Recheck": 0}]}}]]]}
{"start_time": 1656967023.030905, "plan": [[[{"Plan": {"Node Type": "ModifyTable", "Operation": "Update", "Parallel Aware": false, "Async Capable": false, "Relation Name": "stock", "Alias": "stock", "Startup Cost": 0.42, "Total Cost": 29.54, "Plan Rows": 0, "Plan Width": 0, "Actual Startup Time": 0.034, "Actual Total Time": 0.035, "Actual Rows": 0, "Actual Loops": 1, "Plans": [{"Node Type": "Index Scan", "Parent Relationship": "Outer", "Parallel Aware": false, "Async Capable": false, "Scan Direction": "Forward", "Index Name": "stock_pkey", "Relation Name": "stock", "Alias": "stock", "Startup Cost": 0.42, "Total Cost": 29.54, "Plan Rows": 25, "Plan Width": 32, "Actual Startup Time": 0.011, "Actual Total Time": 0.012, "Actual Rows": 1, "Actual Loops": 1, "Index Cond": "((s_w_id = 8) AND (s_i_id = 86951))", "Rows Removed by Index Recheck": 0}]}}]]]}
{"start_time": 1656967023.031025, "plan": [[[{"Plan": {"Node Type": "Index Scan", "Parallel Aware": false, "Async Capable": false, "Scan Direction": "Forward", "Index Name": "item_pkey", "Relation Name": "item", "Alias": "item", "Startup Cost": 0.29, "Total Cost": 2.51, "Plan Rows": 1, "Plan Width": 196, "Actual Startup Time": 0.007, "Actual Total Time": 0.008, "Actual Rows": 1, "Actual Loops": 1, "Index Cond": "(i_id = 32199)", "Rows Removed by Index Recheck": 0}}]]]}
{"start_time": 1656967023.0307178, "plan": [[[{"Plan": {"Node Type": "ModifyTable", "Operation": "Update", "Parallel Aware": false, "Async Capable": false, "Relation Name": "district", "Alias": "district", "Startup Cost": 0.14, "Total Cost": 2.37, "Plan Rows": 0, "Plan Width": 0, "Actual Startup Time": 0.019, "Actual Total Time": 0.02, "Actual Rows": 0, "Actual Loops": 1, "Plans": [{"Node Type": "Index Scan", "Parent Relationship": "Outer", "Parallel Aware": false, "Async Capable": false, "Scan Direction": "Forward", "Index Name": "district_pkey", "Relation Name": "district", "Alias": "district", "Startup Cost": 0.14, "Total Cost": 2.37, "Plan Rows": 1, "Plan Width": 22, "Actual Startup Time": 0.007, "Actual Total Time": 0.008, "Actual Rows": 1, "Actual Loops": 1, "Index Cond": "((d_w_id = 6) AND (d_id = 8))", "Rows Removed by Index Recheck": 0}]}}]]]}
{"start_time": 1656967023.03095, "plan": [[[{"Plan": {"Node Type": "ModifyTable", "Operation": "Update", "Parallel Aware": false, "Async Capable": false, "Relation Name": "order_line", "Alias": "order_line", "Startup Cost": 0.43, "Total Cost": 2.65, "Plan Rows": 0, "Plan Width": 0, "Actual Startup Time": 0.066, "Actual Total Time": 0.066, "Actual Rows": 0, "Actual Loops": 1, "Plans": [{"Node Type": "Index Scan", "Parent Relationship": "Outer", "Parallel Aware": false, "Async Capable": false, "Scan Direction": "Forward", "Index Name": "order_line_pkey", "Relation Name": "order_line", "Alias": "order_line", "Startup Cost": 0.43, "Total Cost": 2.65, "Plan Rows": 1, "Plan Width": 14, "Actual Startup Time": 0.019, "Actual Total Time": 0.023, "Actual Rows": 9, "Actual Loops": 1, "Index Cond": "((ol_w_id = 10) AND (ol_d_id = 2) AND (ol_o_id = 2161))", "Rows Removed by Index Recheck": 0}]}}]]]}
{"start_time": 1656967023.030991, "plan": [[[{"Plan": {"Node Type": "ModifyTable", "Operation": "Insert", "Parallel Aware": false, "Async Capable": false, "Relation Name": "order_line", "Alias": "order_line", "Startup Cost": 0.0, "Total Cost": 0.01, "Plan Rows": 0, "Plan Width": 0, "Actual Startup Time": 0.015, "Actual Total Time": 0.015, "Actual Rows": 0, "Actual Loops": 1, "Plans": [{"Node Type": "Result", "Parent Relationship": "Outer", "Parallel Aware": false, "Async Capable": false, "Startup Cost": 0.0, "Total Cost": 0.01, "Plan Rows": 1, "Plan Width": 160, "Actual Startup Time": 0.001, "Actual Total Time": 0.001, "Actual Rows": 1, "Actual Loops": 1}]}}]]]}
{"start_time": 1656967023.030999, "plan": [[[{"Plan": {"Node Type": "ModifyTable", "Operation": "Insert", "Parallel Aware": false, "Async Capable": false, "Relation Name": "order_line", "Alias": "order_line", "Startup Cost": 0.0, "Total Cost": 0.01, "Plan Rows": 0, "Plan Width": 0, "Actual Startup Time": 0.014, "Actual Total Time": 0.015, "Actual Rows": 0, "Actual Loops": 1, "Plans": [{"Node Type": "Result", "Parent Relationship": "Outer", "Parallel Aware": false, "Async Capable": false, "Startup Cost": 0.0, "Total Cost": 0.01, "Plan Rows": 1, "Plan Width": 160, "Actual Startup Time": 0.001, "Actual Total Time": 0.001, "Actual Rows": 1, "Actual Loops": 1}]}}]]]}
{"start_time": 1656967023.031122, "plan": [[[{"Plan": {"Node Type": "ModifyTable", "Operation": "Update", "Parallel Aware": false, "Async Capable": false, "Relation Name": "stock", "Alias": "stock", "Startup Cost": 0.42, "Total Cost": 29.54, "Plan Rows": 0, "Plan Width": 0, "Actual Startup Time": 0.025, "Actual Total Time": 0.026, "Actual Rows": 0, "Actual Loops": 1, "Plans": [{"Node Type": "Index Scan", "Parent Relationship": "Outer", "Parallel Aware": false, "Async Capable": false, "Scan Direction": "Forward", "Index Name": "stock_pkey", "Relation Name": "stock", "Alias": "stock", "Startup Cost": 0.42, "Total Cost": 29.54, "Plan Rows": 25, "Plan Width": 32, "Actual Startup Time": 0.01, "Actual Total Time": 0.011, "Actual Rows": 1, "Actual Loops": 1, "Index Cond": "((s_w_id = 8) AND (s_i_id = 73108))", "Rows Removed by Index Recheck": 0}]}}]]]}
{"start_time": 1656967023.03103, "plan": [[[{"Plan": {"Node Type": "ModifyTable", "Operation": "Insert", "Parallel Aware": false, "Async Capable": false, "Relation Name": "new_order", "Alias": "new_order", "Startup Cost": 0.0, "Total Cost": 0.01, "Plan Rows": 0, "Plan Width": 0, "Actual Startup Time": 0.064, "Actual Total Time": 0.064, "Actual Rows": 0, "Actual Loops": 1, "Plans": [{"Node Type": "Result", "Parent Relationship": "Outer", "Parallel Aware": false, "Async Capable": false, "Startup Cost": 0.0, "Total Cost": 0.01, "Plan Rows": 1, "Plan Width": 12, "Actual Startup Time": 0.001, "Actual Total Time": 0.001, "Actual Rows": 1, "Actual Loops": 1}]}}]]]}
{"start_time": 1656967023.031101, "plan": [[[{"Plan": {"Node Type": "Limit", "Parallel Aware": false, "Async Capable": false, "Startup Cost": 0.42, "Total Cost": 2.09, "Plan Rows": 1, "Plan Width": 4, "Actual Startup Time": 0.016, "Actual Total Time": 0.017, "Actual Rows": 1, "Actual Loops": 1, "Plans": [{"Node Type": "Index Only Scan", "Parent Relationship": "Outer", "Parallel Aware": false, "Async Capable": false, "Scan Direction": "Forward", "Index Name": "new_order_pkey", "Relation Name": "new_order", "Alias": "new_order", "Startup Cost": 0.42, "Total Cost": 3.76, "Plan Rows": 2, "Plan Width": 4, "Actual Startup Time": 0.016, "Actual Total Time": 0.016, "Actual Rows": 1, "Actual Loops": 1, "Index Cond": "((no_w_id = 5) AND (no_d_id = 9))", "Rows Removed by Index Recheck": 0, "Heap Fetches": 2}]}}]]]}
{"start_time": 1656967023.0312061, "plan": [[[{"Plan": {"Node Type": "Index Scan", "Parallel Aware": false, "Async Capable": false, "Scan Direction": "Forward", "Index Name": "oorder_pkey", "Relation Name": "oorder", "Alias": "oorder", "Startup Cost": 0.42, "Total Cost": 2.65, "Plan Rows": 1, "Plan Width": 4, "Actual Startup Time": 0.01, "Actual Total Time": 0.011, "Actual Rows": 1, "Actual Loops": 1, "Index Cond": "((o_w_id = 7) AND (o_d_id = 2) AND (o_id = 2154))", "Rows Removed by Index Recheck": 0}}]]]}
{"start_time": 1656967023.031186, "plan": [[[{"Plan": {"Node Type": "ModifyTable", "Operation": "Insert", "Parallel Aware": false, "Async Capable": false, "Relation Name": "order_line", "Alias": "order_line", "Startup Cost": 0.0, "Total Cost": 0.01, "Plan Rows": 0, "Plan Width": 0, "Actual Startup Time": 0.015, "Actual Total Time": 0.016, "Actual Rows": 0, "Actual Loops": 1, "Plans": [{"Node Type": "Result", "Parent Relationship": "Outer", "Parallel Aware": false, "Async Capable": false, "Startup Cost": 0.0, "Total Cost": 0.01, "Plan Rows": 1, "Plan Width": 160, "Actual Startup Time": 0.001, "Actual Total Time": 0.001, "Actual Rows": 1, "Actual Loops": 1}]}}]]]}
{"start_time": 1656967023.0312061, "plan": [[[{"Plan": {"Node Type": "Aggregate", "Strategy": "Plain", "Partial Mode": "Simple", "Parallel Aware": false, "Async Capable": false, "Startup Cost": 2.66, "Total Cost": 2.67, "Plan Rows": 1, "Plan Width": 32, "Actual Startup Time": 0.017, "Actual Total Time": 0.017, "Actual Rows": 1, "Actual Loops": 1, "Plans": [{"Node Type": "Index Scan", "Parent Relationship": "Outer", "Parallel Aware": false, "Async Capable": false, "Scan Direction": "Forward", "Index Name": "order_line_pkey", "Relation Name": "order_line", "Alias": "order_line", "Startup Cost": 0.43, "Total Cost": 2.65, "Plan Rows": 1, "Plan Width": 14, "Actual Startup Time": 0.007, "Actual Total Time": 0.01, "Actual Rows": 9, "Actual Loops": 1, "Index Cond": "((ol_w_id = 10) AND (ol_d_id = 2) AND (ol_o_id = 2161))", "Rows Removed by Index Recheck": 0}]}}]]]}
{"start_time": 1656967023.0312028, "plan": [[[{"Plan": {"Node Type": "Index Scan", "Parallel Aware": false, "Async Capable": false, "Scan Direction": "Forward", "Index Name": "district_pkey", "Relation Name": "district", "Alias": "district", "Startup Cost": 0.14, "Total Cost": 2.36, "Plan Rows": 1, "Plan Width": 63, "Actual Startup Time": 0.006, "Actual Total Time": 0.006, "Actual Rows": 1, "Actual Loops": 1, "Index Cond": "((d_w_id = 6) AND (d_id = 8))", "Rows Removed by Index Recheck": 0}}]]]}
{"start_time": 1656967023.031238, "plan": [[[{"Plan": {"Node Type": "ModifyTable", "Operation": "Insert", "Parallel Aware": false, "Async Capable": false, "Relation Name": "order_line", "Alias": "order_line", "Startup Cost": 0.0, "Total Cost": 0.01, "Plan Rows": 0, "Plan Width": 0, "Actual Startup Time": 0.015, "Actual Total Time": 0.015, "Actual Rows": 0, "Actual Loops": 1, "Plans": [{"Node Type": "Result", "Parent Relationship": "Outer", "Parallel Aware": false, "Async Capable": false, "Startup Cost": 0.0, "Total Cost": 0.01, "Plan Rows": 1, "Plan Width": 160, "Actual Startup Time": 0.001, "Actual Total Time": 0.001, "Actual Rows": 1, "Actual Loops": 1}]}}]]]}
{"start_time": 1656967023.031321, "plan": [[[{"Plan": {"Node Type": "ModifyTable", "Operation": "Update", "Parallel Aware": false, "Async Capable": false, "Relation Name": "stock", "Alias": "stock", "Startup Cost": 0.42, "Total Cost": 29.54, "Plan Rows": 0, "Plan Width": 0, "Actual Startup Time": 0.026, "Actual Total Time": 0.026, "Actual Rows": 0, "Actual Loops": 1, "Plans": [{"Node Type": "Index Scan", "Parent Relationship": "Outer", "Parallel Aware": false, "Async Capable": false, "Scan Direction": "Forward", "Index Name": "stock_pkey", "Relation Name": "stock", "Alias": "stock", "Startup Cost": 0.42, "Total Cost": 29.54, "Plan Rows": 25, "Plan Width": 32, "Actual Startup Time": 0.011, "Actual Total Time": 0.012, "Actual Rows": 1, "Actual Loops": 1, "Index Cond": "((s_w_id = 8) AND (s_i_id = 38375))", "Rows Removed by Index Recheck": 0}]}}]]]}
{"start_time": 1656967023.03137, "plan": [[[{"Plan": {"Node Type": "ModifyTable", "Operation": "Delete", "Parallel Aware": false, "Async Capable": false, "Relation Name": "new_order", "Alias": "new_order", "Startup Cost": 0.42, "Total Cost": 2.64, "Plan Rows": 0, "Plan Width": 0, "Actual Startup Time": 0.012, "Actual Total Time": 0.012, "Actual Rows": 0, "Actual Loops": 1, "Plans": [{"Node Type": "Index Scan", "Parent Relationship": "Outer", "Parallel Aware": false, "Async Capable": false, "Scan Direction": "Forward", "Index Name": "new_order_pkey", "Relation Name": "new_order", "Alias": "new_order", "Startup Cost": 0.42, "Total Cost": 2.64, "Plan Rows": 1, "Plan Width": 6, "Actual Startup Time": 0.009, "Actual Total Time": 0.009, "Actual Rows": 1, "Actual Loops": 1, "Index Cond": "((no_w_id = 5) AND (no_d_id = 9) AND (no_o_id = 2135))", "Rows Removed by Index Recheck": 0}]}}]]]}
{"start_time": 1656967023.031384, "plan": [[[{"Plan": {"Node Type": "ModifyTable", "Operation": "Insert", "Parallel Aware": false, "Async Capable": false, "Relation Name": "order_line", "Alias": "order_line", "Startup Cost": 0.0, "Total Cost": 0.01, "Plan Rows": 0, "Plan Width": 0, "Actual Startup Time": 0.015, "Actual Total Time": 0.015, "Actual Rows": 0, "Actual Loops": 1, "Plans": [{"Node Type": "Result", "Parent Relationship": "Outer", "Parallel Aware": false, "Async Capable": false, "Startup Cost": 0.0, "Total Cost": 0.01, "Plan Rows": 1, "Plan Width": 160, "Actual Startup Time": 0.001, "Actual Total Time": 0.001, "Actual Rows": 1, "Actual Loops": 1}]}}]]]}
{"start_time": 1656967023.031406, "plan": [[[{"Plan": {"Node Type": "Index Scan", "Parallel Aware": false, "Async Capable": false, "Scan Direction": "Forward", "Index Name": "item_pkey", "Relation Name": "item", "Alias": "item", "Startup Cost": 0.29, "Total Cost": 2.51, "Plan Rows": 1, "Plan Width": 196, "Actual Startup Time": 0.008, "Actual Total Time": 0.009, "Actual Rows": 1, "Actual Loops": 1, "Index Cond": "(i_id = 48860)", "Rows Removed by Index Recheck": 0}}]]]}
{"start_time": 1656967023.031401, "plan": [[[{"Plan": {"Node Type": "ModifyTable", "Operation": "Update", "Parallel Aware": false, "Async Capable": false, "Relation Name": "oorder", "Alias": "oorder", "Startup Cost": 0.42, "Total Cost": 2.65, "Plan Rows": 0, "Plan Width": 0, "Actual Startup Time": 0.043, "Actual Total Time": 0.044, "Actual Rows": 0, "Actual Loops": 1, "Plans": [{"Node Type": "Index Scan", "Parent Relationship": "Outer", "Parallel Aware": false, "Async Capable": false, "Scan Direction": "Forward", "Index Name": "oorder_pkey", "Relation Name": "oorder", "Alias": "oorder", "Startup Cost": 0.42, "Total Cost": 2.65, "Plan Rows": 1, "Plan Width": 10, "Actual Startup Time": 0.009, "Actual Total Time": 0.01, "Actual Rows": 1, "Actual Loops": 1, "Index Cond": "((o_w_id = 7) AND (o_d_id = 2) AND (o_id = 2154))", "Rows Removed by Index Recheck": 0}]}}]]]}
{"start_time": 1656967023.031472, "plan": [[[{"Plan": {"Node Type": "ModifyTable", "Operation": "Update", "Parallel Aware": false, "Async Capable": false, "Relation Name": "customer", "Alias": "customer", "Startup Cost": 0.42, "Total Cost": 2.65, "Plan Rows": 0, "Plan Width": 0, "Actual Startup Time": 0.029, "Actual Total Time": 0.029, "Actual Rows": 0, "Actual Loops": 1, "Plans": [{"Node Type": "Index Scan", "Parent Relationship": "Outer", "Parallel Aware": false, "Async Capable": false, "Scan Direction": "Forward", "Index Name": "customer_pkey", "Relation Name": "customer", "Alias": "customer", "Startup Cost": 0.42, "Total Cost": 2.65, "Plan Rows": 1, "Plan Width": 26, "Actual Startup Time": 0.012, "Actual Total Time": 0.013, "Actual Rows": 1, "Actual Loops": 1, "Index Cond": "((c_w_id = 10) AND (c_d_id = 2) AND (c_id = 894))", "Rows Removed by Index Recheck": 0}]}}]]]}
{"start_time": 1656967023.031495, "plan": [[[{"Plan": {"Node Type": "ModifyTable", "Operation": "Insert", "Parallel Aware": false, "Async Capable": false, "Relation Name": "order_line", "Alias": "order_line", "Startup Cost": 0.0, "Total Cost": 0.01, "Plan Rows": 0, "Plan Width": 0, "Actual Startup Time": 0.015, "Actual Total Time": 0.015, "Actual Rows": 0, "Actual Loops": 1, "Plans": [{"Node Type": "Result", "Parent Relationship": "Outer", "Parallel Aware": false, "Async Capable": false, "Startup Cost": 0.0, "Total Cost": 0.01, "Plan Rows": 1, "Plan Width": 160, "Actual Startup Time": 0.001, "Actual Total Time": 0.001, "Actual Rows": 1, "Actual Loops": 1}]}}]]]}
{"start_time": 1656967023.0315099, "plan": [[[{"Plan": {"Node Type": "ModifyTable", "Operation": "Update", "Parallel Aware": false, "Async Capable": false, "Relation Name": "stock", "Alias": "stock", "Startup Cost": 0.42, "Total Cost": 29.54, "Plan Rows": 0, "Plan Width": 0, "Actual Startup Time": 0.023, "Actual Total Time": 0.023, "Actual Rows": 0, "Actual Loops": 1, "Plans": [{"Node Type": "Index Scan", "Parent Relationship": "Outer", "Parallel Aware": false, "Async Capable": false, "Scan Direction": "Forward", "Index Name": "stock_pkey", "Relation Name": "stock", "Alias": "stock", "Startup Cost": 0.42, "Total Cost": 29.54, "Plan Rows": 25, "Plan Width": 32, "Actual Startup Time": 0.009, "Actual Total Time": 0.01, "Actual Rows": 1, "Actual Loops": 1, "Index Cond": "((s_w_id = 8) AND (s_i_id = 1857))", "Rows Removed by Index Recheck": 0}]}}]]]}
{"start_time": 1656967023.0315619, "plan": [[[{"Plan": {"Node Type": "Index Scan", "Parallel Aware": false, "Async Capable": false, "Scan Direction": "Forward", "Index Name": "oorder_pkey", "Relation Name": "oorder", "Alias": "oorder", "Startup Cost": 0.42, "Total Cost": 2.65, "Plan Rows": 1, "Plan Width": 4, "Actual Startup Time": 0.018, "Actual Total Time": 0.019, "Actual Rows": 1, "Actual Loops": 1, "Index Cond": "((o_w_id = 5) AND (o_d_id = 9) AND (o_id = 2135))", "Rows Removed by Index Recheck": 0}}]]]}
{"start_time": 1656967023.031586, "plan": [[[{"Plan": {"Node Type": "ModifyTable", "Operation": "Insert", "Parallel Aware": false, "Async Capable": false, "Relation Name": "order_line", "Alias": "order_line", "Startup Cost": 0.0, "Total Cost": 0.01, "Plan Rows": 0, "Plan Width": 0, "Actual Startup Time": 0.015, "Actual Total Time": 0.015, "Actual Rows": 0, "Actual Loops": 1, "Plans": [{"Node Type": "Result", "Parent Relationship": "Outer", "Parallel Aware": false, "Async Capable": false, "Startup Cost": 0.0, "Total Cost": 0.01, "Plan Rows": 1, "Plan Width": 160, "Actual Startup Time": 0.001, "Actual Total Time": 0.001, "Actual Rows": 1, "Actual Loops": 1}]}}]]]}
{"start_time": 1656967023.031396, "plan": [[[{"Plan": {"Node Type": "Index Scan", "Parallel Aware": false, "Async Capable": false, "Scan Direction": "Forward", "Index Name": "item_pkey", "Relation Name": "item", "Alias": "item", "Startup Cost": 0.29, "Total Cost": 2.51, "Plan Rows": 1, "Plan Width": 196, "Actual Startup Time": 0.009, "Actual Total Time": 0.01, "Actual Rows": 1, "Actual Loops": 1, "Index Cond": "(i_id = 73287)", "Rows Removed by Index Recheck": 0}}]]]}
{"start_time": 1656967023.0316958, "plan": [[[{"Plan": {"Node Type": "ModifyTable", "Operation": "Update", "Parallel Aware": false, "Async Capable": false, "Relation Name": "stock", "Alias": "stock", "Startup Cost": 0.42, "Total Cost": 29.54, "Plan Rows": 0, "Plan Width": 0, "Actual Startup Time": 0.025, "Actual Total Time": 0.025, "Actual Rows": 0, "Actual Loops": 1, "Plans": [{"Node Type": "Index Scan", "Parent Relationship": "Outer", "Parallel Aware": false, "Async Capable": false, "Scan Direction": "Forward", "Index Name": "stock_pkey", "Relation Name": "stock", "Alias": "stock", "Startup Cost": 0.42, "Total Cost": 29.54, "Plan Rows": 25, "Plan Width": 32, "Actual Startup Time": 0.011, "Actual Total Time": 0.012, "Actual Rows": 1, "Actual Loops": 1, "Index Cond": "((s_w_id = 8) AND (s_i_id = 16102))", "Rows Removed by Index Recheck": 0}]}}]]]}
{"start_time": 1656967023.031523, "plan": [[[{"Plan": {"Node Type": "Index Scan", "Parallel Aware": false, "Async Capable": false, "Scan Direction": "Forward", "Index Name": "customer_pkey", "Relation Name": "customer", "Alias": "customer", "Startup Cost": 0.42, "Total Cost": 2.65, "Plan Rows": 1, "Plan Width": 482, "Actual Startup Time": 0.01, "Actual Total Time": 0.011, "Actual Rows": 1, "Actual Loops": 1, "Index Cond": "((c_w_id = 6) AND (c_d_id = 8) AND (c_id = 1787))", "Rows Removed by Index Recheck": 0}}]]]}
{"start_time": 1656967023.0317988, "plan": [[[{"Plan": {"Node Type": "LockRows", "Parallel Aware": false, "Async Capable": false, "Startup Cost": 0.42, "Total Cost": 29.54, "Plan Rows": 25, "Plan Width": 1128, "Actual Startup Time": 0.018, "Actual Total Time": 0.02, "Actual Rows": 1, "Actual Loops": 1, "Plans": [{"Node Type": "Index Scan", "Parent Relationship": "Outer", "Parallel Aware": false, "Async Capable": false, "Scan Direction": "Forward", "Index Name": "stock_pkey", "Relation Name": "stock", "Alias": "stock", "Startup Cost": 0.42, "Total Cost": 29.29, "Plan Rows": 25, "Plan Width": 1128, "Actual Startup Time": 0.016, "Actual Total Time": 0.017, "Actual Rows": 1, "Actual Loops": 1, "Index Cond": "((s_w_id = 9) AND (s_i_id = 48860))", "Rows Removed by Index Recheck": 0}]}}]]]}
{"start_time": 1656967023.0314279, "plan": [[[{"Plan": {"Node Type": "ModifyTable", "Operation": "Update", "Parallel Aware": false, "Async Capable": false, "Relation Name": "district", "Alias": "district", "Startup Cost": 0.14, "Total Cost": 2.37, "Plan Rows": 0, "Plan Width": 0, "Actual Startup Time": 0.022, "Actual Total Time": 0.023, "Actual Rows": 0, "Actual Loops": 1, "Plans": [{"Node Type": "Index Scan", "Parent Relationship": "Outer", "Parallel Aware": false, "Async Capable": false, "Scan Direction": "Forward", "Index Name": "district_pkey", "Relation Name": "district", "Alias": "district", "Startup Cost": 0.14, "Total Cost": 2.37, "Plan Rows": 1, "Plan Width": 22, "Actual Startup Time": 0.011, "Actual Total Time": 0.012, "Actual Rows": 1, "Actual Loops": 1, "Index Cond": "((d_w_id = 3) AND (d_id = 7))", "Rows Removed by Index Recheck": 0}]}}]]]}
{"start_time": 1656967023.0267649, "plan": [[[{"Plan": {"Node Type": "ModifyTable", "Operation": "Update", "Parallel Aware": false, "Async Capable": false, "Relation Name": "warehouse", "Alias": "warehouse", "Startup Cost": 0.14, "Total Cost": 2.37, "Plan Rows": 0, "Plan Width": 0, "Actual Startup Time": 5.125, "Actual Total Time": 5.126, "Actual Rows": 0, "Actual Loops": 1, "Plans": [{"Node Type": "Index Scan", "Parent Relationship": "Outer", "Parallel Aware": false, "Async Capable": false, "Scan Direction": "Forward", "Index Name": "warehouse_pkey", "Relation Name": "warehouse", "Alias": "warehouse", "Startup Cost": 0.14, "Total Cost": 2.37, "Plan Rows": 1, "Plan Width": 22, "Actual Startup Time": 0.01, "Actual Total Time": 0.011, "Actual Rows": 1, "Actual Loops": 1, "Index Cond": "(w_id = 9)", "Rows Removed by Index Recheck": 0}]}}]]]}
{"start_time": 1656967023.031889, "plan": [[[{"Plan": {"Node Type": "ModifyTable", "Operation": "Update", "Parallel Aware": false, "Async Capable": false, "Relation Name": "stock", "Alias": "stock", "Startup Cost": 0.42, "Total Cost": 29.54, "Plan Rows": 0, "Plan Width": 0, "Actual Startup Time": 0.023, "Actual Total Time": 0.024, "Actual Rows": 0, "Actual Loops": 1, "Plans": [{"Node Type": "Index Scan", "Parent Relationship": "Outer", "Parallel Aware": false, "Async Capable": false, "Scan Direction": "Forward", "Index Name": "stock_pkey", "Relation Name": "stock", "Alias": "stock", "Startup Cost": 0.42, "Total Cost": 29.54, "Plan Rows": 25, "Plan Width": 32, "Actual Startup Time": 0.011, "Actual Total Time": 0.011, "Actual Rows": 1, "Actual Loops": 1, "Index Cond": "((s_w_id = 8) AND (s_i_id = 15462))", "Rows Removed by Index Recheck": 0}]}}]]]}
{"start_time": 1656967023.0316968, "plan": [[[{"Plan": {"Node Type": "ModifyTable", "Operation": "Update", "Parallel Aware": false, "Async Capable": false, "Relation Name": "order_line", "Alias": "order_line", "Startup Cost": 0.43, "Total Cost": 2.65, "Plan Rows": 0, "Plan Width": 0, "Actual Startup Time": 0.19, "Actual Total Time": 0.19, "Actual Rows": 0, "Actual Loops": 1, "Plans": [{"Node Type": "Index Scan", "Parent Relationship": "Outer", "Parallel Aware": false, "Async Capable": false, "Scan Direction": "Forward", "Index Name": "order_line_pkey", "Relation Name": "order_line", "Alias": "order_line", "Startup Cost": 0.43, "Total Cost": 2.65, "Plan Rows": 1, "Plan Width": 14, "Actual Startup Time": 0.058, "Actual Total Time": 0.065, "Actual Rows": 13, "Actual Loops": 1, "Index Cond": "((ol_w_id = 7) AND (ol_d_id = 2) AND (ol_o_id = 2154))", "Rows Removed by Index Recheck": 0}]}}]]]}
{"start_time": 1656967023.031818, "plan": [[[{"Plan": {"Node Type": "Limit", "Parallel Aware": false, "Async Capable": false, "Startup Cost": 0.42, "Total Cost": 2.09, "Plan Rows": 1, "Plan Width": 4, "Actual Startup Time": 0.089, "Actual Total Time": 0.09, "Actual Rows": 1, "Actual Loops": 1, "Plans": [{"Node Type": "Index Only Scan", "Parent Relationship": "Outer", "Parallel Aware": false, "Async Capable": false, "Scan Direction": "Forward", "Index Name": "new_order_pkey", "Relation Name": "new_order", "Alias": "new_order", "Startup Cost": 0.42, "Total Cost": 3.76, "Plan Rows": 2, "Plan Width": 4, "Actual Startup Time": 0.089, "Actual Total Time": 0.089, "Actual Rows": 1, "Actual Loops": 1, "Index Cond": "((no_w_id = 10) AND (no_d_id = 3))", "Rows Removed by Index Recheck": 0, "Heap Fetches": 2}]}}]]]}
{"start_time": 1656967023.0317788, "plan": [[[{"Plan": {"Node Type": "ModifyTable", "Operation": "Update", "Parallel Aware": false, "Async Capable": false, "Relation Name": "stock", "Alias": "stock", "Startup Cost": 0.42, "Total Cost": 29.54, "Plan Rows": 0, "Plan Width": 0, "Actual Startup Time": 0.025, "Actual Total Time": 0.025, "Actual Rows": 0, "Actual Loops": 1, "Plans": [{"Node Type": "Index Scan", "Parent Relationship": "Outer", "Parallel Aware": false, "Async Capable": false, "Scan Direction": "Forward", "Index Name": "stock_pkey", "Relation Name": "stock", "Alias": "stock", "Startup Cost": 0.42, "Total Cost": 29.54, "Plan Rows": 25, "Plan Width": 32, "Actual Startup Time": 0.01, "Actual Total Time": 0.011, "Actual Rows": 1, "Actual Loops": 1, "Index Cond": "((s_w_id = 10) AND (s_i_id = 71270))", "Rows Removed by Index Recheck": 0}]}}]]]}
{"start_time": 1656967023.032096, "plan": [[[{"Plan": {"Node Type": "Index Scan", "Parallel Aware": false, "Async Capable": false, "Scan Direction": "Forward", "Index Name": "item_pkey", "Relation Name": "item", "Alias": "item", "Startup Cost": 0.29, "Total Cost": 2.51, "Plan Rows": 1, "Plan Width": 196, "Actual Startup Time": 0.009, "Actual Total Time": 0.01, "Actual Rows": 1, "Actual Loops": 1, "Index Cond": "(i_id = 97983)", "Rows Removed by Index Recheck": 0}}]]]}
{"start_time": 1656967023.031983, "plan": [[[{"Plan": {"Node Type": "ModifyTable", "Operation": "Update", "Parallel Aware": false, "Async Capable": false, "Relation Name": "customer", "Alias": "customer", "Startup Cost": 0.42, "Total Cost": 2.65, "Plan Rows": 0, "Plan Width": 0, "Actual Startup Time": 0.027, "Actual Total Time": 0.027, "Actual Rows": 0, "Actual Loops": 1, "Plans": [{"Node Type": "Index Scan", "Parent Relationship": "Outer", "Parallel Aware": false, "Async Capable": false, "Scan Direction": "Forward", "Index Name": "customer_pkey", "Relation Name": "customer", "Alias": "customer", "Startup Cost": 0.42, "Total Cost": 2.65, "Plan Rows": 1, "Plan Width": 34, "Actual Startup Time": 0.009, "Actual Total Time": 0.01, "Actual Rows": 1, "Actual Loops": 1, "Index Cond": "((c_w_id = 6) AND (c_d_id = 8) AND (c_id = 1787))", "Rows Removed by Index Recheck": 0}]}}]]]}
{"start_time": 1656967023.032064, "plan": [[[{"Plan": {"Node Type": "ModifyTable", "Operation": "Update", "Parallel Aware": false, "Async Capable": false, "Relation Name": "stock", "Alias": "stock", "Startup Cost": 0.42, "Total Cost": 29.54, "Plan Rows": 0, "Plan Width": 0, "Actual Startup Time": 0.024, "Actual Total Time": 0.025, "Actual Rows": 0, "Actual Loops": 1, "Plans": [{"Node Type": "Index Scan", "Parent Relationship": "Outer", "Parallel Aware": false, "Async Capable": false, "Scan Direction": "Forward", "Index Name": "stock_pkey", "Relation Name": "stock", "Alias": "stock", "Startup Cost": 0.42, "Total Cost": 29.54, "Plan Rows": 25, "Plan Width": 32, "Actual Startup Time": 0.011, "Actual Total Time": 0.012, "Actual Rows": 1, "Actual Loops": 1, "Index Cond": "((s_w_id = 8) AND (s_i_id = 47839))", "Rows Removed by Index Recheck": 0}]}}]]]}
{"start_time": 1656967023.031791, "plan": [[[{"Plan": {"Node Type": "ModifyTable", "Operation": "Update", "Parallel Aware": false, "Async Capable": false, "Relation Name": "oorder", "Alias": "oorder", "Startup Cost": 0.42, "Total Cost": 2.65, "Plan Rows": 0, "Plan Width": 0, "Actual Startup Time": 0.024, "Actual Total Time": 0.024, "Actual Rows": 0, "Actual Loops": 1, "Plans": [{"Node Type": "Index Scan", "Parent Relationship": "Outer", "Parallel Aware": false, "Async Capable": false, "Scan Direction": "Forward", "Index Name": "oorder_pkey", "Relation Name": "oorder", "Alias": "oorder", "Startup Cost": 0.42, "Total Cost": 2.65, "Plan Rows": 1, "Plan Width": 10, "Actual Startup Time": 0.01, "Actual Total Time": 0.011, "Actual Rows": 1, "Actual Loops": 1, "Index Cond": "((o_w_id = 5) AND (o_d_id = 9) AND (o_id = 2135))", "Rows Removed by Index Recheck": 0}]}}]]]}
{"start_time": 1656967023.032114, "plan": [[[{"Plan": {"Node Type": "ModifyTable", "Operation": "Update", "Parallel Aware": false, "Async Capable": false, "Relation Name": "warehouse", "Alias": "warehouse", "Startup Cost": 0.14, "Total Cost": 2.37, "Plan Rows": 0, "Plan Width": 0, "Actual Startup Time": 0.027, "Actual Total Time": 0.027, "Actual Rows": 0, "Actual Loops": 1, "Plans": [{"Node Type": "Index Scan", "Parent Relationship": "Outer", "Parallel Aware": false, "Async Capable": false, "Scan Direction": "Forward", "Index Name": "warehouse_pkey", "Relation Name": "warehouse", "Alias": "warehouse", "Startup Cost": 0.14, "Total Cost": 2.37, "Plan Rows": 1, "Plan Width": 22, "Actual Startup Time": 0.012, "Actual Total Time": 0.013, "Actual Rows": 1, "Actual Loops": 1, "Index Cond": "(w_id = 4)", "Rows Removed by Index Recheck": 0}]}}]]]}
{"start_time": 1656967023.0317779, "plan": [[[{"Plan": {"Node Type": "ModifyTable", "Operation": "Insert", "Parallel Aware": false, "Async Capable": false, "Relation Name": "order_line", "Alias": "order_line", "Startup Cost": 0.0, "Total Cost": 0.01, "Plan Rows": 0, "Plan Width": 0, "Actual Startup Time": 0.016, "Actual Total Time": 0.016, "Actual Rows": 0, "Actual Loops": 1, "Plans": [{"Node Type": "Result", "Parent Relationship": "Outer", "Parallel Aware": false, "Async Capable": false, "Startup Cost": 0.0, "Total Cost": 0.01, "Plan Rows": 1, "Plan Width": 160, "Actual Startup Time": 0.001, "Actual Total Time": 0.001, "Actual Rows": 1, "Actual Loops": 1}]}}]]]}
{"start_time": 1656967023.032148, "plan": [[[{"Plan": {"Node Type": "ModifyTable", "Operation": "Update", "Parallel Aware": false, "Async Capable": false, "Relation Name": "stock", "Alias": "stock", "Startup Cost": 0.42, "Total Cost": 29.54, "Plan Rows": 0, "Plan Width": 0, "Actual Startup Time": 0.025, "Actual Total Time": 0.025, "Actual Rows": 0, "Actual Loops": 1, "Plans": [{"Node Type": "Index Scan", "Parent Relationship": "Outer", "Parallel Aware": false, "Async Capable": false, "Scan Direction": "Forward", "Index Name": "stock_pkey", "Relation Name": "stock", "Alias": "stock", "Startup Cost": 0.42, "Total Cost": 29.54, "Plan Rows": 25, "Plan Width": 32, "Actual Startup Time": 0.01, "Actual Total Time": 0.012, "Actual Rows": 1, "Actual Loops": 1, "Index Cond": "((s_w_id = 10) AND (s_i_id = 68))", "Rows Removed by Index Recheck": 0}]}}]]]}
{"start_time": 1656967023.032255, "plan": [[[{"Plan": {"Node Type": "ModifyTable", "Operation": "Update", "Parallel Aware": false, "Async Capable": false, "Relation Name": "stock", "Alias": "stock", "Startup Cost": 0.42, "Total Cost": 29.54, "Plan Rows": 0, "Plan Width": 0, "Actual Startup Time": 0.024, "Actual Total Time": 0.024, "Actual Rows": 0, "Actual Loops": 1, "Plans": [{"Node Type": "Index Scan", "Parent Relationship": "Outer", "Parallel Aware": false, "Async Capable": false, "Scan Direction": "Forward", "Index Name": "stock_pkey", "Relation Name": "stock", "Alias": "stock", "Startup Cost": 0.42, "Total Cost": 29.54, "Plan Rows": 25, "Plan Width": 32, "Actual Startup Time": 0.011, "Actual Total Time": 0.012, "Actual Rows": 1, "Actual Loops": 1, "Index Cond": "((s_w_id = 8) AND (s_i_id = 6003))", "Rows Removed by Index Recheck": 0}]}}]]]}
{"start_time": 1656967023.0321078, "plan": [[[{"Plan": {"Node Type": "LockRows", "Parallel Aware": false, "Async Capable": false, "Startup Cost": 0.42, "Total Cost": 29.54, "Plan Rows": 25, "Plan Width": 1128, "Actual Startup Time": 0.138, "Actual Total Time": 0.139, "Actual Rows": 1, "Actual Loops": 1, "Plans": [{"Node Type": "Index Scan", "Parent Relationship": "Outer", "Parallel Aware": false, "Async Capable": false, "Scan Direction": "Forward", "Index Name": "stock_pkey", "Relation Name": "stock", "Alias": "stock", "Startup Cost": 0.42, "Total Cost": 29.29, "Plan Rows": 25, "Plan Width": 1128, "Actual Startup Time": 0.134, "Actual Total Time": 0.135, "Actual Rows": 1, "Actual Loops": 1, "Index Cond": "((s_w_id = 1) AND (s_i_id = 32199))", "Rows Removed by Index Recheck": 0}]}}]]]}
{"start_time": 1656967023.032308, "plan": [[[{"Plan": {"Node Type": "ModifyTable", "Operation": "Delete", "Parallel Aware": false, "Async Capable": false, "Relation Name": "new_order", "Alias": "new_order", "Startup Cost": 0.42, "Total Cost": 2.64, "Plan Rows": 0, "Plan Width": 0, "Actual Startup Time": 0.013, "Actual Total Time": 0.013, "Actual Rows": 0, "Actual Loops": 1, "Plans": [{"Node Type": "Index Scan", "Parent Relationship": "Outer", "Parallel Aware": false, "Async Capable": false, "Scan Direction": "Forward", "Index Name": "new_order_pkey", "Relation Name": "new_order", "Alias": "new_order", "Startup Cost": 0.42, "Total Cost": 2.64, "Plan Rows": 1, "Plan Width": 6, "Actual Startup Time": 0.009, "Actual Total Time": 0.01, "Actual Rows": 1, "Actual Loops": 1, "Index Cond": "((no_w_id = 10) AND (no_d_id = 3) AND (no_o_id = 2161))", "Rows Removed by Index Recheck": 0}]}}]]]}
{"start_time": 1656967023.032286, "plan": [[[{"Plan": {"Node Type": "ModifyTable", "Operation": "Insert", "Parallel Aware": false, "Async Capable": false, "Relation Name": "order_line", "Alias": "order_line", "Startup Cost": 0.0, "Total Cost": 0.01, "Plan Rows": 0, "Plan Width": 0, "Actual Startup Time": 0.016, "Actual Total Time": 0.017, "Actual Rows": 0, "Actual Loops": 1, "Plans": [{"Node Type": "Result", "Parent Relationship": "Outer", "Parallel Aware": false, "Async Capable": false, "Startup Cost": 0.0, "Total Cost": 0.01, "Plan Rows": 1, "Plan Width": 160, "Actual Startup Time": 0.001, "Actual Total Time": 0.001, "Actual Rows": 1, "Actual Loops": 1}]}}]]]}
{"start_time": 1656967023.032301, "plan": [[[{"Plan": {"Node Type": "LockRows", "Parallel Aware": false, "Async Capable": false, "Startup Cost": 0.42, "Total Cost": 29.54, "Plan Rows": 25, "Plan Width": 1128, "Actual Startup Time": 0.013, "Actual Total Time": 0.015, "Actual Rows": 1, "Actual Loops": 1, "Plans": [{"Node Type": "Index Scan", "Parent Relationship": "Outer", "Parallel Aware": false, "Async Capable": false, "Scan Direction": "Forward", "Index Name": "stock_pkey", "Relation Name": "stock", "Alias": "stock", "Startup Cost": 0.42, "Total Cost": 29.29, "Plan Rows": 25, "Plan Width": 1128, "Actual Startup Time": 0.01, "Actual Total Time": 0.011, "Actual Rows": 1, "Actual Loops": 1, "Index Cond": "((s_w_id = 9) AND (s_i_id = 97983))", "Rows Removed by Index Recheck": 0}]}}]]]}
{"start_time": 1656967023.032311, "plan": [[[{"Plan": {"Node Type": "Aggregate", "Strategy": "Plain", "Partial Mode": "Simple", "Parallel Aware": false, "Async Capable": false, "Startup Cost": 2.66, "Total Cost": 2.67, "Plan Rows": 1, "Plan Width": 32, "Actual Startup Time": 0.028, "Actual Total Time": 0.029, "Actual Rows": 1, "Actual Loops": 1, "Plans": [{"Node Type": "Index Scan", "Parent Relationship": "Outer", "Parallel Aware": false, "Async Capable": false, "Scan Direction": "Forward", "Index Name": "order_line_pkey", "Relation Name": "order_line", "Alias": "order_line", "Startup Cost": 0.43, "Total Cost": 2.65, "Plan Rows": 1, "Plan Width": 14, "Actual Startup Time": 0.01, "Actual Total Time": 0.021, "Actual Rows": 13, "Actual Loops": 1, "Index Cond": "((ol_w_id = 7) AND (ol_d_id = 2) AND (ol_o_id = 2154))", "Rows Removed by Index Recheck": 0}]}}]]]}
{"start_time": 1656967023.0320811, "plan": [[[{"Plan": {"Node Type": "LockRows", "Parallel Aware": false, "Async Capable": false, "Startup Cost": 0.42, "Total Cost": 29.54, "Plan Rows": 25, "Plan Width": 1128, "Actual Startup Time": 0.014, "Actual Total Time": 0.016, "Actual Rows": 1, "Actual Loops": 1, "Plans": [{"Node Type": "Index Scan", "Parent Relationship": "Outer", "Parallel Aware": false, "Async Capable": false, "Scan Direction": "Forward", "Index Name": "stock_pkey", "Relation Name": "stock", "Alias": "stock", "Startup Cost": 0.42, "Total Cost": 29.29, "Plan Rows": 25, "Plan Width": 1128, "Actual Startup Time": 0.011, "Actual Total Time": 0.012, "Actual Rows": 1, "Actual Loops": 1, "Index Cond": "((s_w_id = 2) AND (s_i_id = 73287))", "Rows Removed by Index Recheck": 0}]}}]]]}
{"start_time": 1656967023.032339, "plan": [[[{"Plan": {"Node Type": "ModifyTable", "Operation": "Update", "Parallel Aware": false, "Async Capable": false, "Relation Name": "stock", "Alias": "stock", "Startup Cost": 0.42, "Total Cost": 29.54, "Plan Rows": 0, "Plan Width": 0, "Actual Startup Time": 0.023, "Actual Total Time": 0.023, "Actual Rows": 0, "Actual Loops": 1, "Plans": [{"Node Type": "Index Scan", "Parent Relationship": "Outer", "Parallel Aware": false, "Async Capable": false, "Scan Direction": "Forward", "Index Name": "stock_pkey", "Relation Name": "stock", "Alias": "stock", "Startup Cost": 0.42, "Total Cost": 29.54, "Plan Rows": 25, "Plan Width": 32, "Actual Startup Time": 0.01, "Actual Total Time": 0.011, "Actual Rows": 1, "Actual Loops": 1, "Index Cond": "((s_w_id = 10) AND (s_i_id = 81095))", "Rows Removed by Index Recheck": 0}]}}]]]}
{"start_time": 1656967023.0324411, "plan": [[[{"Plan": {"Node Type": "ModifyTable", "Operation": "Update", "Parallel Aware": false, "Async Capable": false, "Relation Name": "stock", "Alias": "stock", "Startup Cost": 0.42, "Total Cost": 29.54, "Plan Rows": 0, "Plan Width": 0, "Actual Startup Time": 0.022, "Actual Total Time": 0.023, "Actual Rows": 0, "Actual Loops": 1, "Plans": [{"Node Type": "Index Scan", "Parent Relationship": "Outer", "Parallel Aware": false, "Async Capable": false, "Scan Direction": "Forward", "Index Name": "stock_pkey", "Relation Name": "stock", "Alias": "stock", "Startup Cost": 0.42, "Total Cost": 29.54, "Plan Rows": 25, "Plan Width": 32, "Actual Startup Time": 0.01, "Actual Total Time": 0.011, "Actual Rows": 1, "Actual Loops": 1, "Index Cond": "((s_w_id = 8) AND (s_i_id = 63579))", "Rows Removed by Index Recheck": 0}]}}]]]}
{"start_time": 1656967023.032291, "plan": [[[{"Plan": {"Node Type": "Index Scan", "Parallel Aware": false, "Async Capable": false, "Scan Direction": "Forward", "Index Name": "district_pkey", "Relation Name": "district", "Alias": "district", "Startup Cost": 0.14, "Total Cost": 2.36, "Plan Rows": 1, "Plan Width": 63, "Actual Startup Time": 0.023, "Actual Total Time": 0.024, "Actual Rows": 1, "Actual Loops": 1, "Index Cond": "((d_w_id = 3) AND (d_id = 7))", "Rows Removed by Index Recheck": 0}}]]]}
{"start_time": 1656967023.03249, "plan": [[[{"Plan": {"Node Type": "ModifyTable", "Operation": "Insert", "Parallel Aware": false, "Async Capable": false, "Relation Name": "order_line", "Alias": "order_line", "Startup Cost": 0.0, "Total Cost": 0.01, "Plan Rows": 0, "Plan Width": 0, "Actual Startup Time": 0.016, "Actual Total Time": 0.016, "Actual Rows": 0, "Actual Loops": 1, "Plans": [{"Node Type": "Result", "Parent Relationship": "Outer", "Parallel Aware": false, "Async Capable": false, "Startup Cost": 0.0, "Total Cost": 0.01, "Plan Rows": 1, "Plan Width": 160, "Actual Startup Time": 0.001, "Actual Total Time": 0.001, "Actual Rows": 1, "Actual Loops": 1}]}}]]]}
{"start_time": 1656967023.032527, "plan": [[[{"Plan": {"Node Type": "Index Scan", "Parallel Aware": false, "Async Capable": false, "Scan Direction": "Forward", "Index Name": "oorder_pkey", "Relation Name": "oorder", "Alias": "oorder", "Startup Cost": 0.42, "Total Cost": 2.65, "Plan Rows": 1, "Plan Width": 4, "Actual Startup Time": 0.019, "Actual Total Time": 0.02, "Actual Rows": 1, "Actual Loops": 1, "Index Cond": "((o_w_id = 10) AND (o_d_id = 3) AND (o_id = 2161))", "Rows Removed by Index Recheck": 0}}]]]}
{"start_time": 1656967023.032517, "plan": [[[{"Plan": {"Node Type": "ModifyTable", "Operation": "Update", "Parallel Aware": false, "Async Capable": false, "Relation Name": "order_line", "Alias": "order_line", "Startup Cost": 0.43, "Total Cost": 2.65, "Plan Rows": 0, "Plan Width": 0, "Actual Startup Time": 0.079, "Actual Total Time": 0.08, "Actual Rows": 0, "Actual Loops": 1, "Plans": [{"Node Type": "Index Scan", "Parent Relationship": "Outer", "Parallel Aware": false, "Async Capable": false, "Scan Direction": "Forward", "Index Name": "order_line_pkey", "Relation Name": "order_line", "Alias": "order_line", "Startup Cost": 0.43, "Total Cost": 2.65, "Plan Rows": 1, "Plan Width": 14, "Actual Startup Time": 0.017, "Actual Total Time": 0.021, "Actual Rows": 9, "Actual Loops": 1, "Index Cond": "((ol_w_id = 5) AND (ol_d_id = 9) AND (ol_o_id = 2135))", "Rows Removed by Index Recheck": 0}]}}]]]}
{"start_time": 1656967023.0325718, "plan": [[[{"Plan": {"Node Type": "ModifyTable", "Operation": "Update", "Parallel Aware": false, "Async Capable": false, "Relation Name": "stock", "Alias": "stock", "Startup Cost": 0.42, "Total Cost": 29.54, "Plan Rows": 0, "Plan Width": 0, "Actual Startup Time": 0.023, "Actual Total Time": 0.023, "Actual Rows": 0, "Actual Loops": 1, "Plans": [{"Node Type": "Index Scan", "Parent Relationship": "Outer", "Parallel Aware": false, "Async Capable": false, "Scan Direction": "Forward", "Index Name": "stock_pkey", "Relation Name": "stock", "Alias": "stock", "Startup Cost": 0.42, "Total Cost": 29.54, "Plan Rows": 25, "Plan Width": 32, "Actual Startup Time": 0.01, "Actual Total Time": 0.011, "Actual Rows": 1, "Actual Loops": 1, "Index Cond": "((s_w_id = 10) AND (s_i_id = 60583))", "Rows Removed by Index Recheck": 0}]}}]]]}
{"start_time": 1656967023.032673, "plan": [[[{"Plan": {"Node Type": "Index Scan", "Parallel Aware": false, "Async Capable": false, "Scan Direction": "Forward", "Index Name": "item_pkey", "Relation Name": "item", "Alias": "item", "Startup Cost": 0.29, "Total Cost": 2.51, "Plan Rows": 1, "Plan Width": 196, "Actual Startup Time": 0.008, "Actual Total Time": 0.009, "Actual Rows": 1, "Actual Loops": 1, "Index Cond": "(i_id = 16037)", "Rows Removed by Index Recheck": 0}}]]]}
{"start_time": 1656967023.032714, "plan": [[[{"Plan": {"Node Type": "Index Scan", "Parallel Aware": false, "Async Capable": false, "Scan Direction": "Forward", "Index Name": "item_pkey", "Relation Name": "item", "Alias": "item", "Startup Cost": 0.29, "Total Cost": 2.51, "Plan Rows": 1, "Plan Width": 196, "Actual Startup Time": 0.008, "Actual Total Time": 0.009, "Actual Rows": 1, "Actual Loops": 1, "Index Cond": "(i_id = 47719)", "Rows Removed by Index Recheck": 0}}]]]}
{"start_time": 1656967023.032577, "plan": [[[{"Plan": {"Node Type": "ModifyTable", "Operation": "Update", "Parallel Aware": false, "Async Capable": false, "Relation Name": "customer", "Alias": "customer", "Startup Cost": 0.42, "Total Cost": 2.65, "Plan Rows": 0, "Plan Width": 0, "Actual Startup Time": 0.095, "Actual Total Time": 0.095, "Actual Rows": 0, "Actual Loops": 1, "Plans": [{"Node Type": "Index Scan", "Parent Relationship": "Outer", "Parallel Aware": false, "Async Capable": false, "Scan Direction": "Forward", "Index Name": "customer_pkey", "Relation Name": "customer", "Alias": "customer", "Startup Cost": 0.42, "Total Cost": 2.65, "Plan Rows": 1, "Plan Width": 26, "Actual Startup Time": 0.044, "Actual Total Time": 0.046, "Actual Rows": 1, "Actual Loops": 1, "Index Cond": "((c_w_id = 7) AND (c_d_id = 2) AND (c_id = 1258))", "Rows Removed by Index Recheck": 0}]}}]]]}
{"start_time": 1656967023.032692, "plan": [[[{"Plan": {"Node Type": "ModifyTable", "Operation": "Insert", "Parallel Aware": false, "Async Capable": false, "Relation Name": "order_line", "Alias": "order_line", "Startup Cost": 0.0, "Total Cost": 0.01, "Plan Rows": 0, "Plan Width": 0, "Actual Startup Time": 0.015, "Actual Total Time": 0.015, "Actual Rows": 0, "Actual Loops": 1, "Plans": [{"Node Type": "Result", "Parent Relationship": "Outer", "Parallel Aware": false, "Async Capable": false, "Startup Cost": 0.0, "Total Cost": 0.01, "Plan Rows": 1, "Plan Width": 160, "Actual Startup Time": 0.001, "Actual Total Time": 0.001, "Actual Rows": 1, "Actual Loops": 1}]}}]]]}
{"start_time": 1656967023.0327868, "plan": [[[{"Plan": {"Node Type": "Index Scan", "Parallel Aware": false, "Async Capable": false, "Scan Direction": "Forward", "Index Name": "item_pkey", "Relation Name": "item", "Alias": "item", "Startup Cost": 0.29, "Total Cost": 2.51, "Plan Rows": 1, "Plan Width": 196, "Actual Startup Time": 0.008, "Actual Total Time": 0.009, "Actual Rows": 1, "Actual Loops": 1, "Index Cond": "(i_id = 5573)", "Rows Removed by Index Recheck": 0}}]]]}
{"start_time": 1656967023.03262, "plan": [[[{"Plan": {"Node Type": "ModifyTable", "Operation": "Update", "Parallel Aware": false, "Async Capable": false, "Relation Name": "stock", "Alias": "stock", "Startup Cost": 0.42, "Total Cost": 29.54, "Plan Rows": 0, "Plan Width": 0, "Actual Startup Time": 0.032, "Actual Total Time": 0.032, "Actual Rows": 0, "Actual Loops": 1, "Plans": [{"Node Type": "Index Scan", "Parent Relationship": "Outer", "Parallel Aware": false, "Async Capable": false, "Scan Direction": "Forward", "Index Name": "stock_pkey", "Relation Name": "stock", "Alias": "stock", "Startup Cost": 0.42, "Total Cost": 29.54, "Plan Rows": 25, "Plan Width": 32, "Actual Startup Time": 0.011, "Actual Total Time": 0.012, "Actual Rows": 1, "Actual Loops": 1, "Index Cond": "((s_w_id = 8) AND (s_i_id = 76735))", "Rows Removed by Index Recheck": 0}]}}]]]}
{"start_time": 1656967023.032813, "plan": [[[{"Plan": {"Node Type": "ModifyTable", "Operation": "Update", "Parallel Aware": false, "Async Capable": false, "Relation Name": "stock", "Alias": "stock", "Startup Cost": 0.42, "Total Cost": 29.54, "Plan Rows": 0, "Plan Width": 0, "Actual Startup Time": 0.021, "Actual Total Time": 0.021, "Actual Rows": 0, "Actual Loops": 1, "Plans": [{"Node Type": "Index Scan", "Parent Relationship": "Outer", "Parallel Aware": false, "Async Capable": false, "Scan Direction": "Forward", "Index Name": "stock_pkey", "Relation Name": "stock", "Alias": "stock", "Startup Cost": 0.42, "Total Cost": 29.54, "Plan Rows": 25, "Plan Width": 32, "Actual Startup Time": 0.009, "Actual Total Time": 0.01, "Actual Rows": 1, "Actual Loops": 1, "Index Cond": "((s_w_id = 10) AND (s_i_id = 31459))", "Rows Removed by Index Recheck": 0}]}}]]]}
{"start_time": 1656967023.032857, "plan": [[[{"Plan": {"Node Type": "ModifyTable", "Operation": "Update", "Parallel Aware": false, "Async Capable": false, "Relation Name": "oorder", "Alias": "oorder", "Startup Cost": 0.42, "Total Cost": 2.65, "Plan Rows": 0, "Plan Width": 0, "Actual Startup Time": 0.023, "Actual Total Time": 0.024, "Actual Rows": 0, "Actual Loops": 1, "Plans": [{"Node Type": "Index Scan", "Parent Relationship": "Outer", "Parallel Aware": false, "Async Capable": false, "Scan Direction": "Forward", "Index Name": "oorder_pkey", "Relation Name": "oorder", "Alias": "oorder", "Startup Cost": 0.42, "Total Cost": 2.65, "Plan Rows": 1, "Plan Width": 10, "Actual Startup Time": 0.009, "Actual Total Time": 0.01, "Actual Rows": 1, "Actual Loops": 1, "Index Cond": "((o_w_id = 10) AND (o_d_id = 3) AND (o_id = 2161))", "Rows Removed by Index Recheck": 0}]}}]]]}
{"start_time": 1656967023.032919, "plan": [[[{"Plan": {"Node Type": "Limit", "Parallel Aware": false, "Async Capable": false, "Startup Cost": 0.42, "Total Cost": 2.09, "Plan Rows": 1, "Plan Width": 4, "Actual Startup Time": 0.01, "Actual Total Time": 0.011, "Actual Rows": 1, "Actual Loops": 1, "Plans": [{"Node Type": "Index Only Scan", "Parent Relationship": "Outer", "Parallel Aware": false, "Async Capable": false, "Scan Direction": "Forward", "Index Name": "new_order_pkey", "Relation Name": "new_order", "Alias": "new_order", "Startup Cost": 0.42, "Total Cost": 3.76, "Plan Rows": 2, "Plan Width": 4, "Actual Startup Time": 0.01, "Actual Total Time": 0.01, "Actual Rows": 1, "Actual Loops": 1, "Index Cond": "((no_w_id = 7) AND (no_d_id = 3))", "Rows Removed by Index Recheck": 0, "Heap Fetches": 2}]}}]]]}
{"start_time": 1656967023.032999, "plan": [[[{"Plan": {"Node Type": "LockRows", "Parallel Aware": false, "Async Capable": false, "Startup Cost": 0.42, "Total Cost": 29.54, "Plan Rows": 25, "Plan Width": 1128, "Actual Startup Time": 0.019, "Actual Total Time": 0.021, "Actual Rows": 1, "Actual Loops": 1, "Plans": [{"Node Type": "Index Scan", "Parent Relationship": "Outer", "Parallel Aware": false, "Async Capable": false, "Scan Direction": "Forward", "Index Name": "stock_pkey", "Relation Name": "stock", "Alias": "stock", "Startup Cost": 0.42, "Total Cost": 29.29, "Plan Rows": 25, "Plan Width": 1128, "Actual Startup Time": 0.017, "Actual Total Time": 0.018, "Actual Rows": 1, "Actual Loops": 1, "Index Cond": "((s_w_id = 9) AND (s_i_id = 5573))", "Rows Removed by Index Recheck": 0}]}}]]]}
{"start_time": 1656967023.03301, "plan": [[[{"Plan": {"Node Type": "ModifyTable", "Operation": "Update", "Parallel Aware": false, "Async Capable": false, "Relation Name": "stock", "Alias": "stock", "Startup Cost": 0.42, "Total Cost": 29.54, "Plan Rows": 0, "Plan Width": 0, "Actual Startup Time": 0.024, "Actual Total Time": 0.024, "Actual Rows": 0, "Actual Loops": 1, "Plans": [{"Node Type": "Index Scan", "Parent Relationship": "Outer", "Parallel Aware": false, "Async Capable": false, "Scan Direction": "Forward", "Index Name": "stock_pkey", "Relation Name": "stock", "Alias": "stock", "Startup Cost": 0.42, "Total Cost": 29.54, "Plan Rows": 25, "Plan Width": 32, "Actual Startup Time": 0.01, "Actual Total Time": 0.011, "Actual Rows": 1, "Actual Loops": 1, "Index Cond": "((s_w_id = 10) AND (s_i_id = 88798))", "Rows Removed by Index Recheck": 0}]}}]]]}
{"start_time": 1656967023.03301, "plan": [[[{"Plan": {"Node Type": "ModifyTable", "Operation": "Update", "Parallel Aware": false, "Async Capable": false, "Relation Name": "stock", "Alias": "stock", "Startup Cost": 0.42, "Total Cost": 29.54, "Plan Rows": 0, "Plan Width": 0, "Actual Startup Time": 0.024, "Actual Total Time": 0.024, "Actual Rows": 0, "Actual Loops": 1, "Plans": [{"Node Type": "Index Scan", "Parent Relationship": "Outer", "Parallel Aware": false, "Async Capable": false, "Scan Direction": "Forward", "Index Name": "stock_pkey", "Relation Name": "stock", "Alias": "stock", "Startup Cost": 0.42, "Total Cost": 29.54, "Plan Rows": 25, "Plan Width": 32, "Actual Startup Time": 0.01, "Actual Total Time": 0.011, "Actual Rows": 1, "Actual Loops": 1, "Index Cond": "((s_w_id = 8) AND (s_i_id = 6149))", "Rows Removed by Index Recheck": 0}]}}]]]}
{"start_time": 1656967023.0330281, "plan": [[[{"Plan": {"Node Type": "LockRows", "Parallel Aware": false, "Async Capable": false, "Startup Cost": 0.42, "Total Cost": 29.54, "Plan Rows": 25, "Plan Width": 1128, "Actual Startup Time": 0.013, "Actual Total Time": 0.015, "Actual Rows": 1, "Actual Loops": 1, "Plans": [{"Node Type": "Index Scan", "Parent Relationship": "Outer", "Parallel Aware": false, "Async Capable": false, "Scan Direction": "Forward", "Index Name": "stock_pkey", "Relation Name": "stock", "Alias": "stock", "Startup Cost": 0.42, "Total Cost": 29.29, "Plan Rows": 25, "Plan Width": 1128, "Actual Startup Time": 0.011, "Actual Total Time": 0.012, "Actual Rows": 1, "Actual Loops": 1, "Index Cond": "((s_w_id = 1) AND (s_i_id = 16037))", "Rows Removed by Index Recheck": 0}]}}]]]}
{"start_time": 1656967023.0330968, "plan": [[[{"Plan": {"Node Type": "Index Scan", "Parallel Aware": false, "Async Capable": false, "Scan Direction": "Forward", "Index Name": "warehouse_pkey", "Relation Name": "warehouse", "Alias": "warehouse", "Startup Cost": 0.14, "Total Cost": 2.36, "Plan Rows": 1, "Plan Width": 264, "Actual Startup Time": 0.01, "Actual Total Time": 0.011, "Actual Rows": 1, "Actual Loops": 1, "Index Cond": "(w_id = 4)", "Rows Removed by Index Recheck": 0}}]]]}
{"start_time": 1656967023.0330691, "plan": [[[{"Plan": {"Node Type": "LockRows", "Parallel Aware": false, "Async Capable": false, "Startup Cost": 0.42, "Total Cost": 29.54, "Plan Rows": 25, "Plan Width": 1128, "Actual Startup Time": 0.012, "Actual Total Time": 0.014, "Actual Rows": 1, "Actual Loops": 1, "Plans": [{"Node Type": "Index Scan", "Parent Relationship": "Outer", "Parallel Aware": false, "Async Capable": false, "Scan Direction": "Forward", "Index Name": "stock_pkey", "Relation Name": "stock", "Alias": "stock", "Startup Cost": 0.42, "Total Cost": 29.29, "Plan Rows": 25, "Plan Width": 1128, "Actual Startup Time": 0.009, "Actual Total Time": 0.01, "Actual Rows": 1, "Actual Loops": 1, "Index Cond": "((s_w_id = 2) AND (s_i_id = 47719))", "Rows Removed by Index Recheck": 0}]}}]]]}
{"start_time": 1656967023.0330648, "plan": [[[{"Plan": {"Node Type": "ModifyTable", "Operation": "Insert", "Parallel Aware": false, "Async Capable": false, "Relation Name": "history", "Alias": "history", "Startup Cost": 0.0, "Total Cost": 0.01, "Plan Rows": 0, "Plan Width": 0, "Actual Startup Time": 0.008, "Actual Total Time": 0.008, "Actual Rows": 0, "Actual Loops": 1, "Plans": [{"Node Type": "Result", "Parent Relationship": "Outer", "Parallel Aware": false, "Async Capable": false, "Startup Cost": 0.0, "Total Cost": 0.01, "Plan Rows": 1, "Plan Width": 108, "Actual Startup Time": 0.001, "Actual Total Time": 0.001, "Actual Rows": 1, "Actual Loops": 1}]}}]]]}
{"start_time": 1656967023.032842, "plan": [[[{"Plan": {"Node Type": "Index Scan", "Parallel Aware": false, "Async Capable": false, "Scan Direction": "Forward", "Index Name": "customer_pkey", "Relation Name": "customer", "Alias": "customer", "Startup Cost": 0.42, "Total Cost": 2.65, "Plan Rows": 1, "Plan Width": 482, "Actual Startup Time": 0.01, "Actual Total Time": 0.011, "Actual Rows": 1, "Actual Loops": 1, "Index Cond": "((c_w_id = 3) AND (c_d_id = 7) AND (c_id = 2959))", "Rows Removed by Index Recheck": 0}}]]]}
{"start_time": 1656967023.032896, "plan": [[[{"Plan": {"Node Type": "ModifyTable", "Operation": "Insert", "Parallel Aware": false, "Async Capable": false, "Relation Name": "order_line", "Alias": "order_line", "Startup Cost": 0.0, "Total Cost": 0.01, "Plan Rows": 0, "Plan Width": 0, "Actual Startup Time": 0.014, "Actual Total Time": 0.015, "Actual Rows": 0, "Actual Loops": 1, "Plans": [{"Node Type": "Result", "Parent Relationship": "Outer", "Parallel Aware": false, "Async Capable": false, "Startup Cost": 0.0, "Total Cost": 0.01, "Plan Rows": 1, "Plan Width": 160, "Actual Startup Time": 0.001, "Actual Total Time": 0.001, "Actual Rows": 1, "Actual Loops": 1}]}}]]]}
{"start_time": 1656967023.033205, "plan": [[[{"Plan": {"Node Type": "ModifyTable", "Operation": "Update", "Parallel Aware": false, "Async Capable": false, "Relation Name": "stock", "Alias": "stock", "Startup Cost": 0.42, "Total Cost": 29.54, "Plan Rows": 0, "Plan Width": 0, "Actual Startup Time": 0.031, "Actual Total Time": 0.032, "Actual Rows": 0, "Actual Loops": 1, "Plans": [{"Node Type": "Index Scan", "Parent Relationship": "Outer", "Parallel Aware": false, "Async Capable": false, "Scan Direction": "Forward", "Index Name": "stock_pkey", "Relation Name": "stock", "Alias": "stock", "Startup Cost": 0.42, "Total Cost": 29.54, "Plan Rows": 25, "Plan Width": 32, "Actual Startup Time": 0.01, "Actual Total Time": 0.011, "Actual Rows": 1, "Actual Loops": 1, "Index Cond": "((s_w_id = 10) AND (s_i_id = 16103))", "Rows Removed by Index Recheck": 0}]}}]]]}
{"start_time": 1656967023.033205, "plan": [[[{"Plan": {"Node Type": "ModifyTable", "Operation": "Update", "Parallel Aware": false, "Async Capable": false, "Relation Name": "stock", "Alias": "stock", "Startup Cost": 0.42, "Total Cost": 29.54, "Plan Rows": 0, "Plan Width": 0, "Actual Startup Time": 0.031, "Actual Total Time": 0.032, "Actual Rows": 0, "Actual Loops": 1, "Plans": [{"Node Type": "Index Scan", "Parent Relationship": "Outer", "Parallel Aware": false, "Async Capable": false, "Scan Direction": "Forward", "Index Name": "stock_pkey", "Relation Name": "stock", "Alias": "stock", "Startup Cost": 0.42, "Total Cost": 29.54, "Plan Rows": 25, "Plan Width": 32, "Actual Startup Time": 0.01, "Actual Total Time": 0.011, "Actual Rows": 1, "Actual Loops": 1, "Index Cond": "((s_w_id = 8) AND (s_i_id = 25100))", "Rows Removed by Index Recheck": 0}]}}]]]}
{"start_time": 1656967023.033246, "plan": [[[{"Plan": {"Node Type": "ModifyTable", "Operation": "Update", "Parallel Aware": false, "Async Capable": false, "Relation Name": "warehouse", "Alias": "warehouse", "Startup Cost": 0.14, "Total Cost": 2.37, "Plan Rows": 0, "Plan Width": 0, "Actual Startup Time": 0.029, "Actual Total Time": 0.029, "Actual Rows": 0, "Actual Loops": 1, "Plans": [{"Node Type": "Index Scan", "Parent Relationship": "Outer", "Parallel Aware": false, "Async Capable": false, "Scan Direction": "Forward", "Index Name": "warehouse_pkey", "Relation Name": "warehouse", "Alias": "warehouse", "Startup Cost": 0.14, "Total Cost": 2.37, "Plan Rows": 1, "Plan Width": 22, "Actual Startup Time": 0.012, "Actual Total Time": 0.013, "Actual Rows": 1, "Actual Loops": 1, "Index Cond": "(w_id = 5)", "Rows Removed by Index Recheck": 0}]}}]]]}
{"start_time": 1656967023.033303, "plan": [[[{"Plan": {"Node Type": "ModifyTable", "Operation": "Delete", "Parallel Aware": false, "Async Capable": false, "Relation Name": "new_order", "Alias": "new_order", "Startup Cost": 0.42, "Total Cost": 2.64, "Plan Rows": 0, "Plan Width": 0, "Actual Startup Time": 0.011, "Actual Total Time": 0.011, "Actual Rows": 0, "Actual Loops": 1, "Plans": [{"Node Type": "Index Scan", "Parent Relationship": "Outer", "Parallel Aware": false, "Async Capable": false, "Scan Direction": "Forward", "Index Name": "new_order_pkey", "Relation Name": "new_order", "Alias": "new_order", "Startup Cost": 0.42, "Total Cost": 2.64, "Plan Rows": 1, "Plan Width": 6, "Actual Startup Time": 0.008, "Actual Total Time": 0.008, "Actual Rows": 1, "Actual Loops": 1, "Index Cond": "((no_w_id = 7) AND (no_d_id = 3) AND (no_o_id = 2154))", "Rows Removed by Index Recheck": 0}]}}]]]}
{"start_time": 1656967023.033266, "plan": [[[{"Plan": {"Node Type": "ModifyTable", "Operation": "Update", "Parallel Aware": false, "Async Capable": false, "Relation Name": "order_line", "Alias": "order_line", "Startup Cost": 0.43, "Total Cost": 2.65, "Plan Rows": 0, "Plan Width": 0, "Actual Startup Time": 0.117, "Actual Total Time": 0.117, "Actual Rows": 0, "Actual Loops": 1, "Plans": [{"Node Type": "Index Scan", "Parent Relationship": "Outer", "Parallel Aware": false, "Async Capable": false, "Scan Direction": "Forward", "Index Name": "order_line_pkey", "Relation Name": "order_line", "Alias": "order_line", "Startup Cost": 0.43, "Total Cost": 2.65, "Plan Rows": 1, "Plan Width": 14, "Actual Startup Time": 0.024, "Actual Total Time": 0.029, "Actual Rows": 9, "Actual Loops": 1, "Index Cond": "((ol_w_id = 10) AND (ol_d_id = 3) AND (ol_o_id = 2161))", "Rows Removed by Index Recheck": 0}]}}]]]}
{"start_time": 1656967023.0334458, "plan": [[[{"Plan": {"Node Type": "Index Scan", "Parallel Aware": false, "Async Capable": false, "Scan Direction": "Forward", "Index Name": "item_pkey", "Relation Name": "item", "Alias": "item", "Startup Cost": 0.29, "Total Cost": 2.51, "Plan Rows": 1, "Plan Width": 196, "Actual Startup Time": 0.017, "Actual Total Time": 0.018, "Actual Rows": 1, "Actual Loops": 1, "Index Cond": "(i_id = 56060)", "Rows Removed by Index Recheck": 0}}]]]}
{"start_time": 1656967023.033407, "plan": [[[{"Plan": {"Node Type": "ModifyTable", "Operation": "Update", "Parallel Aware": false, "Async Capable": false, "Relation Name": "stock", "Alias": "stock", "Startup Cost": 0.42, "Total Cost": 29.54, "Plan Rows": 0, "Plan Width": 0, "Actual Startup Time": 0.023, "Actual Total Time": 0.024, "Actual Rows": 0, "Actual Loops": 1, "Plans": [{"Node Type": "Index Scan", "Parent Relationship": "Outer", "Parallel Aware": false, "Async Capable": false, "Scan Direction": "Forward", "Index Name": "stock_pkey", "Relation Name": "stock", "Alias": "stock", "Startup Cost": 0.42, "Total Cost": 29.54, "Plan Rows": 25, "Plan Width": 32, "Actual Startup Time": 0.01, "Actual Total Time": 0.011, "Actual Rows": 1, "Actual Loops": 1, "Index Cond": "((s_w_id = 8) AND (s_i_id = 23967))", "Rows Removed by Index Recheck": 0}]}}]]]}
{"start_time": 1656967023.033407, "plan": [[[{"Plan": {"Node Type": "ModifyTable", "Operation": "Update", "Parallel Aware": false, "Async Capable": false, "Relation Name": "stock", "Alias": "stock", "Startup Cost": 0.42, "Total Cost": 29.54, "Plan Rows": 0, "Plan Width": 0, "Actual Startup Time": 0.023, "Actual Total Time": 0.024, "Actual Rows": 0, "Actual Loops": 1, "Plans": [{"Node Type": "Index Scan", "Parent Relationship": "Outer", "Parallel Aware": false, "Async Capable": false, "Scan Direction": "Forward", "Index Name": "stock_pkey", "Relation Name": "stock", "Alias": "stock", "Startup Cost": 0.42, "Total Cost": 29.54, "Plan Rows": 25, "Plan Width": 32, "Actual Startup Time": 0.01, "Actual Total Time": 0.011, "Actual Rows": 1, "Actual Loops": 1, "Index Cond": "((s_w_id = 10) AND (s_i_id = 11411))", "Rows Removed by Index Recheck": 0}]}}]]]}
{"start_time": 1656967023.033352, "plan": [[[{"Plan": {"Node Type": "ModifyTable", "Operation": "Update", "Parallel Aware": false, "Async Capable": false, "Relation Name": "customer", "Alias": "customer", "Startup Cost": 0.42, "Total Cost": 2.65, "Plan Rows": 0, "Plan Width": 0, "Actual Startup Time": 0.053, "Actual Total Time": 0.053, "Actual Rows": 0, "Actual Loops": 1, "Plans": [{"Node Type": "Index Scan", "Parent Relationship": "Outer", "Parallel Aware": false, "Async Capable": false, "Scan Direction": "Forward", "Index Name": "customer_pkey", "Relation Name": "customer", "Alias": "customer", "Startup Cost": 0.42, "Total Cost": 2.65, "Plan Rows": 1, "Plan Width": 34, "Actual Startup Time": 0.01, "Actual Total Time": 0.011, "Actual Rows": 1, "Actual Loops": 1, "Index Cond": "((c_w_id = 3) AND (c_d_id = 7) AND (c_id = 2959))", "Rows Removed by Index Recheck": 0}]}}]]]}
{"start_time": 1656967023.033505, "plan": [[[{"Plan": {"Node Type": "ModifyTable", "Operation": "Update", "Parallel Aware": false, "Async Capable": false, "Relation Name": "district", "Alias": "district", "Startup Cost": 0.14, "Total Cost": 2.37, "Plan Rows": 0, "Plan Width": 0, "Actual Startup Time": 0.024, "Actual Total Time": 0.024, "Actual Rows": 0, "Actual Loops": 1, "Plans": [{"Node Type": "Index Scan", "Parent Relationship": "Outer", "Parallel Aware": false, "Async Capable": false, "Scan Direction": "Forward", "Index Name": "district_pkey", "Relation Name": "district", "Alias": "district", "Startup Cost": 0.14, "Total Cost": 2.37, "Plan Rows": 1, "Plan Width": 22, "Actual Startup Time": 0.01, "Actual Total Time": 0.011, "Actual Rows": 1, "Actual Loops": 1, "Index Cond": "((d_w_id = 4) AND (d_id = 6))", "Rows Removed by Index Recheck": 0}]}}]]]}
{"start_time": 1656967023.033586, "plan": [[[{"Plan": {"Node Type": "Index Scan", "Parallel Aware": false, "Async Capable": false, "Scan Direction": "Forward", "Index Name": "item_pkey", "Relation Name": "item", "Alias": "item", "Startup Cost": 0.29, "Total Cost": 2.51, "Plan Rows": 1, "Plan Width": 196, "Actual Startup Time": 0.009, "Actual Total Time": 0.009, "Actual Rows": 1, "Actual Loops": 1, "Index Cond": "(i_id = 87909)", "Rows Removed by Index Recheck": 0}}]]]}
{"start_time": 1656967023.033396, "plan": [[[{"Plan": {"Node Type": "ModifyTable", "Operation": "Insert", "Parallel Aware": false, "Async Capable": false, "Relation Name": "order_line", "Alias": "order_line", "Startup Cost": 0.0, "Total Cost": 0.01, "Plan Rows": 0, "Plan Width": 0, "Actual Startup Time": 0.017, "Actual Total Time": 0.017, "Actual Rows": 0, "Actual Loops": 1, "Plans": [{"Node Type": "Result", "Parent Relationship": "Outer", "Parallel Aware": false, "Async Capable": false, "Startup Cost": 0.0, "Total Cost": 0.01, "Plan Rows": 1, "Plan Width": 160, "Actual Startup Time": 0.001, "Actual Total Time": 0.001, "Actual Rows": 1, "Actual Loops": 1}]}}]]]}
{"start_time": 1656967023.033602, "plan": [[[{"Plan": {"Node Type": "Index Scan", "Parallel Aware": false, "Async Capable": false, "Scan Direction": "Forward", "Index Name": "warehouse_pkey", "Relation Name": "warehouse", "Alias": "warehouse", "Startup Cost": 0.14, "Total Cost": 2.36, "Plan Rows": 1, "Plan Width": 264, "Actual Startup Time": 0.009, "Actual Total Time": 0.01, "Actual Rows": 1, "Actual Loops": 1, "Index Cond": "(w_id = 5)", "Rows Removed by Index Recheck": 0}}]]]}
{"start_time": 1656967023.033627, "plan": [[[{"Plan": {"Node Type": "Index Scan", "Parallel Aware": false, "Async Capable": false, "Scan Direction": "Forward", "Index Name": "item_pkey", "Relation Name": "item", "Alias": "item", "Startup Cost": 0.29, "Total Cost": 2.51, "Plan Rows": 1, "Plan Width": 196, "Actual Startup Time": 0.008, "Actual Total Time": 0.009, "Actual Rows": 1, "Actual Loops": 1, "Index Cond": "(i_id = 63845)", "Rows Removed by Index Recheck": 0}}]]]}
{"start_time": 1656967023.0335999, "plan": [[[{"Plan": {"Node Type": "ModifyTable", "Operation": "Update", "Parallel Aware": false, "Async Capable": false, "Relation Name": "stock", "Alias": "stock", "Startup Cost": 0.42, "Total Cost": 29.54, "Plan Rows": 0, "Plan Width": 0, "Actual Startup Time": 0.017, "Actual Total Time": 0.017, "Actual Rows": 0, "Actual Loops": 1, "Plans": [{"Node Type": "Index Scan", "Parent Relationship": "Outer", "Parallel Aware": false, "Async Capable": false, "Scan Direction": "Forward", "Index Name": "stock_pkey", "Relation Name": "stock", "Alias": "stock", "Startup Cost": 0.42, "Total Cost": 29.54, "Plan Rows": 25, "Plan Width": 32, "Actual Startup Time": 0.008, "Actual Total Time": 0.009, "Actual Rows": 1, "Actual Loops": 1, "Index Cond": "((s_w_id = 10) AND (s_i_id = 89821))", "Rows Removed by Index Recheck": 0}]}}]]]}
{"start_time": 1656967023.033702, "plan": [[[{"Plan": {"Node Type": "Index Scan", "Parallel Aware": false, "Async Capable": false, "Scan Direction": "Forward", "Index Name": "oorder_pkey", "Relation Name": "oorder", "Alias": "oorder", "Startup Cost": 0.42, "Total Cost": 2.65, "Plan Rows": 1, "Plan Width": 4, "Actual Startup Time": 0.009, "Actual Total Time": 0.01, "Actual Rows": 1, "Actual Loops": 1, "Index Cond": "((o_w_id = 7) AND (o_d_id = 3) AND (o_id = 2154))", "Rows Removed by Index Recheck": 0}}]]]}
