{"start_time": 1656967022.5485191, "plan": [[[{"Plan": {"Node Type": "ModifyTable", "Operation": "Insert", "Parallel Aware": false, "Async Capable": false, "Relation Name": "order_line", "Alias": "order_line", "Startup Cost": 0.0, "Total Cost": 0.01, "Plan Rows": 0, "Plan Width": 0, "Actual Startup Time": 0.014, "Actual Total Time": 0.014, "Actual Rows": 0, "Actual Loops": 1, "Plans": [{"Node Type": "Result", "Parent Relationship": "Outer", "Parallel Aware": false, "Async Capable": false, "Startup Cost": 0.0, "Total Cost": 0.01, "Plan Rows": 1, "Plan Width": 160, "Actual Startup Time": 0.001, "Actual Total Time": 0.001, "Actual Rows": 1, "Actual Loops": 1}]}}]]]}
{"start_time": 1656967022.5485568, "plan": [[[{"Plan": {"Node Type": "LockRows", "Parallel Aware": false, "Async Capable": false, "Startup Cost": 0.42, "Total Cost": 29.54, "Plan Rows": 25, "Plan Width": 1128, "Actual Startup Time": 0.017, "Actual Total Time": 0.019, "Actual Rows": 1, "Actual Loops": 1, "Plans": [{"Node Type": "Index Scan", "Parent Relationship": "Outer", "Parallel Aware": false, "Async Capable": false, "Scan Direction": "Forward", "Index Name": "stock_pkey", "Relation Name": "stock", "Alias": "stock", "Startup Cost": 0.42, "Total Cost": 29.29, "Plan Rows": 25, "Plan Width": 1128, "Actual Startup Time": 0.015, "Actual Total Time": 0.016, "Actual Rows": 1, "Actual Loops": 1, "Index Cond": "((s_w_id = 7) AND (s_i_id = 63159))", "Rows Removed by Index Recheck": 0}]}}]]]}
{"start_time": 1656967022.5485559, "plan": [[[{"Plan": {"Node Type": "ModifyTable", "Operation": "Update", "Parallel Aware": false, "Async Capable": false, "Relation Name": "stock", "Alias": "stock", "Startup Cost": 0.42, "Total Cost": 29.54, "Plan Rows": 0, "Plan Width": 0, "Actual Startup Time": 0.025, "Actual Total Time": 0.025, "Actual Rows": 0, "Actual Loops": 1, "Plans": [{"Node Type": "Index Scan", "Parent Relationship": "Outer", "Parallel Aware": false, "Async Capable": false, "Scan Direction": "Forward", "Index Name": "stock_pkey", "Relation Name": "stock", "Alias": "stock", "Startup Cost": 0.42, "Total Cost": 29.54, "Plan Rows": 25, "Plan Width": 32, "Actual Startup Time": 0.011, "Actual Total Time": 0.012, "Actual Rows": 1, "Actual Loops": 1, "Index Cond": "((s_w_id = 7) AND (s_i_id = 31891))", "Rows Removed by Index Recheck": 0}]}}]]]}
{"start_time": 1656967022.548586, "plan": [[[{"Plan": {"Node Type": "ModifyTable", "Operation": "Insert", "Parallel Aware": false, "Async Capable": false, "Relation Name": "order_line", "Alias": "order_line", "Startup Cost": 0.0, "Total Cost": 0.01, "Plan Rows": 0, "Plan Width": 0, "Actual Startup Time": 0.015, "Actual Total Time": 0.016, "Actual Rows": 0, "Actual Loops": 1, "Plans": [{"Node Type": "Result", "Parent Relationship": "Outer", "Parallel Aware": false, "Async Capable": false, "Startup Cost": 0.0, "Total Cost": 0.01, "Plan Rows": 1, "Plan Width": 160, "Actual Startup Time": 0.001, "Actual Total Time": 0.001, "Actual Rows": 1, "Actual Loops": 1}]}}]]]}
{"start_time": 1656967022.5476499, "plan": [[[{"Plan": {"Node Type": "ModifyTable", "Operation": "Insert", "Parallel Aware": false, "Async Capable": false, "Relation Name": "new_order", "Alias": "new_order", "Startup Cost": 0.0, "Total Cost": 0.01, "Plan Rows": 0, "Plan Width": 0, "Actual Startup Time": 0.018, "Actual Total Time": 0.018, "Actual Rows": 0, "Actual Loops": 1, "Plans": [{"Node Type": "Result", "Parent Relationship": "Outer", "Parallel Aware": false, "Async Capable": false, "Startup Cost": 0.0, "Total Cost": 0.01, "Plan Rows": 1, "Plan Width": 12, "Actual Startup Time": 0.001, "Actual Total Time": 0.001, "Actual Rows": 1, "Actual Loops": 1}]}}]]]}
{"start_time": 1656967022.548397, "plan": [[[{"Plan": {"Node Type": "ModifyTable", "Operation": "Insert", "Parallel Aware": false, "Async Capable": false, "Relation Name": "order_line", "Alias": "order_line", "Startup Cost": 0.0, "Total Cost": 0.01, "Plan Rows": 0, "Plan Width": 0, "Actual Startup Time": 0.019, "Actual Total Time": 0.02, "Actual Rows": 0, "Actual Loops": 1, "Plans": [{"Node Type": "Result", "Parent Relationship": "Outer", "Parallel Aware": false, "Async Capable": false, "Startup Cost": 0.0, "Total Cost": 0.01, "Plan Rows": 1, "Plan Width": 160, "Actual Startup Time": 0.001, "Actual Total Time": 0.001, "Actual Rows": 1, "Actual Loops": 1}]}}]]]}
{"start_time": 1656967022.5486999, "plan": [[[{"Plan": {"Node Type": "LockRows", "Parallel Aware": false, "Async Capable": false, "Startup Cost": 0.42, "Total Cost": 29.54, "Plan Rows": 25, "Plan Width": 1128, "Actual Startup Time": 0.013, "Actual Total Time": 0.015, "Actual Rows": 1, "Actual Loops": 1, "Plans": [{"Node Type": "Index Scan", "Parent Relationship": "Outer", "Parallel Aware": false, "Async Capable": false, "Scan Direction": "Forward", "Index Name": "stock_pkey", "Relation Name": "stock", "Alias": "stock", "Startup Cost": 0.42, "Total Cost": 29.29, "Plan Rows": 25, "Plan Width": 1128, "Actual Startup Time": 0.011, "Actual Total Time": 0.011, "Actual Rows": 1, "Actual Loops": 1, "Index Cond": "((s_w_id = 6) AND (s_i_id = 23203))", "Rows Removed by Index Recheck": 0}]}}]]]}
{"start_time": 1656967022.5487309, "plan": [[[{"Plan": {"Node Type": "ModifyTable", "Operation": "Insert", "Parallel Aware": false, "Async Capable": false, "Relation Name": "order_line", "Alias": "order_line", "Startup Cost": 0.0, "Total Cost": 0.01, "Plan Rows": 0, "Plan Width": 0, "Actual Startup Time": 0.013, "Actual Total Time": 0.013, "Actual Rows": 0, "Actual Loops": 1, "Plans": [{"Node Type": "Result", "Parent Relationship": "Outer", "Parallel Aware": false, "Async Capable": false, "Startup Cost": 0.0, "Total Cost": 0.01, "Plan Rows": 1, "Plan Width": 160, "Actual Startup Time": 0.001, "Actual Total Time": 0.001, "Actual Rows": 1, "Actual Loops": 1}]}}]]]}
{"start_time": 1656967022.548799, "plan": [[[{"Plan": {"Node Type": "Index Scan", "Parallel Aware": false, "Async Capable": false, "Scan Direction": "Forward", "Index Name": "item_pkey", "Relation Name": "item", "Alias": "item", "Startup Cost": 0.29, "Total Cost": 2.51, "Plan Rows": 1, "Plan Width": 196, "Actual Startup Time": 0.008, "Actual Total Time": 0.009, "Actual Rows": 1, "Actual Loops": 1, "Index Cond": "(i_id = 32375)", "Rows Removed by Index Recheck": 0}}]]]}
{"start_time": 1656967022.548765, "plan": [[[{"Plan": {"Node Type": "ModifyTable", "Operation": "Update", "Parallel Aware": false, "Async Capable": false, "Relation Name": "district", "Alias": "district", "Startup Cost": 0.14, "Total Cost": 2.36, "Plan Rows": 0, "Plan Width": 0, "Actual Startup Time": 0.02, "Actual Total Time": 0.02, "Actual Rows": 0, "Actual Loops": 1, "Plans": [{"Node Type": "Index Scan", "Parent Relationship": "Outer", "Parallel Aware": false, "Async Capable": false, "Scan Direction": "Forward", "Index Name": "district_pkey", "Relation Name": "district", "Alias": "district", "Startup Cost": 0.14, "Total Cost": 2.36, "Plan Rows": 1, "Plan Width": 10, "Actual Startup Time": 0.007, "Actual Total Time": 0.007, "Actual Rows": 1, "Actual Loops": 1, "Index Cond": "((d_w_id = 10) AND (d_id = 3))", "Rows Removed by Index Recheck": 0}]}}]]]}
{"start_time": 1656967022.547996, "plan": [[[{"Plan": {"Node Type": "ModifyTable", "Operation": "Insert", "Parallel Aware": false, "Async Capable": false, "Relation Name": "order_line", "Alias": "order_line", "Startup Cost": 0.0, "Total Cost": 0.01, "Plan Rows": 0, "Plan Width": 0, "Actual Startup Time": 0.057, "Actual Total Time": 0.057, "Actual Rows": 0, "Actual Loops": 1, "Plans": [{"Node Type": "Result", "Parent Relationship": "Outer", "Parallel Aware": false, "Async Capable": false, "Startup Cost": 0.0, "Total Cost": 0.01, "Plan Rows": 1, "Plan Width": 160, "Actual Startup Time": 0.001, "Actual Total Time": 0.002, "Actual Rows": 1, "Actual Loops": 1}]}}]]]}
{"start_time": 1656967022.548596, "plan": [[[{"Plan": {"Node Type": "ModifyTable", "Operation": "Insert", "Parallel Aware": false, "Async Capable": false, "Relation Name": "new_order", "Alias": "new_order", "Startup Cost": 0.0, "Total Cost": 0.01, "Plan Rows": 0, "Plan Width": 0, "Actual Startup Time": 0.016, "Actual Total Time": 0.016, "Actual Rows": 0, "Actual Loops": 1, "Plans": [{"Node Type": "Result", "Parent Relationship": "Outer", "Parallel Aware": false, "Async Capable": false, "Startup Cost": 0.0, "Total Cost": 0.01, "Plan Rows": 1, "Plan Width": 12, "Actual Startup Time": 0.001, "Actual Total Time": 0.001, "Actual Rows": 1, "Actual Loops": 1}]}}]]]}
{"start_time": 1656967022.54879, "plan": [[[{"Plan": {"Node Type": "ModifyTable", "Operation": "Insert", "Parallel Aware": false, "Async Capable": false, "Relation Name": "order_line", "Alias": "order_line", "Startup Cost": 0.0, "Total Cost": 0.01, "Plan Rows": 0, "Plan Width": 0, "Actual Startup Time": 0.015, "Actual Total Time": 0.015, "Actual Rows": 0, "Actual Loops": 1, "Plans": [{"Node Type": "Result", "Parent Relationship": "Outer", "Parallel Aware": false, "Async Capable": false, "Startup Cost": 0.0, "Total Cost": 0.01, "Plan Rows": 1, "Plan Width": 160, "Actual Startup Time": 0.001, "Actual Total Time": 0.001, "Actual Rows": 1, "Actual Loops": 1}]}}]]]}
{"start_time": 1656967022.548936, "plan": [[[{"Plan": {"Node Type": "Index Scan", "Parallel Aware": false, "Async Capable": false, "Scan Direction": "Forward", "Index Name": "item_pkey", "Relation Name": "item", "Alias": "item", "Startup Cost": 0.29, "Total Cost": 2.51, "Plan Rows": 1, "Plan Width": 196, "Actual Startup Time": 0.009, "Actual Total Time": 0.01, "Actual Rows": 1, "Actual Loops": 1, "Index Cond": "(i_id = 73383)", "Rows Removed by Index Recheck": 0}}]]]}
{"start_time": 1656967022.548929, "plan": [[[{"Plan": {"Node Type": "ModifyTable", "Operation": "Insert", "Parallel Aware": false, "Async Capable": false, "Relation Name": "order_line", "Alias": "order_line", "Startup Cost": 0.0, "Total Cost": 0.01, "Plan Rows": 0, "Plan Width": 0, "Actual Startup Time": 0.015, "Actual Total Time": 0.016, "Actual Rows": 0, "Actual Loops": 1, "Plans": [{"Node Type": "Result", "Parent Relationship": "Outer", "Parallel Aware": false, "Async Capable": false, "Startup Cost": 0.0, "Total Cost": 0.01, "Plan Rows": 1, "Plan Width": 160, "Actual Startup Time": 0.001, "Actual Total Time": 0.001, "Actual Rows": 1, "Actual Loops": 1}]}}]]]}
{"start_time": 1656967022.548952, "plan": [[[{"Plan": {"Node Type": "ModifyTable", "Operation": "Insert", "Parallel Aware": false, "Async Capable": false, "Relation Name": "order_line", "Alias": "order_line", "Startup Cost": 0.0, "Total Cost": 0.01, "Plan Rows": 0, "Plan Width": 0, "Actual Startup Time": 0.015, "Actual Total Time": 0.015, "Actual Rows": 0, "Actual Loops": 1, "Plans": [{"Node Type": "Result", "Parent Relationship": "Outer", "Parallel Aware": false, "Async Capable": false, "Startup Cost": 0.0, "Total Cost": 0.01, "Plan Rows": 1, "Plan Width": 160, "Actual Startup Time": 0.001, "Actual Total Time": 0.001, "Actual Rows": 1, "Actual Loops": 1}]}}]]]}
{"start_time": 1656967022.546555, "plan": [[[{"Plan": {"Node Type": "ModifyTable", "Operation": "Insert", "Parallel Aware": false, "Async Capable": false, "Relation Name": "order_line", "Alias": "order_line", "Startup Cost": 0.0, "Total Cost": 0.01, "Plan Rows": 0, "Plan Width": 0, "Actual Startup Time": 0.015, "Actual Total Time": 0.015, "Actual Rows": 0, "Actual Loops": 1, "Plans": [{"Node Type": "Result", "Parent Relationship": "Outer", "Parallel Aware": false, "Async Capable": false, "Startup Cost": 0.0, "Total Cost": 0.01, "Plan Rows": 1, "Plan Width": 160, "Actual Startup Time": 0.001, "Actual Total Time": 0.001, "Actual Rows": 1, "Actual Loops": 1}]}}]]]}
{"start_time": 1656967022.549023, "plan": [[[{"Plan": {"Node Type": "ModifyTable", "Operation": "Insert", "Parallel Aware": false, "Async Capable": false, "Relation Name": "oorder", "Alias": "oorder", "Startup Cost": 0.0, "Total Cost": 0.01, "Plan Rows": 0, "Plan Width": 0, "Actual Startup Time": 0.03, "Actual Total Time": 0.031, "Actual Rows": 0, "Actual Loops": 1, "Plans": [{"Node Type": "Result", "Parent Relationship": "Outer", "Parallel Aware": false, "Async Capable": false, "Startup Cost": 0.0, "Total Cost": 0.01, "Plan Rows": 1, "Plan Width": 36, "Actual Startup Time": 0.001, "Actual Total Time": 0.001, "Actual Rows": 1, "Actual Loops": 1}]}}]]]}
{"start_time": 1656967022.549012, "plan": [[[{"Plan": {"Node Type": "LockRows", "Parallel Aware": false, "Async Capable": false, "Startup Cost": 0.42, "Total Cost": 29.54, "Plan Rows": 25, "Plan Width": 1128, "Actual Startup Time": 0.018, "Actual Total Time": 0.019, "Actual Rows": 1, "Actual Loops": 1, "Plans": [{"Node Type": "Index Scan", "Parent Relationship": "Outer", "Parallel Aware": false, "Async Capable": false, "Scan Direction": "Forward", "Index Name": "stock_pkey", "Relation Name": "stock", "Alias": "stock", "Startup Cost": 0.42, "Total Cost": 29.29, "Plan Rows": 25, "Plan Width": 1128, "Actual Startup Time": 0.016, "Actual Total Time": 0.016, "Actual Rows": 1, "Actual Loops": 1, "Index Cond": "((s_w_id = 7) AND (s_i_id = 32375))", "Rows Removed by Index Recheck": 0}]}}]]]}
{"start_time": 1656967022.5491, "plan": [[[{"Plan": {"Node Type": "ModifyTable", "Operation": "Insert", "Parallel Aware": false, "Async Capable": false, "Relation Name": "order_line", "Alias": "order_line", "Startup Cost": 0.0, "Total Cost": 0.01, "Plan Rows": 0, "Plan Width": 0, "Actual Startup Time": 0.015, "Actual Total Time": 0.015, "Actual Rows": 0, "Actual Loops": 1, "Plans": [{"Node Type": "Result", "Parent Relationship": "Outer", "Parallel Aware": false, "Async Capable": false, "Startup Cost": 0.0, "Total Cost": 0.01, "Plan Rows": 1, "Plan Width": 160, "Actual Startup Time": 0.001, "Actual Total Time": 0.001, "Actual Rows": 1, "Actual Loops": 1}]}}]]]}
{"start_time": 1656967022.548709, "plan": [[[{"Plan": {"Node Type": "ModifyTable", "Operation": "Insert", "Parallel Aware": false, "Async Capable": false, "Relation Name": "order_line", "Alias": "order_line", "Startup Cost": 0.0, "Total Cost": 0.01, "Plan Rows": 0, "Plan Width": 0, "Actual Startup Time": 0.02, "Actual Total Time": 0.02, "Actual Rows": 0, "Actual Loops": 1, "Plans": [{"Node Type": "Result", "Parent Relationship": "Outer", "Parallel Aware": false, "Async Capable": false, "Startup Cost": 0.0, "Total Cost": 0.01, "Plan Rows": 1, "Plan Width": 160, "Actual Startup Time": 0.001, "Actual Total Time": 0.002, "Actual Rows": 1, "Actual Loops": 1}]}}]]]}
{"start_time": 1656967022.549151, "plan": [[[{"Plan": {"Node Type": "ModifyTable", "Operation": "Insert", "Parallel Aware": false, "Async Capable": false, "Relation Name": "order_line", "Alias": "order_line", "Startup Cost": 0.0, "Total Cost": 0.01, "Plan Rows": 0, "Plan Width": 0, "Actual Startup Time": 0.013, "Actual Total Time": 0.013, "Actual Rows": 0, "Actual Loops": 1, "Plans": [{"Node Type": "Result", "Parent Relationship": "Outer", "Parallel Aware": false, "Async Capable": false, "Startup Cost": 0.0, "Total Cost": 0.01, "Plan Rows": 1, "Plan Width": 160, "Actual Startup Time": 0.001, "Actual Total Time": 0.001, "Actual Rows": 1, "Actual Loops": 1}]}}]]]}
{"start_time": 1656967022.549171, "plan": [[[{"Plan": {"Node Type": "ModifyTable", "Operation": "Insert", "Parallel Aware": false, "Async Capable": false, "Relation Name": "order_line", "Alias": "order_line", "Startup Cost": 0.0, "Total Cost": 0.01, "Plan Rows": 0, "Plan Width": 0, "Actual Startup Time": 0.018, "Actual Total Time": 0.019, "Actual Rows": 0, "Actual Loops": 1, "Plans": [{"Node Type": "Result", "Parent Relationship": "Outer", "Parallel Aware": false, "Async Capable": false, "Startup Cost": 0.0, "Total Cost": 0.01, "Plan Rows": 1, "Plan Width": 160, "Actual Startup Time": 0.001, "Actual Total Time": 0.001, "Actual Rows": 1, "Actual Loops": 1}]}}]]]}
{"start_time": 1656967022.549268, "plan": [[[{"Plan": {"Node Type": "ModifyTable", "Operation": "Insert", "Parallel Aware": false, "Async Capable": false, "Relation Name": "new_order", "Alias": "new_order", "Startup Cost": 0.0, "Total Cost": 0.01, "Plan Rows": 0, "Plan Width": 0, "Actual Startup Time": 0.016, "Actual Total Time": 0.016, "Actual Rows": 0, "Actual Loops": 1, "Plans": [{"Node Type": "Result", "Parent Relationship": "Outer", "Parallel Aware": false, "Async Capable": false, "Startup Cost": 0.0, "Total Cost": 0.01, "Plan Rows": 1, "Plan Width": 12, "Actual Startup Time": 0.001, "Actual Total Time": 0.001, "Actual Rows": 1, "Actual Loops": 1}]}}]]]}
{"start_time": 1656967022.549344, "plan": [[[{"Plan": {"Node Type": "Index Scan", "Parallel Aware": false, "Async Capable": false, "Scan Direction": "Forward", "Index Name": "item_pkey", "Relation Name": "item", "Alias": "item", "Startup Cost": 0.29, "Total Cost": 2.51, "Plan Rows": 1, "Plan Width": 196, "Actual Startup Time": 0.007, "Actual Total Time": 0.008, "Actual Rows": 1, "Actual Loops": 1, "Index Cond": "(i_id = 95936)", "Rows Removed by Index Recheck": 0}}]]]}
{"start_time": 1656967022.5492969, "plan": [[[{"Plan": {"Node Type": "ModifyTable", "Operation": "Insert", "Parallel Aware": false, "Async Capable": false, "Relation Name": "order_line", "Alias": "order_line", "Startup Cost": 0.0, "Total Cost": 0.01, "Plan Rows": 0, "Plan Width": 0, "Actual Startup Time": 0.014, "Actual Total Time": 0.014, "Actual Rows": 0, "Actual Loops": 1, "Plans": [{"Node Type": "Result", "Parent Relationship": "Outer", "Parallel Aware": false, "Async Capable": false, "Startup Cost": 0.0, "Total Cost": 0.01, "Plan Rows": 1, "Plan Width": 160, "Actual Startup Time": 0.001, "Actual Total Time": 0.001, "Actual Rows": 1, "Actual Loops": 1}]}}]]]}
{"start_time": 1656967022.549117, "plan": [[[{"Plan": {"Node Type": "Index Scan", "Parallel Aware": false, "Async Capable": false, "Scan Direction": "Forward", "Index Name": "item_pkey", "Relation Name": "item", "Alias": "item", "Startup Cost": 0.29, "Total Cost": 2.51, "Plan Rows": 1, "Plan Width": 196, "Actual Startup Time": 0.009, "Actual Total Time": 0.01, "Actual Rows": 1, "Actual Loops": 1, "Index Cond": "(i_id = 79550)", "Rows Removed by Index Recheck": 0}}]]]}
{"start_time": 1656967022.549337, "plan": [[[{"Plan": {"Node Type": "ModifyTable", "Operation": "Insert", "Parallel Aware": false, "Async Capable": false, "Relation Name": "order_line", "Alias": "order_line", "Startup Cost": 0.0, "Total Cost": 0.01, "Plan Rows": 0, "Plan Width": 0, "Actual Startup Time": 0.015, "Actual Total Time": 0.016, "Actual Rows": 0, "Actual Loops": 1, "Plans": [{"Node Type": "Result", "Parent Relationship": "Outer", "Parallel Aware": false, "Async Capable": false, "Startup Cost": 0.0, "Total Cost": 0.01, "Plan Rows": 1, "Plan Width": 160, "Actual Startup Time": 0.001, "Actual Total Time": 0.001, "Actual Rows": 1, "Actual Loops": 1}]}}]]]}
{"start_time": 1656967022.5493789, "plan": [[[{"Plan": {"Node Type": "ModifyTable", "Operation": "Insert", "Parallel Aware": false, "Async Capable": false, "Relation Name": "order_line", "Alias": "order_line", "Startup Cost": 0.0, "Total Cost": 0.01, "Plan Rows": 0, "Plan Width": 0, "Actual Startup Time": 0.015, "Actual Total Time": 0.016, "Actual Rows": 0, "Actual Loops": 1, "Plans": [{"Node Type": "Result", "Parent Relationship": "Outer", "Parallel Aware": false, "Async Capable": false, "Startup Cost": 0.0, "Total Cost": 0.01, "Plan Rows": 1, "Plan Width": 160, "Actual Startup Time": 0.001, "Actual Total Time": 0.001, "Actual Rows": 1, "Actual Loops": 1}]}}]]]}
{"start_time": 1656967022.548911, "plan": [[[{"Plan": {"Node Type": "ModifyTable", "Operation": "Insert", "Parallel Aware": false, "Async Capable": false, "Relation Name": "order_line", "Alias": "order_line", "Startup Cost": 0.0, "Total Cost": 0.01, "Plan Rows": 0, "Plan Width": 0, "Actual Startup Time": 0.018, "Actual Total Time": 0.018, "Actual Rows": 0, "Actual Loops": 1, "Plans": [{"Node Type": "Result", "Parent Relationship": "Outer", "Parallel Aware": false, "Async Capable": false, "Startup Cost": 0.0, "Total Cost": 0.01, "Plan Rows": 1, "Plan Width": 160, "Actual Startup Time": 0.001, "Actual Total Time": 0.001, "Actual Rows": 1, "Actual Loops": 1}]}}]]]}
{"start_time": 1656967022.549495, "plan": [[[{"Plan": {"Node Type": "Index Scan", "Parallel Aware": false, "Async Capable": false, "Scan Direction": "Forward", "Index Name": "item_pkey", "Relation Name": "item", "Alias": "item", "Startup Cost": 0.29, "Total Cost": 2.51, "Plan Rows": 1, "Plan Width": 196, "Actual Startup Time": 0.009, "Actual Total Time": 0.01, "Actual Rows": 1, "Actual Loops": 1, "Index Cond": "(i_id = 2119)", "Rows Removed by Index Recheck": 0}}]]]}
{"start_time": 1656967022.54949, "plan": [[[{"Plan": {"Node Type": "ModifyTable", "Operation": "Update", "Parallel Aware": false, "Async Capable": false, "Relation Name": "stock", "Alias": "stock", "Startup Cost": 0.42, "Total Cost": 29.54, "Plan Rows": 0, "Plan Width": 0, "Actual Startup Time": 0.032, "Actual Total Time": 0.032, "Actual Rows": 0, "Actual Loops": 1, "Plans": [{"Node Type": "Index Scan", "Parent Relationship": "Outer", "Parallel Aware": false, "Async Capable": false, "Scan Direction": "Forward", "Index Name": "stock_pkey", "Relation Name": "stock", "Alias": "stock", "Startup Cost": 0.42, "Total Cost": 29.54, "Plan Rows": 25, "Plan Width": 32, "Actual Startup Time": 0.015, "Actual Total Time": 0.016, "Actual Rows": 1, "Actual Loops": 1, "Index Cond": "((s_w_id = 5) AND (s_i_id = 65207))", "Rows Removed by Index Recheck": 0}]}}]]]}
{"start_time": 1656967022.5495648, "plan": [[[{"Plan": {"Node Type": "ModifyTable", "Operation": "Insert", "Parallel Aware": false, "Async Capable": false, "Relation Name": "order_line", "Alias": "order_line", "Startup Cost": 0.0, "Total Cost": 0.01, "Plan Rows": 0, "Plan Width": 0, "Actual Startup Time": 0.015, "Actual Total Time": 0.015, "Actual Rows": 0, "Actual Loops": 1, "Plans": [{"Node Type": "Result", "Parent Relationship": "Outer", "Parallel Aware": false, "Async Capable": false, "Startup Cost": 0.0, "Total Cost": 0.01, "Plan Rows": 1, "Plan Width": 160, "Actual Startup Time": 0.001, "Actual Total Time": 0.001, "Actual Rows": 1, "Actual Loops": 1}]}}]]]}
{"start_time": 1656967022.549633, "plan": [[[{"Plan": {"Node Type": "Index Scan", "Parallel Aware": false, "Async Capable": false, "Scan Direction": "Forward", "Index Name": "item_pkey", "Relation Name": "item", "Alias": "item", "Startup Cost": 0.29, "Total Cost": 2.51, "Plan Rows": 1, "Plan Width": 196, "Actual Startup Time": 0.009, "Actual Total Time": 0.01, "Actual Rows": 1, "Actual Loops": 1, "Index Cond": "(i_id = 83671)", "Rows Removed by Index Recheck": 0}}]]]}
{"start_time": 1656967022.548178, "plan": [[[{"Plan": {"Node Type": "ModifyTable", "Operation": "Insert", "Parallel Aware": false, "Async Capable": false, "Relation Name": "order_line", "Alias": "order_line", "Startup Cost": 0.0, "Total Cost": 0.01, "Plan Rows": 0, "Plan Width": 0, "Actual Startup Time": 0.012, "Actual Total Time": 0.013, "Actual Rows": 0, "Actual Loops": 1, "Plans": [{"Node Type": "Result", "Parent Relationship": "Outer", "Parallel Aware": false, "Async Capable": false, "Startup Cost": 0.0, "Total Cost": 0.01, "Plan Rows": 1, "Plan Width": 160, "Actual Startup Time": 0.001, "Actual Total Time": 0.001, "Actual Rows": 1, "Actual Loops": 1}]}}]]]}
{"start_time": 1656967022.549827, "plan": [[[{"Plan": {"Node Type": "LockRows", "Parallel Aware": false, "Async Capable": false, "Startup Cost": 0.42, "Total Cost": 29.54, "Plan Rows": 25, "Plan Width": 1128, "Actual Startup Time": 0.024, "Actual Total Time": 0.026, "Actual Rows": 1, "Actual Loops": 1, "Plans": [{"Node Type": "Index Scan", "Parent Relationship": "Outer", "Parallel Aware": false, "Async Capable": false, "Scan Direction": "Forward", "Index Name": "stock_pkey", "Relation Name": "stock", "Alias": "stock", "Startup Cost": 0.42, "Total Cost": 29.29, "Plan Rows": 25, "Plan Width": 1128, "Actual Startup Time": 0.01, "Actual Total Time": 0.011, "Actual Rows": 1, "Actual Loops": 1, "Index Cond": "((s_w_id = 10) AND (s_i_id = 83671))", "Rows Removed by Index Recheck": 0}]}}]]]}
{"start_time": 1656967022.549762, "plan": [[[{"Plan": {"Node Type": "ModifyTable", "Operation": "Insert", "Parallel Aware": false, "Async Capable": false, "Relation Name": "order_line", "Alias": "order_line", "Startup Cost": 0.0, "Total Cost": 0.01, "Plan Rows": 0, "Plan Width": 0, "Actual Startup Time": 0.014, "Actual Total Time": 0.014, "Actual Rows": 0, "Actual Loops": 1, "Plans": [{"Node Type": "Result", "Parent Relationship": "Outer", "Parallel Aware": false, "Async Capable": false, "Startup Cost": 0.0, "Total Cost": 0.01, "Plan Rows": 1, "Plan Width": 160, "Actual Startup Time": 0.001, "Actual Total Time": 0.001, "Actual Rows": 1, "Actual Loops": 1}]}}]]]}
{"start_time": 1656967022.549906, "plan": [[[{"Plan": {"Node Type": "Index Scan", "Parallel Aware": false, "Async Capable": false, "Scan Direction": "Forward", "Index Name": "item_pkey", "Relation Name": "item", "Alias": "item", "Startup Cost": 0.29, "Total Cost": 2.51, "Plan Rows": 1, "Plan Width": 196, "Actual Startup Time": 0.009, "Actual Total Time": 0.01, "Actual Rows": 1, "Actual Loops": 1, "Index Cond": "(i_id = 89431)", "Rows Removed by Index Recheck": 0}}]]]}
{"start_time": 1656967022.549652, "plan": [[[{"Plan": {"Node Type": "ModifyTable", "Operation": "Insert", "Parallel Aware": false, "Async Capable": false, "Relation Name": "order_line", "Alias": "order_line", "Startup Cost": 0.0, "Total Cost": 0.01, "Plan Rows": 0, "Plan Width": 0, "Actual Startup Time": 0.015, "Actual Total Time": 0.016, "Actual Rows": 0, "Actual Loops": 1, "Plans": [{"Node Type": "Result", "Parent Relationship": "Outer", "Parallel Aware": false, "Async Capable": false, "Startup Cost": 0.0, "Total Cost": 0.01, "Plan Rows": 1, "Plan Width": 160, "Actual Startup Time": 0.001, "Actual Total Time": 0.001, "Actual Rows": 1, "Actual Loops": 1}]}}]]]}
{"start_time": 1656967022.5500789, "plan": [[[{"Plan": {"Node Type": "Index Scan", "Parallel Aware": false, "Async Capable": false, "Scan Direction": "Forward", "Index Name": "item_pkey", "Relation Name": "item", "Alias": "item", "Startup Cost": 0.29, "Total Cost": 2.51, "Plan Rows": 1, "Plan Width": 196, "Actual Startup Time": 0.008, "Actual Total Time": 0.009, "Actual Rows": 1, "Actual Loops": 1, "Index Cond": "(i_id = 7173)", "Rows Removed by Index Recheck": 0}}]]]}
{"start_time": 1656967022.549762, "plan": [[[{"Plan": {"Node Type": "ModifyTable", "Operation": "Update", "Parallel Aware": false, "Async Capable": false, "Relation Name": "stock", "Alias": "stock", "Startup Cost": 0.42, "Total Cost": 29.54, "Plan Rows": 0, "Plan Width": 0, "Actual Startup Time": 0.027, "Actual Total Time": 0.027, "Actual Rows": 0, "Actual Loops": 1, "Plans": [{"Node Type": "Index Scan", "Parent Relationship": "Outer", "Parallel Aware": false, "Async Capable": false, "Scan Direction": "Forward", "Index Name": "stock_pkey", "Relation Name": "stock", "Alias": "stock", "Startup Cost": 0.42, "Total Cost": 29.54, "Plan Rows": 25, "Plan Width": 32, "Actual Startup Time": 0.011, "Actual Total Time": 0.012, "Actual Rows": 1, "Actual Loops": 1, "Index Cond": "((s_w_id = 10) AND (s_i_id = 39619))", "Rows Removed by Index Recheck": 0}]}}]]]}
{"start_time": 1656967022.550087, "plan": [[[{"Plan": {"Node Type": "ModifyTable", "Operation": "Insert", "Parallel Aware": false, "Async Capable": false, "Relation Name": "order_line", "Alias": "order_line", "Startup Cost": 0.0, "Total Cost": 0.01, "Plan Rows": 0, "Plan Width": 0, "Actual Startup Time": 0.013, "Actual Total Time": 0.014, "Actual Rows": 0, "Actual Loops": 1, "Plans": [{"Node Type": "Result", "Parent Relationship": "Outer", "Parallel Aware": false, "Async Capable": false, "Startup Cost": 0.0, "Total Cost": 0.01, "Plan Rows": 1, "Plan Width": 160, "Actual Startup Time": 0.001, "Actual Total Time": 0.001, "Actual Rows": 1, "Actual Loops": 1}]}}]]]}
{"start_time": 1656967022.54989, "plan": [[[{"Plan": {"Node Type": "LockRows", "Parallel Aware": false, "Async Capable": false, "Startup Cost": 0.42, "Total Cost": 29.54, "Plan Rows": 25, "Plan Width": 1128, "Actual Startup Time": 0.019, "Actual Total Time": 0.021, "Actual Rows": 1, "Actual Loops": 1, "Plans": [{"Node Type": "Index Scan", "Parent Relationship": "Outer", "Parallel Aware": false, "Async Capable": false, "Scan Direction": "Forward", "Index Name": "stock_pkey", "Relation Name": "stock", "Alias": "stock", "Startup Cost": 0.42, "Total Cost": 29.29, "Plan Rows": 25, "Plan Width": 1128, "Actual Startup Time": 0.017, "Actual Total Time": 0.018, "Actual Rows": 1, "Actual Loops": 1, "Index Cond": "((s_w_id = 6) AND (s_i_id = 95936))", "Rows Removed by Index Recheck": 0}]}}]]]}
{"start_time": 1656967022.550088, "plan": [[[{"Plan": {"Node Type": "ModifyTable", "Operation": "Insert", "Parallel Aware": false, "Async Capable": false, "Relation Name": "order_line", "Alias": "order_line", "Startup Cost": 0.0, "Total Cost": 0.01, "Plan Rows": 0, "Plan Width": 0, "Actual Startup Time": 0.014, "Actual Total Time": 0.015, "Actual Rows": 0, "Actual Loops": 1, "Plans": [{"Node Type": "Result", "Parent Relationship": "Outer", "Parallel Aware": false, "Async Capable": false, "Startup Cost": 0.0, "Total Cost": 0.01, "Plan Rows": 1, "Plan Width": 160, "Actual Startup Time": 0.001, "Actual Total Time": 0.001, "Actual Rows": 1, "Actual Loops": 1}]}}]]]}
{"start_time": 1656967022.550114, "plan": [[[{"Plan": {"Node Type": "LockRows", "Parallel Aware": false, "Async Capable": false, "Startup Cost": 0.42, "Total Cost": 29.54, "Plan Rows": 25, "Plan Width": 1128, "Actual Startup Time": 0.02, "Actual Total Time": 0.023, "Actual Rows": 1, "Actual Loops": 1, "Plans": [{"Node Type": "Index Scan", "Parent Relationship": "Outer", "Parallel Aware": false, "Async Capable": false, "Scan Direction": "Forward", "Index Name": "stock_pkey", "Relation Name": "stock", "Alias": "stock", "Startup Cost": 0.42, "Total Cost": 29.29, "Plan Rows": 25, "Plan Width": 1128, "Actual Startup Time": 0.017, "Actual Total Time": 0.019, "Actual Rows": 1, "Actual Loops": 1, "Index Cond": "((s_w_id = 2) AND (s_i_id = 89431))", "Rows Removed by Index Recheck": 0}]}}]]]}
{"start_time": 1656967022.5502648, "plan": [[[{"Plan": {"Node Type": "ModifyTable", "Operation": "Update", "Parallel Aware": false, "Async Capable": false, "Relation Name": "stock", "Alias": "stock", "Startup Cost": 0.42, "Total Cost": 29.54, "Plan Rows": 0, "Plan Width": 0, "Actual Startup Time": 0.034, "Actual Total Time": 0.034, "Actual Rows": 0, "Actual Loops": 1, "Plans": [{"Node Type": "Index Scan", "Parent Relationship": "Outer", "Parallel Aware": false, "Async Capable": false, "Scan Direction": "Forward", "Index Name": "stock_pkey", "Relation Name": "stock", "Alias": "stock", "Startup Cost": 0.42, "Total Cost": 29.54, "Plan Rows": 25, "Plan Width": 32, "Actual Startup Time": 0.01, "Actual Total Time": 0.011, "Actual Rows": 1, "Actual Loops": 1, "Index Cond": "((s_w_id = 10) AND (s_i_id = 46247))", "Rows Removed by Index Recheck": 0}]}}]]]}
{"start_time": 1656967022.550284, "plan": [[[{"Plan": {"Node Type": "ModifyTable", "Operation": "Insert", "Parallel Aware": false, "Async Capable": false, "Relation Name": "order_line", "Alias": "order_line", "Startup Cost": 0.0, "Total Cost": 0.01, "Plan Rows": 0, "Plan Width": 0, "Actual Startup Time": 0.015, "Actual Total Time": 0.015, "Actual Rows": 0, "Actual Loops": 1, "Plans": [{"Node Type": "Result", "Parent Relationship": "Outer", "Parallel Aware": false, "Async Capable": false, "Startup Cost": 0.0, "Total Cost": 0.01, "Plan Rows": 1, "Plan Width": 160, "Actual Startup Time": 0.001, "Actual Total Time": 0.001, "Actual Rows": 1, "Actual Loops": 1}]}}]]]}
{"start_time": 1656967022.550304, "plan": [[[{"Plan": {"Node Type": "LockRows", "Parallel Aware": false, "Async Capable": false, "Startup Cost": 0.42, "Total Cost": 29.54, "Plan Rows": 25, "Plan Width": 1128, "Actual Startup Time": 0.013, "Actual Total Time": 0.015, "Actual Rows": 1, "Actual Loops": 1, "Plans": [{"Node Type": "Index Scan", "Parent Relationship": "Outer", "Parallel Aware": false, "Async Capable": false, "Scan Direction": "Forward", "Index Name": "stock_pkey", "Relation Name": "stock", "Alias": "stock", "Startup Cost": 0.42, "Total Cost": 29.29, "Plan Rows": 25, "Plan Width": 1128, "Actual Startup Time": 0.009, "Actual Total Time": 0.01, "Actual Rows": 1, "Actual Loops": 1, "Index Cond": "((s_w_id = 10) AND (s_i_id = 7173))", "Rows Removed by Index Recheck": 0}]}}]]]}
{"start_time": 1656967022.550313, "plan": [[[{"Plan": {"Node Type": "ModifyTable", "Operation": "Insert", "Parallel Aware": false, "Async Capable": false, "Relation Name": "order_line", "Alias": "order_line", "Startup Cost": 0.0, "Total Cost": 0.01, "Plan Rows": 0, "Plan Width": 0, "Actual Startup Time": 0.013, "Actual Total Time": 0.013, "Actual Rows": 0, "Actual Loops": 1, "Plans": [{"Node Type": "Result", "Parent Relationship": "Outer", "Parallel Aware": false, "Async Capable": false, "Startup Cost": 0.0, "Total Cost": 0.01, "Plan Rows": 1, "Plan Width": 160, "Actual Startup Time": 0.001, "Actual Total Time": 0.001, "Actual Rows": 1, "Actual Loops": 1}]}}]]]}
{"start_time": 1656967022.550539, "plan": [[[{"Plan": {"Node Type": "Index Scan", "Parallel Aware": false, "Async Capable": false, "Scan Direction": "Forward", "Index Name": "item_pkey", "Relation Name": "item", "Alias": "item", "Startup Cost": 0.29, "Total Cost": 2.51, "Plan Rows": 1, "Plan Width": 196, "Actual Startup Time": 0.008, "Actual Total Time": 0.009, "Actual Rows": 1, "Actual Loops": 1, "Index Cond": "(i_id = 38278)", "Rows Removed by Index Recheck": 0}}]]]}
{"start_time": 1656967022.549717, "plan": [[[{"Plan": {"Node Type": "LockRows", "Parallel Aware": false, "Async Capable": false, "Startup Cost": 0.42, "Total Cost": 29.54, "Plan Rows": 25, "Plan Width": 1128, "Actual Startup Time": 0.023, "Actual Total Time": 0.024, "Actual Rows": 1, "Actual Loops": 1, "Plans": [{"Node Type": "Index Scan", "Parent Relationship": "Outer", "Parallel Aware": false, "Async Capable": false, "Scan Direction": "Forward", "Index Name": "stock_pkey", "Relation Name": "stock", "Alias": "stock", "Startup Cost": 0.42, "Total Cost": 29.29, "Plan Rows": 25, "Plan Width": 1128, "Actual Startup Time": 0.02, "Actual Total Time": 0.021, "Actual Rows": 1, "Actual Loops": 1, "Index Cond": "((s_w_id = 9) AND (s_i_id = 79550))", "Rows Removed by Index Recheck": 0}]}}]]]}
{"start_time": 1656967022.550479, "plan": [[[{"Plan": {"Node Type": "ModifyTable", "Operation": "Update", "Parallel Aware": false, "Async Capable": false, "Relation Name": "stock", "Alias": "stock", "Startup Cost": 0.42, "Total Cost": 29.54, "Plan Rows": 0, "Plan Width": 0, "Actual Startup Time": 0.025, "Actual Total Time": 0.025, "Actual Rows": 0, "Actual Loops": 1, "Plans": [{"Node Type": "Index Scan", "Parent Relationship": "Outer", "Parallel Aware": false, "Async Capable": false, "Scan Direction": "Forward", "Index Name": "stock_pkey", "Relation Name": "stock", "Alias": "stock", "Startup Cost": 0.42, "Total Cost": 29.54, "Plan Rows": 25, "Plan Width": 32, "Actual Startup Time": 0.01, "Actual Total Time": 0.011, "Actual Rows": 1, "Actual Loops": 1, "Index Cond": "((s_w_id = 10) AND (s_i_id = 48350))", "Rows Removed by Index Recheck": 0}]}}]]]}
{"start_time": 1656967022.550525, "plan": [[[{"Plan": {"Node Type": "Index Scan", "Parallel Aware": false, "Async Capable": false, "Scan Direction": "Forward", "Index Name": "item_pkey", "Relation Name": "item", "Alias": "item", "Startup Cost": 0.29, "Total Cost": 2.51, "Plan Rows": 1, "Plan Width": 196, "Actual Startup Time": 0.009, "Actual Total Time": 0.01, "Actual Rows": 1, "Actual Loops": 1, "Index Cond": "(i_id = 3507)", "Rows Removed by Index Recheck": 0}}]]]}
{"start_time": 1656967022.5505118, "plan": [[[{"Plan": {"Node Type": "ModifyTable", "Operation": "Insert", "Parallel Aware": false, "Async Capable": false, "Relation Name": "order_line", "Alias": "order_line", "Startup Cost": 0.0, "Total Cost": 0.01, "Plan Rows": 0, "Plan Width": 0, "Actual Startup Time": 0.015, "Actual Total Time": 0.015, "Actual Rows": 0, "Actual Loops": 1, "Plans": [{"Node Type": "Result", "Parent Relationship": "Outer", "Parallel Aware": false, "Async Capable": false, "Startup Cost": 0.0, "Total Cost": 0.01, "Plan Rows": 1, "Plan Width": 160, "Actual Startup Time": 0.001, "Actual Total Time": 0.001, "Actual Rows": 1, "Actual Loops": 1}]}}]]]}
{"start_time": 1656967022.55053, "plan": [[[{"Plan": {"Node Type": "ModifyTable", "Operation": "Insert", "Parallel Aware": false, "Async Capable": false, "Relation Name": "order_line", "Alias": "order_line", "Startup Cost": 0.0, "Total Cost": 0.01, "Plan Rows": 0, "Plan Width": 0, "Actual Startup Time": 0.015, "Actual Total Time": 0.015, "Actual Rows": 0, "Actual Loops": 1, "Plans": [{"Node Type": "Result", "Parent Relationship": "Outer", "Parallel Aware": false, "Async Capable": false, "Startup Cost": 0.0, "Total Cost": 0.01, "Plan Rows": 1, "Plan Width": 160, "Actual Startup Time": 0.001, "Actual Total Time": 0.001, "Actual Rows": 1, "Actual Loops": 1}]}}]]]}
{"start_time": 1656967022.549711, "plan": [[[{"Plan": {"Node Type": "LockRows", "Parallel Aware": false, "Async Capable": false, "Startup Cost": 0.42, "Total Cost": 29.54, "Plan Rows": 25, "Plan Width": 1128, "Actual Startup Time": 0.011, "Actual Total Time": 0.013, "Actual Rows": 1, "Actual Loops": 1, "Plans": [{"Node Type": "Index Scan", "Parent Relationship": "Outer", "Parallel Aware": false, "Async Capable": false, "Scan Direction": "Forward", "Index Name": "stock_pkey", "Relation Name": "stock", "Alias": "stock", "Startup Cost": 0.42, "Total Cost": 29.29, "Plan Rows": 25, "Plan Width": 1128, "Actual Startup Time": 0.009, "Actual Total Time": 0.01, "Actual Rows": 1, "Actual Loops": 1, "Index Cond": "((s_w_id = 7) AND (s_i_id = 2119))", "Rows Removed by Index Recheck": 0}]}}]]]}
{"start_time": 1656967022.55068, "plan": [[[{"Plan": {"Node Type": "ModifyTable", "Operation": "Update", "Parallel Aware": false, "Async Capable": false, "Relation Name": "stock", "Alias": "stock", "Startup Cost": 0.42, "Total Cost": 29.54, "Plan Rows": 0, "Plan Width": 0, "Actual Startup Time": 0.024, "Actual Total Time": 0.025, "Actual Rows": 0, "Actual Loops": 1, "Plans": [{"Node Type": "Index Scan", "Parent Relationship": "Outer", "Parallel Aware": false, "Async Capable": false, "Scan Direction": "Forward", "Index Name": "stock_pkey", "Relation Name": "stock", "Alias": "stock", "Startup Cost": 0.42, "Total Cost": 29.54, "Plan Rows": 25, "Plan Width": 32, "Actual Startup Time": 0.01, "Actual Total Time": 0.011, "Actual Rows": 1, "Actual Loops": 1, "Index Cond": "((s_w_id = 10) AND (s_i_id = 6070))", "Rows Removed by Index Recheck": 0}]}}]]]}
{"start_time": 1656967022.550565, "plan": [[[{"Plan": {"Node Type": "ModifyTable", "Operation": "Insert", "Parallel Aware": false, "Async Capable": false, "Relation Name": "order_line", "Alias": "order_line", "Startup Cost": 0.0, "Total Cost": 0.01, "Plan Rows": 0, "Plan Width": 0, "Actual Startup Time": 0.015, "Actual Total Time": 0.015, "Actual Rows": 0, "Actual Loops": 1, "Plans": [{"Node Type": "Result", "Parent Relationship": "Outer", "Parallel Aware": false, "Async Capable": false, "Startup Cost": 0.0, "Total Cost": 0.01, "Plan Rows": 1, "Plan Width": 160, "Actual Startup Time": 0.001, "Actual Total Time": 0.001, "Actual Rows": 1, "Actual Loops": 1}]}}]]]}
{"start_time": 1656967022.55073, "plan": [[[{"Plan": {"Node Type": "Index Scan", "Parallel Aware": false, "Async Capable": false, "Scan Direction": "Forward", "Index Name": "item_pkey", "Relation Name": "item", "Alias": "item", "Startup Cost": 0.29, "Total Cost": 2.51, "Plan Rows": 1, "Plan Width": 196, "Actual Startup Time": 0.009, "Actual Total Time": 0.01, "Actual Rows": 1, "Actual Loops": 1, "Index Cond": "(i_id = 5175)", "Rows Removed by Index Recheck": 0}}]]]}
{"start_time": 1656967022.5507169, "plan": [[[{"Plan": {"Node Type": "LockRows", "Parallel Aware": false, "Async Capable": false, "Startup Cost": 0.42, "Total Cost": 29.54, "Plan Rows": 25, "Plan Width": 1128, "Actual Startup Time": 0.029, "Actual Total Time": 0.031, "Actual Rows": 1, "Actual Loops": 1, "Plans": [{"Node Type": "Index Scan", "Parent Relationship": "Outer", "Parallel Aware": false, "Async Capable": false, "Scan Direction": "Forward", "Index Name": "stock_pkey", "Relation Name": "stock", "Alias": "stock", "Startup Cost": 0.42, "Total Cost": 29.29, "Plan Rows": 25, "Plan Width": 1128, "Actual Startup Time": 0.024, "Actual Total Time": 0.025, "Actual Rows": 1, "Actual Loops": 1, "Index Cond": "((s_w_id = 10) AND (s_i_id = 38278))", "Rows Removed by Index Recheck": 0}]}}]]]}
{"start_time": 1656967022.549583, "plan": [[[{"Plan": {"Node Type": "ModifyTable", "Operation": "Insert", "Parallel Aware": false, "Async Capable": false, "Relation Name": "order_line", "Alias": "order_line", "Startup Cost": 0.0, "Total Cost": 0.01, "Plan Rows": 0, "Plan Width": 0, "Actual Startup Time": 0.014, "Actual Total Time": 0.015, "Actual Rows": 0, "Actual Loops": 1, "Plans": [{"Node Type": "Result", "Parent Relationship": "Outer", "Parallel Aware": false, "Async Capable": false, "Startup Cost": 0.0, "Total Cost": 0.01, "Plan Rows": 1, "Plan Width": 160, "Actual Startup Time": 0.001, "Actual Total Time": 0.001, "Actual Rows": 1, "Actual Loops": 1}]}}]]]}
{"start_time": 1656967022.5507379, "plan": [[[{"Plan": {"Node Type": "LockRows", "Parallel Aware": false, "Async Capable": false, "Startup Cost": 0.42, "Total Cost": 29.54, "Plan Rows": 25, "Plan Width": 1128, "Actual Startup Time": 0.025, "Actual Total Time": 0.027, "Actual Rows": 1, "Actual Loops": 1, "Plans": [{"Node Type": "Index Scan", "Parent Relationship": "Outer", "Parallel Aware": false, "Async Capable": false, "Scan Direction": "Forward", "Index Name": "stock_pkey", "Relation Name": "stock", "Alias": "stock", "Startup Cost": 0.42, "Total Cost": 29.29, "Plan Rows": 25, "Plan Width": 1128, "Actual Startup Time": 0.023, "Actual Total Time": 0.024, "Actual Rows": 1, "Actual Loops": 1, "Index Cond": "((s_w_id = 2) AND (s_i_id = 3507))", "Rows Removed by Index Recheck": 0}]}}]]]}
{"start_time": 1656967022.55086, "plan": [[[{"Plan": {"Node Type": "ModifyTable", "Operation": "Update", "Parallel Aware": false, "Async Capable": false, "Relation Name": "stock", "Alias": "stock", "Startup Cost": 0.42, "Total Cost": 29.54, "Plan Rows": 0, "Plan Width": 0, "Actual Startup Time": 0.025, "Actual Total Time": 0.026, "Actual Rows": 0, "Actual Loops": 1, "Plans": [{"Node Type": "Index Scan", "Parent Relationship": "Outer", "Parallel Aware": false, "Async Capable": false, "Scan Direction": "Forward", "Index Name": "stock_pkey", "Relation Name": "stock", "Alias": "stock", "Startup Cost": 0.42, "Total Cost": 29.54, "Plan Rows": 25, "Plan Width": 32, "Actual Startup Time": 0.011, "Actual Total Time": 0.012, "Actual Rows": 1, "Actual Loops": 1, "Index Cond": "((s_w_id = 10) AND (s_i_id = 77157))", "Rows Removed by Index Recheck": 0}]}}]]]}
{"start_time": 1656967022.550354, "plan": [[[{"Plan": {"Node Type": "Index Scan", "Parallel Aware": false, "Async Capable": false, "Scan Direction": "Forward", "Index Name": "customer_pkey", "Relation Name": "customer", "Alias": "customer", "Startup Cost": 0.42, "Total Cost": 2.65, "Plan Rows": 1, "Plan Width": 482, "Actual Startup Time": 0.012, "Actual Total Time": 0.013, "Actual Rows": 1, "Actual Loops": 1, "Index Cond": "((c_w_id = 7) AND (c_d_id = 1) AND (c_id = 1169))", "Rows Removed by Index Recheck": 0}}]]]}
{"start_time": 1656967022.550781, "plan": [[[{"Plan": {"Node Type": "ModifyTable", "Operation": "Insert", "Parallel Aware": false, "Async Capable": false, "Relation Name": "order_line", "Alias": "order_line", "Startup Cost": 0.0, "Total Cost": 0.01, "Plan Rows": 0, "Plan Width": 0, "Actual Startup Time": 0.015, "Actual Total Time": 0.016, "Actual Rows": 0, "Actual Loops": 1, "Plans": [{"Node Type": "Result", "Parent Relationship": "Outer", "Parallel Aware": false, "Async Capable": false, "Startup Cost": 0.0, "Total Cost": 0.01, "Plan Rows": 1, "Plan Width": 160, "Actual Startup Time": 0.001, "Actual Total Time": 0.001, "Actual Rows": 1, "Actual Loops": 1}]}}]]]}
{"start_time": 1656967022.550961, "plan": [[[{"Plan": {"Node Type": "LockRows", "Parallel Aware": false, "Async Capable": false, "Startup Cost": 0.42, "Total Cost": 29.54, "Plan Rows": 25, "Plan Width": 1128, "Actual Startup Time": 0.019, "Actual Total Time": 0.02, "Actual Rows": 1, "Actual Loops": 1, "Plans": [{"Node Type": "Index Scan", "Parent Relationship": "Outer", "Parallel Aware": false, "Async Capable": false, "Scan Direction": "Forward", "Index Name": "stock_pkey", "Relation Name": "stock", "Alias": "stock", "Startup Cost": 0.42, "Total Cost": 29.29, "Plan Rows": 25, "Plan Width": 1128, "Actual Startup Time": 0.017, "Actual Total Time": 0.017, "Actual Rows": 1, "Actual Loops": 1, "Index Cond": "((s_w_id = 9) AND (s_i_id = 5175))", "Rows Removed by Index Recheck": 0}]}}]]]}
{"start_time": 1656967022.549757, "plan": [[[{"Plan": {"Node Type": "LockRows", "Parallel Aware": false, "Async Capable": false, "Startup Cost": 0.42, "Total Cost": 29.54, "Plan Rows": 25, "Plan Width": 1128, "Actual Startup Time": 0.011, "Actual Total Time": 0.012, "Actual Rows": 1, "Actual Loops": 1, "Plans": [{"Node Type": "Index Scan", "Parent Relationship": "Outer", "Parallel Aware": false, "Async Capable": false, "Scan Direction": "Forward", "Index Name": "stock_pkey", "Relation Name": "stock", "Alias": "stock", "Startup Cost": 0.42, "Total Cost": 29.29, "Plan Rows": 25, "Plan Width": 1128, "Actual Startup Time": 0.009, "Actual Total Time": 0.009, "Actual Rows": 1, "Actual Loops": 1, "Index Cond": "((s_w_id = 2) AND (s_i_id = 73383))", "Rows Removed by Index Recheck": 0}]}}]]]}
{"start_time": 1656967022.551002, "plan": [[[{"Plan": {"Node Type": "ModifyTable", "Operation": "Insert", "Parallel Aware": false, "Async Capable": false, "Relation Name": "order_line", "Alias": "order_line", "Startup Cost": 0.0, "Total Cost": 0.01, "Plan Rows": 0, "Plan Width": 0, "Actual Startup Time": 0.02, "Actual Total Time": 0.02, "Actual Rows": 0, "Actual Loops": 1, "Plans": [{"Node Type": "Result", "Parent Relationship": "Outer", "Parallel Aware": false, "Async Capable": false, "Startup Cost": 0.0, "Total Cost": 0.01, "Plan Rows": 1, "Plan Width": 160, "Actual Startup Time": 0.001, "Actual Total Time": 0.001, "Actual Rows": 1, "Actual Loops": 1}]}}]]]}
{"start_time": 1656967022.551056, "plan": [[[{"Plan": {"Node Type": "ModifyTable", "Operation": "Update", "Parallel Aware": false, "Async Capable": false, "Relation Name": "stock", "Alias": "stock", "Startup Cost": 0.42, "Total Cost": 29.54, "Plan Rows": 0, "Plan Width": 0, "Actual Startup Time": 0.023, "Actual Total Time": 0.023, "Actual Rows": 0, "Actual Loops": 1, "Plans": [{"Node Type": "Index Scan", "Parent Relationship": "Outer", "Parallel Aware": false, "Async Capable": false, "Scan Direction": "Forward", "Index Name": "stock_pkey", "Relation Name": "stock", "Alias": "stock", "Startup Cost": 0.42, "Total Cost": 29.54, "Plan Rows": 25, "Plan Width": 32, "Actual Startup Time": 0.009, "Actual Total Time": 0.01, "Actual Rows": 1, "Actual Loops": 1, "Index Cond": "((s_w_id = 10) AND (s_i_id = 88531))", "Rows Removed by Index Recheck": 0}]}}]]]}
{"start_time": 1656967022.551155, "plan": [[[{"Plan": {"Node Type": "Index Scan", "Parallel Aware": false, "Async Capable": false, "Scan Direction": "Forward", "Index Name": "item_pkey", "Relation Name": "item", "Alias": "item", "Startup Cost": 0.29, "Total Cost": 2.51, "Plan Rows": 1, "Plan Width": 196, "Actual Startup Time": 0.009, "Actual Total Time": 0.01, "Actual Rows": 1, "Actual Loops": 1, "Index Cond": "(i_id = 58083)", "Rows Removed by Index Recheck": 0}}]]]}
{"start_time": 1656967022.5512428, "plan": [[[{"Plan": {"Node Type": "ModifyTable", "Operation": "Update", "Parallel Aware": false, "Async Capable": false, "Relation Name": "stock", "Alias": "stock", "Startup Cost": 0.42, "Total Cost": 29.54, "Plan Rows": 0, "Plan Width": 0, "Actual Startup Time": 0.025, "Actual Total Time": 0.025, "Actual Rows": 0, "Actual Loops": 1, "Plans": [{"Node Type": "Index Scan", "Parent Relationship": "Outer", "Parallel Aware": false, "Async Capable": false, "Scan Direction": "Forward", "Index Name": "stock_pkey", "Relation Name": "stock", "Alias": "stock", "Startup Cost": 0.42, "Total Cost": 29.54, "Plan Rows": 25, "Plan Width": 32, "Actual Startup Time": 0.011, "Actual Total Time": 0.012, "Actual Rows": 1, "Actual Loops": 1, "Index Cond": "((s_w_id = 10) AND (s_i_id = 34531))", "Rows Removed by Index Recheck": 0}]}}]]]}
{"start_time": 1656967022.550056, "plan": [[[{"Plan": {"Node Type": "ModifyTable", "Operation": "Insert", "Parallel Aware": false, "Async Capable": false, "Relation Name": "order_line", "Alias": "order_line", "Startup Cost": 0.0, "Total Cost": 0.01, "Plan Rows": 0, "Plan Width": 0, "Actual Startup Time": 0.013, "Actual Total Time": 0.013, "Actual Rows": 0, "Actual Loops": 1, "Plans": [{"Node Type": "Result", "Parent Relationship": "Outer", "Parallel Aware": false, "Async Capable": false, "Startup Cost": 0.0, "Total Cost": 0.01, "Plan Rows": 1, "Plan Width": 160, "Actual Startup Time": 0.001, "Actual Total Time": 0.001, "Actual Rows": 1, "Actual Loops": 1}]}}]]]}
{"start_time": 1656967022.5508928, "plan": [[[{"Plan": {"Node Type": "ModifyTable", "Operation": "Insert", "Parallel Aware": false, "Async Capable": false, "Relation Name": "order_line", "Alias": "order_line", "Startup Cost": 0.0, "Total Cost": 0.01, "Plan Rows": 0, "Plan Width": 0, "Actual Startup Time": 0.103, "Actual Total Time": 0.104, "Actual Rows": 0, "Actual Loops": 1, "Plans": [{"Node Type": "Result", "Parent Relationship": "Outer", "Parallel Aware": false, "Async Capable": false, "Startup Cost": 0.0, "Total Cost": 0.01, "Plan Rows": 1, "Plan Width": 160, "Actual Startup Time": 0.001, "Actual Total Time": 0.001, "Actual Rows": 1, "Actual Loops": 1}]}}]]]}
{"start_time": 1656967022.5513, "plan": [[[{"Plan": {"Node Type": "Index Scan", "Parallel Aware": false, "Async Capable": false, "Scan Direction": "Forward", "Index Name": "item_pkey", "Relation Name": "item", "Alias": "item", "Startup Cost": 0.29, "Total Cost": 2.51, "Plan Rows": 1, "Plan Width": 196, "Actual Startup Time": 0.009, "Actual Total Time": 0.01, "Actual Rows": 1, "Actual Loops": 1, "Index Cond": "(i_id = 64614)", "Rows Removed by Index Recheck": 0}}]]]}
{"start_time": 1656967022.551279, "plan": [[[{"Plan": {"Node Type": "ModifyTable", "Operation": "Insert", "Parallel Aware": false, "Async Capable": false, "Relation Name": "order_line", "Alias": "order_line", "Startup Cost": 0.0, "Total Cost": 0.01, "Plan Rows": 0, "Plan Width": 0, "Actual Startup Time": 0.016, "Actual Total Time": 0.016, "Actual Rows": 0, "Actual Loops": 1, "Plans": [{"Node Type": "Result", "Parent Relationship": "Outer", "Parallel Aware": false, "Async Capable": false, "Startup Cost": 0.0, "Total Cost": 0.01, "Plan Rows": 1, "Plan Width": 160, "Actual Startup Time": 0.001, "Actual Total Time": 0.001, "Actual Rows": 1, "Actual Loops": 1}]}}]]]}
{"start_time": 1656967022.5513291, "plan": [[[{"Plan": {"Node Type": "LockRows", "Parallel Aware": false, "Async Capable": false, "Startup Cost": 0.42, "Total Cost": 29.54, "Plan Rows": 25, "Plan Width": 1128, "Actual Startup Time": 0.017, "Actual Total Time": 0.018, "Actual Rows": 1, "Actual Loops": 1, "Plans": [{"Node Type": "Index Scan", "Parent Relationship": "Outer", "Parallel Aware": false, "Async Capable": false, "Scan Direction": "Forward", "Index Name": "stock_pkey", "Relation Name": "stock", "Alias": "stock", "Startup Cost": 0.42, "Total Cost": 29.29, "Plan Rows": 25, "Plan Width": 1128, "Actual Startup Time": 0.015, "Actual Total Time": 0.016, "Actual Rows": 1, "Actual Loops": 1, "Index Cond": "((s_w_id = 10) AND (s_i_id = 58083))", "Rows Removed by Index Recheck": 0}]}}]]]}
{"start_time": 1656967022.551578, "plan": [[[{"Plan": {"Node Type": "Index Scan", "Parallel Aware": false, "Async Capable": false, "Scan Direction": "Forward", "Index Name": "item_pkey", "Relation Name": "item", "Alias": "item", "Startup Cost": 0.29, "Total Cost": 2.51, "Plan Rows": 1, "Plan Width": 196, "Actual Startup Time": 0.013, "Actual Total Time": 0.014, "Actual Rows": 1, "Actual Loops": 1, "Index Cond": "(i_id = 17206)", "Rows Removed by Index Recheck": 0}}]]]}
{"start_time": 1656967022.550967, "plan": [[[{"Plan": {"Node Type": "ModifyTable", "Operation": "Insert", "Parallel Aware": false, "Async Capable": false, "Relation Name": "order_line", "Alias": "order_line", "Startup Cost": 0.0, "Total Cost": 0.01, "Plan Rows": 0, "Plan Width": 0, "Actual Startup Time": 0.019, "Actual Total Time": 0.019, "Actual Rows": 0, "Actual Loops": 1, "Plans": [{"Node Type": "Result", "Parent Relationship": "Outer", "Parallel Aware": false, "Async Capable": false, "Startup Cost": 0.0, "Total Cost": 0.01, "Plan Rows": 1, "Plan Width": 160, "Actual Startup Time": 0.001, "Actual Total Time": 0.001, "Actual Rows": 1, "Actual Loops": 1}]}}]]]}
{"start_time": 1656967022.551523, "plan": [[[{"Plan": {"Node Type": "ModifyTable", "Operation": "Insert", "Parallel Aware": false, "Async Capable": false, "Relation Name": "order_line", "Alias": "order_line", "Startup Cost": 0.0, "Total Cost": 0.01, "Plan Rows": 0, "Plan Width": 0, "Actual Startup Time": 0.015, "Actual Total Time": 0.016, "Actual Rows": 0, "Actual Loops": 1, "Plans": [{"Node Type": "Result", "Parent Relationship": "Outer", "Parallel Aware": false, "Async Capable": false, "Startup Cost": 0.0, "Total Cost": 0.01, "Plan Rows": 1, "Plan Width": 160, "Actual Startup Time": 0.001, "Actual Total Time": 0.001, "Actual Rows": 1, "Actual Loops": 1}]}}]]]}
{"start_time": 1656967022.5507221, "plan": [[[{"Plan": {"Node Type": "ModifyTable", "Operation": "Insert", "Parallel Aware": false, "Async Capable": false, "Relation Name": "order_line", "Alias": "order_line", "Startup Cost": 0.0, "Total Cost": 0.01, "Plan Rows": 0, "Plan Width": 0, "Actual Startup Time": 0.055, "Actual Total Time": 0.055, "Actual Rows": 0, "Actual Loops": 1, "Plans": [{"Node Type": "Result", "Parent Relationship": "Outer", "Parallel Aware": false, "Async Capable": false, "Startup Cost": 0.0, "Total Cost": 0.01, "Plan Rows": 1, "Plan Width": 160, "Actual Startup Time": 0.001, "Actual Total Time": 0.001, "Actual Rows": 1, "Actual Loops": 1}]}}]]]}
{"start_time": 1656967022.5512328, "plan": [[[{"Plan": {"Node Type": "Index Scan", "Parallel Aware": false, "Async Capable": false, "Scan Direction": "Forward", "Index Name": "item_pkey", "Relation Name": "item", "Alias": "item", "Startup Cost": 0.29, "Total Cost": 2.51, "Plan Rows": 1, "Plan Width": 196, "Actual Startup Time": 0.007, "Actual Total Time": 0.008, "Actual Rows": 1, "Actual Loops": 1, "Index Cond": "(i_id = 97946)", "Rows Removed by Index Recheck": 0}}]]]}
{"start_time": 1656967022.5514488, "plan": [[[{"Plan": {"Node Type": "ModifyTable", "Operation": "Update", "Parallel Aware": false, "Async Capable": false, "Relation Name": "stock", "Alias": "stock", "Startup Cost": 0.42, "Total Cost": 29.54, "Plan Rows": 0, "Plan Width": 0, "Actual Startup Time": 0.033, "Actual Total Time": 0.033, "Actual Rows": 0, "Actual Loops": 1, "Plans": [{"Node Type": "Index Scan", "Parent Relationship": "Outer", "Parallel Aware": false, "Async Capable": false, "Scan Direction": "Forward", "Index Name": "stock_pkey", "Relation Name": "stock", "Alias": "stock", "Startup Cost": 0.42, "Total Cost": 29.54, "Plan Rows": 25, "Plan Width": 32, "Actual Startup Time": 0.011, "Actual Total Time": 0.012, "Actual Rows": 1, "Actual Loops": 1, "Index Cond": "((s_w_id = 10) AND (s_i_id = 9187))", "Rows Removed by Index Recheck": 0}]}}]]]}
{"start_time": 1656967022.55177, "plan": [[[{"Plan": {"Node Type": "LockRows", "Parallel Aware": false, "Async Capable": false, "Startup Cost": 0.42, "Total Cost": 29.54, "Plan Rows": 25, "Plan Width": 1128, "Actual Startup Time": 0.031, "Actual Total Time": 0.033, "Actual Rows": 1, "Actual Loops": 1, "Plans": [{"Node Type": "Index Scan", "Parent Relationship": "Outer", "Parallel Aware": false, "Async Capable": false, "Scan Direction": "Forward", "Index Name": "stock_pkey", "Relation Name": "stock", "Alias": "stock", "Startup Cost": 0.42, "Total Cost": 29.29, "Plan Rows": 25, "Plan Width": 1128, "Actual Startup Time": 0.027, "Actual Total Time": 0.028, "Actual Rows": 1, "Actual Loops": 1, "Index Cond": "((s_w_id = 10) AND (s_i_id = 17206))", "Rows Removed by Index Recheck": 0}]}}]]]}
{"start_time": 1656967022.5513458, "plan": [[[{"Plan": {"Node Type": "Limit", "Parallel Aware": false, "Async Capable": false, "Startup Cost": 0.42, "Total Cost": 2.65, "Plan Rows": 1, "Plan Width": 16, "Actual Startup Time": 0.029, "Actual Total Time": 0.03, "Actual Rows": 1, "Actual Loops": 1, "Plans": [{"Node Type": "Index Scan", "Parent Relationship": "Outer", "Parallel Aware": false, "Async Capable": false, "Scan Direction": "Backward", "Index Name": "idx_order", "Relation Name": "oorder", "Alias": "oorder", "Startup Cost": 0.42, "Total Cost": 2.65, "Plan Rows": 1, "Plan Width": 16, "Actual Startup Time": 0.028, "Actual Total Time": 0.028, "Actual Rows": 1, "Actual Loops": 1, "Index Cond": "((o_w_id = 7) AND (o_d_id = 1) AND (o_c_id = 1169))", "Rows Removed by Index Recheck": 0}]}}]]]}
{"start_time": 1656967022.54994, "plan": [[[{"Plan": {"Node Type": "ModifyTable", "Operation": "Insert", "Parallel Aware": false, "Async Capable": false, "Relation Name": "order_line", "Alias": "order_line", "Startup Cost": 0.0, "Total Cost": 0.01, "Plan Rows": 0, "Plan Width": 0, "Actual Startup Time": 0.019, "Actual Total Time": 0.019, "Actual Rows": 0, "Actual Loops": 1, "Plans": [{"Node Type": "Result", "Parent Relationship": "Outer", "Parallel Aware": false, "Async Capable": false, "Startup Cost": 0.0, "Total Cost": 0.01, "Plan Rows": 1, "Plan Width": 160, "Actual Startup Time": 0.001, "Actual Total Time": 0.001, "Actual Rows": 1, "Actual Loops": 1}]}}]]]}
{"start_time": 1656967022.552009, "plan": [[[{"Plan": {"Node Type": "LockRows", "Parallel Aware": false, "Async Capable": false, "Startup Cost": 0.42, "Total Cost": 29.54, "Plan Rows": 25, "Plan Width": 1128, "Actual Startup Time": 0.01, "Actual Total Time": 0.012, "Actual Rows": 1, "Actual Loops": 1, "Plans": [{"Node Type": "Index Scan", "Parent Relationship": "Outer", "Parallel Aware": false, "Async Capable": false, "Scan Direction": "Forward", "Index Name": "stock_pkey", "Relation Name": "stock", "Alias": "stock", "Startup Cost": 0.42, "Total Cost": 29.29, "Plan Rows": 25, "Plan Width": 1128, "Actual Startup Time": 0.008, "Actual Total Time": 0.009, "Actual Rows": 1, "Actual Loops": 1, "Index Cond": "((s_w_id = 9) AND (s_i_id = 97946))", "Rows Removed by Index Recheck": 0}]}}]]]}
{"start_time": 1656967022.552227, "plan": [[[{"Plan": {"Node Type": "Index Scan", "Parallel Aware": false, "Async Capable": false, "Scan Direction": "Forward", "Index Name": "item_pkey", "Relation Name": "item", "Alias": "item", "Startup Cost": 0.29, "Total Cost": 2.51, "Plan Rows": 1, "Plan Width": 196, "Actual Startup Time": 0.006, "Actual Total Time": 0.007, "Actual Rows": 1, "Actual Loops": 1, "Index Cond": "(i_id = 88295)", "Rows Removed by Index Recheck": 0}}]]]}
{"start_time": 1656967022.5520349, "plan": [[[{"Plan": {"Node Type": "Index Scan", "Parallel Aware": false, "Async Capable": false, "Scan Direction": "Forward", "Index Name": "item_pkey", "Relation Name": "item", "Alias": "item", "Startup Cost": 0.29, "Total Cost": 2.51, "Plan Rows": 1, "Plan Width": 196, "Actual Startup Time": 0.006, "Actual Total Time": 0.007, "Actual Rows": 1, "Actual Loops": 1, "Index Cond": "(i_id = 96855)", "Rows Removed by Index Recheck": 0}}]]]}
{"start_time": 1656967022.5511541, "plan": [[[{"Plan": {"Node Type": "ModifyTable", "Operation": "Insert", "Parallel Aware": false, "Async Capable": false, "Relation Name": "order_line", "Alias": "order_line", "Startup Cost": 0.0, "Total Cost": 0.01, "Plan Rows": 0, "Plan Width": 0, "Actual Startup Time": 0.017, "Actual Total Time": 0.017, "Actual Rows": 0, "Actual Loops": 1, "Plans": [{"Node Type": "Result", "Parent Relationship": "Outer", "Parallel Aware": false, "Async Capable": false, "Startup Cost": 0.0, "Total Cost": 0.01, "Plan Rows": 1, "Plan Width": 160, "Actual Startup Time": 0.001, "Actual Total Time": 0.001, "Actual Rows": 1, "Actual Loops": 1}]}}]]]}
{"start_time": 1656967022.55224, "plan": [[[{"Plan": {"Node Type": "Index Scan", "Parallel Aware": false, "Async Capable": false, "Scan Direction": "Forward", "Index Name": "order_line_pkey", "Relation Name": "order_line", "Alias": "order_line", "Startup Cost": 0.43, "Total Cost": 2.65, "Plan Rows": 1, "Plan Width": 44, "Actual Startup Time": 0.032, "Actual Total Time": 0.037, "Actual Rows": 14, "Actual Loops": 1, "Index Cond": "((ol_w_id = 7) AND (ol_d_id = 1) AND (ol_o_id = 1254))", "Rows Removed by Index Recheck": 0}}]]]}
{"start_time": 1656967022.547351, "plan": [[[{"Plan": {"Node Type": "ModifyTable", "Operation": "Insert", "Parallel Aware": false, "Async Capable": false, "Relation Name": "order_line", "Alias": "order_line", "Startup Cost": 0.0, "Total Cost": 0.01, "Plan Rows": 0, "Plan Width": 0, "Actual Startup Time": 0.016, "Actual Total Time": 0.017, "Actual Rows": 0, "Actual Loops": 1, "Plans": [{"Node Type": "Result", "Parent Relationship": "Outer", "Parallel Aware": false, "Async Capable": false, "Startup Cost": 0.0, "Total Cost": 0.01, "Plan Rows": 1, "Plan Width": 160, "Actual Startup Time": 0.001, "Actual Total Time": 0.001, "Actual Rows": 1, "Actual Loops": 1}]}}]]]}
{"start_time": 1656967022.552188, "plan": [[[{"Plan": {"Node Type": "ModifyTable", "Operation": "Insert", "Parallel Aware": false, "Async Capable": false, "Relation Name": "order_line", "Alias": "order_line", "Startup Cost": 0.0, "Total Cost": 0.01, "Plan Rows": 0, "Plan Width": 0, "Actual Startup Time": 0.014, "Actual Total Time": 0.014, "Actual Rows": 0, "Actual Loops": 1, "Plans": [{"Node Type": "Result", "Parent Relationship": "Outer", "Parallel Aware": false, "Async Capable": false, "Startup Cost": 0.0, "Total Cost": 0.01, "Plan Rows": 1, "Plan Width": 160, "Actual Startup Time": 0.001, "Actual Total Time": 0.001, "Actual Rows": 1, "Actual Loops": 1}]}}]]]}
{"start_time": 1656967022.551818, "plan": [[[{"Plan": {"Node Type": "ModifyTable", "Operation": "Insert", "Parallel Aware": false, "Async Capable": false, "Relation Name": "order_line", "Alias": "order_line", "Startup Cost": 0.0, "Total Cost": 0.01, "Plan Rows": 0, "Plan Width": 0, "Actual Startup Time": 0.015, "Actual Total Time": 0.016, "Actual Rows": 0, "Actual Loops": 1, "Plans": [{"Node Type": "Result", "Parent Relationship": "Outer", "Parallel Aware": false, "Async Capable": false, "Startup Cost": 0.0, "Total Cost": 0.01, "Plan Rows": 1, "Plan Width": 160, "Actual Startup Time": 0.001, "Actual Total Time": 0.001, "Actual Rows": 1, "Actual Loops": 1}]}}]]]}
{"start_time": 1656967022.552372, "plan": [[[{"Plan": {"Node Type": "ModifyTable", "Operation": "Insert", "Parallel Aware": false, "Async Capable": false, "Relation Name": "order_line", "Alias": "order_line", "Startup Cost": 0.0, "Total Cost": 0.01, "Plan Rows": 0, "Plan Width": 0, "Actual Startup Time": 0.012, "Actual Total Time": 0.012, "Actual Rows": 0, "Actual Loops": 1, "Plans": [{"Node Type": "Result", "Parent Relationship": "Outer", "Parallel Aware": false, "Async Capable": false, "Startup Cost": 0.0, "Total Cost": 0.01, "Plan Rows": 1, "Plan Width": 160, "Actual Startup Time": 0.001, "Actual Total Time": 0.001, "Actual Rows": 1, "Actual Loops": 1}]}}]]]}
{"start_time": 1656967022.5525699, "plan": [[[{"Plan": {"Node Type": "ModifyTable", "Operation": "Update", "Parallel Aware": false, "Async Capable": false, "Relation Name": "stock", "Alias": "stock", "Startup Cost": 0.42, "Total Cost": 29.54, "Plan Rows": 0, "Plan Width": 0, "Actual Startup Time": 0.022, "Actual Total Time": 0.022, "Actual Rows": 0, "Actual Loops": 1, "Plans": [{"Node Type": "Index Scan", "Parent Relationship": "Outer", "Parallel Aware": false, "Async Capable": false, "Scan Direction": "Forward", "Index Name": "stock_pkey", "Relation Name": "stock", "Alias": "stock", "Startup Cost": 0.42, "Total Cost": 29.54, "Plan Rows": 25, "Plan Width": 32, "Actual Startup Time": 0.01, "Actual Total Time": 0.01, "Actual Rows": 1, "Actual Loops": 1, "Index Cond": "((s_w_id = 5) AND (s_i_id = 16023))", "Rows Removed by Index Recheck": 0}]}}]]]}
{"start_time": 1656967022.5525508, "plan": [[[{"Plan": {"Node Type": "ModifyTable", "Operation": "Insert", "Parallel Aware": false, "Async Capable": false, "Relation Name": "order_line", "Alias": "order_line", "Startup Cost": 0.0, "Total Cost": 0.01, "Plan Rows": 0, "Plan Width": 0, "Actual Startup Time": 0.017, "Actual Total Time": 0.018, "Actual Rows": 0, "Actual Loops": 1, "Plans": [{"Node Type": "Result", "Parent Relationship": "Outer", "Parallel Aware": false, "Async Capable": false, "Startup Cost": 0.0, "Total Cost": 0.01, "Plan Rows": 1, "Plan Width": 160, "Actual Startup Time": 0.001, "Actual Total Time": 0.001, "Actual Rows": 1, "Actual Loops": 1}]}}]]]}
{"start_time": 1656967022.5525498, "plan": [[[{"Plan": {"Node Type": "ModifyTable", "Operation": "Insert", "Parallel Aware": false, "Async Capable": false, "Relation Name": "order_line", "Alias": "order_line", "Startup Cost": 0.0, "Total Cost": 0.01, "Plan Rows": 0, "Plan Width": 0, "Actual Startup Time": 0.013, "Actual Total Time": 0.013, "Actual Rows": 0, "Actual Loops": 1, "Plans": [{"Node Type": "Result", "Parent Relationship": "Outer", "Parallel Aware": false, "Async Capable": false, "Startup Cost": 0.0, "Total Cost": 0.01, "Plan Rows": 1, "Plan Width": 160, "Actual Startup Time": 0.001, "Actual Total Time": 0.001, "Actual Rows": 1, "Actual Loops": 1}]}}]]]}
{"start_time": 1656967022.552734, "plan": [[[{"Plan": {"Node Type": "ModifyTable", "Operation": "Update", "Parallel Aware": false, "Async Capable": false, "Relation Name": "warehouse", "Alias": "warehouse", "Startup Cost": 0.14, "Total Cost": 2.37, "Plan Rows": 0, "Plan Width": 0, "Actual Startup Time": 0.025, "Actual Total Time": 0.025, "Actual Rows": 0, "Actual Loops": 1, "Plans": [{"Node Type": "Index Scan", "Parent Relationship": "Outer", "Parallel Aware": false, "Async Capable": false, "Scan Direction": "Forward", "Index Name": "warehouse_pkey", "Relation Name": "warehouse", "Alias": "warehouse", "Startup Cost": 0.14, "Total Cost": 2.37, "Plan Rows": 1, "Plan Width": 22, "Actual Startup Time": 0.01, "Actual Total Time": 0.011, "Actual Rows": 1, "Actual Loops": 1, "Index Cond": "(w_id = 7)", "Rows Removed by Index Recheck": 0}]}}]]]}
{"start_time": 1656967022.5528488, "plan": [[[{"Plan": {"Node Type": "ModifyTable", "Operation": "Update", "Parallel Aware": false, "Async Capable": false, "Relation Name": "stock", "Alias": "stock", "Startup Cost": 0.42, "Total Cost": 29.54, "Plan Rows": 0, "Plan Width": 0, "Actual Startup Time": 0.018, "Actual Total Time": 0.018, "Actual Rows": 0, "Actual Loops": 1, "Plans": [{"Node Type": "Index Scan", "Parent Relationship": "Outer", "Parallel Aware": false, "Async Capable": false, "Scan Direction": "Forward", "Index Name": "stock_pkey", "Relation Name": "stock", "Alias": "stock", "Startup Cost": 0.42, "Total Cost": 29.54, "Plan Rows": 25, "Plan Width": 32, "Actual Startup Time": 0.008, "Actual Total Time": 0.009, "Actual Rows": 1, "Actual Loops": 1, "Index Cond": "((s_w_id = 5) AND (s_i_id = 40423))", "Rows Removed by Index Recheck": 0}]}}]]]}
{"start_time": 1656967022.5528421, "plan": [[[{"Plan": {"Node Type": "ModifyTable", "Operation": "Insert", "Parallel Aware": false, "Async Capable": false, "Relation Name": "order_line", "Alias": "order_line", "Startup Cost": 0.0, "Total Cost": 0.01, "Plan Rows": 0, "Plan Width": 0, "Actual Startup Time": 0.01, "Actual Total Time": 0.01, "Actual Rows": 0, "Actual Loops": 1, "Plans": [{"Node Type": "Result", "Parent Relationship": "Outer", "Parallel Aware": false, "Async Capable": false, "Startup Cost": 0.0, "Total Cost": 0.01, "Plan Rows": 1, "Plan Width": 160, "Actual Startup Time": 0.001, "Actual Total Time": 0.001, "Actual Rows": 1, "Actual Loops": 1}]}}]]]}
