{"start_time": 1656967024.073181, "plan": [[[{"Plan": {"Node Type": "Index Scan", "Parallel Aware": false, "Async Capable": false, "Scan Direction": "Forward", "Index Name": "item_pkey", "Relation Name": "item", "Alias": "item", "Startup Cost": 0.29, "Total Cost": 2.51, "Plan Rows": 1, "Plan Width": 196, "Actual Startup Time": 0.009, "Actual Total Time": 0.01, "Actual Rows": 1, "Actual Loops": 1, "Index Cond": "(i_id = 34470)", "Rows Removed by Index Recheck": 0}}]]]}
{"start_time": 1656967024.073205, "plan": [[[{"Plan": {"Node Type": "ModifyTable", "Operation": "Update", "Parallel Aware": false, "Async Capable": false, "Relation Name": "stock", "Alias": "stock", "Startup Cost": 0.42, "Total Cost": 30.66, "Plan Rows": 0, "Plan Width": 0, "Actual Startup Time": 0.026, "Actual Total Time": 0.026, "Actual Rows": 0, "Actual Loops": 1, "Plans": [{"Node Type": "Index Scan", "Parent Relationship": "Outer", "Parallel Aware": false, "Async Capable": false, "Scan Direction": "Forward", "Index Name": "stock_pkey", "Relation Name": "stock", "Alias": "stock", "Startup Cost": 0.42, "Total Cost": 30.66, "Plan Rows": 26, "Plan Width": 32, "Actual Startup Time": 0.011, "Actual Total Time": 0.012, "Actual Rows": 1, "Actual Loops": 1, "Index Cond": "((s_w_id = 7) AND (s_i_id = 26209))", "Rows Removed by Index Recheck": 0}]}}]]]}
{"start_time": 1656967024.0732088, "plan": [[[{"Plan": {"Node Type": "ModifyTable", "Operation": "Insert", "Parallel Aware": false, "Async Capable": false, "Relation Name": "order_line", "Alias": "order_line", "Startup Cost": 0.0, "Total Cost": 0.01, "Plan Rows": 0, "Plan Width": 0, "Actual Startup Time": 0.016, "Actual Total Time": 0.017, "Actual Rows": 0, "Actual Loops": 1, "Plans": [{"Node Type": "Result", "Parent Relationship": "Outer", "Parallel Aware": false, "Async Capable": false, "Startup Cost": 0.0, "Total Cost": 0.01, "Plan Rows": 1, "Plan Width": 160, "Actual Startup Time": 0.001, "Actual Total Time": 0.001, "Actual Rows": 1, "Actual Loops": 1}]}}]]]}
{"start_time": 1656967024.073232, "plan": [[[{"Plan": {"Node Type": "ModifyTable", "Operation": "Update", "Parallel Aware": false, "Async Capable": false, "Relation Name": "stock", "Alias": "stock", "Startup Cost": 0.42, "Total Cost": 30.66, "Plan Rows": 0, "Plan Width": 0, "Actual Startup Time": 0.025, "Actual Total Time": 0.026, "Actual Rows": 0, "Actual Loops": 1, "Plans": [{"Node Type": "Index Scan", "Parent Relationship": "Outer", "Parallel Aware": false, "Async Capable": false, "Scan Direction": "Forward", "Index Name": "stock_pkey", "Relation Name": "stock", "Alias": "stock", "Startup Cost": 0.42, "Total Cost": 30.66, "Plan Rows": 26, "Plan Width": 32, "Actual Startup Time": 0.01, "Actual Total Time": 0.011, "Actual Rows": 1, "Actual Loops": 1, "Index Cond": "((s_w_id = 5) AND (s_i_id = 19943))", "Rows Removed by Index Recheck": 0}]}}]]]}
{"start_time": 1656967024.0733151, "plan": [[[{"Plan": {"Node Type": "Index Scan", "Parallel Aware": false, "Async Capable": false, "Scan Direction": "Forward", "Index Name": "item_pkey", "Relation Name": "item", "Alias": "item", "Startup Cost": 0.29, "Total Cost": 2.51, "Plan Rows": 1, "Plan Width": 196, "Actual Startup Time": 0.008, "Actual Total Time": 0.009, "Actual Rows": 1, "Actual Loops": 1, "Index Cond": "(i_id = 79585)", "Rows Removed by Index Recheck": 0}}]]]}
{"start_time": 1656967024.072897, "plan": [[[{"Plan": {"Node Type": "ModifyTable", "Operation": "Insert", "Parallel Aware": false, "Async Capable": false, "Relation Name": "oorder", "Alias": "oorder", "Startup Cost": 0.0, "Total Cost": 0.01, "Plan Rows": 0, "Plan Width": 0, "Actual Startup Time": 0.034, "Actual Total Time": 0.034, "Actual Rows": 0, "Actual Loops": 1, "Plans": [{"Node Type": "Result", "Parent Relationship": "Outer", "Parallel Aware": false, "Async Capable": false, "Startup Cost": 0.0, "Total Cost": 0.01, "Plan Rows": 1, "Plan Width": 36, "Actual Startup Time": 0.001, "Actual Total Time": 0.001, "Actual Rows": 1, "Actual Loops": 1}]}}]]]}
{"start_time": 1656967024.073333, "plan": [[[{"Plan": {"Node Type": "LockRows", "Parallel Aware": false, "Async Capable": false, "Startup Cost": 0.42, "Total Cost": 30.66, "Plan Rows": 26, "Plan Width": 1128, "Actual Startup Time": 0.036, "Actual Total Time": 0.037, "Actual Rows": 1, "Actual Loops": 1, "Plans": [{"Node Type": "Index Scan", "Parent Relationship": "Outer", "Parallel Aware": false, "Async Capable": false, "Scan Direction": "Forward", "Index Name": "stock_pkey", "Relation Name": "stock", "Alias": "stock", "Startup Cost": 0.42, "Total Cost": 30.4, "Plan Rows": 26, "Plan Width": 1128, "Actual Startup Time": 0.031, "Actual Total Time": 0.032, "Actual Rows": 1, "Actual Loops": 1, "Index Cond": "((s_w_id = 3) AND (s_i_id = 21191))", "Rows Removed by Index Recheck": 0}]}}]]]}
{"start_time": 1656967024.073365, "plan": [[[{"Plan": {"Node Type": "LockRows", "Parallel Aware": false, "Async Capable": false, "Startup Cost": 0.42, "Total Cost": 30.66, "Plan Rows": 26, "Plan Width": 1128, "Actual Startup Time": 0.014, "Actual Total Time": 0.016, "Actual Rows": 1, "Actual Loops": 1, "Plans": [{"Node Type": "Index Scan", "Parent Relationship": "Outer", "Parallel Aware": false, "Async Capable": false, "Scan Direction": "Forward", "Index Name": "stock_pkey", "Relation Name": "stock", "Alias": "stock", "Startup Cost": 0.42, "Total Cost": 30.4, "Plan Rows": 26, "Plan Width": 1128, "Actual Startup Time": 0.011, "Actual Total Time": 0.012, "Actual Rows": 1, "Actual Loops": 1, "Index Cond": "((s_w_id = 4) AND (s_i_id = 34470))", "Rows Removed by Index Recheck": 0}]}}]]]}
{"start_time": 1656967024.073513, "plan": [[[{"Plan": {"Node Type": "Index Scan", "Parallel Aware": false, "Async Capable": false, "Scan Direction": "Forward", "Index Name": "item_pkey", "Relation Name": "item", "Alias": "item", "Startup Cost": 0.29, "Total Cost": 2.51, "Plan Rows": 1, "Plan Width": 196, "Actual Startup Time": 0.009, "Actual Total Time": 0.009, "Actual Rows": 1, "Actual Loops": 1, "Index Cond": "(i_id = 98015)", "Rows Removed by Index Recheck": 0}}]]]}
{"start_time": 1656967024.0734649, "plan": [[[{"Plan": {"Node Type": "ModifyTable", "Operation": "Insert", "Parallel Aware": false, "Async Capable": false, "Relation Name": "order_line", "Alias": "order_line", "Startup Cost": 0.0, "Total Cost": 0.01, "Plan Rows": 0, "Plan Width": 0, "Actual Startup Time": 0.018, "Actual Total Time": 0.018, "Actual Rows": 0, "Actual Loops": 1, "Plans": [{"Node Type": "Result", "Parent Relationship": "Outer", "Parallel Aware": false, "Async Capable": false, "Startup Cost": 0.0, "Total Cost": 0.01, "Plan Rows": 1, "Plan Width": 160, "Actual Startup Time": 0.001, "Actual Total Time": 0.001, "Actual Rows": 1, "Actual Loops": 1}]}}]]]}
{"start_time": 1656967024.073443, "plan": [[[{"Plan": {"Node Type": "ModifyTable", "Operation": "Insert", "Parallel Aware": false, "Async Capable": false, "Relation Name": "order_line", "Alias": "order_line", "Startup Cost": 0.0, "Total Cost": 0.01, "Plan Rows": 0, "Plan Width": 0, "Actual Startup Time": 0.017, "Actual Total Time": 0.017, "Actual Rows": 0, "Actual Loops": 1, "Plans": [{"Node Type": "Result", "Parent Relationship": "Outer", "Parallel Aware": false, "Async Capable": false, "Startup Cost": 0.0, "Total Cost": 0.01, "Plan Rows": 1, "Plan Width": 160, "Actual Startup Time": 0.001, "Actual Total Time": 0.001, "Actual Rows": 1, "Actual Loops": 1}]}}]]]}
{"start_time": 1656967024.073603, "plan": [[[{"Plan": {"Node Type": "Index Scan", "Parallel Aware": false, "Async Capable": false, "Scan Direction": "Forward", "Index Name": "item_pkey", "Relation Name": "item", "Alias": "item", "Startup Cost": 0.29, "Total Cost": 2.51, "Plan Rows": 1, "Plan Width": 196, "Actual Startup Time": 0.008, "Actual Total Time": 0.009, "Actual Rows": 1, "Actual Loops": 1, "Index Cond": "(i_id = 30115)", "Rows Removed by Index Recheck": 0}}]]]}
{"start_time": 1656967024.0735521, "plan": [[[{"Plan": {"Node Type": "LockRows", "Parallel Aware": false, "Async Capable": false, "Startup Cost": 0.42, "Total Cost": 30.66, "Plan Rows": 26, "Plan Width": 1128, "Actual Startup Time": 0.016, "Actual Total Time": 0.017, "Actual Rows": 1, "Actual Loops": 1, "Plans": [{"Node Type": "Index Scan", "Parent Relationship": "Outer", "Parallel Aware": false, "Async Capable": false, "Scan Direction": "Forward", "Index Name": "stock_pkey", "Relation Name": "stock", "Alias": "stock", "Startup Cost": 0.42, "Total Cost": 30.4, "Plan Rows": 26, "Plan Width": 1128, "Actual Startup Time": 0.013, "Actual Total Time": 0.014, "Actual Rows": 1, "Actual Loops": 1, "Index Cond": "((s_w_id = 9) AND (s_i_id = 73415))", "Rows Removed by Index Recheck": 0}]}}]]]}
{"start_time": 1656967024.073704, "plan": [[[{"Plan": {"Node Type": "Index Scan", "Parallel Aware": false, "Async Capable": false, "Scan Direction": "Forward", "Index Name": "item_pkey", "Relation Name": "item", "Alias": "item", "Startup Cost": 0.29, "Total Cost": 2.51, "Plan Rows": 1, "Plan Width": 196, "Actual Startup Time": 0.008, "Actual Total Time": 0.009, "Actual Rows": 1, "Actual Loops": 1, "Index Cond": "(i_id = 65253)", "Rows Removed by Index Recheck": 0}}]]]}
{"start_time": 1656967024.0736861, "plan": [[[{"Plan": {"Node Type": "ModifyTable", "Operation": "Insert", "Parallel Aware": false, "Async Capable": false, "Relation Name": "order_line", "Alias": "order_line", "Startup Cost": 0.0, "Total Cost": 0.01, "Plan Rows": 0, "Plan Width": 0, "Actual Startup Time": 0.015, "Actual Total Time": 0.015, "Actual Rows": 0, "Actual Loops": 1, "Plans": [{"Node Type": "Result", "Parent Relationship": "Outer", "Parallel Aware": false, "Async Capable": false, "Startup Cost": 0.0, "Total Cost": 0.01, "Plan Rows": 1, "Plan Width": 160, "Actual Startup Time": 0.001, "Actual Total Time": 0.001, "Actual Rows": 1, "Actual Loops": 1}]}}]]]}
{"start_time": 1656967024.073757, "plan": [[[{"Plan": {"Node Type": "Index Scan", "Parallel Aware": false, "Async Capable": false, "Scan Direction": "Forward", "Index Name": "item_pkey", "Relation Name": "item", "Alias": "item", "Startup Cost": 0.29, "Total Cost": 2.51, "Plan Rows": 1, "Plan Width": 196, "Actual Startup Time": 0.008, "Actual Total Time": 0.009, "Actual Rows": 1, "Actual Loops": 1, "Index Cond": "(i_id = 44718)", "Rows Removed by Index Recheck": 0}}]]]}
{"start_time": 1656967024.0735989, "plan": [[[{"Plan": {"Node Type": "ModifyTable", "Operation": "Insert", "Parallel Aware": false, "Async Capable": false, "Relation Name": "new_order", "Alias": "new_order", "Startup Cost": 0.0, "Total Cost": 0.01, "Plan Rows": 0, "Plan Width": 0, "Actual Startup Time": 0.214, "Actual Total Time": 0.214, "Actual Rows": 0, "Actual Loops": 1, "Plans": [{"Node Type": "Result", "Parent Relationship": "Outer", "Parallel Aware": false, "Async Capable": false, "Startup Cost": 0.0, "Total Cost": 0.01, "Plan Rows": 1, "Plan Width": 12, "Actual Startup Time": 0.001, "Actual Total Time": 0.001, "Actual Rows": 1, "Actual Loops": 1}]}}]]]}
{"start_time": 1656967024.073802, "plan": [[[{"Plan": {"Node Type": "LockRows", "Parallel Aware": false, "Async Capable": false, "Startup Cost": 0.42, "Total Cost": 30.66, "Plan Rows": 26, "Plan Width": 1128, "Actual Startup Time": 0.019, "Actual Total Time": 0.021, "Actual Rows": 1, "Actual Loops": 1, "Plans": [{"Node Type": "Index Scan", "Parent Relationship": "Outer", "Parallel Aware": false, "Async Capable": false, "Scan Direction": "Forward", "Index Name": "stock_pkey", "Relation Name": "stock", "Alias": "stock", "Startup Cost": 0.42, "Total Cost": 30.4, "Plan Rows": 26, "Plan Width": 1128, "Actual Startup Time": 0.017, "Actual Total Time": 0.018, "Actual Rows": 1, "Actual Loops": 1, "Index Cond": "((s_w_id = 6) AND (s_i_id = 79585))", "Rows Removed by Index Recheck": 0}]}}]]]}
{"start_time": 1656967024.072075, "plan": [[[{"Plan": {"Node Type": "ModifyTable", "Operation": "Update", "Parallel Aware": false, "Async Capable": false, "Relation Name": "order_line", "Alias": "order_line", "Startup Cost": 0.43, "Total Cost": 2.65, "Plan Rows": 0, "Plan Width": 0, "Actual Startup Time": 1.802, "Actual Total Time": 1.803, "Actual Rows": 0, "Actual Loops": 1, "Plans": [{"Node Type": "Index Scan", "Parent Relationship": "Outer", "Parallel Aware": false, "Async Capable": false, "Scan Direction": "Forward", "Index Name": "order_line_pkey", "Relation Name": "order_line", "Alias": "order_line", "Startup Cost": 0.43, "Total Cost": 2.65, "Plan Rows": 1, "Plan Width": 14, "Actual Startup Time": 0.012, "Actual Total Time": 0.019, "Actual Rows": 5, "Actual Loops": 1, "Index Cond": "((ol_w_id = 8) AND (ol_d_id = 5) AND (ol_o_id = 2127))", "Rows Removed by Index Recheck": 0}]}}]]]}
{"start_time": 1656967024.0737228, "plan": [[[{"Plan": {"Node Type": "ModifyTable", "Operation": "Update", "Parallel Aware": false, "Async Capable": false, "Relation Name": "stock", "Alias": "stock", "Startup Cost": 0.42, "Total Cost": 30.66, "Plan Rows": 0, "Plan Width": 0, "Actual Startup Time": 0.025, "Actual Total Time": 0.026, "Actual Rows": 0, "Actual Loops": 1, "Plans": [{"Node Type": "Index Scan", "Parent Relationship": "Outer", "Parallel Aware": false, "Async Capable": false, "Scan Direction": "Forward", "Index Name": "stock_pkey", "Relation Name": "stock", "Alias": "stock", "Startup Cost": 0.42, "Total Cost": 30.66, "Plan Rows": 26, "Plan Width": 32, "Actual Startup Time": 0.011, "Actual Total Time": 0.012, "Actual Rows": 1, "Actual Loops": 1, "Index Cond": "((s_w_id = 5) AND (s_i_id = 64039))", "Rows Removed by Index Recheck": 0}]}}]]]}
{"start_time": 1656967024.0734239, "plan": [[[{"Plan": {"Node Type": "ModifyTable", "Operation": "Insert", "Parallel Aware": false, "Async Capable": false, "Relation Name": "order_line", "Alias": "order_line", "Startup Cost": 0.0, "Total Cost": 0.01, "Plan Rows": 0, "Plan Width": 0, "Actual Startup Time": 0.017, "Actual Total Time": 0.018, "Actual Rows": 0, "Actual Loops": 1, "Plans": [{"Node Type": "Result", "Parent Relationship": "Outer", "Parallel Aware": false, "Async Capable": false, "Startup Cost": 0.0, "Total Cost": 0.01, "Plan Rows": 1, "Plan Width": 160, "Actual Startup Time": 0.001, "Actual Total Time": 0.001, "Actual Rows": 1, "Actual Loops": 1}]}}]]]}
{"start_time": 1656967024.0739, "plan": [[[{"Plan": {"Node Type": "LockRows", "Parallel Aware": false, "Async Capable": false, "Startup Cost": 0.42, "Total Cost": 30.66, "Plan Rows": 26, "Plan Width": 1128, "Actual Startup Time": 0.037, "Actual Total Time": 0.039, "Actual Rows": 1, "Actual Loops": 1, "Plans": [{"Node Type": "Index Scan", "Parent Relationship": "Outer", "Parallel Aware": false, "Async Capable": false, "Scan Direction": "Forward", "Index Name": "stock_pkey", "Relation Name": "stock", "Alias": "stock", "Startup Cost": 0.42, "Total Cost": 30.4, "Plan Rows": 26, "Plan Width": 1128, "Actual Startup Time": 0.032, "Actual Total Time": 0.033, "Actual Rows": 1, "Actual Loops": 1, "Index Cond": "((s_w_id = 9) AND (s_i_id = 30115))", "Rows Removed by Index Recheck": 0}]}}]]]}
{"start_time": 1656967024.0737119, "plan": [[[{"Plan": {"Node Type": "LockRows", "Parallel Aware": false, "Async Capable": false, "Startup Cost": 0.42, "Total Cost": 30.66, "Plan Rows": 26, "Plan Width": 1128, "Actual Startup Time": 0.017, "Actual Total Time": 0.018, "Actual Rows": 1, "Actual Loops": 1, "Plans": [{"Node Type": "Index Scan", "Parent Relationship": "Outer", "Parallel Aware": false, "Async Capable": false, "Scan Direction": "Forward", "Index Name": "stock_pkey", "Relation Name": "stock", "Alias": "stock", "Startup Cost": 0.42, "Total Cost": 30.4, "Plan Rows": 26, "Plan Width": 1128, "Actual Startup Time": 0.015, "Actual Total Time": 0.015, "Actual Rows": 1, "Actual Loops": 1, "Index Cond": "((s_w_id = 7) AND (s_i_id = 98015))", "Rows Removed by Index Recheck": 0}]}}]]]}
{"start_time": 1656967024.073053, "plan": [[[{"Plan": {"Node Type": "Index Scan", "Parallel Aware": false, "Async Capable": false, "Scan Direction": "Forward", "Index Name": "district_pkey", "Relation Name": "district", "Alias": "district", "Startup Cost": 0.14, "Total Cost": 2.36, "Plan Rows": 1, "Plan Width": 63, "Actual Startup Time": 0.007, "Actual Total Time": 0.008, "Actual Rows": 1, "Actual Loops": 1, "Index Cond": "((d_w_id = 2) AND (d_id = 5))", "Rows Removed by Index Recheck": 0}}]]]}
{"start_time": 1656967024.074058, "plan": [[[{"Plan": {"Node Type": "Index Scan", "Parallel Aware": false, "Async Capable": false, "Scan Direction": "Forward", "Index Name": "item_pkey", "Relation Name": "item", "Alias": "item", "Startup Cost": 0.29, "Total Cost": 2.51, "Plan Rows": 1, "Plan Width": 196, "Actual Startup Time": 0.008, "Actual Total Time": 0.009, "Actual Rows": 1, "Actual Loops": 1, "Index Cond": "(i_id = 84471)", "Rows Removed by Index Recheck": 0}}]]]}
{"start_time": 1656967024.074233, "plan": [[[{"Plan": {"Node Type": "Index Scan", "Parallel Aware": false, "Async Capable": false, "Scan Direction": "Forward", "Index Name": "item_pkey", "Relation Name": "item", "Alias": "item", "Startup Cost": 0.29, "Total Cost": 2.51, "Plan Rows": 1, "Plan Width": 196, "Actual Startup Time": 0.008, "Actual Total Time": 0.009, "Actual Rows": 1, "Actual Loops": 1, "Index Cond": "(i_id = 73368)", "Rows Removed by Index Recheck": 0}}]]]}
{"start_time": 1656967024.074184, "plan": [[[{"Plan": {"Node Type": "LockRows", "Parallel Aware": false, "Async Capable": false, "Startup Cost": 0.42, "Total Cost": 30.66, "Plan Rows": 26, "Plan Width": 1128, "Actual Startup Time": 0.019, "Actual Total Time": 0.02, "Actual Rows": 1, "Actual Loops": 1, "Plans": [{"Node Type": "Index Scan", "Parent Relationship": "Outer", "Parallel Aware": false, "Async Capable": false, "Scan Direction": "Forward", "Index Name": "stock_pkey", "Relation Name": "stock", "Alias": "stock", "Startup Cost": 0.42, "Total Cost": 30.4, "Plan Rows": 26, "Plan Width": 1128, "Actual Startup Time": 0.017, "Actual Total Time": 0.017, "Actual Rows": 1, "Actual Loops": 1, "Index Cond": "((s_w_id = 3) AND (s_i_id = 44718))", "Rows Removed by Index Recheck": 0}]}}]]]}
{"start_time": 1656967024.074126, "plan": [[[{"Plan": {"Node Type": "Index Scan", "Parallel Aware": false, "Async Capable": false, "Scan Direction": "Forward", "Index Name": "customer_pkey", "Relation Name": "customer", "Alias": "customer", "Startup Cost": 0.42, "Total Cost": 2.65, "Plan Rows": 1, "Plan Width": 74, "Actual Startup Time": 0.029, "Actual Total Time": 0.03, "Actual Rows": 1, "Actual Loops": 1, "Index Cond": "((c_w_id = 4) AND (c_d_id = 4) AND (c_id = 1011))", "Rows Removed by Index Recheck": 0}}]]]}
{"start_time": 1656967024.074184, "plan": [[[{"Plan": {"Node Type": "ModifyTable", "Operation": "Update", "Parallel Aware": false, "Async Capable": false, "Relation Name": "stock", "Alias": "stock", "Startup Cost": 0.42, "Total Cost": 30.66, "Plan Rows": 0, "Plan Width": 0, "Actual Startup Time": 0.029, "Actual Total Time": 0.029, "Actual Rows": 0, "Actual Loops": 1, "Plans": [{"Node Type": "Index Scan", "Parent Relationship": "Outer", "Parallel Aware": false, "Async Capable": false, "Scan Direction": "Forward", "Index Name": "stock_pkey", "Relation Name": "stock", "Alias": "stock", "Startup Cost": 0.42, "Total Cost": 30.66, "Plan Rows": 26, "Plan Width": 32, "Actual Startup Time": 0.012, "Actual Total Time": 0.013, "Actual Rows": 1, "Actual Loops": 1, "Index Cond": "((s_w_id = 10) AND (s_i_id = 15844))", "Rows Removed by Index Recheck": 0}]}}]]]}
{"start_time": 1656967024.0742788, "plan": [[[{"Plan": {"Node Type": "Index Scan", "Parallel Aware": false, "Async Capable": false, "Scan Direction": "Forward", "Index Name": "item_pkey", "Relation Name": "item", "Alias": "item", "Startup Cost": 0.29, "Total Cost": 2.51, "Plan Rows": 1, "Plan Width": 196, "Actual Startup Time": 0.009, "Actual Total Time": 0.009, "Actual Rows": 1, "Actual Loops": 1, "Index Cond": "(i_id = 23583)", "Rows Removed by Index Recheck": 0}}]]]}
{"start_time": 1656967024.0742378, "plan": [[[{"Plan": {"Node Type": "Index Scan", "Parallel Aware": false, "Async Capable": false, "Scan Direction": "Forward", "Index Name": "customer_pkey", "Relation Name": "customer", "Alias": "customer", "Startup Cost": 0.42, "Total Cost": 2.65, "Plan Rows": 1, "Plan Width": 482, "Actual Startup Time": 0.019, "Actual Total Time": 0.021, "Actual Rows": 1, "Actual Loops": 1, "Index Cond": "((c_w_id = 2) AND (c_d_id = 5) AND (c_id = 299))", "Rows Removed by Index Recheck": 0}}]]]}
{"start_time": 1656967024.073937, "plan": [[[{"Plan": {"Node Type": "ModifyTable", "Operation": "Insert", "Parallel Aware": false, "Async Capable": false, "Relation Name": "order_line", "Alias": "order_line", "Startup Cost": 0.0, "Total Cost": 0.01, "Plan Rows": 0, "Plan Width": 0, "Actual Startup Time": 0.014, "Actual Total Time": 0.015, "Actual Rows": 0, "Actual Loops": 1, "Plans": [{"Node Type": "Result", "Parent Relationship": "Outer", "Parallel Aware": false, "Async Capable": false, "Startup Cost": 0.0, "Total Cost": 0.01, "Plan Rows": 1, "Plan Width": 160, "Actual Startup Time": 0.001, "Actual Total Time": 0.001, "Actual Rows": 1, "Actual Loops": 1}]}}]]]}
{"start_time": 1656967024.074398, "plan": [[[{"Plan": {"Node Type": "Index Scan", "Parallel Aware": false, "Async Capable": false, "Scan Direction": "Forward", "Index Name": "item_pkey", "Relation Name": "item", "Alias": "item", "Startup Cost": 0.29, "Total Cost": 2.51, "Plan Rows": 1, "Plan Width": 196, "Actual Startup Time": 0.008, "Actual Total Time": 0.009, "Actual Rows": 1, "Actual Loops": 1, "Index Cond": "(i_id = 5142)", "Rows Removed by Index Recheck": 0}}]]]}
{"start_time": 1656967024.0744529, "plan": [[[{"Plan": {"Node Type": "Index Scan", "Parallel Aware": false, "Async Capable": false, "Scan Direction": "Forward", "Index Name": "item_pkey", "Relation Name": "item", "Alias": "item", "Startup Cost": 0.29, "Total Cost": 2.51, "Plan Rows": 1, "Plan Width": 196, "Actual Startup Time": 0.008, "Actual Total Time": 0.009, "Actual Rows": 1, "Actual Loops": 1, "Index Cond": "(i_id = 32387)", "Rows Removed by Index Recheck": 0}}]]]}
{"start_time": 1656967024.073405, "plan": [[[{"Plan": {"Node Type": "ModifyTable", "Operation": "Update", "Parallel Aware": false, "Async Capable": false, "Relation Name": "stock", "Alias": "stock", "Startup Cost": 0.42, "Total Cost": 30.66, "Plan Rows": 0, "Plan Width": 0, "Actual Startup Time": 0.029, "Actual Total Time": 0.029, "Actual Rows": 0, "Actual Loops": 1, "Plans": [{"Node Type": "Index Scan", "Parent Relationship": "Outer", "Parallel Aware": false, "Async Capable": false, "Scan Direction": "Forward", "Index Name": "stock_pkey", "Relation Name": "stock", "Alias": "stock", "Startup Cost": 0.42, "Total Cost": 30.66, "Plan Rows": 26, "Plan Width": 32, "Actual Startup Time": 0.013, "Actual Total Time": 0.014, "Actual Rows": 1, "Actual Loops": 1, "Index Cond": "((s_w_id = 7) AND (s_i_id = 73447))", "Rows Removed by Index Recheck": 0}]}}]]]}
{"start_time": 1656967024.0742998, "plan": [[[{"Plan": {"Node Type": "ModifyTable", "Operation": "Update", "Parallel Aware": false, "Async Capable": false, "Relation Name": "stock", "Alias": "stock", "Startup Cost": 0.42, "Total Cost": 30.66, "Plan Rows": 0, "Plan Width": 0, "Actual Startup Time": 0.028, "Actual Total Time": 0.028, "Actual Rows": 0, "Actual Loops": 1, "Plans": [{"Node Type": "Index Scan", "Parent Relationship": "Outer", "Parallel Aware": false, "Async Capable": false, "Scan Direction": "Forward", "Index Name": "stock_pkey", "Relation Name": "stock", "Alias": "stock", "Startup Cost": 0.42, "Total Cost": 30.66, "Plan Rows": 26, "Plan Width": 32, "Actual Startup Time": 0.011, "Actual Total Time": 0.013, "Actual Rows": 1, "Actual Loops": 1, "Index Cond": "((s_w_id = 5) AND (s_i_id = 64991))", "Rows Removed by Index Recheck": 0}]}}]]]}
{"start_time": 1656967024.074472, "plan": [[[{"Plan": {"Node Type": "Aggregate", "Strategy": "Plain", "Partial Mode": "Simple", "Parallel Aware": false, "Async Capable": false, "Startup Cost": 2.66, "Total Cost": 2.67, "Plan Rows": 1, "Plan Width": 32, "Actual Startup Time": 0.023, "Actual Total Time": 0.024, "Actual Rows": 1, "Actual Loops": 1, "Plans": [{"Node Type": "Index Scan", "Parent Relationship": "Outer", "Parallel Aware": false, "Async Capable": false, "Scan Direction": "Forward", "Index Name": "order_line_pkey", "Relation Name": "order_line", "Alias": "order_line", "Startup Cost": 0.43, "Total Cost": 2.65, "Plan Rows": 1, "Plan Width": 14, "Actual Startup Time": 0.012, "Actual Total Time": 0.016, "Actual Rows": 5, "Actual Loops": 1, "Index Cond": "((ol_w_id = 8) AND (ol_d_id = 5) AND (ol_o_id = 2127))", "Rows Removed by Index Recheck": 0}]}}]]]}
{"start_time": 1656967024.074596, "plan": [[[{"Plan": {"Node Type": "Index Scan", "Parallel Aware": false, "Async Capable": false, "Scan Direction": "Forward", "Index Name": "item_pkey", "Relation Name": "item", "Alias": "item", "Startup Cost": 0.29, "Total Cost": 2.51, "Plan Rows": 1, "Plan Width": 196, "Actual Startup Time": 0.008, "Actual Total Time": 0.009, "Actual Rows": 1, "Actual Loops": 1, "Index Cond": "(i_id = 23110)", "Rows Removed by Index Recheck": 0}}]]]}
{"start_time": 1656967024.074642, "plan": [[[{"Plan": {"Node Type": "Index Scan", "Parallel Aware": false, "Async Capable": false, "Scan Direction": "Forward", "Index Name": "warehouse_pkey", "Relation Name": "warehouse", "Alias": "warehouse", "Startup Cost": 0.14, "Total Cost": 2.36, "Plan Rows": 1, "Plan Width": 12, "Actual Startup Time": 0.01, "Actual Total Time": 0.011, "Actual Rows": 1, "Actual Loops": 1, "Index Cond": "(w_id = 4)", "Rows Removed by Index Recheck": 0}}]]]}
{"start_time": 1656967024.074603, "plan": [[[{"Plan": {"Node Type": "ModifyTable", "Operation": "Update", "Parallel Aware": false, "Async Capable": false, "Relation Name": "stock", "Alias": "stock", "Startup Cost": 0.42, "Total Cost": 30.66, "Plan Rows": 0, "Plan Width": 0, "Actual Startup Time": 0.032, "Actual Total Time": 0.032, "Actual Rows": 0, "Actual Loops": 1, "Plans": [{"Node Type": "Index Scan", "Parent Relationship": "Outer", "Parallel Aware": false, "Async Capable": false, "Scan Direction": "Forward", "Index Name": "stock_pkey", "Relation Name": "stock", "Alias": "stock", "Startup Cost": 0.42, "Total Cost": 30.66, "Plan Rows": 26, "Plan Width": 32, "Actual Startup Time": 0.011, "Actual Total Time": 0.012, "Actual Rows": 1, "Actual Loops": 1, "Index Cond": "((s_w_id = 10) AND (s_i_id = 22903))", "Rows Removed by Index Recheck": 0}]}}]]]}
{"start_time": 1656967024.0746388, "plan": [[[{"Plan": {"Node Type": "LockRows", "Parallel Aware": false, "Async Capable": false, "Startup Cost": 0.42, "Total Cost": 30.66, "Plan Rows": 26, "Plan Width": 1128, "Actual Startup Time": 0.03, "Actual Total Time": 0.032, "Actual Rows": 1, "Actual Loops": 1, "Plans": [{"Node Type": "Index Scan", "Parent Relationship": "Outer", "Parallel Aware": false, "Async Capable": false, "Scan Direction": "Forward", "Index Name": "stock_pkey", "Relation Name": "stock", "Alias": "stock", "Startup Cost": 0.42, "Total Cost": 30.4, "Plan Rows": 26, "Plan Width": 1128, "Actual Startup Time": 0.025, "Actual Total Time": 0.026, "Actual Rows": 1, "Actual Loops": 1, "Index Cond": "((s_w_id = 6) AND (s_i_id = 84471))", "Rows Removed by Index Recheck": 0}]}}]]]}
{"start_time": 1656967024.074415, "plan": [[[{"Plan": {"Node Type": "LockRows", "Parallel Aware": false, "Async Capable": false, "Startup Cost": 0.42, "Total Cost": 30.66, "Plan Rows": 26, "Plan Width": 1128, "Actual Startup Time": 0.019, "Actual Total Time": 0.021, "Actual Rows": 1, "Actual Loops": 1, "Plans": [{"Node Type": "Index Scan", "Parent Relationship": "Outer", "Parallel Aware": false, "Async Capable": false, "Scan Direction": "Forward", "Index Name": "stock_pkey", "Relation Name": "stock", "Alias": "stock", "Startup Cost": 0.42, "Total Cost": 30.4, "Plan Rows": 26, "Plan Width": 1128, "Actual Startup Time": 0.017, "Actual Total Time": 0.018, "Actual Rows": 1, "Actual Loops": 1, "Index Cond": "((s_w_id = 9) AND (s_i_id = 73368))", "Rows Removed by Index Recheck": 0}]}}]]]}
{"start_time": 1656967024.074736, "plan": [[[{"Plan": {"Node Type": "LockRows", "Parallel Aware": false, "Async Capable": false, "Startup Cost": 0.42, "Total Cost": 30.66, "Plan Rows": 26, "Plan Width": 1128, "Actual Startup Time": 0.024, "Actual Total Time": 0.025, "Actual Rows": 1, "Actual Loops": 1, "Plans": [{"Node Type": "Index Scan", "Parent Relationship": "Outer", "Parallel Aware": false, "Async Capable": false, "Scan Direction": "Forward", "Index Name": "stock_pkey", "Relation Name": "stock", "Alias": "stock", "Startup Cost": 0.42, "Total Cost": 30.4, "Plan Rows": 26, "Plan Width": 1128, "Actual Startup Time": 0.021, "Actual Total Time": 0.022, "Actual Rows": 1, "Actual Loops": 1, "Index Cond": "((s_w_id = 9) AND (s_i_id = 5142))", "Rows Removed by Index Recheck": 0}]}}]]]}
{"start_time": 1656967024.074769, "plan": [[[{"Plan": {"Node Type": "LockRows", "Parallel Aware": false, "Async Capable": false, "Startup Cost": 0.42, "Total Cost": 30.66, "Plan Rows": 26, "Plan Width": 1128, "Actual Startup Time": 0.012, "Actual Total Time": 0.013, "Actual Rows": 1, "Actual Loops": 1, "Plans": [{"Node Type": "Index Scan", "Parent Relationship": "Outer", "Parallel Aware": false, "Async Capable": false, "Scan Direction": "Forward", "Index Name": "stock_pkey", "Relation Name": "stock", "Alias": "stock", "Startup Cost": 0.42, "Total Cost": 30.4, "Plan Rows": 26, "Plan Width": 1128, "Actual Startup Time": 0.01, "Actual Total Time": 0.01, "Actual Rows": 1, "Actual Loops": 1, "Index Cond": "((s_w_id = 10) AND (s_i_id = 23583))", "Rows Removed by Index Recheck": 0}]}}]]]}
{"start_time": 1656967024.074776, "plan": [[[{"Plan": {"Node Type": "ModifyTable", "Operation": "Insert", "Parallel Aware": false, "Async Capable": false, "Relation Name": "order_line", "Alias": "order_line", "Startup Cost": 0.0, "Total Cost": 0.01, "Plan Rows": 0, "Plan Width": 0, "Actual Startup Time": 0.017, "Actual Total Time": 0.018, "Actual Rows": 0, "Actual Loops": 1, "Plans": [{"Node Type": "Result", "Parent Relationship": "Outer", "Parallel Aware": false, "Async Capable": false, "Startup Cost": 0.0, "Total Cost": 0.01, "Plan Rows": 1, "Plan Width": 160, "Actual Startup Time": 0.001, "Actual Total Time": 0.001, "Actual Rows": 1, "Actual Loops": 1}]}}]]]}
{"start_time": 1656967024.07483, "plan": [[[{"Plan": {"Node Type": "ModifyTable", "Operation": "Update", "Parallel Aware": false, "Async Capable": false, "Relation Name": "customer", "Alias": "customer", "Startup Cost": 0.42, "Total Cost": 2.65, "Plan Rows": 0, "Plan Width": 0, "Actual Startup Time": 0.076, "Actual Total Time": 0.077, "Actual Rows": 0, "Actual Loops": 1, "Plans": [{"Node Type": "Index Scan", "Parent Relationship": "Outer", "Parallel Aware": false, "Async Capable": false, "Scan Direction": "Forward", "Index Name": "customer_pkey", "Relation Name": "customer", "Alias": "customer", "Startup Cost": 0.42, "Total Cost": 2.65, "Plan Rows": 1, "Plan Width": 34, "Actual Startup Time": 0.009, "Actual Total Time": 0.01, "Actual Rows": 1, "Actual Loops": 1, "Index Cond": "((c_w_id = 2) AND (c_d_id = 5) AND (c_id = 299))", "Rows Removed by Index Recheck": 0}]}}]]]}
{"start_time": 1656967024.074912, "plan": [[[{"Plan": {"Node Type": "LockRows", "Parallel Aware": false, "Async Capable": false, "Startup Cost": 0.42, "Total Cost": 30.66, "Plan Rows": 26, "Plan Width": 1128, "Actual Startup Time": 0.019, "Actual Total Time": 0.021, "Actual Rows": 1, "Actual Loops": 1, "Plans": [{"Node Type": "Index Scan", "Parent Relationship": "Outer", "Parallel Aware": false, "Async Capable": false, "Scan Direction": "Forward", "Index Name": "stock_pkey", "Relation Name": "stock", "Alias": "stock", "Startup Cost": 0.42, "Total Cost": 30.4, "Plan Rows": 26, "Plan Width": 1128, "Actual Startup Time": 0.017, "Actual Total Time": 0.018, "Actual Rows": 1, "Actual Loops": 1, "Index Cond": "((s_w_id = 7) AND (s_i_id = 32387))", "Rows Removed by Index Recheck": 0}]}}]]]}
{"start_time": 1656967024.074997, "plan": [[[{"Plan": {"Node Type": "Index Scan", "Parallel Aware": false, "Async Capable": false, "Scan Direction": "Forward", "Index Name": "item_pkey", "Relation Name": "item", "Alias": "item", "Startup Cost": 0.29, "Total Cost": 2.51, "Plan Rows": 1, "Plan Width": 196, "Actual Startup Time": 0.008, "Actual Total Time": 0.009, "Actual Rows": 1, "Actual Loops": 1, "Index Cond": "(i_id = 15383)", "Rows Removed by Index Recheck": 0}}]]]}
{"start_time": 1656967024.07496, "plan": [[[{"Plan": {"Node Type": "LockRows", "Parallel Aware": false, "Async Capable": false, "Startup Cost": 0.14, "Total Cost": 2.37, "Plan Rows": 1, "Plan Width": 15, "Actual Startup Time": 0.015, "Actual Total Time": 0.017, "Actual Rows": 1, "Actual Loops": 1, "Plans": [{"Node Type": "Index Scan", "Parent Relationship": "Outer", "Parallel Aware": false, "Async Capable": false, "Scan Direction": "Forward", "Index Name": "district_pkey", "Relation Name": "district", "Alias": "district", "Startup Cost": 0.14, "Total Cost": 2.36, "Plan Rows": 1, "Plan Width": 15, "Actual Startup Time": 0.01, "Actual Total Time": 0.011, "Actual Rows": 1, "Actual Loops": 1, "Index Cond": "((d_w_id = 4) AND (d_id = 4))", "Rows Removed by Index Recheck": 0}]}}]]]}
{"start_time": 1656967024.075043, "plan": [[[{"Plan": {"Node Type": "ModifyTable", "Operation": "Update", "Parallel Aware": false, "Async Capable": false, "Relation Name": "stock", "Alias": "stock", "Startup Cost": 0.42, "Total Cost": 30.66, "Plan Rows": 0, "Plan Width": 0, "Actual Startup Time": 0.027, "Actual Total Time": 0.028, "Actual Rows": 0, "Actual Loops": 1, "Plans": [{"Node Type": "Index Scan", "Parent Relationship": "Outer", "Parallel Aware": false, "Async Capable": false, "Scan Direction": "Forward", "Index Name": "stock_pkey", "Relation Name": "stock", "Alias": "stock", "Startup Cost": 0.42, "Total Cost": 30.66, "Plan Rows": 26, "Plan Width": 32, "Actual Startup Time": 0.012, "Actual Total Time": 0.013, "Actual Rows": 1, "Actual Loops": 1, "Index Cond": "((s_w_id = 5) AND (s_i_id = 13518))", "Rows Removed by Index Recheck": 0}]}}]]]}
{"start_time": 1656967024.07491, "plan": [[[{"Plan": {"Node Type": "Index Scan", "Parallel Aware": false, "Async Capable": false, "Scan Direction": "Forward", "Index Name": "item_pkey", "Relation Name": "item", "Alias": "item", "Startup Cost": 0.29, "Total Cost": 2.51, "Plan Rows": 1, "Plan Width": 196, "Actual Startup Time": 0.008, "Actual Total Time": 0.009, "Actual Rows": 1, "Actual Loops": 1, "Index Cond": "(i_id = 92647)", "Rows Removed by Index Recheck": 0}}]]]}
{"start_time": 1656967024.0749888, "plan": [[[{"Plan": {"Node Type": "ModifyTable", "Operation": "Update", "Parallel Aware": false, "Async Capable": false, "Relation Name": "customer", "Alias": "customer", "Startup Cost": 0.42, "Total Cost": 2.65, "Plan Rows": 0, "Plan Width": 0, "Actual Startup Time": 0.063, "Actual Total Time": 0.064, "Actual Rows": 0, "Actual Loops": 1, "Plans": [{"Node Type": "Index Scan", "Parent Relationship": "Outer", "Parallel Aware": false, "Async Capable": false, "Scan Direction": "Forward", "Index Name": "customer_pkey", "Relation Name": "customer", "Alias": "customer", "Startup Cost": 0.42, "Total Cost": 2.65, "Plan Rows": 1, "Plan Width": 26, "Actual Startup Time": 0.013, "Actual Total Time": 0.015, "Actual Rows": 1, "Actual Loops": 1, "Index Cond": "((c_w_id = 8) AND (c_d_id = 5) AND (c_id = 239))", "Rows Removed by Index Recheck": 0}]}}]]]}
{"start_time": 1656967024.075068, "plan": [[[{"Plan": {"Node Type": "LockRows", "Parallel Aware": false, "Async Capable": false, "Startup Cost": 0.42, "Total Cost": 30.66, "Plan Rows": 26, "Plan Width": 1128, "Actual Startup Time": 0.013, "Actual Total Time": 0.014, "Actual Rows": 1, "Actual Loops": 1, "Plans": [{"Node Type": "Index Scan", "Parent Relationship": "Outer", "Parallel Aware": false, "Async Capable": false, "Scan Direction": "Forward", "Index Name": "stock_pkey", "Relation Name": "stock", "Alias": "stock", "Startup Cost": 0.42, "Total Cost": 30.4, "Plan Rows": 26, "Plan Width": 1128, "Actual Startup Time": 0.01, "Actual Total Time": 0.011, "Actual Rows": 1, "Actual Loops": 1, "Index Cond": "((s_w_id = 3) AND (s_i_id = 23110))", "Rows Removed by Index Recheck": 0}]}}]]]}
{"start_time": 1656967024.074446, "plan": [[[{"Plan": {"Node Type": "LockRows", "Parallel Aware": false, "Async Capable": false, "Startup Cost": 0.42, "Total Cost": 30.66, "Plan Rows": 26, "Plan Width": 1128, "Actual Startup Time": 0.014, "Actual Total Time": 0.015, "Actual Rows": 1, "Actual Loops": 1, "Plans": [{"Node Type": "Index Scan", "Parent Relationship": "Outer", "Parallel Aware": false, "Async Capable": false, "Scan Direction": "Forward", "Index Name": "stock_pkey", "Relation Name": "stock", "Alias": "stock", "Startup Cost": 0.42, "Total Cost": 30.4, "Plan Rows": 26, "Plan Width": 1128, "Actual Startup Time": 0.011, "Actual Total Time": 0.012, "Actual Rows": 1, "Actual Loops": 1, "Index Cond": "((s_w_id = 4) AND (s_i_id = 65253))", "Rows Removed by Index Recheck": 0}]}}]]]}
{"start_time": 1656967024.075263, "plan": [[[{"Plan": {"Node Type": "Index Scan", "Parallel Aware": false, "Async Capable": false, "Scan Direction": "Forward", "Index Name": "item_pkey", "Relation Name": "item", "Alias": "item", "Startup Cost": 0.29, "Total Cost": 2.51, "Plan Rows": 1, "Plan Width": 196, "Actual Startup Time": 0.009, "Actual Total Time": 0.009, "Actual Rows": 1, "Actual Loops": 1, "Index Cond": "(i_id = 87647)", "Rows Removed by Index Recheck": 0}}]]]}
{"start_time": 1656967024.075158, "plan": [[[{"Plan": {"Node Type": "ModifyTable", "Operation": "Update", "Parallel Aware": false, "Async Capable": false, "Relation Name": "stock", "Alias": "stock", "Startup Cost": 0.42, "Total Cost": 30.66, "Plan Rows": 0, "Plan Width": 0, "Actual Startup Time": 0.028, "Actual Total Time": 0.029, "Actual Rows": 0, "Actual Loops": 1, "Plans": [{"Node Type": "Index Scan", "Parent Relationship": "Outer", "Parallel Aware": false, "Async Capable": false, "Scan Direction": "Forward", "Index Name": "stock_pkey", "Relation Name": "stock", "Alias": "stock", "Startup Cost": 0.42, "Total Cost": 30.66, "Plan Rows": 26, "Plan Width": 32, "Actual Startup Time": 0.012, "Actual Total Time": 0.013, "Actual Rows": 1, "Actual Loops": 1, "Index Cond": "((s_w_id = 7) AND (s_i_id = 95943))", "Rows Removed by Index Recheck": 0}]}}]]]}
{"start_time": 1656967024.075293, "plan": [[[{"Plan": {"Node Type": "Index Scan", "Parallel Aware": false, "Async Capable": false, "Scan Direction": "Forward", "Index Name": "item_pkey", "Relation Name": "item", "Alias": "item", "Startup Cost": 0.29, "Total Cost": 2.51, "Plan Rows": 1, "Plan Width": 196, "Actual Startup Time": 0.008, "Actual Total Time": 0.009, "Actual Rows": 1, "Actual Loops": 1, "Index Cond": "(i_id = 6085)", "Rows Removed by Index Recheck": 0}}]]]}
{"start_time": 1656967024.0748138, "plan": [[[{"Plan": {"Node Type": "ModifyTable", "Operation": "Update", "Parallel Aware": false, "Async Capable": false, "Relation Name": "stock", "Alias": "stock", "Startup Cost": 0.42, "Total Cost": 30.66, "Plan Rows": 0, "Plan Width": 0, "Actual Startup Time": 0.031, "Actual Total Time": 0.031, "Actual Rows": 0, "Actual Loops": 1, "Plans": [{"Node Type": "Index Scan", "Parent Relationship": "Outer", "Parallel Aware": false, "Async Capable": false, "Scan Direction": "Forward", "Index Name": "stock_pkey", "Relation Name": "stock", "Alias": "stock", "Startup Cost": 0.42, "Total Cost": 30.66, "Plan Rows": 26, "Plan Width": 32, "Actual Startup Time": 0.01, "Actual Total Time": 0.011, "Actual Rows": 1, "Actual Loops": 1, "Index Cond": "((s_w_id = 10) AND (s_i_id = 797))", "Rows Removed by Index Recheck": 0}]}}]]]}
{"start_time": 1656967024.075414, "plan": [[[{"Plan": {"Node Type": "Index Scan", "Parallel Aware": false, "Async Capable": false, "Scan Direction": "Forward", "Index Name": "item_pkey", "Relation Name": "item", "Alias": "item", "Startup Cost": 0.29, "Total Cost": 2.51, "Plan Rows": 1, "Plan Width": 196, "Actual Startup Time": 0.008, "Actual Total Time": 0.009, "Actual Rows": 1, "Actual Loops": 1, "Index Cond": "(i_id = 73285)", "Rows Removed by Index Recheck": 0}}]]]}
{"start_time": 1656967024.07543, "plan": [[[{"Plan": {"Node Type": "ModifyTable", "Operation": "Update", "Parallel Aware": false, "Async Capable": false, "Relation Name": "stock", "Alias": "stock", "Startup Cost": 0.42, "Total Cost": 30.66, "Plan Rows": 0, "Plan Width": 0, "Actual Startup Time": 0.025, "Actual Total Time": 0.026, "Actual Rows": 0, "Actual Loops": 1, "Plans": [{"Node Type": "Index Scan", "Parent Relationship": "Outer", "Parallel Aware": false, "Async Capable": false, "Scan Direction": "Forward", "Index Name": "stock_pkey", "Relation Name": "stock", "Alias": "stock", "Startup Cost": 0.42, "Total Cost": 30.66, "Plan Rows": 26, "Plan Width": 32, "Actual Startup Time": 0.011, "Actual Total Time": 0.012, "Actual Rows": 1, "Actual Loops": 1, "Index Cond": "((s_w_id = 7) AND (s_i_id = 92820))", "Rows Removed by Index Recheck": 0}]}}]]]}
{"start_time": 1656967024.0754561, "plan": [[[{"Plan": {"Node Type": "LockRows", "Parallel Aware": false, "Async Capable": false, "Startup Cost": 0.42, "Total Cost": 30.66, "Plan Rows": 26, "Plan Width": 1128, "Actual Startup Time": 0.029, "Actual Total Time": 0.031, "Actual Rows": 1, "Actual Loops": 1, "Plans": [{"Node Type": "Index Scan", "Parent Relationship": "Outer", "Parallel Aware": false, "Async Capable": false, "Scan Direction": "Forward", "Index Name": "stock_pkey", "Relation Name": "stock", "Alias": "stock", "Startup Cost": 0.42, "Total Cost": 30.4, "Plan Rows": 26, "Plan Width": 1128, "Actual Startup Time": 0.024, "Actual Total Time": 0.025, "Actual Rows": 1, "Actual Loops": 1, "Index Cond": "((s_w_id = 6) AND (s_i_id = 92647))", "Rows Removed by Index Recheck": 0}]}}]]]}
{"start_time": 1656967024.0754871, "plan": [[[{"Plan": {"Node Type": "ModifyTable", "Operation": "Update", "Parallel Aware": false, "Async Capable": false, "Relation Name": "stock", "Alias": "stock", "Startup Cost": 0.42, "Total Cost": 30.66, "Plan Rows": 0, "Plan Width": 0, "Actual Startup Time": 0.035, "Actual Total Time": 0.035, "Actual Rows": 0, "Actual Loops": 1, "Plans": [{"Node Type": "Index Scan", "Parent Relationship": "Outer", "Parallel Aware": false, "Async Capable": false, "Scan Direction": "Forward", "Index Name": "stock_pkey", "Relation Name": "stock", "Alias": "stock", "Startup Cost": 0.42, "Total Cost": 30.66, "Plan Rows": 26, "Plan Width": 32, "Actual Startup Time": 0.012, "Actual Total Time": 0.013, "Actual Rows": 1, "Actual Loops": 1, "Index Cond": "((s_w_id = 10) AND (s_i_id = 36471))", "Rows Removed by Index Recheck": 0}]}}]]]}
{"start_time": 1656967024.075811, "plan": [[[{"Plan": {"Node Type": "ModifyTable", "Operation": "Insert", "Parallel Aware": false, "Async Capable": false, "Relation Name": "history", "Alias": "history", "Startup Cost": 0.0, "Total Cost": 0.01, "Plan Rows": 0, "Plan Width": 0, "Actual Startup Time": 0.006, "Actual Total Time": 0.006, "Actual Rows": 0, "Actual Loops": 1, "Plans": [{"Node Type": "Result", "Parent Relationship": "Outer", "Parallel Aware": false, "Async Capable": false, "Startup Cost": 0.0, "Total Cost": 0.01, "Plan Rows": 1, "Plan Width": 108, "Actual Startup Time": 0.001, "Actual Total Time": 0.001, "Actual Rows": 1, "Actual Loops": 1}]}}]]]}
{"start_time": 1656967024.075482, "plan": [[[{"Plan": {"Node Type": "ModifyTable", "Operation": "Insert", "Parallel Aware": false, "Async Capable": false, "Relation Name": "order_line", "Alias": "order_line", "Startup Cost": 0.0, "Total Cost": 0.01, "Plan Rows": 0, "Plan Width": 0, "Actual Startup Time": 0.021, "Actual Total Time": 0.021, "Actual Rows": 0, "Actual Loops": 1, "Plans": [{"Node Type": "Result", "Parent Relationship": "Outer", "Parallel Aware": false, "Async Capable": false, "Startup Cost": 0.0, "Total Cost": 0.01, "Plan Rows": 1, "Plan Width": 160, "Actual Startup Time": 0.001, "Actual Total Time": 0.001, "Actual Rows": 1, "Actual Loops": 1}]}}]]]}
{"start_time": 1656967024.076006, "plan": [[[{"Plan": {"Node Type": "ModifyTable", "Operation": "Update", "Parallel Aware": false, "Async Capable": false, "Relation Name": "stock", "Alias": "stock", "Startup Cost": 0.42, "Total Cost": 30.66, "Plan Rows": 0, "Plan Width": 0, "Actual Startup Time": 0.02, "Actual Total Time": 0.02, "Actual Rows": 0, "Actual Loops": 1, "Plans": [{"Node Type": "Index Scan", "Parent Relationship": "Outer", "Parallel Aware": false, "Async Capable": false, "Scan Direction": "Forward", "Index Name": "stock_pkey", "Relation Name": "stock", "Alias": "stock", "Startup Cost": 0.42, "Total Cost": 30.66, "Plan Rows": 26, "Plan Width": 32, "Actual Startup Time": 0.009, "Actual Total Time": 0.01, "Actual Rows": 1, "Actual Loops": 1, "Index Cond": "((s_w_id = 10) AND (s_i_id = 22117))", "Rows Removed by Index Recheck": 0}]}}]]]}
{"start_time": 1656967024.076015, "plan": [[[{"Plan": {"Node Type": "ModifyTable", "Operation": "Insert", "Parallel Aware": false, "Async Capable": false, "Relation Name": "order_line", "Alias": "order_line", "Startup Cost": 0.0, "Total Cost": 0.01, "Plan Rows": 0, "Plan Width": 0, "Actual Startup Time": 0.016, "Actual Total Time": 0.016, "Actual Rows": 0, "Actual Loops": 1, "Plans": [{"Node Type": "Result", "Parent Relationship": "Outer", "Parallel Aware": false, "Async Capable": false, "Startup Cost": 0.0, "Total Cost": 0.01, "Plan Rows": 1, "Plan Width": 160, "Actual Startup Time": 0.001, "Actual Total Time": 0.001, "Actual Rows": 1, "Actual Loops": 1}]}}]]]}
{"start_time": 1656967024.076165, "plan": [[[{"Plan": {"Node Type": "ModifyTable", "Operation": "Update", "Parallel Aware": false, "Async Capable": false, "Relation Name": "stock", "Alias": "stock", "Startup Cost": 0.42, "Total Cost": 30.66, "Plan Rows": 0, "Plan Width": 0, "Actual Startup Time": 0.031, "Actual Total Time": 0.031, "Actual Rows": 0, "Actual Loops": 1, "Plans": [{"Node Type": "Index Scan", "Parent Relationship": "Outer", "Parallel Aware": false, "Async Capable": false, "Scan Direction": "Forward", "Index Name": "stock_pkey", "Relation Name": "stock", "Alias": "stock", "Startup Cost": 0.42, "Total Cost": 30.66, "Plan Rows": 26, "Plan Width": 32, "Actual Startup Time": 0.008, "Actual Total Time": 0.009, "Actual Rows": 1, "Actual Loops": 1, "Index Cond": "((s_w_id = 10) AND (s_i_id = 2097))", "Rows Removed by Index Recheck": 0}]}}]]]}
{"start_time": 1656967024.076201, "plan": [[[{"Plan": {"Node Type": "ModifyTable", "Operation": "Insert", "Parallel Aware": false, "Async Capable": false, "Relation Name": "order_line", "Alias": "order_line", "Startup Cost": 0.0, "Total Cost": 0.01, "Plan Rows": 0, "Plan Width": 0, "Actual Startup Time": 0.01, "Actual Total Time": 0.011, "Actual Rows": 0, "Actual Loops": 1, "Plans": [{"Node Type": "Result", "Parent Relationship": "Outer", "Parallel Aware": false, "Async Capable": false, "Startup Cost": 0.0, "Total Cost": 0.01, "Plan Rows": 1, "Plan Width": 160, "Actual Startup Time": 0.001, "Actual Total Time": 0.001, "Actual Rows": 1, "Actual Loops": 1}]}}]]]}
{"start_time": 1656967024.0747929, "plan": [[[{"Plan": {"Node Type": "Index Scan", "Parallel Aware": false, "Async Capable": false, "Scan Direction": "Forward", "Index Name": "item_pkey", "Relation Name": "item", "Alias": "item", "Startup Cost": 0.29, "Total Cost": 2.51, "Plan Rows": 1, "Plan Width": 196, "Actual Startup Time": 0.009, "Actual Total Time": 0.01, "Actual Rows": 1, "Actual Loops": 1, "Index Cond": "(i_id = 56933)", "Rows Removed by Index Recheck": 0}}]]]}
{"start_time": 1656967024.0755029, "plan": [[[{"Plan": {"Node Type": "ModifyTable", "Operation": "Update", "Parallel Aware": false, "Async Capable": false, "Relation Name": "stock", "Alias": "stock", "Startup Cost": 0.42, "Total Cost": 30.66, "Plan Rows": 0, "Plan Width": 0, "Actual Startup Time": 0.024, "Actual Total Time": 0.025, "Actual Rows": 0, "Actual Loops": 1, "Plans": [{"Node Type": "Index Scan", "Parent Relationship": "Outer", "Parallel Aware": false, "Async Capable": false, "Scan Direction": "Forward", "Index Name": "stock_pkey", "Relation Name": "stock", "Alias": "stock", "Startup Cost": 0.42, "Total Cost": 30.66, "Plan Rows": 26, "Plan Width": 32, "Actual Startup Time": 0.011, "Actual Total Time": 0.012, "Actual Rows": 1, "Actual Loops": 1, "Index Cond": "((s_w_id = 5) AND (s_i_id = 89189))", "Rows Removed by Index Recheck": 0}]}}]]]}
{"start_time": 1656967024.075254, "plan": [[[{"Plan": {"Node Type": "LockRows", "Parallel Aware": false, "Async Capable": false, "Startup Cost": 0.42, "Total Cost": 30.66, "Plan Rows": 26, "Plan Width": 1128, "Actual Startup Time": 0.03, "Actual Total Time": 0.032, "Actual Rows": 1, "Actual Loops": 1, "Plans": [{"Node Type": "Index Scan", "Parent Relationship": "Outer", "Parallel Aware": false, "Async Capable": false, "Scan Direction": "Forward", "Index Name": "stock_pkey", "Relation Name": "stock", "Alias": "stock", "Startup Cost": 0.42, "Total Cost": 30.4, "Plan Rows": 26, "Plan Width": 1128, "Actual Startup Time": 0.025, "Actual Total Time": 0.026, "Actual Rows": 1, "Actual Loops": 1, "Index Cond": "((s_w_id = 9) AND (s_i_id = 15383))", "Rows Removed by Index Recheck": 0}]}}]]]}
{"start_time": 1656967024.075306, "plan": [[[{"Plan": {"Node Type": "ModifyTable", "Operation": "Update", "Parallel Aware": false, "Async Capable": false, "Relation Name": "district", "Alias": "district", "Startup Cost": 0.14, "Total Cost": 2.36, "Plan Rows": 0, "Plan Width": 0, "Actual Startup Time": 0.02, "Actual Total Time": 0.021, "Actual Rows": 0, "Actual Loops": 1, "Plans": [{"Node Type": "Index Scan", "Parent Relationship": "Outer", "Parallel Aware": false, "Async Capable": false, "Scan Direction": "Forward", "Index Name": "district_pkey", "Relation Name": "district", "Alias": "district", "Startup Cost": 0.14, "Total Cost": 2.36, "Plan Rows": 1, "Plan Width": 10, "Actual Startup Time": 0.007, "Actual Total Time": 0.008, "Actual Rows": 1, "Actual Loops": 1, "Index Cond": "((d_w_id = 4) AND (d_id = 4))", "Rows Removed by Index Recheck": 0}]}}]]]}
{"start_time": 1656967024.075561, "plan": [[[{"Plan": {"Node Type": "LockRows", "Parallel Aware": false, "Async Capable": false, "Startup Cost": 0.42, "Total Cost": 30.66, "Plan Rows": 26, "Plan Width": 1128, "Actual Startup Time": 0.021, "Actual Total Time": 0.022, "Actual Rows": 1, "Actual Loops": 1, "Plans": [{"Node Type": "Index Scan", "Parent Relationship": "Outer", "Parallel Aware": false, "Async Capable": false, "Scan Direction": "Forward", "Index Name": "stock_pkey", "Relation Name": "stock", "Alias": "stock", "Startup Cost": 0.42, "Total Cost": 30.4, "Plan Rows": 26, "Plan Width": 1128, "Actual Startup Time": 0.017, "Actual Total Time": 0.018, "Actual Rows": 1, "Actual Loops": 1, "Index Cond": "((s_w_id = 9) AND (s_i_id = 87647))", "Rows Removed by Index Recheck": 0}]}}]]]}
{"start_time": 1656967024.076324, "plan": [[[{"Plan": {"Node Type": "ModifyTable", "Operation": "Update", "Parallel Aware": false, "Async Capable": false, "Relation Name": "stock", "Alias": "stock", "Startup Cost": 0.42, "Total Cost": 30.66, "Plan Rows": 0, "Plan Width": 0, "Actual Startup Time": 0.032, "Actual Total Time": 0.032, "Actual Rows": 0, "Actual Loops": 1, "Plans": [{"Node Type": "Index Scan", "Parent Relationship": "Outer", "Parallel Aware": false, "Async Capable": false, "Scan Direction": "Forward", "Index Name": "stock_pkey", "Relation Name": "stock", "Alias": "stock", "Startup Cost": 0.42, "Total Cost": 30.66, "Plan Rows": 26, "Plan Width": 32, "Actual Startup Time": 0.011, "Actual Total Time": 0.012, "Actual Rows": 1, "Actual Loops": 1, "Index Cond": "((s_w_id = 10) AND (s_i_id = 87583))", "Rows Removed by Index Recheck": 0}]}}]]]}
{"start_time": 1656967024.076454, "plan": [[[{"Plan": {"Node Type": "Index Scan", "Parallel Aware": false, "Async Capable": false, "Scan Direction": "Forward", "Index Name": "item_pkey", "Relation Name": "item", "Alias": "item", "Startup Cost": 0.29, "Total Cost": 2.51, "Plan Rows": 1, "Plan Width": 196, "Actual Startup Time": 0.008, "Actual Total Time": 0.009, "Actual Rows": 1, "Actual Loops": 1, "Index Cond": "(i_id = 22227)", "Rows Removed by Index Recheck": 0}}]]]}
{"start_time": 1656967024.0763721, "plan": [[[{"Plan": {"Node Type": "ModifyTable", "Operation": "Insert", "Parallel Aware": false, "Async Capable": false, "Relation Name": "order_line", "Alias": "order_line", "Startup Cost": 0.0, "Total Cost": 0.01, "Plan Rows": 0, "Plan Width": 0, "Actual Startup Time": 0.015, "Actual Total Time": 0.016, "Actual Rows": 0, "Actual Loops": 1, "Plans": [{"Node Type": "Result", "Parent Relationship": "Outer", "Parallel Aware": false, "Async Capable": false, "Startup Cost": 0.0, "Total Cost": 0.01, "Plan Rows": 1, "Plan Width": 160, "Actual Startup Time": 0.001, "Actual Total Time": 0.001, "Actual Rows": 1, "Actual Loops": 1}]}}]]]}
{"start_time": 1656967024.076395, "plan": [[[{"Plan": {"Node Type": "ModifyTable", "Operation": "Update", "Parallel Aware": false, "Async Capable": false, "Relation Name": "stock", "Alias": "stock", "Startup Cost": 0.42, "Total Cost": 30.66, "Plan Rows": 0, "Plan Width": 0, "Actual Startup Time": 0.025, "Actual Total Time": 0.026, "Actual Rows": 0, "Actual Loops": 1, "Plans": [{"Node Type": "Index Scan", "Parent Relationship": "Outer", "Parallel Aware": false, "Async Capable": false, "Scan Direction": "Forward", "Index Name": "stock_pkey", "Relation Name": "stock", "Alias": "stock", "Startup Cost": 0.42, "Total Cost": 30.66, "Plan Rows": 26, "Plan Width": 32, "Actual Startup Time": 0.011, "Actual Total Time": 0.012, "Actual Rows": 1, "Actual Loops": 1, "Index Cond": "((s_w_id = 5) AND (s_i_id = 61668))", "Rows Removed by Index Recheck": 0}]}}]]]}
{"start_time": 1656967024.07652, "plan": [[[{"Plan": {"Node Type": "ModifyTable", "Operation": "Update", "Parallel Aware": false, "Async Capable": false, "Relation Name": "stock", "Alias": "stock", "Startup Cost": 0.42, "Total Cost": 30.66, "Plan Rows": 0, "Plan Width": 0, "Actual Startup Time": 0.023, "Actual Total Time": 0.023, "Actual Rows": 0, "Actual Loops": 1, "Plans": [{"Node Type": "Index Scan", "Parent Relationship": "Outer", "Parallel Aware": false, "Async Capable": false, "Scan Direction": "Forward", "Index Name": "stock_pkey", "Relation Name": "stock", "Alias": "stock", "Startup Cost": 0.42, "Total Cost": 30.66, "Plan Rows": 26, "Plan Width": 32, "Actual Startup Time": 0.01, "Actual Total Time": 0.011, "Actual Rows": 1, "Actual Loops": 1, "Index Cond": "((s_w_id = 10) AND (s_i_id = 30420))", "Rows Removed by Index Recheck": 0}]}}]]]}
{"start_time": 1656967024.076601, "plan": [[[{"Plan": {"Node Type": "Index Scan", "Parallel Aware": false, "Async Capable": false, "Scan Direction": "Forward", "Index Name": "item_pkey", "Relation Name": "item", "Alias": "item", "Startup Cost": 0.29, "Total Cost": 2.51, "Plan Rows": 1, "Plan Width": 196, "Actual Startup Time": 0.008, "Actual Total Time": 0.009, "Actual Rows": 1, "Actual Loops": 1, "Index Cond": "(i_id = 81574)", "Rows Removed by Index Recheck": 0}}]]]}
{"start_time": 1656967024.0765371, "plan": [[[{"Plan": {"Node Type": "ModifyTable", "Operation": "Insert", "Parallel Aware": false, "Async Capable": false, "Relation Name": "oorder", "Alias": "oorder", "Startup Cost": 0.0, "Total Cost": 0.01, "Plan Rows": 0, "Plan Width": 0, "Actual Startup Time": 0.032, "Actual Total Time": 0.032, "Actual Rows": 0, "Actual Loops": 1, "Plans": [{"Node Type": "Result", "Parent Relationship": "Outer", "Parallel Aware": false, "Async Capable": false, "Startup Cost": 0.0, "Total Cost": 0.01, "Plan Rows": 1, "Plan Width": 36, "Actual Startup Time": 0.001, "Actual Total Time": 0.001, "Actual Rows": 1, "Actual Loops": 1}]}}]]]}
{"start_time": 1656967024.076649, "plan": [[[{"Plan": {"Node Type": "ModifyTable", "Operation": "Insert", "Parallel Aware": false, "Async Capable": false, "Relation Name": "order_line", "Alias": "order_line", "Startup Cost": 0.0, "Total Cost": 0.01, "Plan Rows": 0, "Plan Width": 0, "Actual Startup Time": 0.015, "Actual Total Time": 0.015, "Actual Rows": 0, "Actual Loops": 1, "Plans": [{"Node Type": "Result", "Parent Relationship": "Outer", "Parallel Aware": false, "Async Capable": false, "Startup Cost": 0.0, "Total Cost": 0.01, "Plan Rows": 1, "Plan Width": 160, "Actual Startup Time": 0.001, "Actual Total Time": 0.001, "Actual Rows": 1, "Actual Loops": 1}]}}]]]}
{"start_time": 1656967024.07666, "plan": [[[{"Plan": {"Node Type": "ModifyTable", "Operation": "Update", "Parallel Aware": false, "Async Capable": false, "Relation Name": "stock", "Alias": "stock", "Startup Cost": 0.42, "Total Cost": 30.66, "Plan Rows": 0, "Plan Width": 0, "Actual Startup Time": 0.024, "Actual Total Time": 0.024, "Actual Rows": 0, "Actual Loops": 1, "Plans": [{"Node Type": "Index Scan", "Parent Relationship": "Outer", "Parallel Aware": false, "Async Capable": false, "Scan Direction": "Forward", "Index Name": "stock_pkey", "Relation Name": "stock", "Alias": "stock", "Startup Cost": 0.42, "Total Cost": 30.66, "Plan Rows": 26, "Plan Width": 32, "Actual Startup Time": 0.01, "Actual Total Time": 0.011, "Actual Rows": 1, "Actual Loops": 1, "Index Cond": "((s_w_id = 5) AND (s_i_id = 62935))", "Rows Removed by Index Recheck": 0}]}}]]]}
{"start_time": 1656967024.076707, "plan": [[[{"Plan": {"Node Type": "ModifyTable", "Operation": "Update", "Parallel Aware": false, "Async Capable": false, "Relation Name": "stock", "Alias": "stock", "Startup Cost": 0.42, "Total Cost": 30.66, "Plan Rows": 0, "Plan Width": 0, "Actual Startup Time": 0.033, "Actual Total Time": 0.033, "Actual Rows": 0, "Actual Loops": 1, "Plans": [{"Node Type": "Index Scan", "Parent Relationship": "Outer", "Parallel Aware": false, "Async Capable": false, "Scan Direction": "Forward", "Index Name": "stock_pkey", "Relation Name": "stock", "Alias": "stock", "Startup Cost": 0.42, "Total Cost": 30.66, "Plan Rows": 26, "Plan Width": 32, "Actual Startup Time": 0.011, "Actual Total Time": 0.012, "Actual Rows": 1, "Actual Loops": 1, "Index Cond": "((s_w_id = 10) AND (s_i_id = 32419))", "Rows Removed by Index Recheck": 0}]}}]]]}
{"start_time": 1656967024.076449, "plan": [[[{"Plan": {"Node Type": "LockRows", "Parallel Aware": false, "Async Capable": false, "Startup Cost": 0.42, "Total Cost": 30.66, "Plan Rows": 26, "Plan Width": 1128, "Actual Startup Time": 0.019, "Actual Total Time": 0.02, "Actual Rows": 1, "Actual Loops": 1, "Plans": [{"Node Type": "Index Scan", "Parent Relationship": "Outer", "Parallel Aware": false, "Async Capable": false, "Scan Direction": "Forward", "Index Name": "stock_pkey", "Relation Name": "stock", "Alias": "stock", "Startup Cost": 0.42, "Total Cost": 30.4, "Plan Rows": 26, "Plan Width": 1128, "Actual Startup Time": 0.017, "Actual Total Time": 0.018, "Actual Rows": 1, "Actual Loops": 1, "Index Cond": "((s_w_id = 1) AND (s_i_id = 56933))", "Rows Removed by Index Recheck": 0}]}}]]]}
{"start_time": 1656967024.0767431, "plan": [[[{"Plan": {"Node Type": "LockRows", "Parallel Aware": false, "Async Capable": false, "Startup Cost": 0.42, "Total Cost": 30.66, "Plan Rows": 26, "Plan Width": 1128, "Actual Startup Time": 0.014, "Actual Total Time": 0.015, "Actual Rows": 1, "Actual Loops": 1, "Plans": [{"Node Type": "Index Scan", "Parent Relationship": "Outer", "Parallel Aware": false, "Async Capable": false, "Scan Direction": "Forward", "Index Name": "stock_pkey", "Relation Name": "stock", "Alias": "stock", "Startup Cost": 0.42, "Total Cost": 30.4, "Plan Rows": 26, "Plan Width": 1128, "Actual Startup Time": 0.011, "Actual Total Time": 0.012, "Actual Rows": 1, "Actual Loops": 1, "Index Cond": "((s_w_id = 9) AND (s_i_id = 22227))", "Rows Removed by Index Recheck": 0}]}}]]]}
{"start_time": 1656967024.076836, "plan": [[[{"Plan": {"Node Type": "ModifyTable", "Operation": "Insert", "Parallel Aware": false, "Async Capable": false, "Relation Name": "order_line", "Alias": "order_line", "Startup Cost": 0.0, "Total Cost": 0.01, "Plan Rows": 0, "Plan Width": 0, "Actual Startup Time": 0.014, "Actual Total Time": 0.015, "Actual Rows": 0, "Actual Loops": 1, "Plans": [{"Node Type": "Result", "Parent Relationship": "Outer", "Parallel Aware": false, "Async Capable": false, "Startup Cost": 0.0, "Total Cost": 0.01, "Plan Rows": 1, "Plan Width": 160, "Actual Startup Time": 0.001, "Actual Total Time": 0.001, "Actual Rows": 1, "Actual Loops": 1}]}}]]]}
{"start_time": 1656967024.07691, "plan": [[[{"Plan": {"Node Type": "ModifyTable", "Operation": "Update", "Parallel Aware": false, "Async Capable": false, "Relation Name": "stock", "Alias": "stock", "Startup Cost": 0.42, "Total Cost": 30.66, "Plan Rows": 0, "Plan Width": 0, "Actual Startup Time": 0.023, "Actual Total Time": 0.023, "Actual Rows": 0, "Actual Loops": 1, "Plans": [{"Node Type": "Index Scan", "Parent Relationship": "Outer", "Parallel Aware": false, "Async Capable": false, "Scan Direction": "Forward", "Index Name": "stock_pkey", "Relation Name": "stock", "Alias": "stock", "Startup Cost": 0.42, "Total Cost": 30.66, "Plan Rows": 26, "Plan Width": 32, "Actual Startup Time": 0.01, "Actual Total Time": 0.011, "Actual Rows": 1, "Actual Loops": 1, "Index Cond": "((s_w_id = 10) AND (s_i_id = 64519))", "Rows Removed by Index Recheck": 0}]}}]]]}
{"start_time": 1656967024.0769649, "plan": [[[{"Plan": {"Node Type": "ModifyTable", "Operation": "Insert", "Parallel Aware": false, "Async Capable": false, "Relation Name": "new_order", "Alias": "new_order", "Startup Cost": 0.0, "Total Cost": 0.01, "Plan Rows": 0, "Plan Width": 0, "Actual Startup Time": 0.015, "Actual Total Time": 0.015, "Actual Rows": 0, "Actual Loops": 1, "Plans": [{"Node Type": "Result", "Parent Relationship": "Outer", "Parallel Aware": false, "Async Capable": false, "Startup Cost": 0.0, "Total Cost": 0.01, "Plan Rows": 1, "Plan Width": 12, "Actual Startup Time": 0.001, "Actual Total Time": 0.001, "Actual Rows": 1, "Actual Loops": 1}]}}]]]}
{"start_time": 1656967024.076962, "plan": [[[{"Plan": {"Node Type": "LockRows", "Parallel Aware": false, "Async Capable": false, "Startup Cost": 0.42, "Total Cost": 30.66, "Plan Rows": 26, "Plan Width": 1128, "Actual Startup Time": 0.014, "Actual Total Time": 0.015, "Actual Rows": 1, "Actual Loops": 1, "Plans": [{"Node Type": "Index Scan", "Parent Relationship": "Outer", "Parallel Aware": false, "Async Capable": false, "Scan Direction": "Forward", "Index Name": "stock_pkey", "Relation Name": "stock", "Alias": "stock", "Startup Cost": 0.42, "Total Cost": 30.4, "Plan Rows": 26, "Plan Width": 1128, "Actual Startup Time": 0.011, "Actual Total Time": 0.011, "Actual Rows": 1, "Actual Loops": 1, "Index Cond": "((s_w_id = 9) AND (s_i_id = 81574))", "Rows Removed by Index Recheck": 0}]}}]]]}
{"start_time": 1656967024.075336, "plan": [[[{"Plan": {"Node Type": "ModifyTable", "Operation": "Insert", "Parallel Aware": false, "Async Capable": false, "Relation Name": "order_line", "Alias": "order_line", "Startup Cost": 0.0, "Total Cost": 0.01, "Plan Rows": 0, "Plan Width": 0, "Actual Startup Time": 0.017, "Actual Total Time": 0.017, "Actual Rows": 0, "Actual Loops": 1, "Plans": [{"Node Type": "Result", "Parent Relationship": "Outer", "Parallel Aware": false, "Async Capable": false, "Startup Cost": 0.0, "Total Cost": 0.01, "Plan Rows": 1, "Plan Width": 160, "Actual Startup Time": 0.001, "Actual Total Time": 0.001, "Actual Rows": 1, "Actual Loops": 1}]}}]]]}
{"start_time": 1656967024.07563, "plan": [[[{"Plan": {"Node Type": "ModifyTable", "Operation": "Update", "Parallel Aware": false, "Async Capable": false, "Relation Name": "stock", "Alias": "stock", "Startup Cost": 0.42, "Total Cost": 30.66, "Plan Rows": 0, "Plan Width": 0, "Actual Startup Time": 0.022, "Actual Total Time": 0.023, "Actual Rows": 0, "Actual Loops": 1, "Plans": [{"Node Type": "Index Scan", "Parent Relationship": "Outer", "Parallel Aware": false, "Async Capable": false, "Scan Direction": "Forward", "Index Name": "stock_pkey", "Relation Name": "stock", "Alias": "stock", "Startup Cost": 0.42, "Total Cost": 30.66, "Plan Rows": 26, "Plan Width": 32, "Actual Startup Time": 0.011, "Actual Total Time": 0.012, "Actual Rows": 1, "Actual Loops": 1, "Index Cond": "((s_w_id = 7) AND (s_i_id = 56871))", "Rows Removed by Index Recheck": 0}]}}]]]}
{"start_time": 1656967024.076907, "plan": [[[{"Plan": {"Node Type": "ModifyTable", "Operation": "Update", "Parallel Aware": false, "Async Capable": false, "Relation Name": "stock", "Alias": "stock", "Startup Cost": 0.42, "Total Cost": 30.66, "Plan Rows": 0, "Plan Width": 0, "Actual Startup Time": 0.05, "Actual Total Time": 0.05, "Actual Rows": 0, "Actual Loops": 1, "Plans": [{"Node Type": "Index Scan", "Parent Relationship": "Outer", "Parallel Aware": false, "Async Capable": false, "Scan Direction": "Forward", "Index Name": "stock_pkey", "Relation Name": "stock", "Alias": "stock", "Startup Cost": 0.42, "Total Cost": 30.66, "Plan Rows": 26, "Plan Width": 32, "Actual Startup Time": 0.028, "Actual Total Time": 0.029, "Actual Rows": 1, "Actual Loops": 1, "Index Cond": "((s_w_id = 5) AND (s_i_id = 67994))", "Rows Removed by Index Recheck": 0}]}}]]]}
{"start_time": 1656967024.077154, "plan": [[[{"Plan": {"Node Type": "Index Scan", "Parallel Aware": false, "Async Capable": false, "Scan Direction": "Forward", "Index Name": "item_pkey", "Relation Name": "item", "Alias": "item", "Startup Cost": 0.29, "Total Cost": 2.51, "Plan Rows": 1, "Plan Width": 196, "Actual Startup Time": 0.008, "Actual Total Time": 0.009, "Actual Rows": 1, "Actual Loops": 1, "Index Cond": "(i_id = 85722)", "Rows Removed by Index Recheck": 0}}]]]}
{"start_time": 1656967024.077098, "plan": [[[{"Plan": {"Node Type": "ModifyTable", "Operation": "Update", "Parallel Aware": false, "Async Capable": false, "Relation Name": "stock", "Alias": "stock", "Startup Cost": 0.42, "Total Cost": 30.66, "Plan Rows": 0, "Plan Width": 0, "Actual Startup Time": 0.031, "Actual Total Time": 0.031, "Actual Rows": 0, "Actual Loops": 1, "Plans": [{"Node Type": "Index Scan", "Parent Relationship": "Outer", "Parallel Aware": false, "Async Capable": false, "Scan Direction": "Forward", "Index Name": "stock_pkey", "Relation Name": "stock", "Alias": "stock", "Startup Cost": 0.42, "Total Cost": 30.66, "Plan Rows": 26, "Plan Width": 32, "Actual Startup Time": 0.011, "Actual Total Time": 0.012, "Actual Rows": 1, "Actual Loops": 1, "Index Cond": "((s_w_id = 10) AND (s_i_id = 8228))", "Rows Removed by Index Recheck": 0}]}}]]]}
{"start_time": 1656967024.077096, "plan": [[[{"Plan": {"Node Type": "ModifyTable", "Operation": "Insert", "Parallel Aware": false, "Async Capable": false, "Relation Name": "order_line", "Alias": "order_line", "Startup Cost": 0.0, "Total Cost": 0.01, "Plan Rows": 0, "Plan Width": 0, "Actual Startup Time": 0.016, "Actual Total Time": 0.016, "Actual Rows": 0, "Actual Loops": 1, "Plans": [{"Node Type": "Result", "Parent Relationship": "Outer", "Parallel Aware": false, "Async Capable": false, "Startup Cost": 0.0, "Total Cost": 0.01, "Plan Rows": 1, "Plan Width": 160, "Actual Startup Time": 0.001, "Actual Total Time": 0.001, "Actual Rows": 1, "Actual Loops": 1}]}}]]]}
{"start_time": 1656967024.073886, "plan": [[[{"Plan": {"Node Type": "ModifyTable", "Operation": "Insert", "Parallel Aware": false, "Async Capable": false, "Relation Name": "order_line", "Alias": "order_line", "Startup Cost": 0.0, "Total Cost": 0.01, "Plan Rows": 0, "Plan Width": 0, "Actual Startup Time": 0.015, "Actual Total Time": 0.015, "Actual Rows": 0, "Actual Loops": 1, "Plans": [{"Node Type": "Result", "Parent Relationship": "Outer", "Parallel Aware": false, "Async Capable": false, "Startup Cost": 0.0, "Total Cost": 0.01, "Plan Rows": 1, "Plan Width": 160, "Actual Startup Time": 0.001, "Actual Total Time": 0.001, "Actual Rows": 1, "Actual Loops": 1}]}}]]]}
{"start_time": 1656967024.075574, "plan": [[[{"Plan": {"Node Type": "ModifyTable", "Operation": "Insert", "Parallel Aware": false, "Async Capable": false, "Relation Name": "order_line", "Alias": "order_line", "Startup Cost": 0.0, "Total Cost": 0.01, "Plan Rows": 0, "Plan Width": 0, "Actual Startup Time": 0.02, "Actual Total Time": 0.021, "Actual Rows": 0, "Actual Loops": 1, "Plans": [{"Node Type": "Result", "Parent Relationship": "Outer", "Parallel Aware": false, "Async Capable": false, "Startup Cost": 0.0, "Total Cost": 0.01, "Plan Rows": 1, "Plan Width": 160, "Actual Startup Time": 0.001, "Actual Total Time": 0.002, "Actual Rows": 1, "Actual Loops": 1}]}}]]]}
{"start_time": 1656967024.077195, "plan": [[[{"Plan": {"Node Type": "Index Scan", "Parallel Aware": false, "Async Capable": false, "Scan Direction": "Forward", "Index Name": "item_pkey", "Relation Name": "item", "Alias": "item", "Startup Cost": 0.29, "Total Cost": 2.51, "Plan Rows": 1, "Plan Width": 196, "Actual Startup Time": 0.006, "Actual Total Time": 0.007, "Actual Rows": 1, "Actual Loops": 1, "Index Cond": "(i_id = 73446)", "Rows Removed by Index Recheck": 0}}]]]}
{"start_time": 1656967024.077232, "plan": [[[{"Plan": {"Node Type": "Index Scan", "Parallel Aware": false, "Async Capable": false, "Scan Direction": "Forward", "Index Name": "item_pkey", "Relation Name": "item", "Alias": "item", "Startup Cost": 0.29, "Total Cost": 2.51, "Plan Rows": 1, "Plan Width": 196, "Actual Startup Time": 0.008, "Actual Total Time": 0.009, "Actual Rows": 1, "Actual Loops": 1, "Index Cond": "(i_id = 87655)", "Rows Removed by Index Recheck": 0}}]]]}
{"start_time": 1656967024.077065, "plan": [[[{"Plan": {"Node Type": "Index Scan", "Parallel Aware": false, "Async Capable": false, "Scan Direction": "Forward", "Index Name": "customer_pkey", "Relation Name": "customer", "Alias": "customer", "Startup Cost": 0.42, "Total Cost": 2.65, "Plan Rows": 1, "Plan Width": 74, "Actual Startup Time": 0.011, "Actual Total Time": 0.012, "Actual Rows": 1, "Actual Loops": 1, "Index Cond": "((c_w_id = 2) AND (c_d_id = 2) AND (c_id = 2177))", "Rows Removed by Index Recheck": 0}}]]]}
